<html>
<head>
<title>TestNG:  AutomaticTaxCalculate2</title>
<link href="../testng.css" rel="stylesheet" type="text/css" />
<link href="../my-testng.css" rel="stylesheet" type="text/css" />

<style type="text/css">
.log { display: none;} 
.stack-trace { display: none;} 
</style>
<script type="text/javascript">
<!--
function flip(e) {
  current = e.style.display;
  if (current == 'block') {
    e.style.display = 'none';
    return 0;
  }
  else {
    e.style.display = 'block';
    return 1;
  }
}

function toggleBox(szDivId, elem, msg1, msg2)
{
  var res = -1;  if (document.getElementById) {
    res = flip(document.getElementById(szDivId));
  }
  else if (document.all) {
    // this is the way old msie versions work
    res = flip(document.all[szDivId]);
  }
  if(elem) {
    if(res == 0) elem.innerHTML = msg1; else elem.innerHTML = msg2;
  }

}

function toggleAllBoxes() {
  if (document.getElementsByTagName) {
    d = document.getElementsByTagName('div');
    for (i = 0; i < d.length; i++) {
      if (d[i].className == 'log') {
        flip(d[i]);
      }
    }
  }
}

// -->
</script>

</head>
<body>
<h2 align='center'>AutomaticTaxCalculate2</h2><table border='1' align="center">
<tr>
<td>Tests passed/Failed/Skipped:</td><td>9/3/0</td>
</tr><tr>
<td>Started on:</td><td>Fri Oct 18 11:36:04 IST 2019</td>
</tr>
<tr><td>Total time:</td><td>927 seconds (927251 ms)</td>
</tr><tr>
<td>Included groups:</td><td></td>
</tr><tr>
<td>Excluded groups:</td><td></td>
</tr>
</table><p/>
<small><i>(Hover the method name to see the test class name)</i></small><p/>
<table width='100%' border='1' class='invocation-failed'>
<tr><td colspan='4' align='center'><b>FAILED TESTS</b></td></tr>
<tr><td><b>Test method</b></td>
<td width="30%"><b>Exception</b></td>
<td width="10%"><b>Time (seconds)</b></td>
<td><b>Instance</b></td>
</tr>
<tr>
<td title='TestCases.Regression.AutomaticTaxCalculate.AutomaticTaxCalculation_OnInvalidAddress_Orders()'><b>AutomaticTaxCalculation_OnInvalidAddress_Orders</b><br>Test class: TestCases.Regression.AutomaticTaxCalculate<br>Test method: EnableTaxCalc_WithInvalidShipToAddress for Orders</td>
<td><div><pre>java.lang.AssertionError: The following asserts failed:
	Quotes Actual Error Message : Sales Tax Current expected [true] but found [false]
	at TestCases.Regression.AutomaticTaxCalculate.AutomaticTaxCalculation_OnInvalidAddress_Orders(AutomaticTaxCalculate.java:352)
... Removed 26 stack frames</pre></div><a href='#' onClick='toggleBox("stack-trace1808834208", this, "Click to show all stack frames", "Click to hide stack frames")'>Click to show all stack frames</a>
<div class='stack-trace' id='stack-trace1808834208'><pre>java.lang.AssertionError: The following asserts failed:
	Quotes Actual Error Message : Sales Tax Current expected [true] but found [false]
	at org.testng.asserts.SoftAssert.assertAll(SoftAssert.java:43)
	at TestCases.Regression.AutomaticTaxCalculate.AutomaticTaxCalculation_OnInvalidAddress_Orders(AutomaticTaxCalculate.java:352)
	at sun.reflect.NativeMethodAccessorImpl.invoke0(Native Method)
	at sun.reflect.NativeMethodAccessorImpl.invoke(Unknown Source)
	at sun.reflect.DelegatingMethodAccessorImpl.invoke(Unknown Source)
	at java.lang.reflect.Method.invoke(Unknown Source)
	at org.testng.internal.MethodInvocationHelper.invokeMethod(MethodInvocationHelper.java:124)
	at org.testng.internal.Invoker.invokeMethod(Invoker.java:583)
	at org.testng.internal.Invoker.invokeTestMethod(Invoker.java:719)
	at org.testng.internal.Invoker.invokeTestMethods(Invoker.java:989)
	at org.testng.internal.TestMethodWorker.invokeTestMethods(TestMethodWorker.java:125)
	at org.testng.internal.TestMethodWorker.run(TestMethodWorker.java:109)
	at org.testng.TestRunner.privateRun(TestRunner.java:648)
	at org.testng.TestRunner.run(TestRunner.java:505)
	at org.testng.SuiteRunner.runTest(SuiteRunner.java:455)
	at org.testng.SuiteRunner.runSequentially(SuiteRunner.java:450)
	at org.testng.SuiteRunner.privateRun(SuiteRunner.java:415)
	at org.testng.SuiteRunner.run(SuiteRunner.java:364)
	at org.testng.SuiteRunnerWorker.runSuite(SuiteRunnerWorker.java:52)
	at org.testng.SuiteRunnerWorker.run(SuiteRunnerWorker.java:84)
	at org.testng.TestNG.runSuitesSequentially(TestNG.java:1208)
	at org.testng.TestNG.runSuitesLocally(TestNG.java:1137)
	at org.testng.TestNG.runSuites(TestNG.java:1049)
	at org.testng.TestNG.run(TestNG.java:1017)
	at org.testng.remote.AbstractRemoteTestNG.run(AbstractRemoteTestNG.java:114)
	at org.testng.remote.RemoteTestNG.initAndRun(RemoteTestNG.java:251)
	at org.testng.remote.RemoteTestNG.main(RemoteTestNG.java:77)
</pre></div></td>
<td>90</td>
<td>TestCases.Regression.AutomaticTaxCalculate@402a079c</td></tr>
<tr>
<td title='TestCases.Regression.AutomaticTaxCalculate.AutomaticTaxCalculation_SalesOrder_Opportunities()'><b>AutomaticTaxCalculation_SalesOrder_Opportunities</b><br>Test class: TestCases.Regression.AutomaticTaxCalculate</td>
<td><div><pre>java.lang.AssertionError: Expected:77.50And Actual:70.00 expected [true] but found [false]
	at TestCases.Regression.AutomaticTaxCalculate.AutomaticTaxCalculation_SalesOrder_Opportunities(AutomaticTaxCalculate.java:82)
... Removed 28 stack frames</pre></div><a href='#' onClick='toggleBox("stack-trace1986879716", this, "Click to show all stack frames", "Click to hide stack frames")'>Click to show all stack frames</a>
<div class='stack-trace' id='stack-trace1986879716'><pre>java.lang.AssertionError: Expected:77.50And Actual:70.00 expected [true] but found [false]
	at org.testng.Assert.fail(Assert.java:96)
	at org.testng.Assert.failNotEquals(Assert.java:776)
	at org.testng.Assert.assertTrue(Assert.java:44)
	at TestCases.Regression.AutomaticTaxCalculate.AutomaticTaxCalculation_SalesOrder_Opportunities(AutomaticTaxCalculate.java:82)
	at sun.reflect.NativeMethodAccessorImpl.invoke0(Native Method)
	at sun.reflect.NativeMethodAccessorImpl.invoke(Unknown Source)
	at sun.reflect.DelegatingMethodAccessorImpl.invoke(Unknown Source)
	at java.lang.reflect.Method.invoke(Unknown Source)
	at org.testng.internal.MethodInvocationHelper.invokeMethod(MethodInvocationHelper.java:124)
	at org.testng.internal.Invoker.invokeMethod(Invoker.java:583)
	at org.testng.internal.Invoker.invokeTestMethod(Invoker.java:719)
	at org.testng.internal.Invoker.invokeTestMethods(Invoker.java:989)
	at org.testng.internal.TestMethodWorker.invokeTestMethods(TestMethodWorker.java:125)
	at org.testng.internal.TestMethodWorker.run(TestMethodWorker.java:109)
	at org.testng.TestRunner.privateRun(TestRunner.java:648)
	at org.testng.TestRunner.run(TestRunner.java:505)
	at org.testng.SuiteRunner.runTest(SuiteRunner.java:455)
	at org.testng.SuiteRunner.runSequentially(SuiteRunner.java:450)
	at org.testng.SuiteRunner.privateRun(SuiteRunner.java:415)
	at org.testng.SuiteRunner.run(SuiteRunner.java:364)
	at org.testng.SuiteRunnerWorker.runSuite(SuiteRunnerWorker.java:52)
	at org.testng.SuiteRunnerWorker.run(SuiteRunnerWorker.java:84)
	at org.testng.TestNG.runSuitesSequentially(TestNG.java:1208)
	at org.testng.TestNG.runSuitesLocally(TestNG.java:1137)
	at org.testng.TestNG.runSuites(TestNG.java:1049)
	at org.testng.TestNG.run(TestNG.java:1017)
	at org.testng.remote.AbstractRemoteTestNG.run(AbstractRemoteTestNG.java:114)
	at org.testng.remote.RemoteTestNG.initAndRun(RemoteTestNG.java:251)
	at org.testng.remote.RemoteTestNG.main(RemoteTestNG.java:77)
</pre></div></td>
<td>112</td>
<td>TestCases.Regression.AutomaticTaxCalculate@402a079c</td></tr>
<tr>
<td title='TestCases.Regression.AutomaticTaxCalculate.AutomaticTaxCalculation_SalesOrder_Quotes()'><b>AutomaticTaxCalculation_SalesOrder_Quotes</b><br>Test class: TestCases.Regression.AutomaticTaxCalculate</td>
<td><div><pre>java.lang.AssertionError: Expected:155.00And Actual:140.00 expected [true] but found [false]
	at TestCases.Regression.AutomaticTaxCalculate.AutomaticTaxCalculation_SalesOrder_Quotes(AutomaticTaxCalculate.java:110)
... Removed 28 stack frames</pre></div><a href='#' onClick='toggleBox("stack-trace668953736", this, "Click to show all stack frames", "Click to hide stack frames")'>Click to show all stack frames</a>
<div class='stack-trace' id='stack-trace668953736'><pre>java.lang.AssertionError: Expected:155.00And Actual:140.00 expected [true] but found [false]
	at org.testng.Assert.fail(Assert.java:96)
	at org.testng.Assert.failNotEquals(Assert.java:776)
	at org.testng.Assert.assertTrue(Assert.java:44)
	at TestCases.Regression.AutomaticTaxCalculate.AutomaticTaxCalculation_SalesOrder_Quotes(AutomaticTaxCalculate.java:110)
	at sun.reflect.NativeMethodAccessorImpl.invoke0(Native Method)
	at sun.reflect.NativeMethodAccessorImpl.invoke(Unknown Source)
	at sun.reflect.DelegatingMethodAccessorImpl.invoke(Unknown Source)
	at java.lang.reflect.Method.invoke(Unknown Source)
	at org.testng.internal.MethodInvocationHelper.invokeMethod(MethodInvocationHelper.java:124)
	at org.testng.internal.Invoker.invokeMethod(Invoker.java:583)
	at org.testng.internal.Invoker.invokeTestMethod(Invoker.java:719)
	at org.testng.internal.Invoker.invokeTestMethods(Invoker.java:989)
	at org.testng.internal.TestMethodWorker.invokeTestMethods(TestMethodWorker.java:125)
	at org.testng.internal.TestMethodWorker.run(TestMethodWorker.java:109)
	at org.testng.TestRunner.privateRun(TestRunner.java:648)
	at org.testng.TestRunner.run(TestRunner.java:505)
	at org.testng.SuiteRunner.runTest(SuiteRunner.java:455)
	at org.testng.SuiteRunner.runSequentially(SuiteRunner.java:450)
	at org.testng.SuiteRunner.privateRun(SuiteRunner.java:415)
	at org.testng.SuiteRunner.run(SuiteRunner.java:364)
	at org.testng.SuiteRunnerWorker.runSuite(SuiteRunnerWorker.java:52)
	at org.testng.SuiteRunnerWorker.run(SuiteRunnerWorker.java:84)
	at org.testng.TestNG.runSuitesSequentially(TestNG.java:1208)
	at org.testng.TestNG.runSuitesLocally(TestNG.java:1137)
	at org.testng.TestNG.runSuites(TestNG.java:1049)
	at org.testng.TestNG.run(TestNG.java:1017)
	at org.testng.remote.AbstractRemoteTestNG.run(AbstractRemoteTestNG.java:114)
	at org.testng.remote.RemoteTestNG.initAndRun(RemoteTestNG.java:251)
	at org.testng.remote.RemoteTestNG.main(RemoteTestNG.java:77)
</pre></div></td>
<td>86</td>
<td>TestCases.Regression.AutomaticTaxCalculate@402a079c</td></tr>
</table><p>
<table width='100%' border='1' class='invocation-passed'>
<tr><td colspan='4' align='center'><b>PASSED TESTS</b></td></tr>
<tr><td><b>Test method</b></td>
<td width="30%"><b>Exception</b></td>
<td width="10%"><b>Time (seconds)</b></td>
<td><b>Instance</b></td>
</tr>
<tr>
<td title='TestCases.Regression.AutomaticTaxCalculate.AutomaticTaxCalculation_Commit_Orders()'><b>AutomaticTaxCalculation_Commit_Orders</b><br>Test class: TestCases.Regression.AutomaticTaxCalculate</td>
<td></td>
<td>42</td>
<td>TestCases.Regression.AutomaticTaxCalculate@402a079c</td></tr>
<tr>
<td title='TestCases.Regression.AutomaticTaxCalculate.AutomaticTaxCalculation_Commit_Orders_SaveTrasaction_Off()'><b>AutomaticTaxCalculation_Commit_Orders_SaveTrasaction_Off</b><br>Test class: TestCases.Regression.AutomaticTaxCalculate</td>
<td></td>
<td>42</td>
<td>TestCases.Regression.AutomaticTaxCalculate@402a079c</td></tr>
<tr>
<td title='TestCases.Regression.AutomaticTaxCalculate.AutomaticTaxCalculation_DisableTaxCalcSettings_Opportunities()'><b>AutomaticTaxCalculation_DisableTaxCalcSettings_Opportunities</b><br>Test class: TestCases.Regression.AutomaticTaxCalculate</td>
<td></td>
<td>104</td>
<td>TestCases.Regression.AutomaticTaxCalculate@402a079c</td></tr>
<tr>
<td title='TestCases.Regression.AutomaticTaxCalculate.AutomaticTaxCalculation_DisableTaxCalcSettings_Orders()'><b>AutomaticTaxCalculation_DisableTaxCalcSettings_Orders</b><br>Test class: TestCases.Regression.AutomaticTaxCalculate</td>
<td></td>
<td>50</td>
<td>TestCases.Regression.AutomaticTaxCalculate@402a079c</td></tr>
<tr>
<td title='TestCases.Regression.AutomaticTaxCalculate.AutomaticTaxCalculation_DisableTaxCalcSettings_Quotes()'><b>AutomaticTaxCalculation_DisableTaxCalcSettings_Quotes</b><br>Test class: TestCases.Regression.AutomaticTaxCalculate</td>
<td></td>
<td>92</td>
<td>TestCases.Regression.AutomaticTaxCalculate@402a079c</td></tr>
<tr>
<td title='TestCases.Regression.AutomaticTaxCalculate.AutomaticTaxCalculation_OnInvalidAddress_Opportunities()'><b>AutomaticTaxCalculation_OnInvalidAddress_Opportunities</b><br>Test class: TestCases.Regression.AutomaticTaxCalculate<br>Test method: EnableTaxCalc_WithInvalidShipToAddressFor Opportunities</td>
<td></td>
<td>104</td>
<td>TestCases.Regression.AutomaticTaxCalculate@402a079c</td></tr>
<tr>
<td title='TestCases.Regression.AutomaticTaxCalculate.AutomaticTaxCalculation_OnInvalidAddress_Quotes()'><b>AutomaticTaxCalculation_OnInvalidAddress_Quotes</b><br>Test class: TestCases.Regression.AutomaticTaxCalculate<br>Test method: EnableTaxCalc_WithInvalidShipToAddress for Quotes</td>
<td></td>
<td>87</td>
<td>TestCases.Regression.AutomaticTaxCalculate@402a079c</td></tr>
<tr>
<td title='TestCases.Regression.AutomaticTaxCalculate.AutomaticTaxCalculation_SalesOrder_Orders()'><b>AutomaticTaxCalculation_SalesOrder_Orders</b><br>Test class: TestCases.Regression.AutomaticTaxCalculate</td>
<td></td>
<td>43</td>
<td>TestCases.Regression.AutomaticTaxCalculate@402a079c</td></tr>
<tr>
<td title='TestCases.Regression.AutomaticTaxCalculate.AutomaticTaxCalculation_Uncommit_Orders()'><b>AutomaticTaxCalculation_Uncommit_Orders</b><br>Test class: TestCases.Regression.AutomaticTaxCalculate</td>
<td></td>
<td>43</td>
<td>TestCases.Regression.AutomaticTaxCalculate@402a079c</td></tr>
</table><p>
</body>
</html>