<?xml version="1.0" encoding="UTF-8"?>
<!-- Generated by org.testng.reporters.JUnitXMLReporter -->
<testsuite hostname="Av-Pn-Neha" ignored="0" name="AutomaticTaxCalculate2" tests="12" failures="3" timestamp="18 Oct 2019 06:21:31 GMT" time="927.251" errors="0">
  <testcase name="AutomaticTaxCalculation_SalesOrder_Opportunities" time="112.433" classname="TestCases.Regression.AutomaticTaxCalculate">
    <failure type="java.lang.AssertionError" message="Expected:77.50And Actual:70.00 expected [true] but found [false]">
      <![CDATA[java.lang.AssertionError: Expected:77.50And Actual:70.00 expected [true] but found [false]
at TestCases.Regression.AutomaticTaxCalculate.AutomaticTaxCalculation_SalesOrder_Opportunities(AutomaticTaxCalculate.java:82)
... Removed 28 stack frames]]>
    </failure>
  </testcase> <!-- AutomaticTaxCalculation_SalesOrder_Opportunities -->
  <testcase name="AutomaticTaxCalculation_SalesOrder_Quotes" time="86.64" classname="TestCases.Regression.AutomaticTaxCalculate">
    <failure type="java.lang.AssertionError" message="Expected:155.00And Actual:140.00 expected [true] but found [false]">
      <![CDATA[java.lang.AssertionError: Expected:155.00And Actual:140.00 expected [true] but found [false]
at TestCases.Regression.AutomaticTaxCalculate.AutomaticTaxCalculation_SalesOrder_Quotes(AutomaticTaxCalculate.java:110)
... Removed 28 stack frames]]>
    </failure>
  </testcase> <!-- AutomaticTaxCalculation_SalesOrder_Quotes -->
  <testcase name="AutomaticTaxCalculation_SalesOrder_Orders" time="43.978" classname="TestCases.Regression.AutomaticTaxCalculate"/>
  <testcase name="AutomaticTaxCalculation_Uncommit_Orders" time="43.5" classname="TestCases.Regression.AutomaticTaxCalculate"/>
  <testcase name="AutomaticTaxCalculation_Commit_Orders" time="42.853" classname="TestCases.Regression.AutomaticTaxCalculate"/>
  <testcase name="AutomaticTaxCalculation_DisableTaxCalcSettings_Opportunities" time="104.681" classname="TestCases.Regression.AutomaticTaxCalculate"/>
  <testcase name="AutomaticTaxCalculation_DisableTaxCalcSettings_Quotes" time="92.809" classname="TestCases.Regression.AutomaticTaxCalculate"/>
  <testcase name="AutomaticTaxCalculation_DisableTaxCalcSettings_Orders" time="50.543" classname="TestCases.Regression.AutomaticTaxCalculate"/>
  <testcase name="AutomaticTaxCalculation_OnInvalidAddress_Opportunities" time="104.698" classname="TestCases.Regression.AutomaticTaxCalculate"/>
  <testcase name="AutomaticTaxCalculation_OnInvalidAddress_Quotes" time="87.992" classname="TestCases.Regression.AutomaticTaxCalculate"/>
  <testcase name="AutomaticTaxCalculation_OnInvalidAddress_Orders" time="90.676" classname="TestCases.Regression.AutomaticTaxCalculate">
    <failure type="java.lang.AssertionError" message="The following asserts failed:
	Quotes Actual Error Message : Sales Tax Current expected [true] but found [false]">
      <![CDATA[java.lang.AssertionError: The following asserts failed:
Quotes Actual Error Message : Sales Tax Current expected [true] but found [false]
at TestCases.Regression.AutomaticTaxCalculate.AutomaticTaxCalculation_OnInvalidAddress_Orders(AutomaticTaxCalculate.java:352)
... Removed 26 stack frames]]>
    </failure>
  </testcase> <!-- AutomaticTaxCalculation_OnInvalidAddress_Orders -->
  <testcase name="AutomaticTaxCalculation_Commit_Orders_SaveTrasaction_Off" time="42.46" classname="TestCases.Regression.AutomaticTaxCalculate"/>
</testsuite> <!-- AutomaticTaxCalculate2 -->
