<html>
<head>
<title>TestNG:  ThirdPartyAddressValidation</title>
<link href="../testng.css" rel="stylesheet" type="text/css" />
<link href="../my-testng.css" rel="stylesheet" type="text/css" />

<style type="text/css">
.log { display: none;} 
.stack-trace { display: none;} 
</style>
<script type="text/javascript">
<!--
function flip(e) {
  current = e.style.display;
  if (current == 'block') {
    e.style.display = 'none';
    return 0;
  }
  else {
    e.style.display = 'block';
    return 1;
  }
}

function toggleBox(szDivId, elem, msg1, msg2)
{
  var res = -1;  if (document.getElementById) {
    res = flip(document.getElementById(szDivId));
  }
  else if (document.all) {
    // this is the way old msie versions work
    res = flip(document.all[szDivId]);
  }
  if(elem) {
    if(res == 0) elem.innerHTML = msg1; else elem.innerHTML = msg2;
  }

}

function toggleAllBoxes() {
  if (document.getElementsByTagName) {
    d = document.getElementsByTagName('div');
    for (i = 0; i < d.length; i++) {
      if (d[i].className == 'log') {
        flip(d[i]);
      }
    }
  }
}

// -->
</script>

</head>
<body>
<h2 align='center'>ThirdPartyAddressValidation</h2><table border='1' align="center">
<tr>
<td>Tests passed/Failed/Skipped:</td><td>4/4/0</td>
</tr><tr>
<td>Started on:</td><td>Thu Jan 07 15:04:00 IST 2021</td>
</tr>
<tr><td>Total time:</td><td>1598 seconds (1598203 ms)</td>
</tr><tr>
<td>Included groups:</td><td></td>
</tr><tr>
<td>Excluded groups:</td><td></td>
</tr>
</table><p/>
<small><i>(Hover the method name to see the test class name)</i></small><p/>
<table width='100%' border='1' class='invocation-failed'>
<tr><td colspan='4' align='center'><b>FAILED TESTS</b></td></tr>
<tr><td><b>Test method</b></td>
<td width="30%"><b>Exception</b></td>
<td width="10%"><b>Time (seconds)</b></td>
<td><b>Instance</b></td>
</tr>
<tr>
<td title='TestCases.Regression.ThirdPartyAddressValidation.TestCase165_NonUS_NonCANAddress()'><b>TestCase165_NonUS_NonCANAddress</b><br>Test class: TestCases.Regression.ThirdPartyAddressValidation<br>Test method: Non-US, Non-CAN address</td>
<td><div><pre>java.lang.AssertionError: The following asserts failed:
	Expected:Error: This country is not supported for address validation. Only US and Canadian addresses can be validated at this time.	And Actual:Line 1: UNIT 23152, City: APO, State/Region: AE, Postal Code: 09067-3152, Country: US expected [true] but found [false],
	Expected:Error: This country is not supported for address validation. Only US and Canadian addresses can be validated at this time.	And Actual:Line 1: UNIT 23152, City: APO, State/Region: AE, Postal Code: 09067-3152, Country: US expected [true] but found [false]
	at TestCases.Regression.ThirdPartyAddressValidation.addressValidationforInvalidAddress(ThirdPartyAddressValidation.java:193)
	at TestCases.Regression.ThirdPartyAddressValidation.TestCase165_NonUS_NonCANAddress(ThirdPartyAddressValidation.java:62)
... Removed 26 stack frames</pre></div><a href='#' onClick='toggleBox("stack-trace364613333", this, "Click to show all stack frames", "Click to hide stack frames")'>Click to show all stack frames</a>
<div class='stack-trace' id='stack-trace364613333'><pre>java.lang.AssertionError: The following asserts failed:
	Expected:Error: This country is not supported for address validation. Only US and Canadian addresses can be validated at this time.	And Actual:Line 1: UNIT 23152, City: APO, State/Region: AE, Postal Code: 09067-3152, Country: US expected [true] but found [false],
	Expected:Error: This country is not supported for address validation. Only US and Canadian addresses can be validated at this time.	And Actual:Line 1: UNIT 23152, City: APO, State/Region: AE, Postal Code: 09067-3152, Country: US expected [true] but found [false]
	at org.testng.asserts.SoftAssert.assertAll(SoftAssert.java:43)
	at TestCases.Regression.ThirdPartyAddressValidation.addressValidationforInvalidAddress(ThirdPartyAddressValidation.java:193)
	at TestCases.Regression.ThirdPartyAddressValidation.TestCase165_NonUS_NonCANAddress(ThirdPartyAddressValidation.java:62)
	at sun.reflect.NativeMethodAccessorImpl.invoke0(Native Method)
	at sun.reflect.NativeMethodAccessorImpl.invoke(NativeMethodAccessorImpl.java:62)
	at sun.reflect.DelegatingMethodAccessorImpl.invoke(DelegatingMethodAccessorImpl.java:43)
	at java.lang.reflect.Method.invoke(Method.java:498)
	at org.testng.internal.MethodInvocationHelper.invokeMethod(MethodInvocationHelper.java:124)
	at org.testng.internal.Invoker.invokeMethod(Invoker.java:583)
	at org.testng.internal.Invoker.invokeTestMethod(Invoker.java:719)
	at org.testng.internal.Invoker.invokeTestMethods(Invoker.java:989)
	at org.testng.internal.TestMethodWorker.invokeTestMethods(TestMethodWorker.java:125)
	at org.testng.internal.TestMethodWorker.run(TestMethodWorker.java:109)
	at org.testng.TestRunner.privateRun(TestRunner.java:648)
	at org.testng.TestRunner.run(TestRunner.java:505)
	at org.testng.SuiteRunner.runTest(SuiteRunner.java:455)
	at org.testng.SuiteRunner.runSequentially(SuiteRunner.java:450)
	at org.testng.SuiteRunner.privateRun(SuiteRunner.java:415)
	at org.testng.SuiteRunner.run(SuiteRunner.java:364)
	at org.testng.SuiteRunnerWorker.runSuite(SuiteRunnerWorker.java:52)
	at org.testng.SuiteRunnerWorker.run(SuiteRunnerWorker.java:84)
	at org.testng.TestNG.runSuitesSequentially(TestNG.java:1208)
	at org.testng.TestNG.runSuitesLocally(TestNG.java:1137)
	at org.testng.TestNG.runSuites(TestNG.java:1049)
	at org.testng.TestNG.run(TestNG.java:1017)
	at org.testng.remote.AbstractRemoteTestNG.run(AbstractRemoteTestNG.java:114)
	at org.testng.remote.RemoteTestNG.initAndRun(RemoteTestNG.java:251)
	at org.testng.remote.RemoteTestNG.main(RemoteTestNG.java:77)
</pre></div></td>
<td>219</td>
<td>TestCases.Regression.ThirdPartyAddressValidation@27efef64</td></tr>
<tr>
<td title='TestCases.Regression.ThirdPartyAddressValidation.TestCase166_AddressOutOfRange()'><b>TestCase166_AddressOutOfRange</b><br>Test class: TestCases.Regression.ThirdPartyAddressValidation<br>Test method: Address out of range</td>
<td><div><pre>java.lang.AssertionError: The following asserts failed:
	Expected:Error: The address was found but the street number in the input address was not between the low and high range of the post office database.	And Actual:Error: This country is not supported for address validation. Only US and Canadian addresses can be validated at this time. expected [true] but found [false],
	Expected:Error: The address was found but the street number in the input address was not between the low and high range of the post office database.	And Actual:Error: This country is not supported for address validation. Only US and Canadian addresses can be validated at this time. expected [true] but found [false]
	at TestCases.Regression.ThirdPartyAddressValidation.addressValidationforInvalidAddress(ThirdPartyAddressValidation.java:193)
	at TestCases.Regression.ThirdPartyAddressValidation.TestCase166_AddressOutOfRange(ThirdPartyAddressValidation.java:67)
... Removed 26 stack frames</pre></div><a href='#' onClick='toggleBox("stack-trace199871622", this, "Click to show all stack frames", "Click to hide stack frames")'>Click to show all stack frames</a>
<div class='stack-trace' id='stack-trace199871622'><pre>java.lang.AssertionError: The following asserts failed:
	Expected:Error: The address was found but the street number in the input address was not between the low and high range of the post office database.	And Actual:Error: This country is not supported for address validation. Only US and Canadian addresses can be validated at this time. expected [true] but found [false],
	Expected:Error: The address was found but the street number in the input address was not between the low and high range of the post office database.	And Actual:Error: This country is not supported for address validation. Only US and Canadian addresses can be validated at this time. expected [true] but found [false]
	at org.testng.asserts.SoftAssert.assertAll(SoftAssert.java:43)
	at TestCases.Regression.ThirdPartyAddressValidation.addressValidationforInvalidAddress(ThirdPartyAddressValidation.java:193)
	at TestCases.Regression.ThirdPartyAddressValidation.TestCase166_AddressOutOfRange(ThirdPartyAddressValidation.java:67)
	at sun.reflect.NativeMethodAccessorImpl.invoke0(Native Method)
	at sun.reflect.NativeMethodAccessorImpl.invoke(NativeMethodAccessorImpl.java:62)
	at sun.reflect.DelegatingMethodAccessorImpl.invoke(DelegatingMethodAccessorImpl.java:43)
	at java.lang.reflect.Method.invoke(Method.java:498)
	at org.testng.internal.MethodInvocationHelper.invokeMethod(MethodInvocationHelper.java:124)
	at org.testng.internal.Invoker.invokeMethod(Invoker.java:583)
	at org.testng.internal.Invoker.invokeTestMethod(Invoker.java:719)
	at org.testng.internal.Invoker.invokeTestMethods(Invoker.java:989)
	at org.testng.internal.TestMethodWorker.invokeTestMethods(TestMethodWorker.java:125)
	at org.testng.internal.TestMethodWorker.run(TestMethodWorker.java:109)
	at org.testng.TestRunner.privateRun(TestRunner.java:648)
	at org.testng.TestRunner.run(TestRunner.java:505)
	at org.testng.SuiteRunner.runTest(SuiteRunner.java:455)
	at org.testng.SuiteRunner.runSequentially(SuiteRunner.java:450)
	at org.testng.SuiteRunner.privateRun(SuiteRunner.java:415)
	at org.testng.SuiteRunner.run(SuiteRunner.java:364)
	at org.testng.SuiteRunnerWorker.runSuite(SuiteRunnerWorker.java:52)
	at org.testng.SuiteRunnerWorker.run(SuiteRunnerWorker.java:84)
	at org.testng.TestNG.runSuitesSequentially(TestNG.java:1208)
	at org.testng.TestNG.runSuitesLocally(TestNG.java:1137)
	at org.testng.TestNG.runSuites(TestNG.java:1049)
	at org.testng.TestNG.run(TestNG.java:1017)
	at org.testng.remote.AbstractRemoteTestNG.run(AbstractRemoteTestNG.java:114)
	at org.testng.remote.RemoteTestNG.initAndRun(RemoteTestNG.java:251)
	at org.testng.remote.RemoteTestNG.main(RemoteTestNG.java:77)
</pre></div></td>
<td>221</td>
<td>TestCases.Regression.ThirdPartyAddressValidation@27efef64</td></tr>
<tr>
<td title='TestCases.Regression.ThirdPartyAddressValidation.TestCase167_UnknownStreet()'><b>TestCase167_UnknownStreet</b><br>Test class: TestCases.Regression.ThirdPartyAddressValidation<br>Test method: Unknown Street</td>
<td><div><pre>java.lang.AssertionError: The following asserts failed:
	Expected:Error: An exact street name match could not be found and phonetically matching the street name resulted in either no matches or matches to more than one street name.	And Actual:Error: The address was found but the street number in the input address was not between the low and high range of the post office database. expected [true] but found [false],
	Expected:Error: An exact street name match could not be found and phonetically matching the street name resulted in either no matches or matches to more than one street name.	And Actual:Error: The address was found but the street number in the input address was not between the low and high range of the post office database. expected [true] but found [false]
	at TestCases.Regression.ThirdPartyAddressValidation.addressValidationforInvalidAddress(ThirdPartyAddressValidation.java:193)
	at TestCases.Regression.ThirdPartyAddressValidation.TestCase167_UnknownStreet(ThirdPartyAddressValidation.java:72)
... Removed 26 stack frames</pre></div><a href='#' onClick='toggleBox("stack-trace28502081", this, "Click to show all stack frames", "Click to hide stack frames")'>Click to show all stack frames</a>
<div class='stack-trace' id='stack-trace28502081'><pre>java.lang.AssertionError: The following asserts failed:
	Expected:Error: An exact street name match could not be found and phonetically matching the street name resulted in either no matches or matches to more than one street name.	And Actual:Error: The address was found but the street number in the input address was not between the low and high range of the post office database. expected [true] but found [false],
	Expected:Error: An exact street name match could not be found and phonetically matching the street name resulted in either no matches or matches to more than one street name.	And Actual:Error: The address was found but the street number in the input address was not between the low and high range of the post office database. expected [true] but found [false]
	at org.testng.asserts.SoftAssert.assertAll(SoftAssert.java:43)
	at TestCases.Regression.ThirdPartyAddressValidation.addressValidationforInvalidAddress(ThirdPartyAddressValidation.java:193)
	at TestCases.Regression.ThirdPartyAddressValidation.TestCase167_UnknownStreet(ThirdPartyAddressValidation.java:72)
	at sun.reflect.NativeMethodAccessorImpl.invoke0(Native Method)
	at sun.reflect.NativeMethodAccessorImpl.invoke(NativeMethodAccessorImpl.java:62)
	at sun.reflect.DelegatingMethodAccessorImpl.invoke(DelegatingMethodAccessorImpl.java:43)
	at java.lang.reflect.Method.invoke(Method.java:498)
	at org.testng.internal.MethodInvocationHelper.invokeMethod(MethodInvocationHelper.java:124)
	at org.testng.internal.Invoker.invokeMethod(Invoker.java:583)
	at org.testng.internal.Invoker.invokeTestMethod(Invoker.java:719)
	at org.testng.internal.Invoker.invokeTestMethods(Invoker.java:989)
	at org.testng.internal.TestMethodWorker.invokeTestMethods(TestMethodWorker.java:125)
	at org.testng.internal.TestMethodWorker.run(TestMethodWorker.java:109)
	at org.testng.TestRunner.privateRun(TestRunner.java:648)
	at org.testng.TestRunner.run(TestRunner.java:505)
	at org.testng.SuiteRunner.runTest(SuiteRunner.java:455)
	at org.testng.SuiteRunner.runSequentially(SuiteRunner.java:450)
	at org.testng.SuiteRunner.privateRun(SuiteRunner.java:415)
	at org.testng.SuiteRunner.run(SuiteRunner.java:364)
	at org.testng.SuiteRunnerWorker.runSuite(SuiteRunnerWorker.java:52)
	at org.testng.SuiteRunnerWorker.run(SuiteRunnerWorker.java:84)
	at org.testng.TestNG.runSuitesSequentially(TestNG.java:1208)
	at org.testng.TestNG.runSuitesLocally(TestNG.java:1137)
	at org.testng.TestNG.runSuites(TestNG.java:1049)
	at org.testng.TestNG.run(TestNG.java:1017)
	at org.testng.remote.AbstractRemoteTestNG.run(AbstractRemoteTestNG.java:114)
	at org.testng.remote.RemoteTestNG.initAndRun(RemoteTestNG.java:251)
	at org.testng.remote.RemoteTestNG.main(RemoteTestNG.java:77)
</pre></div></td>
<td>220</td>
<td>TestCases.Regression.ThirdPartyAddressValidation@27efef64</td></tr>
<tr>
<td title='TestCases.Regression.ThirdPartyAddressValidation.TestCase168_NonDeliverableAddress()'><b>TestCase168_NonDeliverableAddress</b><br>Test class: TestCases.Regression.ThirdPartyAddressValidation<br>Test method: Non deliverable address</td>
<td><div><pre>java.lang.AssertionError: The following asserts failed:
	Expected:Error: Address cannot be geocoded.	And Actual:Error: An exact street name match could not be found and phonetically matching the street name resulted in either no matches or matches to more than one street name. expected [true] but found [false],
	Expected:Error: Address cannot be geocoded.	And Actual:Error: An exact street name match could not be found and phonetically matching the street name resulted in either no matches or matches to more than one street name. expected [true] but found [false]
	at TestCases.Regression.ThirdPartyAddressValidation.addressValidationforInvalidAddress(ThirdPartyAddressValidation.java:193)
	at TestCases.Regression.ThirdPartyAddressValidation.TestCase168_NonDeliverableAddress(ThirdPartyAddressValidation.java:77)
... Removed 26 stack frames</pre></div><a href='#' onClick='toggleBox("stack-trace1400445497", this, "Click to show all stack frames", "Click to hide stack frames")'>Click to show all stack frames</a>
<div class='stack-trace' id='stack-trace1400445497'><pre>java.lang.AssertionError: The following asserts failed:
	Expected:Error: Address cannot be geocoded.	And Actual:Error: An exact street name match could not be found and phonetically matching the street name resulted in either no matches or matches to more than one street name. expected [true] but found [false],
	Expected:Error: Address cannot be geocoded.	And Actual:Error: An exact street name match could not be found and phonetically matching the street name resulted in either no matches or matches to more than one street name. expected [true] but found [false]
	at org.testng.asserts.SoftAssert.assertAll(SoftAssert.java:43)
	at TestCases.Regression.ThirdPartyAddressValidation.addressValidationforInvalidAddress(ThirdPartyAddressValidation.java:193)
	at TestCases.Regression.ThirdPartyAddressValidation.TestCase168_NonDeliverableAddress(ThirdPartyAddressValidation.java:77)
	at sun.reflect.NativeMethodAccessorImpl.invoke0(Native Method)
	at sun.reflect.NativeMethodAccessorImpl.invoke(NativeMethodAccessorImpl.java:62)
	at sun.reflect.DelegatingMethodAccessorImpl.invoke(DelegatingMethodAccessorImpl.java:43)
	at java.lang.reflect.Method.invoke(Method.java:498)
	at org.testng.internal.MethodInvocationHelper.invokeMethod(MethodInvocationHelper.java:124)
	at org.testng.internal.Invoker.invokeMethod(Invoker.java:583)
	at org.testng.internal.Invoker.invokeTestMethod(Invoker.java:719)
	at org.testng.internal.Invoker.invokeTestMethods(Invoker.java:989)
	at org.testng.internal.TestMethodWorker.invokeTestMethods(TestMethodWorker.java:125)
	at org.testng.internal.TestMethodWorker.run(TestMethodWorker.java:109)
	at org.testng.TestRunner.privateRun(TestRunner.java:648)
	at org.testng.TestRunner.run(TestRunner.java:505)
	at org.testng.SuiteRunner.runTest(SuiteRunner.java:455)
	at org.testng.SuiteRunner.runSequentially(SuiteRunner.java:450)
	at org.testng.SuiteRunner.privateRun(SuiteRunner.java:415)
	at org.testng.SuiteRunner.run(SuiteRunner.java:364)
	at org.testng.SuiteRunnerWorker.runSuite(SuiteRunnerWorker.java:52)
	at org.testng.SuiteRunnerWorker.run(SuiteRunnerWorker.java:84)
	at org.testng.TestNG.runSuitesSequentially(TestNG.java:1208)
	at org.testng.TestNG.runSuitesLocally(TestNG.java:1137)
	at org.testng.TestNG.runSuites(TestNG.java:1049)
	at org.testng.TestNG.run(TestNG.java:1017)
	at org.testng.remote.AbstractRemoteTestNG.run(AbstractRemoteTestNG.java:114)
	at org.testng.remote.RemoteTestNG.initAndRun(RemoteTestNG.java:251)
	at org.testng.remote.RemoteTestNG.main(RemoteTestNG.java:77)
</pre></div></td>
<td>223</td>
<td>TestCases.Regression.ThirdPartyAddressValidation@27efef64</td></tr>
</table><p>
<table width='100%' border='1' class='invocation-passed'>
<tr><td colspan='4' align='center'><b>PASSED TESTS</b></td></tr>
<tr><td><b>Test method</b></td>
<td width="30%"><b>Exception</b></td>
<td width="10%"><b>Time (seconds)</b></td>
<td><b>Instance</b></td>
</tr>
<tr>
<td title='TestCases.Regression.ThirdPartyAddressValidation.TestCase162_USAddressValidated()'><b>TestCase162_USAddressValidated</b><br>Test class: TestCases.Regression.ThirdPartyAddressValidation<br>Test method: US address validated</td>
<td></td>
<td>155</td>
<td>TestCases.Regression.ThirdPartyAddressValidation@27efef64</td></tr>
<tr>
<td title='TestCases.Regression.ThirdPartyAddressValidation.TestCase163_CANAddressValidated()'><b>TestCase163_CANAddressValidated</b><br>Test class: TestCases.Regression.ThirdPartyAddressValidation<br>Test method: CAN address validated</td>
<td></td>
<td>157</td>
<td>TestCases.Regression.ThirdPartyAddressValidation@27efef64</td></tr>
<tr>
<td title='TestCases.Regression.ThirdPartyAddressValidation.TestCase164_MilitaryAddressValidated()'><b>TestCase164_MilitaryAddressValidated</b><br>Test class: TestCases.Regression.ThirdPartyAddressValidation<br>Test method: Military address validated</td>
<td></td>
<td>157</td>
<td>TestCases.Regression.ThirdPartyAddressValidation@27efef64</td></tr>
<tr>
<td title='TestCases.Regression.ThirdPartyAddressValidation.TestCase169_CityError()'><b>TestCase169_CityError</b><br>Test class: TestCases.Regression.ThirdPartyAddressValidation<br>Test method: City Error</td>
<td></td>
<td>220</td>
<td>TestCases.Regression.ThirdPartyAddressValidation@27efef64</td></tr>
</table><p>
</body>
</html>