<?xml version="1.0" encoding="UTF-8"?>
<!-- Generated by org.testng.reporters.JUnitXMLReporter -->
<testsuite hostname="AV-PN-NEHAP" ignored="0" name="ThirdPartyTaxCalculation" tests="13" failures="5" timestamp="07 Jan 2021 12:22:10 GMT" time="2601.067" errors="0">
  <testcase name="TestCase150_TestRatesCO1" time="161.869" classname="TestCases.Regression.ThirdPartyTaxCalculation"/>
  <testcase name="TestCase151_TestRatesWA2" time="163.25" classname="TestCases.Regression.ThirdPartyTaxCalculation"/>
  <testcase name="TestCase152_TypeRule4" time="162.882" classname="TestCases.Regression.ThirdPartyTaxCalculation"/>
  <testcase name="TestCase153_TestRatesCA3_TaxCalculationWithMulti_Line" time="228.271" classname="TestCases.Regression.ThirdPartyTaxCalculation">
    <failure type="java.lang.AssertionError" message="The following asserts failed:
	Opportunities Expected:185.00And Actual:277.50 expected [true] but found [false],
	Quotes Expected:370.00And Actual:555.00 expected [true] but found [false],
	Orders Expected:185.00And Actual:555.00 expected [true] but found [false],
	OrdersPostGetTax Expected:SavedAnd Actual:  expected [true] but found [false]">
      <![CDATA[java.lang.AssertionError: The following asserts failed:
Opportunities Expected:185.00And Actual:277.50 expected [true] but found [false],
Quotes Expected:370.00And Actual:555.00 expected [true] but found [false],
Orders Expected:185.00And Actual:555.00 expected [true] but found [false],
OrdersPostGetTax Expected:SavedAnd Actual:  expected [true] but found [false]
at TestCases.Regression.ThirdPartyTaxCalculation.taxCalcValidationWithMultiLine(ThirdPartyTaxCalculation.java:258)
at TestCases.Regression.ThirdPartyTaxCalculation.TestCase153_TestRatesCA3_TaxCalculationWithMulti_Line(ThirdPartyTaxCalculation.java:71)
... Removed 26 stack frames]]>
    </failure>
  </testcase> <!-- TestCase153_TestRatesCA3_TaxCalculationWithMulti_Line -->
  <testcase name="TestCase154_Sourcing10" time="162.174" classname="TestCases.Regression.ThirdPartyTaxCalculation">
    <failure type="org.openqa.selenium.TimeoutException" message="Expected condition failed: waiting for presence of element located by: By.xpath: //a[text()=&amp;apos;Advanced Settings&amp;apos;] (tried for 60 second(s) with 500 milliseconds interval)">
      <![CDATA[org.openqa.selenium.TimeoutException: Expected condition failed: waiting for presence of element located by: By.xpath: //a[text()='Advanced Settings'] (tried for 60 second(s) with 500 milliseconds interval)
at org.openqa.selenium.support.ui.WebDriverWait.timeoutException(WebDriverWait.java:95)
at org.openqa.selenium.support.ui.FluentWait.until(FluentWait.java:272)
at GenericFunctionLibrary.genericFunctions.expectpresenceOfElementLocated(genericFunctions.java:207)
at FunctionalLibrary.functionLibrary.fMyTestProjecteXAMPLEConfigurationSettings(functionLibrary.java:572)
at TestCases.Regression.ThirdPartyTaxCalculation.taxCalc_ThirdPartyCases(ThirdPartyTaxCalculation.java:133)
at TestCases.Regression.ThirdPartyTaxCalculation.TestCase154_Sourcing10(ThirdPartyTaxCalculation.java:76)
Caused by: org.openqa.selenium.NoSuchElementException: no such element: Unable to locate element: {"method":"xpath","selector":"//a[text()='Advanced Settings']"}
  (Session info: chrome=87.0.4280.88)
  (Driver info: chromedriver=2.41.578737 (49da6702b16031c40d63e5618de03a32ff6c197e),platform=Windows NT 10.0.17134 x86_64) (WARNING: The server did not provide any stacktrace information)
Command duration or timeout: 0 milliseconds
For documentation on this error, please visit: https://www.seleniumhq.org/exceptions/no_such_element.html
Build info: version: '3.141.59', revision: 'e82be7d358', time: '2018-11-14T08:17:03'
System info: host: 'AV-PN-NEHAP', ip: '192.168.0.105', os.name: 'Windows 10', os.arch: 'amd64', os.version: '10.0', java.version: '1.8.0_102'
Driver info: org.openqa.selenium.chrome.ChromeDriver
Capabilities {acceptInsecureCerts: false, acceptSslCerts: false, applicationCacheEnabled: false, browserConnectionEnabled: false, browserName: chrome, chrome: {chromedriverVersion: 2.41.578737 (49da6702b16031..., userDataDir: C:\Users\NEHA~1.PAN\AppData...}, cssSelectorsEnabled: true, databaseEnabled: false, goog:chromeOptions: {debuggerAddress: localhost:60254}, handlesAlerts: true, hasTouchScreen: false, javascriptEnabled: true, locationContextEnabled: true, mobileEmulationEnabled: false, nativeEvents: true, networkConnectionEnabled: false, pageLoadStrategy: normal, platform: XP, platformName: XP, rotatable: false, setWindowRect: true, takesHeapSnapshot: true, takesScreenshot: true, unexpectedAlertBehaviour: , unhandledPromptBehavior: , version: 87.0.4280.88, webStorageEnabled: true}
Session ID: 731f5551ae0cdce5ad4ee425d43bdb1b
*** Element info: {Using=xpath, value=//a[text()='Advanced Settings']}
at org.openqa.selenium.remote.ErrorHandler.createThrowable(ErrorHandler.java:214)
at org.openqa.selenium.remote.ErrorHandler.throwIfResponseFailed(ErrorHandler.java:166)
at org.openqa.selenium.remote.http.JsonHttpResponseCodec.reconstructValue(JsonHttpResponseCodec.java:40)
at org.openqa.selenium.remote.http.AbstractHttpResponseCodec.decode(AbstractHttpResponseCodec.java:80)
at org.openqa.selenium.remote.http.AbstractHttpResponseCodec.decode(AbstractHttpResponseCodec.java:44)
at org.openqa.selenium.remote.HttpCommandExecutor.execute(HttpCommandExecutor.java:158)
at org.openqa.selenium.remote.service.DriverCommandExecutor.execute(DriverCommandExecutor.java:83)
at org.openqa.selenium.remote.RemoteWebDriver.execute(RemoteWebDriver.java:552)
at org.openqa.selenium.remote.RemoteWebDriver.findElement(RemoteWebDriver.java:323)
at org.openqa.selenium.remote.RemoteWebDriver.findElementByXPath(RemoteWebDriver.java:428)
at org.openqa.selenium.By$ByXPath.findElement(By.java:353)
at org.openqa.selenium.remote.RemoteWebDriver.findElement(RemoteWebDriver.java:315)
at org.openqa.selenium.support.ui.ExpectedConditions$6.apply(ExpectedConditions.java:182)
at org.openqa.selenium.support.ui.ExpectedConditions$6.apply(ExpectedConditions.java:179)
at org.openqa.selenium.support.ui.FluentWait.until(FluentWait.java:249)
... 29 more
... Removed 29 stack frames]]>
    </failure>
  </testcase> <!-- TestCase154_Sourcing10 -->
  <testcase name="TestCase155_Sourcing10" time="176.492" classname="TestCases.Regression.ThirdPartyTaxCalculation">
    <failure type="org.openqa.selenium.NoSuchElementException" message="no such element: Unable to locate element: {&amp;quot;method&amp;quot;:&amp;quot;xpath&amp;quot;,&amp;quot;selector&amp;quot;:&amp;quot;//td[@id=&amp;apos;topButtonRow&amp;apos;]//input[@name=&amp;apos;ava_sfcloud__calculate_tax&amp;apos;]&amp;quot;}
  (Session info: chrome=87.0.4280.88)
  (Driver info: chromedriver=2.41.578737 (49da6702b16031c40d63e5618de03a32ff6c197e),platform=Windows NT 10.0.17134 x86_64) (WARNING: The server did not provide any stacktrace information)
Command duration or timeout: 0 milliseconds
For documentation on this error, please visit: https://www.seleniumhq.org/exceptions/no_such_element.html
Build info: version: &amp;apos;3.141.59&amp;apos;, revision: &amp;apos;e82be7d358&amp;apos;, time: &amp;apos;2018-11-14T08:17:03&amp;apos;
System info: host: &amp;apos;AV-PN-NEHAP&amp;apos;, ip: &amp;apos;192.168.0.105&amp;apos;, os.name: &amp;apos;Windows 10&amp;apos;, os.arch: &amp;apos;amd64&amp;apos;, os.version: &amp;apos;10.0&amp;apos;, java.version: &amp;apos;1.8.0_102&amp;apos;
Driver info: org.openqa.selenium.chrome.ChromeDriver
Capabilities {acceptInsecureCerts: false, acceptSslCerts: false, applicationCacheEnabled: false, browserConnectionEnabled: false, browserName: chrome, chrome: {chromedriverVersion: 2.41.578737 (49da6702b16031..., userDataDir: C:\Users\NEHA~1.PAN\AppData...}, cssSelectorsEnabled: true, databaseEnabled: false, goog:chromeOptions: {debuggerAddress: localhost:60254}, handlesAlerts: true, hasTouchScreen: false, javascriptEnabled: true, locationContextEnabled: true, mobileEmulationEnabled: false, nativeEvents: true, networkConnectionEnabled: false, pageLoadStrategy: normal, platform: XP, platformName: XP, rotatable: false, setWindowRect: true, takesHeapSnapshot: true, takesScreenshot: true, unexpectedAlertBehaviour: , unhandledPromptBehavior: , version: 87.0.4280.88, webStorageEnabled: true}
Session ID: 731f5551ae0cdce5ad4ee425d43bdb1b
*** Element info: {Using=xpath, value=//td[@id=&amp;apos;topButtonRow&amp;apos;]//input[@name=&amp;apos;ava_sfcloud__calculate_tax&amp;apos;]}">
      <![CDATA[org.openqa.selenium.NoSuchElementException: no such element: Unable to locate element: {"method":"xpath","selector":"//td[@id='topButtonRow']//input[@name='ava_sfcloud__calculate_tax']"}
  (Session info: chrome=87.0.4280.88)
  (Driver info: chromedriver=2.41.578737 (49da6702b16031c40d63e5618de03a32ff6c197e),platform=Windows NT 10.0.17134 x86_64) (WARNING: The server did not provide any stacktrace information)
Command duration or timeout: 0 milliseconds
For documentation on this error, please visit: https://www.seleniumhq.org/exceptions/no_such_element.html
Build info: version: '3.141.59', revision: 'e82be7d358', time: '2018-11-14T08:17:03'
System info: host: 'AV-PN-NEHAP', ip: '192.168.0.105', os.name: 'Windows 10', os.arch: 'amd64', os.version: '10.0', java.version: '1.8.0_102'
Driver info: org.openqa.selenium.chrome.ChromeDriver
Capabilities {acceptInsecureCerts: false, acceptSslCerts: false, applicationCacheEnabled: false, browserConnectionEnabled: false, browserName: chrome, chrome: {chromedriverVersion: 2.41.578737 (49da6702b16031..., userDataDir: C:\Users\NEHA~1.PAN\AppData...}, cssSelectorsEnabled: true, databaseEnabled: false, goog:chromeOptions: {debuggerAddress: localhost:60254}, handlesAlerts: true, hasTouchScreen: false, javascriptEnabled: true, locationContextEnabled: true, mobileEmulationEnabled: false, nativeEvents: true, networkConnectionEnabled: false, pageLoadStrategy: normal, platform: XP, platformName: XP, rotatable: false, setWindowRect: true, takesHeapSnapshot: true, takesScreenshot: true, unexpectedAlertBehaviour: , unhandledPromptBehavior: , version: 87.0.4280.88, webStorageEnabled: true}
Session ID: 731f5551ae0cdce5ad4ee425d43bdb1b
*** Element info: {Using=xpath, value=//td[@id='topButtonRow']//input[@name='ava_sfcloud__calculate_tax']}
at org.openqa.selenium.remote.ErrorHandler.createThrowable(ErrorHandler.java:214)
at org.openqa.selenium.remote.ErrorHandler.throwIfResponseFailed(ErrorHandler.java:166)
at org.openqa.selenium.remote.http.JsonHttpResponseCodec.reconstructValue(JsonHttpResponseCodec.java:40)
at org.openqa.selenium.remote.http.AbstractHttpResponseCodec.decode(AbstractHttpResponseCodec.java:80)
at org.openqa.selenium.remote.http.AbstractHttpResponseCodec.decode(AbstractHttpResponseCodec.java:44)
at org.openqa.selenium.remote.HttpCommandExecutor.execute(HttpCommandExecutor.java:158)
at org.openqa.selenium.remote.service.DriverCommandExecutor.execute(DriverCommandExecutor.java:83)
at org.openqa.selenium.remote.RemoteWebDriver.execute(RemoteWebDriver.java:552)
at org.openqa.selenium.remote.RemoteWebDriver.findElement(RemoteWebDriver.java:323)
at org.openqa.selenium.remote.RemoteWebDriver.findElementByXPath(RemoteWebDriver.java:428)
at org.openqa.selenium.By$ByXPath.findElement(By.java:353)
at org.openqa.selenium.remote.RemoteWebDriver.findElement(RemoteWebDriver.java:315)
at GenericFunctionLibrary.genericFunctions.clickonElement_Xpath(genericFunctions.java:116)
at FunctionalLibrary.functionLibrary.fTriggergetTax(functionLibrary.java:855)
at TestCases.Regression.ThirdPartyTaxCalculation.taxCalc_ThirdPartyCases(ThirdPartyTaxCalculation.java:171)
at TestCases.Regression.ThirdPartyTaxCalculation.TestCase155_Sourcing10(ThirdPartyTaxCalculation.java:81)
... Removed 29 stack frames]]>
    </failure>
  </testcase> <!-- TestCase155_Sourcing10 -->
  <testcase name="TestCase156_TestRatesCO1" time="164.073" classname="TestCases.Regression.ThirdPartyTaxCalculation"/>
  <testcase name="TestCase157_TestRatesCO1" time="167.92" classname="TestCases.Regression.ThirdPartyTaxCalculation"/>
  <testcase name="TestCase158_TestRatesCO1" time="159.759" classname="TestCases.Regression.ThirdPartyTaxCalculation"/>
  <testcase name="TestCase159_Error_generated_case" time="263.846" classname="TestCases.Regression.ThirdPartyTaxCalculation">
    <failure type="org.openqa.selenium.NoSuchElementException" message="no such element: Unable to locate element: {&amp;quot;method&amp;quot;:&amp;quot;name&amp;quot;,&amp;quot;selector&amp;quot;:&amp;quot;addProd&amp;quot;}
  (Session info: chrome=87.0.4280.88)
  (Driver info: chromedriver=2.41.578737 (49da6702b16031c40d63e5618de03a32ff6c197e),platform=Windows NT 10.0.17134 x86_64) (WARNING: The server did not provide any stacktrace information)
Command duration or timeout: 0 milliseconds
For documentation on this error, please visit: https://www.seleniumhq.org/exceptions/no_such_element.html
Build info: version: &amp;apos;3.141.59&amp;apos;, revision: &amp;apos;e82be7d358&amp;apos;, time: &amp;apos;2018-11-14T08:17:03&amp;apos;
System info: host: &amp;apos;AV-PN-NEHAP&amp;apos;, ip: &amp;apos;192.168.0.105&amp;apos;, os.name: &amp;apos;Windows 10&amp;apos;, os.arch: &amp;apos;amd64&amp;apos;, os.version: &amp;apos;10.0&amp;apos;, java.version: &amp;apos;1.8.0_102&amp;apos;
Driver info: org.openqa.selenium.chrome.ChromeDriver
Capabilities {acceptInsecureCerts: false, acceptSslCerts: false, applicationCacheEnabled: false, browserConnectionEnabled: false, browserName: chrome, chrome: {chromedriverVersion: 2.41.578737 (49da6702b16031..., userDataDir: C:\Users\NEHA~1.PAN\AppData...}, cssSelectorsEnabled: true, databaseEnabled: false, goog:chromeOptions: {debuggerAddress: localhost:60254}, handlesAlerts: true, hasTouchScreen: false, javascriptEnabled: true, locationContextEnabled: true, mobileEmulationEnabled: false, nativeEvents: true, networkConnectionEnabled: false, pageLoadStrategy: normal, platform: XP, platformName: XP, rotatable: false, setWindowRect: true, takesHeapSnapshot: true, takesScreenshot: true, unexpectedAlertBehaviour: , unhandledPromptBehavior: , version: 87.0.4280.88, webStorageEnabled: true}
Session ID: 731f5551ae0cdce5ad4ee425d43bdb1b
*** Element info: {Using=name, value=addProd}">
      <![CDATA[org.openqa.selenium.NoSuchElementException: no such element: Unable to locate element: {"method":"name","selector":"addProd"}
  (Session info: chrome=87.0.4280.88)
  (Driver info: chromedriver=2.41.578737 (49da6702b16031c40d63e5618de03a32ff6c197e),platform=Windows NT 10.0.17134 x86_64) (WARNING: The server did not provide any stacktrace information)
Command duration or timeout: 0 milliseconds
For documentation on this error, please visit: https://www.seleniumhq.org/exceptions/no_such_element.html
Build info: version: '3.141.59', revision: 'e82be7d358', time: '2018-11-14T08:17:03'
System info: host: 'AV-PN-NEHAP', ip: '192.168.0.105', os.name: 'Windows 10', os.arch: 'amd64', os.version: '10.0', java.version: '1.8.0_102'
Driver info: org.openqa.selenium.chrome.ChromeDriver
Capabilities {acceptInsecureCerts: false, acceptSslCerts: false, applicationCacheEnabled: false, browserConnectionEnabled: false, browserName: chrome, chrome: {chromedriverVersion: 2.41.578737 (49da6702b16031..., userDataDir: C:\Users\NEHA~1.PAN\AppData...}, cssSelectorsEnabled: true, databaseEnabled: false, goog:chromeOptions: {debuggerAddress: localhost:60254}, handlesAlerts: true, hasTouchScreen: false, javascriptEnabled: true, locationContextEnabled: true, mobileEmulationEnabled: false, nativeEvents: true, networkConnectionEnabled: false, pageLoadStrategy: normal, platform: XP, platformName: XP, rotatable: false, setWindowRect: true, takesHeapSnapshot: true, takesScreenshot: true, unexpectedAlertBehaviour: , unhandledPromptBehavior: , version: 87.0.4280.88, webStorageEnabled: true}
Session ID: 731f5551ae0cdce5ad4ee425d43bdb1b
*** Element info: {Using=name, value=addProd}
at org.openqa.selenium.remote.ErrorHandler.createThrowable(ErrorHandler.java:214)
at org.openqa.selenium.remote.ErrorHandler.throwIfResponseFailed(ErrorHandler.java:166)
at org.openqa.selenium.remote.http.JsonHttpResponseCodec.reconstructValue(JsonHttpResponseCodec.java:40)
at org.openqa.selenium.remote.http.AbstractHttpResponseCodec.decode(AbstractHttpResponseCodec.java:80)
at org.openqa.selenium.remote.http.AbstractHttpResponseCodec.decode(AbstractHttpResponseCodec.java:44)
at org.openqa.selenium.remote.HttpCommandExecutor.execute(HttpCommandExecutor.java:158)
at org.openqa.selenium.remote.service.DriverCommandExecutor.execute(DriverCommandExecutor.java:83)
at org.openqa.selenium.remote.RemoteWebDriver.execute(RemoteWebDriver.java:552)
at org.openqa.selenium.remote.RemoteWebDriver.findElement(RemoteWebDriver.java:323)
at org.openqa.selenium.remote.RemoteWebDriver.findElementByName(RemoteWebDriver.java:404)
at org.openqa.selenium.By$ByName.findElement(By.java:284)
at org.openqa.selenium.remote.RemoteWebDriver.findElement(RemoteWebDriver.java:315)
at FunctionalLibrary.functionLibrary.findAndClick(functionLibrary.java:1114)
at FunctionalLibrary.functionLibrary.fLine_Entry(functionLibrary.java:651)
at TestCases.Regression.ThirdPartyTaxCalculation.errorGenerationOnTaxValidation(ThirdPartyTaxCalculation.java:299)
at TestCases.Regression.ThirdPartyTaxCalculation.TestCase159_Error_generated_case(ThirdPartyTaxCalculation.java:101)
... Removed 29 stack frames]]>
    </failure>
  </testcase> <!-- TestCase159_Error_generated_case -->
  <testcase name="TestCase160_Tiered_Case" time="255.267" classname="TestCases.Regression.ThirdPartyTaxCalculation"/>
  <testcase name="TestCase161_CapsCase" time="256.823" classname="TestCases.Regression.ThirdPartyTaxCalculation"/>
  <testcase name="TestCase162_TaxCalcwithExemption" time="259.255" classname="TestCases.Regression.ThirdPartyTaxCalculation">
    <failure type="java.lang.AssertionError" message="The following asserts failed:
	Opportunities Expected:50.00And Actual:120.00 expected [true] but found [false],
	Quotes Expected:240.00And Actual:100.00 expected [true] but found [false],
	Orders Expected:50.00And Actual:120.00 expected [true] but found [false]">
      <![CDATA[java.lang.AssertionError: The following asserts failed:
Opportunities Expected:50.00And Actual:120.00 expected [true] but found [false],
Quotes Expected:240.00And Actual:100.00 expected [true] but found [false],
Orders Expected:50.00And Actual:120.00 expected [true] but found [false]
at TestCases.Regression.ThirdPartyTaxCalculation.taxCalc_CANAddressWithExemptionNumber(ThirdPartyTaxCalculation.java:429)
at TestCases.Regression.ThirdPartyTaxCalculation.TestCase162_TaxCalcwithExemption(ThirdPartyTaxCalculation.java:116)
... Removed 26 stack frames]]>
    </failure>
  </testcase> <!-- TestCase162_TaxCalcwithExemption -->
</testsuite> <!-- ThirdPartyTaxCalculation -->
