<html>
<head>
<title>TestNG:  3rdPartyTaxCalculation</title>
<link href="../testng.css" rel="stylesheet" type="text/css" />
<link href="../my-testng.css" rel="stylesheet" type="text/css" />

<style type="text/css">
.log { display: none;} 
.stack-trace { display: none;} 
</style>
<script type="text/javascript">
<!--
function flip(e) {
  current = e.style.display;
  if (current == 'block') {
    e.style.display = 'none';
    return 0;
  }
  else {
    e.style.display = 'block';
    return 1;
  }
}

function toggleBox(szDivId, elem, msg1, msg2)
{
  var res = -1;  if (document.getElementById) {
    res = flip(document.getElementById(szDivId));
  }
  else if (document.all) {
    // this is the way old msie versions work
    res = flip(document.all[szDivId]);
  }
  if(elem) {
    if(res == 0) elem.innerHTML = msg1; else elem.innerHTML = msg2;
  }

}

function toggleAllBoxes() {
  if (document.getElementsByTagName) {
    d = document.getElementsByTagName('div');
    for (i = 0; i < d.length; i++) {
      if (d[i].className == 'log') {
        flip(d[i]);
      }
    }
  }
}

// -->
</script>

</head>
<body>
<h2 align='center'>3rdPartyTaxCalculation</h2><table border='1' align="center">
<tr>
<td>Tests passed/Failed/Skipped:</td><td>9/3/0</td>
</tr><tr>
<td>Started on:</td><td>Sun Apr 22 17:16:53 IST 2018</td>
</tr>
<tr><td>Total time:</td><td>2585 seconds (2585842 ms)</td>
</tr><tr>
<td>Included groups:</td><td></td>
</tr><tr>
<td>Excluded groups:</td><td></td>
</tr>
</table><p/>
<small><i>(Hover the method name to see the test class name)</i></small><p/>
<table width='100%' border='1' class='invocation-failed'>
<tr><td colspan='4' align='center'><b>FAILED TESTS</b></td></tr>
<tr><td><b>Test method</b></td>
<td width="30%"><b>Exception</b></td>
<td width="10%"><b>Time (seconds)</b></td>
<td><b>Instance</b></td>
</tr>
<tr>
<td title='TestCases.Regression.SalesForce_3rdPartyTaxCalculation.TestCase152_TypeRule4()'><b>TestCase152_TypeRule4</b><br>Test class: TestCases.Regression.SalesForce_3rdPartyTaxCalculation<br>Test method: TypeRule 4</td>
<td><div><pre>java.lang.AssertionError: The following asserts failed:
	Opportunities Expected:70.00And Actual:80.00 expected [true] but found [false],
	Quotes Expected:140.00And Actual:160.00 expected [true] but found [false],
	Orders Expected:70.00And Actual:80.00 expected [true] but found [false]
	at TestCases.Regression.SalesForce_3rdPartyTaxCalculation.taxCalc_ThirdPartyCases(SalesForce_3rdPartyTaxCalculation.java:220)
	at TestCases.Regression.SalesForce_3rdPartyTaxCalculation.TestCase152_TypeRule4(SalesForce_3rdPartyTaxCalculation.java:75)
... Removed 26 stack frames</pre></div><a href='#' onClick='toggleBox("stack-trace792855998", this, "Click to show all stack frames", "Click to hide stack frames")'>Click to show all stack frames</a>
<div class='stack-trace' id='stack-trace792855998'><pre>java.lang.AssertionError: The following asserts failed:
	Opportunities Expected:70.00And Actual:80.00 expected [true] but found [false],
	Quotes Expected:140.00And Actual:160.00 expected [true] but found [false],
	Orders Expected:70.00And Actual:80.00 expected [true] but found [false]
	at org.testng.asserts.SoftAssert.assertAll(SoftAssert.java:43)
	at TestCases.Regression.SalesForce_3rdPartyTaxCalculation.taxCalc_ThirdPartyCases(SalesForce_3rdPartyTaxCalculation.java:220)
	at TestCases.Regression.SalesForce_3rdPartyTaxCalculation.TestCase152_TypeRule4(SalesForce_3rdPartyTaxCalculation.java:75)
	at sun.reflect.NativeMethodAccessorImpl.invoke0(Native Method)
	at sun.reflect.NativeMethodAccessorImpl.invoke(Unknown Source)
	at sun.reflect.DelegatingMethodAccessorImpl.invoke(Unknown Source)
	at java.lang.reflect.Method.invoke(Unknown Source)
	at org.testng.internal.MethodInvocationHelper.invokeMethod(MethodInvocationHelper.java:104)
	at org.testng.internal.Invoker.invokeMethod(Invoker.java:645)
	at org.testng.internal.Invoker.invokeTestMethod(Invoker.java:851)
	at org.testng.internal.Invoker.invokeTestMethods(Invoker.java:1177)
	at org.testng.internal.TestMethodWorker.invokeTestMethods(TestMethodWorker.java:129)
	at org.testng.internal.TestMethodWorker.run(TestMethodWorker.java:112)
	at org.testng.TestRunner.privateRun(TestRunner.java:756)
	at org.testng.TestRunner.run(TestRunner.java:610)
	at org.testng.SuiteRunner.runTest(SuiteRunner.java:387)
	at org.testng.SuiteRunner.runSequentially(SuiteRunner.java:382)
	at org.testng.SuiteRunner.privateRun(SuiteRunner.java:340)
	at org.testng.SuiteRunner.run(SuiteRunner.java:289)
	at org.testng.SuiteRunnerWorker.runSuite(SuiteRunnerWorker.java:52)
	at org.testng.SuiteRunnerWorker.run(SuiteRunnerWorker.java:86)
	at org.testng.TestNG.runSuitesSequentially(TestNG.java:1293)
	at org.testng.TestNG.runSuitesLocally(TestNG.java:1218)
	at org.testng.TestNG.runSuites(TestNG.java:1133)
	at org.testng.TestNG.run(TestNG.java:1104)
	at org.testng.remote.AbstractRemoteTestNG.run(AbstractRemoteTestNG.java:114)
	at org.testng.remote.RemoteTestNG.initAndRun(RemoteTestNG.java:251)
	at org.testng.remote.RemoteTestNG.main(RemoteTestNG.java:77)
</pre></div></td>
<td>252</td>
<td>TestCases.Regression.SalesForce_3rdPartyTaxCalculation@723ca036</td></tr>
<tr>
<td title='TestCases.Regression.SalesForce_3rdPartyTaxCalculation.TestCase159_Error_generated_case()'><b>TestCase159_Error_generated_case</b><br>Test class: TestCases.Regression.SalesForce_3rdPartyTaxCalculation<br>Test method: Error generated case</td>
<td><div><pre>java.lang.AssertionError: The following asserts failed:
	QuotesPostGetTax Expected:Saved And Actual:Error: JurisdictionNotFoundError expected [true] but found [false],
	OrdersBeforeGetTax Expected:Error: JurisdictionNotFoundError And Actual:Temporary expected [true] but found [false],
	OrdersPostGetTax Expected:Error: JurisdictionNotFoundError And Actual:Saved expected [true] but found [false]
	at TestCases.Regression.SalesForce_3rdPartyTaxCalculation.disabledtaxValidation(SalesForce_3rdPartyTaxCalculation.java:388)
	at TestCases.Regression.SalesForce_3rdPartyTaxCalculation.TestCase159_Error_generated_case(SalesForce_3rdPartyTaxCalculation.java:106)
... Removed 26 stack frames</pre></div><a href='#' onClick='toggleBox("stack-trace828326869", this, "Click to show all stack frames", "Click to hide stack frames")'>Click to show all stack frames</a>
<div class='stack-trace' id='stack-trace828326869'><pre>java.lang.AssertionError: The following asserts failed:
	QuotesPostGetTax Expected:Saved And Actual:Error: JurisdictionNotFoundError expected [true] but found [false],
	OrdersBeforeGetTax Expected:Error: JurisdictionNotFoundError And Actual:Temporary expected [true] but found [false],
	OrdersPostGetTax Expected:Error: JurisdictionNotFoundError And Actual:Saved expected [true] but found [false]
	at org.testng.asserts.SoftAssert.assertAll(SoftAssert.java:43)
	at TestCases.Regression.SalesForce_3rdPartyTaxCalculation.disabledtaxValidation(SalesForce_3rdPartyTaxCalculation.java:388)
	at TestCases.Regression.SalesForce_3rdPartyTaxCalculation.TestCase159_Error_generated_case(SalesForce_3rdPartyTaxCalculation.java:106)
	at sun.reflect.NativeMethodAccessorImpl.invoke0(Native Method)
	at sun.reflect.NativeMethodAccessorImpl.invoke(Unknown Source)
	at sun.reflect.DelegatingMethodAccessorImpl.invoke(Unknown Source)
	at java.lang.reflect.Method.invoke(Unknown Source)
	at org.testng.internal.MethodInvocationHelper.invokeMethod(MethodInvocationHelper.java:104)
	at org.testng.internal.Invoker.invokeMethod(Invoker.java:645)
	at org.testng.internal.Invoker.invokeTestMethod(Invoker.java:851)
	at org.testng.internal.Invoker.invokeTestMethods(Invoker.java:1177)
	at org.testng.internal.TestMethodWorker.invokeTestMethods(TestMethodWorker.java:129)
	at org.testng.internal.TestMethodWorker.run(TestMethodWorker.java:112)
	at org.testng.TestRunner.privateRun(TestRunner.java:756)
	at org.testng.TestRunner.run(TestRunner.java:610)
	at org.testng.SuiteRunner.runTest(SuiteRunner.java:387)
	at org.testng.SuiteRunner.runSequentially(SuiteRunner.java:382)
	at org.testng.SuiteRunner.privateRun(SuiteRunner.java:340)
	at org.testng.SuiteRunner.run(SuiteRunner.java:289)
	at org.testng.SuiteRunnerWorker.runSuite(SuiteRunnerWorker.java:52)
	at org.testng.SuiteRunnerWorker.run(SuiteRunnerWorker.java:86)
	at org.testng.TestNG.runSuitesSequentially(TestNG.java:1293)
	at org.testng.TestNG.runSuitesLocally(TestNG.java:1218)
	at org.testng.TestNG.runSuites(TestNG.java:1133)
	at org.testng.TestNG.run(TestNG.java:1104)
	at org.testng.remote.AbstractRemoteTestNG.run(AbstractRemoteTestNG.java:114)
	at org.testng.remote.RemoteTestNG.initAndRun(RemoteTestNG.java:251)
	at org.testng.remote.RemoteTestNG.main(RemoteTestNG.java:77)
</pre></div></td>
<td>224</td>
<td>TestCases.Regression.SalesForce_3rdPartyTaxCalculation@723ca036</td></tr>
<tr>
<td title='TestCases.Regression.SalesForce_3rdPartyTaxCalculation.TestCase161_CapsCase()'><b>TestCase161_CapsCase</b><br>Test class: TestCases.Regression.SalesForce_3rdPartyTaxCalculation<br>Test method: Caps Case</td>
<td><div><pre>java.lang.AssertionError: The following asserts failed:
	Opportunities Expected:1.56And Actual:12.50 expected [true] but found [false],
	Quotes Expected:3.120And Actual:25.00 expected [true] but found [false],
	Orders Expected:1.56And Actual:12.50 expected [true] but found [false]
	at TestCases.Regression.SalesForce_3rdPartyTaxCalculation.taxCalc_ThirdPartyCases(SalesForce_3rdPartyTaxCalculation.java:220)
	at TestCases.Regression.SalesForce_3rdPartyTaxCalculation.TestCase161_CapsCase(SalesForce_3rdPartyTaxCalculation.java:114)
... Removed 26 stack frames</pre></div><a href='#' onClick='toggleBox("stack-trace1214133948", this, "Click to show all stack frames", "Click to hide stack frames")'>Click to show all stack frames</a>
<div class='stack-trace' id='stack-trace1214133948'><pre>java.lang.AssertionError: The following asserts failed:
	Opportunities Expected:1.56And Actual:12.50 expected [true] but found [false],
	Quotes Expected:3.120And Actual:25.00 expected [true] but found [false],
	Orders Expected:1.56And Actual:12.50 expected [true] but found [false]
	at org.testng.asserts.SoftAssert.assertAll(SoftAssert.java:43)
	at TestCases.Regression.SalesForce_3rdPartyTaxCalculation.taxCalc_ThirdPartyCases(SalesForce_3rdPartyTaxCalculation.java:220)
	at TestCases.Regression.SalesForce_3rdPartyTaxCalculation.TestCase161_CapsCase(SalesForce_3rdPartyTaxCalculation.java:114)
	at sun.reflect.NativeMethodAccessorImpl.invoke0(Native Method)
	at sun.reflect.NativeMethodAccessorImpl.invoke(Unknown Source)
	at sun.reflect.DelegatingMethodAccessorImpl.invoke(Unknown Source)
	at java.lang.reflect.Method.invoke(Unknown Source)
	at org.testng.internal.MethodInvocationHelper.invokeMethod(MethodInvocationHelper.java:104)
	at org.testng.internal.Invoker.invokeMethod(Invoker.java:645)
	at org.testng.internal.Invoker.invokeTestMethod(Invoker.java:851)
	at org.testng.internal.Invoker.invokeTestMethods(Invoker.java:1177)
	at org.testng.internal.TestMethodWorker.invokeTestMethods(TestMethodWorker.java:129)
	at org.testng.internal.TestMethodWorker.run(TestMethodWorker.java:112)
	at org.testng.TestRunner.privateRun(TestRunner.java:756)
	at org.testng.TestRunner.run(TestRunner.java:610)
	at org.testng.SuiteRunner.runTest(SuiteRunner.java:387)
	at org.testng.SuiteRunner.runSequentially(SuiteRunner.java:382)
	at org.testng.SuiteRunner.privateRun(SuiteRunner.java:340)
	at org.testng.SuiteRunner.run(SuiteRunner.java:289)
	at org.testng.SuiteRunnerWorker.runSuite(SuiteRunnerWorker.java:52)
	at org.testng.SuiteRunnerWorker.run(SuiteRunnerWorker.java:86)
	at org.testng.TestNG.runSuitesSequentially(TestNG.java:1293)
	at org.testng.TestNG.runSuitesLocally(TestNG.java:1218)
	at org.testng.TestNG.runSuites(TestNG.java:1133)
	at org.testng.TestNG.run(TestNG.java:1104)
	at org.testng.remote.AbstractRemoteTestNG.run(AbstractRemoteTestNG.java:114)
	at org.testng.remote.RemoteTestNG.initAndRun(RemoteTestNG.java:251)
	at org.testng.remote.RemoteTestNG.main(RemoteTestNG.java:77)
</pre></div></td>
<td>222</td>
<td>TestCases.Regression.SalesForce_3rdPartyTaxCalculation@723ca036</td></tr>
</table><p>
<table width='100%' border='1' class='invocation-passed'>
<tr><td colspan='4' align='center'><b>PASSED TESTS</b></td></tr>
<tr><td><b>Test method</b></td>
<td width="30%"><b>Exception</b></td>
<td width="10%"><b>Time (seconds)</b></td>
<td><b>Instance</b></td>
</tr>
<tr>
<td title='TestCases.Regression.SalesForce_3rdPartyTaxCalculation.TestCase150_TestRatesCO1()'><b>TestCase150_TestRatesCO1</b><br>Test class: TestCases.Regression.SalesForce_3rdPartyTaxCalculation<br>Test method: TestRatesCO-1</td>
<td></td>
<td>196</td>
<td>TestCases.Regression.SalesForce_3rdPartyTaxCalculation@723ca036</td></tr>
<tr>
<td title='TestCases.Regression.SalesForce_3rdPartyTaxCalculation.TestCase151_TestRatesWA2()'><b>TestCase151_TestRatesWA2</b><br>Test class: TestCases.Regression.SalesForce_3rdPartyTaxCalculation<br>Test method: TestRatesWA-2</td>
<td></td>
<td>174</td>
<td>TestCases.Regression.SalesForce_3rdPartyTaxCalculation@723ca036</td></tr>
<tr>
<td title='TestCases.Regression.SalesForce_3rdPartyTaxCalculation.TestCase153_TestRatesCA3()'><b>TestCase153_TestRatesCA3</b><br>Test class: TestCases.Regression.SalesForce_3rdPartyTaxCalculation<br>Test method: TestRatesCA-3</td>
<td></td>
<td>273</td>
<td>TestCases.Regression.SalesForce_3rdPartyTaxCalculation@723ca036</td></tr>
<tr>
<td title='TestCases.Regression.SalesForce_3rdPartyTaxCalculation.TestCase154_Sourcing10()'><b>TestCase154_Sourcing10</b><br>Test class: TestCases.Regression.SalesForce_3rdPartyTaxCalculation<br>Test method: Sourcing 10</td>
<td></td>
<td>203</td>
<td>TestCases.Regression.SalesForce_3rdPartyTaxCalculation@723ca036</td></tr>
<tr>
<td title='TestCases.Regression.SalesForce_3rdPartyTaxCalculation.TestCase155_Sourcing10()'><b>TestCase155_Sourcing10</b><br>Test class: TestCases.Regression.SalesForce_3rdPartyTaxCalculation<br>Test method: Sourcing 10</td>
<td></td>
<td>219</td>
<td>TestCases.Regression.SalesForce_3rdPartyTaxCalculation@723ca036</td></tr>
<tr>
<td title='TestCases.Regression.SalesForce_3rdPartyTaxCalculation.TestCase156_TestRatesCO1()'><b>TestCase156_TestRatesCO1</b><br>Test class: TestCases.Regression.SalesForce_3rdPartyTaxCalculation<br>Test method: TestRatesCO 1</td>
<td></td>
<td>205</td>
<td>TestCases.Regression.SalesForce_3rdPartyTaxCalculation@723ca036</td></tr>
<tr>
<td title='TestCases.Regression.SalesForce_3rdPartyTaxCalculation.TestCase157_TestRatesCO1()'><b>TestCase157_TestRatesCO1</b><br>Test class: TestCases.Regression.SalesForce_3rdPartyTaxCalculation<br>Test method: TestRatesCO 1</td>
<td></td>
<td>199</td>
<td>TestCases.Regression.SalesForce_3rdPartyTaxCalculation@723ca036</td></tr>
<tr>
<td title='TestCases.Regression.SalesForce_3rdPartyTaxCalculation.TestCase158_TestRatesCO1()'><b>TestCase158_TestRatesCO1</b><br>Test class: TestCases.Regression.SalesForce_3rdPartyTaxCalculation<br>Test method: TestRatesCO-1</td>
<td></td>
<td>206</td>
<td>TestCases.Regression.SalesForce_3rdPartyTaxCalculation@723ca036</td></tr>
<tr>
<td title='TestCases.Regression.SalesForce_3rdPartyTaxCalculation.TestCase160_Tiered_Case()'><b>TestCase160_Tiered_Case</b><br>Test class: TestCases.Regression.SalesForce_3rdPartyTaxCalculation<br>Test method: Tiered Case</td>
<td></td>
<td>198</td>
<td>TestCases.Regression.SalesForce_3rdPartyTaxCalculation@723ca036</td></tr>
</table><p>
</body>
</html>