<?xml version="1.0" encoding="UTF-8"?>
<!-- Generated by org.testng.reporters.JUnitXMLReporter -->
<testsuite hostname="Av-Pn-Neha" ignored="0" name="3rdPartyTaxCalculation" tests="12" failures="3" timestamp="22 Apr 2018 12:29:58 GMT" time="2585.842" errors="0">
  <testcase name="TestCase150_TestRatesCO1" time="196.319" classname="TestCases.Regression.SalesForce_3rdPartyTaxCalculation"/>
  <testcase name="TestCase151_TestRatesWA2" time="174.234" classname="TestCases.Regression.SalesForce_3rdPartyTaxCalculation"/>
  <testcase name="TestCase152_TypeRule4" time="252.988" classname="TestCases.Regression.SalesForce_3rdPartyTaxCalculation">
    <failure type="java.lang.AssertionError" message="The following asserts failed:
	Opportunities Expected:70.00And Actual:80.00 expected [true] but found [false],
	Quotes Expected:140.00And Actual:160.00 expected [true] but found [false],
	Orders Expected:70.00And Actual:80.00 expected [true] but found [false]">
      <![CDATA[java.lang.AssertionError: The following asserts failed:
	Opportunities Expected:70.00And Actual:80.00 expected [true] but found [false],
	Quotes Expected:140.00And Actual:160.00 expected [true] but found [false],
	Orders Expected:70.00And Actual:80.00 expected [true] but found [false]
	at TestCases.Regression.SalesForce_3rdPartyTaxCalculation.taxCalc_ThirdPartyCases(SalesForce_3rdPartyTaxCalculation.java:220)
	at TestCases.Regression.SalesForce_3rdPartyTaxCalculation.TestCase152_TypeRule4(SalesForce_3rdPartyTaxCalculation.java:75)
... Removed 26 stack frames]]>
    </failure>
  </testcase> <!-- TestCase152_TypeRule4 -->
  <testcase name="TestCase153_TestRatesCA3" time="273.429" classname="TestCases.Regression.SalesForce_3rdPartyTaxCalculation"/>
  <testcase name="TestCase154_Sourcing10" time="203.797" classname="TestCases.Regression.SalesForce_3rdPartyTaxCalculation"/>
  <testcase name="TestCase155_Sourcing10" time="219.092" classname="TestCases.Regression.SalesForce_3rdPartyTaxCalculation"/>
  <testcase name="TestCase156_TestRatesCO1" time="205.05" classname="TestCases.Regression.SalesForce_3rdPartyTaxCalculation"/>
  <testcase name="TestCase157_TestRatesCO1" time="199.157" classname="TestCases.Regression.SalesForce_3rdPartyTaxCalculation"/>
  <testcase name="TestCase158_TestRatesCO1" time="206.391" classname="TestCases.Regression.SalesForce_3rdPartyTaxCalculation"/>
  <testcase name="TestCase159_Error_generated_case" time="224.774" classname="TestCases.Regression.SalesForce_3rdPartyTaxCalculation">
    <failure type="java.lang.AssertionError" message="The following asserts failed:
	QuotesPostGetTax Expected:Saved And Actual:Error: JurisdictionNotFoundError expected [true] but found [false],
	OrdersBeforeGetTax Expected:Error: JurisdictionNotFoundError And Actual:Temporary expected [true] but found [false],
	OrdersPostGetTax Expected:Error: JurisdictionNotFoundError And Actual:Saved expected [true] but found [false]">
      <![CDATA[java.lang.AssertionError: The following asserts failed:
	QuotesPostGetTax Expected:Saved And Actual:Error: JurisdictionNotFoundError expected [true] but found [false],
	OrdersBeforeGetTax Expected:Error: JurisdictionNotFoundError And Actual:Temporary expected [true] but found [false],
	OrdersPostGetTax Expected:Error: JurisdictionNotFoundError And Actual:Saved expected [true] but found [false]
	at TestCases.Regression.SalesForce_3rdPartyTaxCalculation.disabledtaxValidation(SalesForce_3rdPartyTaxCalculation.java:388)
	at TestCases.Regression.SalesForce_3rdPartyTaxCalculation.TestCase159_Error_generated_case(SalesForce_3rdPartyTaxCalculation.java:106)
... Removed 26 stack frames]]>
    </failure>
  </testcase> <!-- TestCase159_Error_generated_case -->
  <testcase name="TestCase160_Tiered_Case" time="198.366" classname="TestCases.Regression.SalesForce_3rdPartyTaxCalculation"/>
  <testcase name="TestCase161_CapsCase" time="222.978" classname="TestCases.Regression.SalesForce_3rdPartyTaxCalculation">
    <failure type="java.lang.AssertionError" message="The following asserts failed:
	Opportunities Expected:1.56And Actual:12.50 expected [true] but found [false],
	Quotes Expected:3.120And Actual:25.00 expected [true] but found [false],
	Orders Expected:1.56And Actual:12.50 expected [true] but found [false]">
      <![CDATA[java.lang.AssertionError: The following asserts failed:
	Opportunities Expected:1.56And Actual:12.50 expected [true] but found [false],
	Quotes Expected:3.120And Actual:25.00 expected [true] but found [false],
	Orders Expected:1.56And Actual:12.50 expected [true] but found [false]
	at TestCases.Regression.SalesForce_3rdPartyTaxCalculation.taxCalc_ThirdPartyCases(SalesForce_3rdPartyTaxCalculation.java:220)
	at TestCases.Regression.SalesForce_3rdPartyTaxCalculation.TestCase161_CapsCase(SalesForce_3rdPartyTaxCalculation.java:114)
... Removed 26 stack frames]]>
    </failure>
  </testcase> <!-- TestCase161_CapsCase -->
</testsuite> <!-- 3rdPartyTaxCalculation -->
