<?xml version="1.0" encoding="UTF-8"?>
<!-- Generated by org.testng.reporters.JUnitXMLReporter -->
<testsuite hostname="AV-7NV8BC3" ignored="0" name="AutomaticTaxCalculate" tests="12" failures="1" timestamp="2023-05-03T14:29:18 IST" time="1875.756" errors="0">
  <testcase name="AutomaticTaxCalculation_SalesOrder_Opportunities" time="126.157" classname="TestCases.FunctionalAndRegression.AutomaticTaxCalculate"/>
  <testcase name="AutomaticTaxCalculation_SalesOrder_Quotes" time="97.158" classname="TestCases.FunctionalAndRegression.AutomaticTaxCalculate"/>
  <testcase name="AutomaticTaxCalculation_SalesOrder_Orders" time="61.664" classname="TestCases.FunctionalAndRegression.AutomaticTaxCalculate"/>
  <testcase name="AutomaticTaxCalculation_Uncommit_Orders" time="60.05" classname="TestCases.FunctionalAndRegression.AutomaticTaxCalculate"/>
  <testcase name="AutomaticTaxCalculation_Commit_Orders" time="59.559" classname="TestCases.FunctionalAndRegression.AutomaticTaxCalculate"/>
  <testcase name="AutomaticTaxCalculation_DisableTaxCalcSettings_Opportunities" time="118.938" classname="TestCases.FunctionalAndRegression.AutomaticTaxCalculate"/>
  <testcase name="AutomaticTaxCalculation_DisableTaxCalcSettings_Quotes" time="146.665" classname="TestCases.FunctionalAndRegression.AutomaticTaxCalculate"/>
  <testcase name="AutomaticTaxCalculation_DisableTaxCalcSettings_Orders" time="114.172" classname="TestCases.FunctionalAndRegression.AutomaticTaxCalculate"/>
  <testcase name="AutomaticTaxCalculation_OnInvalidAddress_Opportunities" time="155.995" classname="TestCases.FunctionalAndRegression.AutomaticTaxCalculate"/>
  <testcase name="AutomaticTaxCalculation_OnInvalidAddress_Quotes" time="141.741" classname="TestCases.FunctionalAndRegression.AutomaticTaxCalculate"/>
  <testcase name="AutomaticTaxCalculation_OnInvalidAddress_Orders" time="217.756" classname="TestCases.FunctionalAndRegression.AutomaticTaxCalculate"/>
  <testcase name="AutomaticTaxCalculation_Commit_Orders_SaveTrasaction_Off" time="553.282" classname="TestCases.FunctionalAndRegression.AutomaticTaxCalculate">
    <failure type="org.openqa.selenium.WebDriverException" message="disconnected: not connected to DevTools
  (failed to check if window was closed: disconnected: not connected to DevTools)
  (Session info: chrome=112.0.5615.138)
Build info: version: &amp;apos;3.141.59&amp;apos;, revision: &amp;apos;e82be7d358&amp;apos;, time: &amp;apos;2018-11-14T08:17:03&amp;apos;
System info: host: &amp;apos;AV-7NV8BC3&amp;apos;, ip: &amp;apos;192.168.1.8&amp;apos;, os.name: &amp;apos;Windows 10&amp;apos;, os.arch: &amp;apos;amd64&amp;apos;, os.version: &amp;apos;10.0&amp;apos;, java.version: &amp;apos;1.8.0_202&amp;apos;
Driver info: org.openqa.selenium.chrome.ChromeDriver
Capabilities {acceptInsecureCerts: false, browserName: chrome, browserVersion: 112.0.5615.138, chrome: {chromedriverVersion: 112.0.5615.49 (bd2a7bcb881c..., userDataDir: C:\Users\NEHA~1.PAN\AppData...}, goog:chromeOptions: {debuggerAddress: localhost:54437}, javascriptEnabled: true, networkConnectionEnabled: false, pageLoadStrategy: normal, platform: WINDOWS, platformName: WINDOWS, proxy: Proxy(), setWindowRect: true, strictFileInteractability: false, timeouts: {implicit: 0, pageLoad: 300000, script: 30000}, unhandledPromptBehavior: dismiss and notify, webauthn:extension:credBlob: true, webauthn:extension:largeBlob: true, webauthn:extension:minPinLength: true, webauthn:extension:prf: true, webauthn:virtualAuthenticators: true}
Session ID: ef72c77d27590233b22584de0afa94ca
*** Element info: {Using=xpath, value=//a[text()=&amp;apos;Advanced Settings&amp;apos;]}">
      <![CDATA[org.openqa.selenium.WebDriverException: disconnected: not connected to DevTools
  (failed to check if window was closed: disconnected: not connected to DevTools)
  (Session info: chrome=112.0.5615.138)
Build info: version: '3.141.59', revision: 'e82be7d358', time: '2018-11-14T08:17:03'
System info: host: 'AV-7NV8BC3', ip: '192.168.1.8', os.name: 'Windows 10', os.arch: 'amd64', os.version: '10.0', java.version: '1.8.0_202'
Driver info: org.openqa.selenium.chrome.ChromeDriver
Capabilities {acceptInsecureCerts: false, browserName: chrome, browserVersion: 112.0.5615.138, chrome: {chromedriverVersion: 112.0.5615.49 (bd2a7bcb881c..., userDataDir: C:\Users\NEHA~1.PAN\AppData...}, goog:chromeOptions: {debuggerAddress: localhost:54437}, javascriptEnabled: true, networkConnectionEnabled: false, pageLoadStrategy: normal, platform: WINDOWS, platformName: WINDOWS, proxy: Proxy(), setWindowRect: true, strictFileInteractability: false, timeouts: {implicit: 0, pageLoad: 300000, script: 30000}, unhandledPromptBehavior: dismiss and notify, webauthn:extension:credBlob: true, webauthn:extension:largeBlob: true, webauthn:extension:minPinLength: true, webauthn:extension:prf: true, webauthn:virtualAuthenticators: true}
Session ID: ef72c77d27590233b22584de0afa94ca
*** Element info: {Using=xpath, value=//a[text()='Advanced Settings']}
at org.openqa.selenium.remote.http.W3CHttpResponseCodec.createException(W3CHttpResponseCodec.java:187)
at org.openqa.selenium.remote.http.W3CHttpResponseCodec.decode(W3CHttpResponseCodec.java:122)
at org.openqa.selenium.remote.http.W3CHttpResponseCodec.decode(W3CHttpResponseCodec.java:49)
at org.openqa.selenium.remote.HttpCommandExecutor.execute(HttpCommandExecutor.java:158)
at org.openqa.selenium.remote.service.DriverCommandExecutor.execute(DriverCommandExecutor.java:83)
at org.openqa.selenium.remote.RemoteWebDriver.execute(RemoteWebDriver.java:552)
at org.openqa.selenium.remote.RemoteWebDriver.findElement(RemoteWebDriver.java:323)
at org.openqa.selenium.remote.RemoteWebDriver.findElementByXPath(RemoteWebDriver.java:428)
at org.openqa.selenium.By$ByXPath.findElement(By.java:353)
at org.openqa.selenium.remote.RemoteWebDriver.findElement(RemoteWebDriver.java:315)
at org.openqa.selenium.support.ui.ExpectedConditions$6.apply(ExpectedConditions.java:182)
at org.openqa.selenium.support.ui.ExpectedConditions$6.apply(ExpectedConditions.java:179)
at org.openqa.selenium.support.ui.FluentWait.until(FluentWait.java:249)
at GenericFunctionLibrary.genericFunctions.expectpresenceOfElementLocated(genericFunctions.java:207)
at FunctionalLibrary.functionLibrary.fMyTestProjecteXAMPLEConfigurationSettings(functionLibrary.java:637)
at TestCases.FunctionalAndRegression.AutomaticTaxCalculate.AutomaticTaxCalculation_Commit_Orders_SaveTrasaction_Off(AutomaticTaxCalculate.java:361)
at java.util.ArrayList.forEach(ArrayList.java:1257)
... Removed 31 stack frames]]>
    </failure>
  </testcase> <!-- AutomaticTaxCalculation_Commit_Orders_SaveTrasaction_Off -->
</testsuite> <!-- AutomaticTaxCalculate -->
