<html>
<head>
<title>TestNG:  AutomaticTaxCalculate</title>
<link href="../testng.css" rel="stylesheet" type="text/css" />
<link href="../my-testng.css" rel="stylesheet" type="text/css" />

<style type="text/css">
.log { display: none;} 
.stack-trace { display: none;} 
</style>
<script type="text/javascript">
<!--
function flip(e) {
  current = e.style.display;
  if (current == 'block') {
    e.style.display = 'none';
    return 0;
  }
  else {
    e.style.display = 'block';
    return 1;
  }
}

function toggleBox(szDivId, elem, msg1, msg2)
{
  var res = -1;  if (document.getElementById) {
    res = flip(document.getElementById(szDivId));
  }
  else if (document.all) {
    // this is the way old msie versions work
    res = flip(document.all[szDivId]);
  }
  if(elem) {
    if(res == 0) elem.innerHTML = msg1; else elem.innerHTML = msg2;
  }

}

function toggleAllBoxes() {
  if (document.getElementsByTagName) {
    d = document.getElementsByTagName('div');
    for (i = 0; i < d.length; i++) {
      if (d[i].className == 'log') {
        flip(d[i]);
      }
    }
  }
}

// -->
</script>

</head>
<body>
<h2 align='center'>AutomaticTaxCalculate</h2><table border='1' align="center">
<tr>
<td>Tests passed/Failed/Skipped:</td><td>11/1/0</td>
</tr><tr>
<td>Started on:</td><td>Wed May 03 13:58:02 IST 2023</td>
</tr>
<tr><td>Total time:</td><td>1875 seconds (1875756 ms)</td>
</tr><tr>
<td>Included groups:</td><td></td>
</tr><tr>
<td>Excluded groups:</td><td></td>
</tr>
</table><p/>
<small><i>(Hover the method name to see the test class name)</i></small><p/>
<table width='100%' border='1' class='invocation-failed'>
<tr><td colspan='4' align='center'><b>FAILED TESTS</b></td></tr>
<tr><td><b>Test method</b></td>
<td width="30%"><b>Exception</b></td>
<td width="10%"><b>Time (seconds)</b></td>
<td><b>Instance</b></td>
</tr>
<tr>
<td title='TestCases.FunctionalAndRegression.AutomaticTaxCalculate.AutomaticTaxCalculation_Commit_Orders_SaveTrasaction_Off()'><b>AutomaticTaxCalculation_Commit_Orders_SaveTrasaction_Off</b><br>Test class: TestCases.FunctionalAndRegression.AutomaticTaxCalculate</td>
<td><div><pre>org.openqa.selenium.WebDriverException: disconnected: not connected to DevTools
  (failed to check if window was closed: disconnected: not connected to DevTools)
  (Session info: chrome=112.0.5615.138)
Build info: version: &apos;3.141.59&apos;, revision: &apos;e82be7d358&apos;, time: &apos;2018-11-14T08:17:03&apos;
System info: host: &apos;AV-7NV8BC3&apos;, ip: &apos;192.168.1.8&apos;, os.name: &apos;Windows 10&apos;, os.arch: &apos;amd64&apos;, os.version: &apos;10.0&apos;, java.version: &apos;1.8.0_202&apos;
Driver info: org.openqa.selenium.chrome.ChromeDriver
Capabilities {acceptInsecureCerts: false, browserName: chrome, browserVersion: 112.0.5615.138, chrome: {chromedriverVersion: 112.0.5615.49 (bd2a7bcb881c..., userDataDir: C:\Users\NEHA~1.PAN\AppData...}, goog:chromeOptions: {debuggerAddress: localhost:54437}, javascriptEnabled: true, networkConnectionEnabled: false, pageLoadStrategy: normal, platform: WINDOWS, platformName: WINDOWS, proxy: Proxy(), setWindowRect: true, strictFileInteractability: false, timeouts: {implicit: 0, pageLoad: 300000, script: 30000}, unhandledPromptBehavior: dismiss and notify, webauthn:extension:credBlob: true, webauthn:extension:largeBlob: true, webauthn:extension:minPinLength: true, webauthn:extension:prf: true, webauthn:virtualAuthenticators: true}
Session ID: ef72c77d27590233b22584de0afa94ca
*** Element info: {Using=xpath, value=//a[text()=&apos;Advanced Settings&apos;]}
	at org.openqa.selenium.remote.http.W3CHttpResponseCodec.createException(W3CHttpResponseCodec.java:187)
	at org.openqa.selenium.remote.http.W3CHttpResponseCodec.decode(W3CHttpResponseCodec.java:122)
	at org.openqa.selenium.remote.http.W3CHttpResponseCodec.decode(W3CHttpResponseCodec.java:49)
	at org.openqa.selenium.remote.HttpCommandExecutor.execute(HttpCommandExecutor.java:158)
	at org.openqa.selenium.remote.service.DriverCommandExecutor.execute(DriverCommandExecutor.java:83)
	at org.openqa.selenium.remote.RemoteWebDriver.execute(RemoteWebDriver.java:552)
	at org.openqa.selenium.remote.RemoteWebDriver.findElement(RemoteWebDriver.java:323)
	at org.openqa.selenium.remote.RemoteWebDriver.findElementByXPath(RemoteWebDriver.java:428)
	at org.openqa.selenium.By$ByXPath.findElement(By.java:353)
	at org.openqa.selenium.remote.RemoteWebDriver.findElement(RemoteWebDriver.java:315)
	at org.openqa.selenium.support.ui.ExpectedConditions$6.apply(ExpectedConditions.java:182)
	at org.openqa.selenium.support.ui.ExpectedConditions$6.apply(ExpectedConditions.java:179)
	at org.openqa.selenium.support.ui.FluentWait.until(FluentWait.java:249)
	at GenericFunctionLibrary.genericFunctions.expectpresenceOfElementLocated(genericFunctions.java:207)
	at FunctionalLibrary.functionLibrary.fMyTestProjecteXAMPLEConfigurationSettings(functionLibrary.java:637)
	at TestCases.FunctionalAndRegression.AutomaticTaxCalculate.AutomaticTaxCalculation_Commit_Orders_SaveTrasaction_Off(AutomaticTaxCalculate.java:361)
	at java.util.ArrayList.forEach(ArrayList.java:1257)
... Removed 31 stack frames</pre></div><a href='#' onClick='toggleBox("stack-trace1756130926", this, "Click to show all stack frames", "Click to hide stack frames")'>Click to show all stack frames</a>
<div class='stack-trace' id='stack-trace1756130926'><pre>org.openqa.selenium.WebDriverException: disconnected: not connected to DevTools
  (failed to check if window was closed: disconnected: not connected to DevTools)
  (Session info: chrome=112.0.5615.138)
Build info: version: &apos;3.141.59&apos;, revision: &apos;e82be7d358&apos;, time: &apos;2018-11-14T08:17:03&apos;
System info: host: &apos;AV-7NV8BC3&apos;, ip: &apos;192.168.1.8&apos;, os.name: &apos;Windows 10&apos;, os.arch: &apos;amd64&apos;, os.version: &apos;10.0&apos;, java.version: &apos;1.8.0_202&apos;
Driver info: org.openqa.selenium.chrome.ChromeDriver
Capabilities {acceptInsecureCerts: false, browserName: chrome, browserVersion: 112.0.5615.138, chrome: {chromedriverVersion: 112.0.5615.49 (bd2a7bcb881c..., userDataDir: C:\Users\NEHA~1.PAN\AppData...}, goog:chromeOptions: {debuggerAddress: localhost:54437}, javascriptEnabled: true, networkConnectionEnabled: false, pageLoadStrategy: normal, platform: WINDOWS, platformName: WINDOWS, proxy: Proxy(), setWindowRect: true, strictFileInteractability: false, timeouts: {implicit: 0, pageLoad: 300000, script: 30000}, unhandledPromptBehavior: dismiss and notify, webauthn:extension:credBlob: true, webauthn:extension:largeBlob: true, webauthn:extension:minPinLength: true, webauthn:extension:prf: true, webauthn:virtualAuthenticators: true}
Session ID: ef72c77d27590233b22584de0afa94ca
*** Element info: {Using=xpath, value=//a[text()=&apos;Advanced Settings&apos;]}
	at sun.reflect.NativeConstructorAccessorImpl.newInstance0(Native Method)
	at sun.reflect.NativeConstructorAccessorImpl.newInstance(NativeConstructorAccessorImpl.java:62)
	at sun.reflect.DelegatingConstructorAccessorImpl.newInstance(DelegatingConstructorAccessorImpl.java:45)
	at java.lang.reflect.Constructor.newInstance(Constructor.java:423)
	at org.openqa.selenium.remote.http.W3CHttpResponseCodec.createException(W3CHttpResponseCodec.java:187)
	at org.openqa.selenium.remote.http.W3CHttpResponseCodec.decode(W3CHttpResponseCodec.java:122)
	at org.openqa.selenium.remote.http.W3CHttpResponseCodec.decode(W3CHttpResponseCodec.java:49)
	at org.openqa.selenium.remote.HttpCommandExecutor.execute(HttpCommandExecutor.java:158)
	at org.openqa.selenium.remote.service.DriverCommandExecutor.execute(DriverCommandExecutor.java:83)
	at org.openqa.selenium.remote.RemoteWebDriver.execute(RemoteWebDriver.java:552)
	at org.openqa.selenium.remote.RemoteWebDriver.findElement(RemoteWebDriver.java:323)
	at org.openqa.selenium.remote.RemoteWebDriver.findElementByXPath(RemoteWebDriver.java:428)
	at org.openqa.selenium.By$ByXPath.findElement(By.java:353)
	at org.openqa.selenium.remote.RemoteWebDriver.findElement(RemoteWebDriver.java:315)
	at org.openqa.selenium.support.ui.ExpectedConditions$6.apply(ExpectedConditions.java:182)
	at org.openqa.selenium.support.ui.ExpectedConditions$6.apply(ExpectedConditions.java:179)
	at org.openqa.selenium.support.ui.FluentWait.until(FluentWait.java:249)
	at GenericFunctionLibrary.genericFunctions.expectpresenceOfElementLocated(genericFunctions.java:207)
	at FunctionalLibrary.functionLibrary.fMyTestProjecteXAMPLEConfigurationSettings(functionLibrary.java:637)
	at TestCases.FunctionalAndRegression.AutomaticTaxCalculate.AutomaticTaxCalculation_Commit_Orders_SaveTrasaction_Off(AutomaticTaxCalculate.java:361)
	at sun.reflect.NativeMethodAccessorImpl.invoke0(Native Method)
	at sun.reflect.NativeMethodAccessorImpl.invoke(NativeMethodAccessorImpl.java:62)
	at sun.reflect.DelegatingMethodAccessorImpl.invoke(DelegatingMethodAccessorImpl.java:43)
	at java.lang.reflect.Method.invoke(Method.java:498)
	at org.testng.internal.MethodInvocationHelper.invokeMethod(MethodInvocationHelper.java:132)
	at org.testng.internal.TestInvoker.invokeMethod(TestInvoker.java:599)
	at org.testng.internal.TestInvoker.invokeTestMethod(TestInvoker.java:174)
	at org.testng.internal.MethodRunner.runInSequence(MethodRunner.java:46)
	at org.testng.internal.TestInvoker$MethodInvocationAgent.invoke(TestInvoker.java:822)
	at org.testng.internal.TestInvoker.invokeTestMethods(TestInvoker.java:147)
	at org.testng.internal.TestMethodWorker.invokeTestMethods(TestMethodWorker.java:146)
	at org.testng.internal.TestMethodWorker.run(TestMethodWorker.java:128)
	at java.util.ArrayList.forEach(ArrayList.java:1257)
	at org.testng.TestRunner.privateRun(TestRunner.java:764)
	at org.testng.TestRunner.run(TestRunner.java:585)
	at org.testng.SuiteRunner.runTest(SuiteRunner.java:384)
	at org.testng.SuiteRunner.runSequentially(SuiteRunner.java:378)
	at org.testng.SuiteRunner.privateRun(SuiteRunner.java:337)
	at org.testng.SuiteRunner.run(SuiteRunner.java:286)
	at org.testng.SuiteRunnerWorker.runSuite(SuiteRunnerWorker.java:53)
	at org.testng.SuiteRunnerWorker.run(SuiteRunnerWorker.java:96)
	at org.testng.TestNG.runSuitesSequentially(TestNG.java:1218)
	at org.testng.TestNG.runSuitesLocally(TestNG.java:1140)
	at org.testng.TestNG.runSuites(TestNG.java:1069)
	at org.testng.TestNG.run(TestNG.java:1037)
	at org.testng.remote.AbstractRemoteTestNG.run(AbstractRemoteTestNG.java:115)
	at org.testng.remote.RemoteTestNG.initAndRun(RemoteTestNG.java:251)
	at org.testng.remote.RemoteTestNG.main(RemoteTestNG.java:77)
</pre></div></td>
<td>553</td>
<td>TestCases.FunctionalAndRegression.AutomaticTaxCalculate@51cdd8a</td></tr>
</table><p>
<table width='100%' border='1' class='invocation-passed'>
<tr><td colspan='4' align='center'><b>PASSED TESTS</b></td></tr>
<tr><td><b>Test method</b></td>
<td width="30%"><b>Exception</b></td>
<td width="10%"><b>Time (seconds)</b></td>
<td><b>Instance</b></td>
</tr>
<tr>
<td title='TestCases.FunctionalAndRegression.AutomaticTaxCalculate.AutomaticTaxCalculation_Commit_Orders()'><b>AutomaticTaxCalculation_Commit_Orders</b><br>Test class: TestCases.FunctionalAndRegression.AutomaticTaxCalculate</td>
<td></td>
<td>59</td>
<td>TestCases.FunctionalAndRegression.AutomaticTaxCalculate@51cdd8a</td></tr>
<tr>
<td title='TestCases.FunctionalAndRegression.AutomaticTaxCalculate.AutomaticTaxCalculation_DisableTaxCalcSettings_Opportunities()'><b>AutomaticTaxCalculation_DisableTaxCalcSettings_Opportunities</b><br>Test class: TestCases.FunctionalAndRegression.AutomaticTaxCalculate</td>
<td></td>
<td>118</td>
<td>TestCases.FunctionalAndRegression.AutomaticTaxCalculate@51cdd8a</td></tr>
<tr>
<td title='TestCases.FunctionalAndRegression.AutomaticTaxCalculate.AutomaticTaxCalculation_DisableTaxCalcSettings_Orders()'><b>AutomaticTaxCalculation_DisableTaxCalcSettings_Orders</b><br>Test class: TestCases.FunctionalAndRegression.AutomaticTaxCalculate</td>
<td></td>
<td>114</td>
<td>TestCases.FunctionalAndRegression.AutomaticTaxCalculate@51cdd8a</td></tr>
<tr>
<td title='TestCases.FunctionalAndRegression.AutomaticTaxCalculate.AutomaticTaxCalculation_DisableTaxCalcSettings_Quotes()'><b>AutomaticTaxCalculation_DisableTaxCalcSettings_Quotes</b><br>Test class: TestCases.FunctionalAndRegression.AutomaticTaxCalculate</td>
<td></td>
<td>146</td>
<td>TestCases.FunctionalAndRegression.AutomaticTaxCalculate@51cdd8a</td></tr>
<tr>
<td title='TestCases.FunctionalAndRegression.AutomaticTaxCalculate.AutomaticTaxCalculation_OnInvalidAddress_Opportunities()'><b>AutomaticTaxCalculation_OnInvalidAddress_Opportunities</b><br>Test class: TestCases.FunctionalAndRegression.AutomaticTaxCalculate<br>Test method: EnableTaxCalc_WithInvalidShipToAddressFor Opportunities</td>
<td></td>
<td>155</td>
<td>TestCases.FunctionalAndRegression.AutomaticTaxCalculate@51cdd8a</td></tr>
<tr>
<td title='TestCases.FunctionalAndRegression.AutomaticTaxCalculate.AutomaticTaxCalculation_OnInvalidAddress_Orders()'><b>AutomaticTaxCalculation_OnInvalidAddress_Orders</b><br>Test class: TestCases.FunctionalAndRegression.AutomaticTaxCalculate<br>Test method: EnableTaxCalc_WithInvalidShipToAddress for Orders</td>
<td></td>
<td>217</td>
<td>TestCases.FunctionalAndRegression.AutomaticTaxCalculate@51cdd8a</td></tr>
<tr>
<td title='TestCases.FunctionalAndRegression.AutomaticTaxCalculate.AutomaticTaxCalculation_OnInvalidAddress_Quotes()'><b>AutomaticTaxCalculation_OnInvalidAddress_Quotes</b><br>Test class: TestCases.FunctionalAndRegression.AutomaticTaxCalculate<br>Test method: EnableTaxCalc_WithInvalidShipToAddress for Quotes</td>
<td></td>
<td>141</td>
<td>TestCases.FunctionalAndRegression.AutomaticTaxCalculate@51cdd8a</td></tr>
<tr>
<td title='TestCases.FunctionalAndRegression.AutomaticTaxCalculate.AutomaticTaxCalculation_SalesOrder_Opportunities()'><b>AutomaticTaxCalculation_SalesOrder_Opportunities</b><br>Test class: TestCases.FunctionalAndRegression.AutomaticTaxCalculate</td>
<td></td>
<td>126</td>
<td>TestCases.FunctionalAndRegression.AutomaticTaxCalculate@51cdd8a</td></tr>
<tr>
<td title='TestCases.FunctionalAndRegression.AutomaticTaxCalculate.AutomaticTaxCalculation_SalesOrder_Orders()'><b>AutomaticTaxCalculation_SalesOrder_Orders</b><br>Test class: TestCases.FunctionalAndRegression.AutomaticTaxCalculate</td>
<td></td>
<td>61</td>
<td>TestCases.FunctionalAndRegression.AutomaticTaxCalculate@51cdd8a</td></tr>
<tr>
<td title='TestCases.FunctionalAndRegression.AutomaticTaxCalculate.AutomaticTaxCalculation_SalesOrder_Quotes()'><b>AutomaticTaxCalculation_SalesOrder_Quotes</b><br>Test class: TestCases.FunctionalAndRegression.AutomaticTaxCalculate</td>
<td></td>
<td>97</td>
<td>TestCases.FunctionalAndRegression.AutomaticTaxCalculate@51cdd8a</td></tr>
<tr>
<td title='TestCases.FunctionalAndRegression.AutomaticTaxCalculate.AutomaticTaxCalculation_Uncommit_Orders()'><b>AutomaticTaxCalculation_Uncommit_Orders</b><br>Test class: TestCases.FunctionalAndRegression.AutomaticTaxCalculate</td>
<td></td>
<td>60</td>
<td>TestCases.FunctionalAndRegression.AutomaticTaxCalculate@51cdd8a</td></tr>
</table><p>
</body>
</html>