<html>
<head>
<title>TestNG:  Salesforce Automation</title>
<link href="../testng.css" rel="stylesheet" type="text/css" />
<link href="../my-testng.css" rel="stylesheet" type="text/css" />

<style type="text/css">
.log { display: none;} 
.stack-trace { display: none;} 
</style>
<script type="text/javascript">
<!--
function flip(e) {
  current = e.style.display;
  if (current == 'block') {
    e.style.display = 'none';
    return 0;
  }
  else {
    e.style.display = 'block';
    return 1;
  }
}

function toggleBox(szDivId, elem, msg1, msg2)
{
  var res = -1;  if (document.getElementById) {
    res = flip(document.getElementById(szDivId));
  }
  else if (document.all) {
    // this is the way old msie versions work
    res = flip(document.all[szDivId]);
  }
  if(elem) {
    if(res == 0) elem.innerHTML = msg1; else elem.innerHTML = msg2;
  }

}

function toggleAllBoxes() {
  if (document.getElementsByTagName) {
    d = document.getElementsByTagName('div');
    for (i = 0; i < d.length; i++) {
      if (d[i].className == 'log') {
        flip(d[i]);
      }
    }
  }
}

// -->
</script>

</head>
<body>
<h2 align='center'>Salesforce Automation</h2><table border='1' align="center">
<tr>
<td>Tests passed/Failed/Skipped:</td><td>2/65/0</td>
</tr><tr>
<td>Started on:</td><td>Mon Aug 06 20:16:45 IST 2018</td>
</tr>
<tr><td>Total time:</td><td>1218 seconds (1218017 ms)</td>
</tr><tr>
<td>Included groups:</td><td></td>
</tr><tr>
<td>Excluded groups:</td><td></td>
</tr>
</table><p/>
<small><i>(Hover the method name to see the test class name)</i></small><p/>
<table width='100%' border='1' class='invocation-failed'>
<tr><td colspan='4' align='center'><b>FAILED TESTS</b></td></tr>
<tr><td><b>Test method</b></td>
<td width="30%"><b>Exception</b></td>
<td width="10%"><b>Time (seconds)</b></td>
<td><b>Instance</b></td>
</tr>
<tr>
<td title='TestCases.Regression.taxCalculation.TestCase10_EnableTaxCalc_Order_PrimaryBillToAddressSalesOrder()'><b>TestCase10_EnableTaxCalc_Order_PrimaryBillToAddressSalesOrder</b><br>Test class: TestCases.Regression.taxCalculation<br>Test method: EnableTaxCalc_Order_PrimaryBillToAddressSalesOrder</td>
<td><div><pre>com.codoid.products.exception.FilloException: No records found
	at com.codoid.products.fillo.Recordset.&lt;init&gt;(Recordset.java:40)
	at com.codoid.products.fillo.Connection.executeQuery(Connection.java:62)
	at GenericFunctionLibrary.genericFunctions.GetValueFromExcelSheet(genericFunctions.java:715)
	at TestCases.Regression.taxCalculation.ValuesFromExcelSheet(taxCalculation.java:35)
	at TestCases.Regression.taxCalculation.EnableTaxCalc_Order_Primary(taxCalculation.java:444)
	at TestCases.Regression.taxCalculation.TestCase10_EnableTaxCalc_Order_PrimaryBillToAddressSalesOrder(taxCalculation.java:137)
... Removed 25 stack frames</pre></div><a href='#' onClick='toggleBox("stack-trace2081000371", this, "Click to show all stack frames", "Click to hide stack frames")'>Click to show all stack frames</a>
<div class='stack-trace' id='stack-trace2081000371'><pre>com.codoid.products.exception.FilloException: No records found
	at com.codoid.products.fillo.Recordset.&lt;init&gt;(Recordset.java:40)
	at com.codoid.products.fillo.Connection.executeQuery(Connection.java:62)
	at GenericFunctionLibrary.genericFunctions.GetValueFromExcelSheet(genericFunctions.java:715)
	at TestCases.Regression.taxCalculation.ValuesFromExcelSheet(taxCalculation.java:35)
	at TestCases.Regression.taxCalculation.EnableTaxCalc_Order_Primary(taxCalculation.java:444)
	at TestCases.Regression.taxCalculation.TestCase10_EnableTaxCalc_Order_PrimaryBillToAddressSalesOrder(taxCalculation.java:137)
	at sun.reflect.NativeMethodAccessorImpl.invoke0(Native Method)
	at sun.reflect.NativeMethodAccessorImpl.invoke(Unknown Source)
	at sun.reflect.DelegatingMethodAccessorImpl.invoke(Unknown Source)
	at java.lang.reflect.Method.invoke(Unknown Source)
	at org.testng.internal.MethodInvocationHelper.invokeMethod(MethodInvocationHelper.java:104)
	at org.testng.internal.Invoker.invokeMethod(Invoker.java:645)
	at org.testng.internal.Invoker.invokeTestMethod(Invoker.java:851)
	at org.testng.internal.Invoker.invokeTestMethods(Invoker.java:1177)
	at org.testng.internal.TestMethodWorker.invokeTestMethods(TestMethodWorker.java:129)
	at org.testng.internal.TestMethodWorker.run(TestMethodWorker.java:112)
	at org.testng.TestRunner.privateRun(TestRunner.java:756)
	at org.testng.TestRunner.run(TestRunner.java:610)
	at org.testng.SuiteRunner.runTest(SuiteRunner.java:387)
	at org.testng.SuiteRunner.runSequentially(SuiteRunner.java:382)
	at org.testng.SuiteRunner.privateRun(SuiteRunner.java:340)
	at org.testng.SuiteRunner.run(SuiteRunner.java:289)
	at org.testng.SuiteRunnerWorker.runSuite(SuiteRunnerWorker.java:52)
	at org.testng.SuiteRunnerWorker.run(SuiteRunnerWorker.java:86)
	at org.testng.TestNG.runSuitesSequentially(TestNG.java:1293)
	at org.testng.TestNG.runSuitesLocally(TestNG.java:1218)
	at org.testng.TestNG.runSuites(TestNG.java:1133)
	at org.testng.TestNG.run(TestNG.java:1104)
	at org.testng.remote.AbstractRemoteTestNG.run(AbstractRemoteTestNG.java:114)
	at org.testng.remote.RemoteTestNG.initAndRun(RemoteTestNG.java:251)
	at org.testng.remote.RemoteTestNG.main(RemoteTestNG.java:77)
</pre></div></td>
<td>0</td>
<td>TestCases.Regression.taxCalculation@304bb45b</td></tr>
<tr>
<td title='TestCases.Regression.SalesForce_VAT.TestCase115_Shipto_Germany_Shipfrom_GreatBrighton()'><b>TestCase115_Shipto_Germany_Shipfrom_GreatBrighton</b><br>Test class: TestCases.Regression.SalesForce_VAT<br>Test method: Ship to:Germany and Ship from: Great Brighton</td>
<td><div><pre>java.lang.AssertionError: The following asserts failed:
	Opportunities Invoice Messaging- Expected:Intra-EU Supply of Goods as per Art. 138 EU VAT Directive 2006/112And Actual:  expected [true] but found [false],
	Opportunities Total Tax Expected:0.00And Actual:190.00 expected [true] but found [false],
	Quotes Expected:0.00And Actual:380.00 expected [true] but found [false],
	Quotes Invoice Messaging- Expected:Intra-EU Supply of Goods as per Art. 138 EU VAT Directive 2006/112And Actual: expected [Intra-EU Supply of Goods as per Art. 138 EU VAT Directive 2006/112] but found [],
	Orders Total-Tax Expected:0.00And Actual:77.50 expected [true] but found [false],
	Orders Invoice Messaging- Expected:Intra-EU Supply of Goods as per Art. 138 EU VAT Directive 2006/112And Actual: expected [Intra-EU Supply of Goods as per Art. 138 EU VAT Directive 2006/112] but found []
	at TestCases.Regression.SalesForce_VAT.calculateVATTax(SalesForce_VAT.java:183)
	at TestCases.Regression.SalesForce_VAT.TestCase115_Shipto_Germany_Shipfrom_GreatBrighton(SalesForce_VAT.java:62)
... Removed 26 stack frames</pre></div><a href='#' onClick='toggleBox("stack-trace777341499", this, "Click to show all stack frames", "Click to hide stack frames")'>Click to show all stack frames</a>
<div class='stack-trace' id='stack-trace777341499'><pre>java.lang.AssertionError: The following asserts failed:
	Opportunities Invoice Messaging- Expected:Intra-EU Supply of Goods as per Art. 138 EU VAT Directive 2006/112And Actual:  expected [true] but found [false],
	Opportunities Total Tax Expected:0.00And Actual:190.00 expected [true] but found [false],
	Quotes Expected:0.00And Actual:380.00 expected [true] but found [false],
	Quotes Invoice Messaging- Expected:Intra-EU Supply of Goods as per Art. 138 EU VAT Directive 2006/112And Actual: expected [Intra-EU Supply of Goods as per Art. 138 EU VAT Directive 2006/112] but found [],
	Orders Total-Tax Expected:0.00And Actual:77.50 expected [true] but found [false],
	Orders Invoice Messaging- Expected:Intra-EU Supply of Goods as per Art. 138 EU VAT Directive 2006/112And Actual: expected [Intra-EU Supply of Goods as per Art. 138 EU VAT Directive 2006/112] but found []
	at org.testng.asserts.SoftAssert.assertAll(SoftAssert.java:43)
	at TestCases.Regression.SalesForce_VAT.calculateVATTax(SalesForce_VAT.java:183)
	at TestCases.Regression.SalesForce_VAT.TestCase115_Shipto_Germany_Shipfrom_GreatBrighton(SalesForce_VAT.java:62)
	at sun.reflect.NativeMethodAccessorImpl.invoke0(Native Method)
	at sun.reflect.NativeMethodAccessorImpl.invoke(Unknown Source)
	at sun.reflect.DelegatingMethodAccessorImpl.invoke(Unknown Source)
	at java.lang.reflect.Method.invoke(Unknown Source)
	at org.testng.internal.MethodInvocationHelper.invokeMethod(MethodInvocationHelper.java:104)
	at org.testng.internal.Invoker.invokeMethod(Invoker.java:645)
	at org.testng.internal.Invoker.invokeTestMethod(Invoker.java:851)
	at org.testng.internal.Invoker.invokeTestMethods(Invoker.java:1177)
	at org.testng.internal.TestMethodWorker.invokeTestMethods(TestMethodWorker.java:129)
	at org.testng.internal.TestMethodWorker.run(TestMethodWorker.java:112)
	at org.testng.TestRunner.privateRun(TestRunner.java:756)
	at org.testng.TestRunner.run(TestRunner.java:610)
	at org.testng.SuiteRunner.runTest(SuiteRunner.java:387)
	at org.testng.SuiteRunner.runSequentially(SuiteRunner.java:382)
	at org.testng.SuiteRunner.privateRun(SuiteRunner.java:340)
	at org.testng.SuiteRunner.run(SuiteRunner.java:289)
	at org.testng.SuiteRunnerWorker.runSuite(SuiteRunnerWorker.java:52)
	at org.testng.SuiteRunnerWorker.run(SuiteRunnerWorker.java:86)
	at org.testng.TestNG.runSuitesSequentially(TestNG.java:1293)
	at org.testng.TestNG.runSuitesLocally(TestNG.java:1218)
	at org.testng.TestNG.runSuites(TestNG.java:1133)
	at org.testng.TestNG.run(TestNG.java:1104)
	at org.testng.remote.AbstractRemoteTestNG.run(AbstractRemoteTestNG.java:114)
	at org.testng.remote.RemoteTestNG.initAndRun(RemoteTestNG.java:251)
	at org.testng.remote.RemoteTestNG.main(RemoteTestNG.java:77)
</pre></div></td>
<td>189</td>
<td>TestCases.Regression.SalesForce_VAT@25be7b63</td></tr>
<tr>
<td title='TestCases.Regression.SalesForce_VAT.TestCase116_Shipto_France_Shipfrom_GreatBrighton()'><b>TestCase116_Shipto_France_Shipfrom_GreatBrighton</b><br>Test class: TestCases.Regression.SalesForce_VAT<br>Test method: Ship to:France and Ship from: Great Brighton</td>
<td><div><pre>com.codoid.products.exception.FilloException: No records found
	at com.codoid.products.fillo.Recordset.&lt;init&gt;(Recordset.java:40)
	at com.codoid.products.fillo.Connection.executeQuery(Connection.java:62)
	at GenericFunctionLibrary.genericFunctions.GetValueFromExcelSheet(genericFunctions.java:715)
	at TestCases.Regression.SalesForce_VAT.ValuesFromExcelSheet(SalesForce_VAT.java:32)
	at TestCases.Regression.SalesForce_VAT.calculateVATTax(SalesForce_VAT.java:103)
	at TestCases.Regression.SalesForce_VAT.TestCase116_Shipto_France_Shipfrom_GreatBrighton(SalesForce_VAT.java:67)
... Removed 25 stack frames</pre></div><a href='#' onClick='toggleBox("stack-trace414225167", this, "Click to show all stack frames", "Click to hide stack frames")'>Click to show all stack frames</a>
<div class='stack-trace' id='stack-trace414225167'><pre>com.codoid.products.exception.FilloException: No records found
	at com.codoid.products.fillo.Recordset.&lt;init&gt;(Recordset.java:40)
	at com.codoid.products.fillo.Connection.executeQuery(Connection.java:62)
	at GenericFunctionLibrary.genericFunctions.GetValueFromExcelSheet(genericFunctions.java:715)
	at TestCases.Regression.SalesForce_VAT.ValuesFromExcelSheet(SalesForce_VAT.java:32)
	at TestCases.Regression.SalesForce_VAT.calculateVATTax(SalesForce_VAT.java:103)
	at TestCases.Regression.SalesForce_VAT.TestCase116_Shipto_France_Shipfrom_GreatBrighton(SalesForce_VAT.java:67)
	at sun.reflect.NativeMethodAccessorImpl.invoke0(Native Method)
	at sun.reflect.NativeMethodAccessorImpl.invoke(Unknown Source)
	at sun.reflect.DelegatingMethodAccessorImpl.invoke(Unknown Source)
	at java.lang.reflect.Method.invoke(Unknown Source)
	at org.testng.internal.MethodInvocationHelper.invokeMethod(MethodInvocationHelper.java:104)
	at org.testng.internal.Invoker.invokeMethod(Invoker.java:645)
	at org.testng.internal.Invoker.invokeTestMethod(Invoker.java:851)
	at org.testng.internal.Invoker.invokeTestMethods(Invoker.java:1177)
	at org.testng.internal.TestMethodWorker.invokeTestMethods(TestMethodWorker.java:129)
	at org.testng.internal.TestMethodWorker.run(TestMethodWorker.java:112)
	at org.testng.TestRunner.privateRun(TestRunner.java:756)
	at org.testng.TestRunner.run(TestRunner.java:610)
	at org.testng.SuiteRunner.runTest(SuiteRunner.java:387)
	at org.testng.SuiteRunner.runSequentially(SuiteRunner.java:382)
	at org.testng.SuiteRunner.privateRun(SuiteRunner.java:340)
	at org.testng.SuiteRunner.run(SuiteRunner.java:289)
	at org.testng.SuiteRunnerWorker.runSuite(SuiteRunnerWorker.java:52)
	at org.testng.SuiteRunnerWorker.run(SuiteRunnerWorker.java:86)
	at org.testng.TestNG.runSuitesSequentially(TestNG.java:1293)
	at org.testng.TestNG.runSuitesLocally(TestNG.java:1218)
	at org.testng.TestNG.runSuites(TestNG.java:1133)
	at org.testng.TestNG.run(TestNG.java:1104)
	at org.testng.remote.AbstractRemoteTestNG.run(AbstractRemoteTestNG.java:114)
	at org.testng.remote.RemoteTestNG.initAndRun(RemoteTestNG.java:251)
	at org.testng.remote.RemoteTestNG.main(RemoteTestNG.java:77)
</pre></div></td>
<td>0</td>
<td>TestCases.Regression.SalesForce_VAT@25be7b63</td></tr>
<tr>
<td title='TestCases.Regression.SalesForce_VAT.TestCase117_Shipto_US_Shipfrom_GreatBrighton()'><b>TestCase117_Shipto_US_Shipfrom_GreatBrighton</b><br>Test class: TestCases.Regression.SalesForce_VAT<br>Test method: Ship to:US and Ship from: Great Brighton</td>
<td><div><pre>com.codoid.products.exception.FilloException: No records found
	at com.codoid.products.fillo.Recordset.&lt;init&gt;(Recordset.java:40)
	at com.codoid.products.fillo.Connection.executeQuery(Connection.java:62)
	at GenericFunctionLibrary.genericFunctions.GetValueFromExcelSheet(genericFunctions.java:715)
	at TestCases.Regression.SalesForce_VAT.ValuesFromExcelSheet(SalesForce_VAT.java:32)
	at TestCases.Regression.SalesForce_VAT.calculateVATTax_BlankInvoiceMessaging(SalesForce_VAT.java:193)
	at TestCases.Regression.SalesForce_VAT.TestCase117_Shipto_US_Shipfrom_GreatBrighton(SalesForce_VAT.java:72)
... Removed 25 stack frames</pre></div><a href='#' onClick='toggleBox("stack-trace1064154107", this, "Click to show all stack frames", "Click to hide stack frames")'>Click to show all stack frames</a>
<div class='stack-trace' id='stack-trace1064154107'><pre>com.codoid.products.exception.FilloException: No records found
	at com.codoid.products.fillo.Recordset.&lt;init&gt;(Recordset.java:40)
	at com.codoid.products.fillo.Connection.executeQuery(Connection.java:62)
	at GenericFunctionLibrary.genericFunctions.GetValueFromExcelSheet(genericFunctions.java:715)
	at TestCases.Regression.SalesForce_VAT.ValuesFromExcelSheet(SalesForce_VAT.java:32)
	at TestCases.Regression.SalesForce_VAT.calculateVATTax_BlankInvoiceMessaging(SalesForce_VAT.java:193)
	at TestCases.Regression.SalesForce_VAT.TestCase117_Shipto_US_Shipfrom_GreatBrighton(SalesForce_VAT.java:72)
	at sun.reflect.NativeMethodAccessorImpl.invoke0(Native Method)
	at sun.reflect.NativeMethodAccessorImpl.invoke(Unknown Source)
	at sun.reflect.DelegatingMethodAccessorImpl.invoke(Unknown Source)
	at java.lang.reflect.Method.invoke(Unknown Source)
	at org.testng.internal.MethodInvocationHelper.invokeMethod(MethodInvocationHelper.java:104)
	at org.testng.internal.Invoker.invokeMethod(Invoker.java:645)
	at org.testng.internal.Invoker.invokeTestMethod(Invoker.java:851)
	at org.testng.internal.Invoker.invokeTestMethods(Invoker.java:1177)
	at org.testng.internal.TestMethodWorker.invokeTestMethods(TestMethodWorker.java:129)
	at org.testng.internal.TestMethodWorker.run(TestMethodWorker.java:112)
	at org.testng.TestRunner.privateRun(TestRunner.java:756)
	at org.testng.TestRunner.run(TestRunner.java:610)
	at org.testng.SuiteRunner.runTest(SuiteRunner.java:387)
	at org.testng.SuiteRunner.runSequentially(SuiteRunner.java:382)
	at org.testng.SuiteRunner.privateRun(SuiteRunner.java:340)
	at org.testng.SuiteRunner.run(SuiteRunner.java:289)
	at org.testng.SuiteRunnerWorker.runSuite(SuiteRunnerWorker.java:52)
	at org.testng.SuiteRunnerWorker.run(SuiteRunnerWorker.java:86)
	at org.testng.TestNG.runSuitesSequentially(TestNG.java:1293)
	at org.testng.TestNG.runSuitesLocally(TestNG.java:1218)
	at org.testng.TestNG.runSuites(TestNG.java:1133)
	at org.testng.TestNG.run(TestNG.java:1104)
	at org.testng.remote.AbstractRemoteTestNG.run(AbstractRemoteTestNG.java:114)
	at org.testng.remote.RemoteTestNG.initAndRun(RemoteTestNG.java:251)
	at org.testng.remote.RemoteTestNG.main(RemoteTestNG.java:77)
</pre></div></td>
<td>0</td>
<td>TestCases.Regression.SalesForce_VAT@25be7b63</td></tr>
<tr>
<td title='TestCases.Regression.SalesForce_VAT.TestCase118_Shipto_GreatBrighton_Shipfrom_US()'><b>TestCase118_Shipto_GreatBrighton_Shipfrom_US</b><br>Test class: TestCases.Regression.SalesForce_VAT<br>Test method: Ship to:Great Brighton and Ship from:US</td>
<td><div><pre>com.codoid.products.exception.FilloException: No records found
	at com.codoid.products.fillo.Recordset.&lt;init&gt;(Recordset.java:40)
	at com.codoid.products.fillo.Connection.executeQuery(Connection.java:62)
	at GenericFunctionLibrary.genericFunctions.GetValueFromExcelSheet(genericFunctions.java:715)
	at TestCases.Regression.SalesForce_VAT.ValuesFromExcelSheet(SalesForce_VAT.java:32)
	at TestCases.Regression.SalesForce_VAT.calculateVATTax_BlankInvoiceMessaging(SalesForce_VAT.java:193)
	at TestCases.Regression.SalesForce_VAT.TestCase118_Shipto_GreatBrighton_Shipfrom_US(SalesForce_VAT.java:77)
... Removed 25 stack frames</pre></div><a href='#' onClick='toggleBox("stack-trace1431556341", this, "Click to show all stack frames", "Click to hide stack frames")'>Click to show all stack frames</a>
<div class='stack-trace' id='stack-trace1431556341'><pre>com.codoid.products.exception.FilloException: No records found
	at com.codoid.products.fillo.Recordset.&lt;init&gt;(Recordset.java:40)
	at com.codoid.products.fillo.Connection.executeQuery(Connection.java:62)
	at GenericFunctionLibrary.genericFunctions.GetValueFromExcelSheet(genericFunctions.java:715)
	at TestCases.Regression.SalesForce_VAT.ValuesFromExcelSheet(SalesForce_VAT.java:32)
	at TestCases.Regression.SalesForce_VAT.calculateVATTax_BlankInvoiceMessaging(SalesForce_VAT.java:193)
	at TestCases.Regression.SalesForce_VAT.TestCase118_Shipto_GreatBrighton_Shipfrom_US(SalesForce_VAT.java:77)
	at sun.reflect.NativeMethodAccessorImpl.invoke0(Native Method)
	at sun.reflect.NativeMethodAccessorImpl.invoke(Unknown Source)
	at sun.reflect.DelegatingMethodAccessorImpl.invoke(Unknown Source)
	at java.lang.reflect.Method.invoke(Unknown Source)
	at org.testng.internal.MethodInvocationHelper.invokeMethod(MethodInvocationHelper.java:104)
	at org.testng.internal.Invoker.invokeMethod(Invoker.java:645)
	at org.testng.internal.Invoker.invokeTestMethod(Invoker.java:851)
	at org.testng.internal.Invoker.invokeTestMethods(Invoker.java:1177)
	at org.testng.internal.TestMethodWorker.invokeTestMethods(TestMethodWorker.java:129)
	at org.testng.internal.TestMethodWorker.run(TestMethodWorker.java:112)
	at org.testng.TestRunner.privateRun(TestRunner.java:756)
	at org.testng.TestRunner.run(TestRunner.java:610)
	at org.testng.SuiteRunner.runTest(SuiteRunner.java:387)
	at org.testng.SuiteRunner.runSequentially(SuiteRunner.java:382)
	at org.testng.SuiteRunner.privateRun(SuiteRunner.java:340)
	at org.testng.SuiteRunner.run(SuiteRunner.java:289)
	at org.testng.SuiteRunnerWorker.runSuite(SuiteRunnerWorker.java:52)
	at org.testng.SuiteRunnerWorker.run(SuiteRunnerWorker.java:86)
	at org.testng.TestNG.runSuitesSequentially(TestNG.java:1293)
	at org.testng.TestNG.runSuitesLocally(TestNG.java:1218)
	at org.testng.TestNG.runSuites(TestNG.java:1133)
	at org.testng.TestNG.run(TestNG.java:1104)
	at org.testng.remote.AbstractRemoteTestNG.run(AbstractRemoteTestNG.java:114)
	at org.testng.remote.RemoteTestNG.initAndRun(RemoteTestNG.java:251)
	at org.testng.remote.RemoteTestNG.main(RemoteTestNG.java:77)
</pre></div></td>
<td>0</td>
<td>TestCases.Regression.SalesForce_VAT@25be7b63</td></tr>
<tr>
<td title='TestCases.Regression.SalesForce_VAT.TestCase119_Shipto_US_Shipfrom_US()'><b>TestCase119_Shipto_US_Shipfrom_US</b><br>Test class: TestCases.Regression.SalesForce_VAT<br>Test method: Ship to:US and Ship from: US</td>
<td><div><pre>com.codoid.products.exception.FilloException: No records found
	at com.codoid.products.fillo.Recordset.&lt;init&gt;(Recordset.java:40)
	at com.codoid.products.fillo.Connection.executeQuery(Connection.java:62)
	at GenericFunctionLibrary.genericFunctions.GetValueFromExcelSheet(genericFunctions.java:715)
	at TestCases.Regression.SalesForce_VAT.ValuesFromExcelSheet(SalesForce_VAT.java:32)
	at TestCases.Regression.SalesForce_VAT.calculateVATTax_BlankInvoiceMessaging(SalesForce_VAT.java:193)
	at TestCases.Regression.SalesForce_VAT.TestCase119_Shipto_US_Shipfrom_US(SalesForce_VAT.java:82)
... Removed 25 stack frames</pre></div><a href='#' onClick='toggleBox("stack-trace192428201", this, "Click to show all stack frames", "Click to hide stack frames")'>Click to show all stack frames</a>
<div class='stack-trace' id='stack-trace192428201'><pre>com.codoid.products.exception.FilloException: No records found
	at com.codoid.products.fillo.Recordset.&lt;init&gt;(Recordset.java:40)
	at com.codoid.products.fillo.Connection.executeQuery(Connection.java:62)
	at GenericFunctionLibrary.genericFunctions.GetValueFromExcelSheet(genericFunctions.java:715)
	at TestCases.Regression.SalesForce_VAT.ValuesFromExcelSheet(SalesForce_VAT.java:32)
	at TestCases.Regression.SalesForce_VAT.calculateVATTax_BlankInvoiceMessaging(SalesForce_VAT.java:193)
	at TestCases.Regression.SalesForce_VAT.TestCase119_Shipto_US_Shipfrom_US(SalesForce_VAT.java:82)
	at sun.reflect.NativeMethodAccessorImpl.invoke0(Native Method)
	at sun.reflect.NativeMethodAccessorImpl.invoke(Unknown Source)
	at sun.reflect.DelegatingMethodAccessorImpl.invoke(Unknown Source)
	at java.lang.reflect.Method.invoke(Unknown Source)
	at org.testng.internal.MethodInvocationHelper.invokeMethod(MethodInvocationHelper.java:104)
	at org.testng.internal.Invoker.invokeMethod(Invoker.java:645)
	at org.testng.internal.Invoker.invokeTestMethod(Invoker.java:851)
	at org.testng.internal.Invoker.invokeTestMethods(Invoker.java:1177)
	at org.testng.internal.TestMethodWorker.invokeTestMethods(TestMethodWorker.java:129)
	at org.testng.internal.TestMethodWorker.run(TestMethodWorker.java:112)
	at org.testng.TestRunner.privateRun(TestRunner.java:756)
	at org.testng.TestRunner.run(TestRunner.java:610)
	at org.testng.SuiteRunner.runTest(SuiteRunner.java:387)
	at org.testng.SuiteRunner.runSequentially(SuiteRunner.java:382)
	at org.testng.SuiteRunner.privateRun(SuiteRunner.java:340)
	at org.testng.SuiteRunner.run(SuiteRunner.java:289)
	at org.testng.SuiteRunnerWorker.runSuite(SuiteRunnerWorker.java:52)
	at org.testng.SuiteRunnerWorker.run(SuiteRunnerWorker.java:86)
	at org.testng.TestNG.runSuitesSequentially(TestNG.java:1293)
	at org.testng.TestNG.runSuitesLocally(TestNG.java:1218)
	at org.testng.TestNG.runSuites(TestNG.java:1133)
	at org.testng.TestNG.run(TestNG.java:1104)
	at org.testng.remote.AbstractRemoteTestNG.run(AbstractRemoteTestNG.java:114)
	at org.testng.remote.RemoteTestNG.initAndRun(RemoteTestNG.java:251)
	at org.testng.remote.RemoteTestNG.main(RemoteTestNG.java:77)
</pre></div></td>
<td>0</td>
<td>TestCases.Regression.SalesForce_VAT@25be7b63</td></tr>
<tr>
<td title='TestCases.Regression.taxCalculation.TestCase11_EnableTaxCalc_Order_PrimaryShipToAddressUncommit()'><b>TestCase11_EnableTaxCalc_Order_PrimaryShipToAddressUncommit</b><br>Test class: TestCases.Regression.taxCalculation<br>Test method: EnableTaxCalc_Order_PrimaryShipToAddressUncommit</td>
<td><div><pre>com.codoid.products.exception.FilloException: No records found
	at com.codoid.products.fillo.Recordset.&lt;init&gt;(Recordset.java:40)
	at com.codoid.products.fillo.Connection.executeQuery(Connection.java:62)
	at GenericFunctionLibrary.genericFunctions.GetValueFromExcelSheet(genericFunctions.java:715)
	at TestCases.Regression.taxCalculation.ValuesFromExcelSheet(taxCalculation.java:35)
	at TestCases.Regression.taxCalculation.EnableTaxCalc_Order_Primary(taxCalculation.java:444)
	at TestCases.Regression.taxCalculation.TestCase11_EnableTaxCalc_Order_PrimaryShipToAddressUncommit(taxCalculation.java:142)
... Removed 25 stack frames</pre></div><a href='#' onClick='toggleBox("stack-trace251664534", this, "Click to show all stack frames", "Click to hide stack frames")'>Click to show all stack frames</a>
<div class='stack-trace' id='stack-trace251664534'><pre>com.codoid.products.exception.FilloException: No records found
	at com.codoid.products.fillo.Recordset.&lt;init&gt;(Recordset.java:40)
	at com.codoid.products.fillo.Connection.executeQuery(Connection.java:62)
	at GenericFunctionLibrary.genericFunctions.GetValueFromExcelSheet(genericFunctions.java:715)
	at TestCases.Regression.taxCalculation.ValuesFromExcelSheet(taxCalculation.java:35)
	at TestCases.Regression.taxCalculation.EnableTaxCalc_Order_Primary(taxCalculation.java:444)
	at TestCases.Regression.taxCalculation.TestCase11_EnableTaxCalc_Order_PrimaryShipToAddressUncommit(taxCalculation.java:142)
	at sun.reflect.NativeMethodAccessorImpl.invoke0(Native Method)
	at sun.reflect.NativeMethodAccessorImpl.invoke(Unknown Source)
	at sun.reflect.DelegatingMethodAccessorImpl.invoke(Unknown Source)
	at java.lang.reflect.Method.invoke(Unknown Source)
	at org.testng.internal.MethodInvocationHelper.invokeMethod(MethodInvocationHelper.java:104)
	at org.testng.internal.Invoker.invokeMethod(Invoker.java:645)
	at org.testng.internal.Invoker.invokeTestMethod(Invoker.java:851)
	at org.testng.internal.Invoker.invokeTestMethods(Invoker.java:1177)
	at org.testng.internal.TestMethodWorker.invokeTestMethods(TestMethodWorker.java:129)
	at org.testng.internal.TestMethodWorker.run(TestMethodWorker.java:112)
	at org.testng.TestRunner.privateRun(TestRunner.java:756)
	at org.testng.TestRunner.run(TestRunner.java:610)
	at org.testng.SuiteRunner.runTest(SuiteRunner.java:387)
	at org.testng.SuiteRunner.runSequentially(SuiteRunner.java:382)
	at org.testng.SuiteRunner.privateRun(SuiteRunner.java:340)
	at org.testng.SuiteRunner.run(SuiteRunner.java:289)
	at org.testng.SuiteRunnerWorker.runSuite(SuiteRunnerWorker.java:52)
	at org.testng.SuiteRunnerWorker.run(SuiteRunnerWorker.java:86)
	at org.testng.TestNG.runSuitesSequentially(TestNG.java:1293)
	at org.testng.TestNG.runSuitesLocally(TestNG.java:1218)
	at org.testng.TestNG.runSuites(TestNG.java:1133)
	at org.testng.TestNG.run(TestNG.java:1104)
	at org.testng.remote.AbstractRemoteTestNG.run(AbstractRemoteTestNG.java:114)
	at org.testng.remote.RemoteTestNG.initAndRun(RemoteTestNG.java:251)
	at org.testng.remote.RemoteTestNG.main(RemoteTestNG.java:77)
</pre></div></td>
<td>0</td>
<td>TestCases.Regression.taxCalculation@304bb45b</td></tr>
<tr>
<td title='TestCases.Regression.SalesForce_VAT.TestCase120_Shipto_AUS_Shipfrom_GreatBrighton()'><b>TestCase120_Shipto_AUS_Shipfrom_GreatBrighton</b><br>Test class: TestCases.Regression.SalesForce_VAT<br>Test method: Ship to:AUS and Ship from: Great Brighton</td>
<td><div><pre>com.codoid.products.exception.FilloException: No records found
	at com.codoid.products.fillo.Recordset.&lt;init&gt;(Recordset.java:40)
	at com.codoid.products.fillo.Connection.executeQuery(Connection.java:62)
	at GenericFunctionLibrary.genericFunctions.GetValueFromExcelSheet(genericFunctions.java:715)
	at TestCases.Regression.SalesForce_VAT.ValuesFromExcelSheet(SalesForce_VAT.java:32)
	at TestCases.Regression.SalesForce_VAT.calculateVATTax_AustraliaAddress(SalesForce_VAT.java:280)
	at TestCases.Regression.SalesForce_VAT.TestCase120_Shipto_AUS_Shipfrom_GreatBrighton(SalesForce_VAT.java:87)
... Removed 25 stack frames</pre></div><a href='#' onClick='toggleBox("stack-trace852026681", this, "Click to show all stack frames", "Click to hide stack frames")'>Click to show all stack frames</a>
<div class='stack-trace' id='stack-trace852026681'><pre>com.codoid.products.exception.FilloException: No records found
	at com.codoid.products.fillo.Recordset.&lt;init&gt;(Recordset.java:40)
	at com.codoid.products.fillo.Connection.executeQuery(Connection.java:62)
	at GenericFunctionLibrary.genericFunctions.GetValueFromExcelSheet(genericFunctions.java:715)
	at TestCases.Regression.SalesForce_VAT.ValuesFromExcelSheet(SalesForce_VAT.java:32)
	at TestCases.Regression.SalesForce_VAT.calculateVATTax_AustraliaAddress(SalesForce_VAT.java:280)
	at TestCases.Regression.SalesForce_VAT.TestCase120_Shipto_AUS_Shipfrom_GreatBrighton(SalesForce_VAT.java:87)
	at sun.reflect.NativeMethodAccessorImpl.invoke0(Native Method)
	at sun.reflect.NativeMethodAccessorImpl.invoke(Unknown Source)
	at sun.reflect.DelegatingMethodAccessorImpl.invoke(Unknown Source)
	at java.lang.reflect.Method.invoke(Unknown Source)
	at org.testng.internal.MethodInvocationHelper.invokeMethod(MethodInvocationHelper.java:104)
	at org.testng.internal.Invoker.invokeMethod(Invoker.java:645)
	at org.testng.internal.Invoker.invokeTestMethod(Invoker.java:851)
	at org.testng.internal.Invoker.invokeTestMethods(Invoker.java:1177)
	at org.testng.internal.TestMethodWorker.invokeTestMethods(TestMethodWorker.java:129)
	at org.testng.internal.TestMethodWorker.run(TestMethodWorker.java:112)
	at org.testng.TestRunner.privateRun(TestRunner.java:756)
	at org.testng.TestRunner.run(TestRunner.java:610)
	at org.testng.SuiteRunner.runTest(SuiteRunner.java:387)
	at org.testng.SuiteRunner.runSequentially(SuiteRunner.java:382)
	at org.testng.SuiteRunner.privateRun(SuiteRunner.java:340)
	at org.testng.SuiteRunner.run(SuiteRunner.java:289)
	at org.testng.SuiteRunnerWorker.runSuite(SuiteRunnerWorker.java:52)
	at org.testng.SuiteRunnerWorker.run(SuiteRunnerWorker.java:86)
	at org.testng.TestNG.runSuitesSequentially(TestNG.java:1293)
	at org.testng.TestNG.runSuitesLocally(TestNG.java:1218)
	at org.testng.TestNG.runSuites(TestNG.java:1133)
	at org.testng.TestNG.run(TestNG.java:1104)
	at org.testng.remote.AbstractRemoteTestNG.run(AbstractRemoteTestNG.java:114)
	at org.testng.remote.RemoteTestNG.initAndRun(RemoteTestNG.java:251)
	at org.testng.remote.RemoteTestNG.main(RemoteTestNG.java:77)
</pre></div></td>
<td>0</td>
<td>TestCases.Regression.SalesForce_VAT@25be7b63</td></tr>
<tr>
<td title='TestCases.Regression.SalesForce_VAT.TestCase121_Shipto_GreatBrighton_Shipfrom_AUS()'><b>TestCase121_Shipto_GreatBrighton_Shipfrom_AUS</b><br>Test class: TestCases.Regression.SalesForce_VAT<br>Test method: Ship to:Great Brighton and Ship from: AUS</td>
<td><div><pre>com.codoid.products.exception.FilloException: No records found
	at com.codoid.products.fillo.Recordset.&lt;init&gt;(Recordset.java:40)
	at com.codoid.products.fillo.Connection.executeQuery(Connection.java:62)
	at GenericFunctionLibrary.genericFunctions.GetValueFromExcelSheet(genericFunctions.java:715)
	at TestCases.Regression.SalesForce_VAT.ValuesFromExcelSheet(SalesForce_VAT.java:32)
	at TestCases.Regression.SalesForce_VAT.calculateVATTax_AustraliaAddress(SalesForce_VAT.java:280)
	at TestCases.Regression.SalesForce_VAT.TestCase121_Shipto_GreatBrighton_Shipfrom_AUS(SalesForce_VAT.java:92)
... Removed 25 stack frames</pre></div><a href='#' onClick='toggleBox("stack-trace1685407532", this, "Click to show all stack frames", "Click to hide stack frames")'>Click to show all stack frames</a>
<div class='stack-trace' id='stack-trace1685407532'><pre>com.codoid.products.exception.FilloException: No records found
	at com.codoid.products.fillo.Recordset.&lt;init&gt;(Recordset.java:40)
	at com.codoid.products.fillo.Connection.executeQuery(Connection.java:62)
	at GenericFunctionLibrary.genericFunctions.GetValueFromExcelSheet(genericFunctions.java:715)
	at TestCases.Regression.SalesForce_VAT.ValuesFromExcelSheet(SalesForce_VAT.java:32)
	at TestCases.Regression.SalesForce_VAT.calculateVATTax_AustraliaAddress(SalesForce_VAT.java:280)
	at TestCases.Regression.SalesForce_VAT.TestCase121_Shipto_GreatBrighton_Shipfrom_AUS(SalesForce_VAT.java:92)
	at sun.reflect.NativeMethodAccessorImpl.invoke0(Native Method)
	at sun.reflect.NativeMethodAccessorImpl.invoke(Unknown Source)
	at sun.reflect.DelegatingMethodAccessorImpl.invoke(Unknown Source)
	at java.lang.reflect.Method.invoke(Unknown Source)
	at org.testng.internal.MethodInvocationHelper.invokeMethod(MethodInvocationHelper.java:104)
	at org.testng.internal.Invoker.invokeMethod(Invoker.java:645)
	at org.testng.internal.Invoker.invokeTestMethod(Invoker.java:851)
	at org.testng.internal.Invoker.invokeTestMethods(Invoker.java:1177)
	at org.testng.internal.TestMethodWorker.invokeTestMethods(TestMethodWorker.java:129)
	at org.testng.internal.TestMethodWorker.run(TestMethodWorker.java:112)
	at org.testng.TestRunner.privateRun(TestRunner.java:756)
	at org.testng.TestRunner.run(TestRunner.java:610)
	at org.testng.SuiteRunner.runTest(SuiteRunner.java:387)
	at org.testng.SuiteRunner.runSequentially(SuiteRunner.java:382)
	at org.testng.SuiteRunner.privateRun(SuiteRunner.java:340)
	at org.testng.SuiteRunner.run(SuiteRunner.java:289)
	at org.testng.SuiteRunnerWorker.runSuite(SuiteRunnerWorker.java:52)
	at org.testng.SuiteRunnerWorker.run(SuiteRunnerWorker.java:86)
	at org.testng.TestNG.runSuitesSequentially(TestNG.java:1293)
	at org.testng.TestNG.runSuitesLocally(TestNG.java:1218)
	at org.testng.TestNG.runSuites(TestNG.java:1133)
	at org.testng.TestNG.run(TestNG.java:1104)
	at org.testng.remote.AbstractRemoteTestNG.run(AbstractRemoteTestNG.java:114)
	at org.testng.remote.RemoteTestNG.initAndRun(RemoteTestNG.java:251)
	at org.testng.remote.RemoteTestNG.main(RemoteTestNG.java:77)
</pre></div></td>
<td>0</td>
<td>TestCases.Regression.SalesForce_VAT@25be7b63</td></tr>
<tr>
<td title='TestCases.Regression.taxCalculation.TestCase12_EnableTaxCalc_Order_PrimaryBillToAddressUncommit()'><b>TestCase12_EnableTaxCalc_Order_PrimaryBillToAddressUncommit</b><br>Test class: TestCases.Regression.taxCalculation<br>Test method: EnableTaxCalc_Order_PrimaryBillToAddressUncommit</td>
<td><div><pre>com.codoid.products.exception.FilloException: No records found
	at com.codoid.products.fillo.Recordset.&lt;init&gt;(Recordset.java:40)
	at com.codoid.products.fillo.Connection.executeQuery(Connection.java:62)
	at GenericFunctionLibrary.genericFunctions.GetValueFromExcelSheet(genericFunctions.java:715)
	at TestCases.Regression.taxCalculation.ValuesFromExcelSheet(taxCalculation.java:35)
	at TestCases.Regression.taxCalculation.EnableTaxCalc_Order_Primary(taxCalculation.java:444)
	at TestCases.Regression.taxCalculation.TestCase12_EnableTaxCalc_Order_PrimaryBillToAddressUncommit(taxCalculation.java:147)
... Removed 25 stack frames</pre></div><a href='#' onClick='toggleBox("stack-trace712410791", this, "Click to show all stack frames", "Click to hide stack frames")'>Click to show all stack frames</a>
<div class='stack-trace' id='stack-trace712410791'><pre>com.codoid.products.exception.FilloException: No records found
	at com.codoid.products.fillo.Recordset.&lt;init&gt;(Recordset.java:40)
	at com.codoid.products.fillo.Connection.executeQuery(Connection.java:62)
	at GenericFunctionLibrary.genericFunctions.GetValueFromExcelSheet(genericFunctions.java:715)
	at TestCases.Regression.taxCalculation.ValuesFromExcelSheet(taxCalculation.java:35)
	at TestCases.Regression.taxCalculation.EnableTaxCalc_Order_Primary(taxCalculation.java:444)
	at TestCases.Regression.taxCalculation.TestCase12_EnableTaxCalc_Order_PrimaryBillToAddressUncommit(taxCalculation.java:147)
	at sun.reflect.NativeMethodAccessorImpl.invoke0(Native Method)
	at sun.reflect.NativeMethodAccessorImpl.invoke(Unknown Source)
	at sun.reflect.DelegatingMethodAccessorImpl.invoke(Unknown Source)
	at java.lang.reflect.Method.invoke(Unknown Source)
	at org.testng.internal.MethodInvocationHelper.invokeMethod(MethodInvocationHelper.java:104)
	at org.testng.internal.Invoker.invokeMethod(Invoker.java:645)
	at org.testng.internal.Invoker.invokeTestMethod(Invoker.java:851)
	at org.testng.internal.Invoker.invokeTestMethods(Invoker.java:1177)
	at org.testng.internal.TestMethodWorker.invokeTestMethods(TestMethodWorker.java:129)
	at org.testng.internal.TestMethodWorker.run(TestMethodWorker.java:112)
	at org.testng.TestRunner.privateRun(TestRunner.java:756)
	at org.testng.TestRunner.run(TestRunner.java:610)
	at org.testng.SuiteRunner.runTest(SuiteRunner.java:387)
	at org.testng.SuiteRunner.runSequentially(SuiteRunner.java:382)
	at org.testng.SuiteRunner.privateRun(SuiteRunner.java:340)
	at org.testng.SuiteRunner.run(SuiteRunner.java:289)
	at org.testng.SuiteRunnerWorker.runSuite(SuiteRunnerWorker.java:52)
	at org.testng.SuiteRunnerWorker.run(SuiteRunnerWorker.java:86)
	at org.testng.TestNG.runSuitesSequentially(TestNG.java:1293)
	at org.testng.TestNG.runSuitesLocally(TestNG.java:1218)
	at org.testng.TestNG.runSuites(TestNG.java:1133)
	at org.testng.TestNG.run(TestNG.java:1104)
	at org.testng.remote.AbstractRemoteTestNG.run(AbstractRemoteTestNG.java:114)
	at org.testng.remote.RemoteTestNG.initAndRun(RemoteTestNG.java:251)
	at org.testng.remote.RemoteTestNG.main(RemoteTestNG.java:77)
</pre></div></td>
<td>0</td>
<td>TestCases.Regression.taxCalculation@304bb45b</td></tr>
<tr>
<td title='TestCases.Regression.taxCalculation.TestCase13_EnableTaxCalc_ACc_WithMultiLine()'><b>TestCase13_EnableTaxCalc_ACc_WithMultiLine</b><br>Test class: TestCases.Regression.taxCalculation<br>Test method: EnableTaxCalc_ACc_OnlyShipToAddress_DenverCity_Uncommit</td>
<td><div><pre>com.codoid.products.exception.FilloException: No records found
	at com.codoid.products.fillo.Recordset.&lt;init&gt;(Recordset.java:40)
	at com.codoid.products.fillo.Connection.executeQuery(Connection.java:62)
	at GenericFunctionLibrary.genericFunctions.GetValueFromExcelSheet(genericFunctions.java:715)
	at TestCases.Regression.taxCalculation.ValuesFromExcelSheet(taxCalculation.java:35)
	at TestCases.Regression.taxCalculation.taxCalcValidationWithMultiLine(taxCalculation.java:620)
	at TestCases.Regression.taxCalculation.TestCase13_EnableTaxCalc_ACc_WithMultiLine(taxCalculation.java:152)
... Removed 25 stack frames</pre></div><a href='#' onClick='toggleBox("stack-trace1447353473", this, "Click to show all stack frames", "Click to hide stack frames")'>Click to show all stack frames</a>
<div class='stack-trace' id='stack-trace1447353473'><pre>com.codoid.products.exception.FilloException: No records found
	at com.codoid.products.fillo.Recordset.&lt;init&gt;(Recordset.java:40)
	at com.codoid.products.fillo.Connection.executeQuery(Connection.java:62)
	at GenericFunctionLibrary.genericFunctions.GetValueFromExcelSheet(genericFunctions.java:715)
	at TestCases.Regression.taxCalculation.ValuesFromExcelSheet(taxCalculation.java:35)
	at TestCases.Regression.taxCalculation.taxCalcValidationWithMultiLine(taxCalculation.java:620)
	at TestCases.Regression.taxCalculation.TestCase13_EnableTaxCalc_ACc_WithMultiLine(taxCalculation.java:152)
	at sun.reflect.NativeMethodAccessorImpl.invoke0(Native Method)
	at sun.reflect.NativeMethodAccessorImpl.invoke(Unknown Source)
	at sun.reflect.DelegatingMethodAccessorImpl.invoke(Unknown Source)
	at java.lang.reflect.Method.invoke(Unknown Source)
	at org.testng.internal.MethodInvocationHelper.invokeMethod(MethodInvocationHelper.java:104)
	at org.testng.internal.Invoker.invokeMethod(Invoker.java:645)
	at org.testng.internal.Invoker.invokeTestMethod(Invoker.java:851)
	at org.testng.internal.Invoker.invokeTestMethods(Invoker.java:1177)
	at org.testng.internal.TestMethodWorker.invokeTestMethods(TestMethodWorker.java:129)
	at org.testng.internal.TestMethodWorker.run(TestMethodWorker.java:112)
	at org.testng.TestRunner.privateRun(TestRunner.java:756)
	at org.testng.TestRunner.run(TestRunner.java:610)
	at org.testng.SuiteRunner.runTest(SuiteRunner.java:387)
	at org.testng.SuiteRunner.runSequentially(SuiteRunner.java:382)
	at org.testng.SuiteRunner.privateRun(SuiteRunner.java:340)
	at org.testng.SuiteRunner.run(SuiteRunner.java:289)
	at org.testng.SuiteRunnerWorker.runSuite(SuiteRunnerWorker.java:52)
	at org.testng.SuiteRunnerWorker.run(SuiteRunnerWorker.java:86)
	at org.testng.TestNG.runSuitesSequentially(TestNG.java:1293)
	at org.testng.TestNG.runSuitesLocally(TestNG.java:1218)
	at org.testng.TestNG.runSuites(TestNG.java:1133)
	at org.testng.TestNG.run(TestNG.java:1104)
	at org.testng.remote.AbstractRemoteTestNG.run(AbstractRemoteTestNG.java:114)
	at org.testng.remote.RemoteTestNG.initAndRun(RemoteTestNG.java:251)
	at org.testng.remote.RemoteTestNG.main(RemoteTestNG.java:77)
</pre></div></td>
<td>0</td>
<td>TestCases.Regression.taxCalculation@304bb45b</td></tr>
<tr>
<td title='TestCases.Regression.taxCalculation.TestCase14_EnableTaxCalc_DisableAddressSettings_ACc()'><b>TestCase14_EnableTaxCalc_DisableAddressSettings_ACc</b><br>Test class: TestCases.Regression.taxCalculation<br>Test method: EnableTaxCalc_DisableAddressSettings_ACc</td>
<td><div><pre>com.codoid.products.exception.FilloException: No records found
	at com.codoid.products.fillo.Recordset.&lt;init&gt;(Recordset.java:40)
	at com.codoid.products.fillo.Connection.executeQuery(Connection.java:62)
	at GenericFunctionLibrary.genericFunctions.GetValueFromExcelSheet(genericFunctions.java:715)
	at TestCases.Regression.taxCalculation.ValuesFromExcelSheet(taxCalculation.java:35)
	at TestCases.Regression.taxCalculation.disabledtaxValidation(taxCalculation.java:531)
	at TestCases.Regression.taxCalculation.TestCase14_EnableTaxCalc_DisableAddressSettings_ACc(taxCalculation.java:157)
... Removed 25 stack frames</pre></div><a href='#' onClick='toggleBox("stack-trace295180183", this, "Click to show all stack frames", "Click to hide stack frames")'>Click to show all stack frames</a>
<div class='stack-trace' id='stack-trace295180183'><pre>com.codoid.products.exception.FilloException: No records found
	at com.codoid.products.fillo.Recordset.&lt;init&gt;(Recordset.java:40)
	at com.codoid.products.fillo.Connection.executeQuery(Connection.java:62)
	at GenericFunctionLibrary.genericFunctions.GetValueFromExcelSheet(genericFunctions.java:715)
	at TestCases.Regression.taxCalculation.ValuesFromExcelSheet(taxCalculation.java:35)
	at TestCases.Regression.taxCalculation.disabledtaxValidation(taxCalculation.java:531)
	at TestCases.Regression.taxCalculation.TestCase14_EnableTaxCalc_DisableAddressSettings_ACc(taxCalculation.java:157)
	at sun.reflect.NativeMethodAccessorImpl.invoke0(Native Method)
	at sun.reflect.NativeMethodAccessorImpl.invoke(Unknown Source)
	at sun.reflect.DelegatingMethodAccessorImpl.invoke(Unknown Source)
	at java.lang.reflect.Method.invoke(Unknown Source)
	at org.testng.internal.MethodInvocationHelper.invokeMethod(MethodInvocationHelper.java:104)
	at org.testng.internal.Invoker.invokeMethod(Invoker.java:645)
	at org.testng.internal.Invoker.invokeTestMethod(Invoker.java:851)
	at org.testng.internal.Invoker.invokeTestMethods(Invoker.java:1177)
	at org.testng.internal.TestMethodWorker.invokeTestMethods(TestMethodWorker.java:129)
	at org.testng.internal.TestMethodWorker.run(TestMethodWorker.java:112)
	at org.testng.TestRunner.privateRun(TestRunner.java:756)
	at org.testng.TestRunner.run(TestRunner.java:610)
	at org.testng.SuiteRunner.runTest(SuiteRunner.java:387)
	at org.testng.SuiteRunner.runSequentially(SuiteRunner.java:382)
	at org.testng.SuiteRunner.privateRun(SuiteRunner.java:340)
	at org.testng.SuiteRunner.run(SuiteRunner.java:289)
	at org.testng.SuiteRunnerWorker.runSuite(SuiteRunnerWorker.java:52)
	at org.testng.SuiteRunnerWorker.run(SuiteRunnerWorker.java:86)
	at org.testng.TestNG.runSuitesSequentially(TestNG.java:1293)
	at org.testng.TestNG.runSuitesLocally(TestNG.java:1218)
	at org.testng.TestNG.runSuites(TestNG.java:1133)
	at org.testng.TestNG.run(TestNG.java:1104)
	at org.testng.remote.AbstractRemoteTestNG.run(AbstractRemoteTestNG.java:114)
	at org.testng.remote.RemoteTestNG.initAndRun(RemoteTestNG.java:251)
	at org.testng.remote.RemoteTestNG.main(RemoteTestNG.java:77)
</pre></div></td>
<td>0</td>
<td>TestCases.Regression.taxCalculation@304bb45b</td></tr>
<tr>
<td title='TestCases.Regression.taxCalculation.TestCase15_EnableTaxCalc_OpportunitiesContactsOnlyShipToAddress()'><b>TestCase15_EnableTaxCalc_OpportunitiesContactsOnlyShipToAddress</b><br>Test class: TestCases.Regression.taxCalculation<br>Test method: EnableTaxCalc_OpportunitiesContactsOnlyShipToAddress</td>
<td><div><pre>com.codoid.products.exception.FilloException: No records found
	at com.codoid.products.fillo.Recordset.&lt;init&gt;(Recordset.java:40)
	at com.codoid.products.fillo.Connection.executeQuery(Connection.java:62)
	at GenericFunctionLibrary.genericFunctions.GetValueFromExcelSheet(genericFunctions.java:715)
	at TestCases.Regression.taxCalculation.ValuesFromExcelSheet(taxCalculation.java:35)
	at TestCases.Regression.taxCalculation.EnableTaxCalc_ContactsAddressAndFallbackMechanism(taxCalculation.java:711)
	at TestCases.Regression.taxCalculation.TestCase15_EnableTaxCalc_OpportunitiesContactsOnlyShipToAddress(taxCalculation.java:164)
... Removed 25 stack frames</pre></div><a href='#' onClick='toggleBox("stack-trace2001115307", this, "Click to show all stack frames", "Click to hide stack frames")'>Click to show all stack frames</a>
<div class='stack-trace' id='stack-trace2001115307'><pre>com.codoid.products.exception.FilloException: No records found
	at com.codoid.products.fillo.Recordset.&lt;init&gt;(Recordset.java:40)
	at com.codoid.products.fillo.Connection.executeQuery(Connection.java:62)
	at GenericFunctionLibrary.genericFunctions.GetValueFromExcelSheet(genericFunctions.java:715)
	at TestCases.Regression.taxCalculation.ValuesFromExcelSheet(taxCalculation.java:35)
	at TestCases.Regression.taxCalculation.EnableTaxCalc_ContactsAddressAndFallbackMechanism(taxCalculation.java:711)
	at TestCases.Regression.taxCalculation.TestCase15_EnableTaxCalc_OpportunitiesContactsOnlyShipToAddress(taxCalculation.java:164)
	at sun.reflect.NativeMethodAccessorImpl.invoke0(Native Method)
	at sun.reflect.NativeMethodAccessorImpl.invoke(Unknown Source)
	at sun.reflect.DelegatingMethodAccessorImpl.invoke(Unknown Source)
	at java.lang.reflect.Method.invoke(Unknown Source)
	at org.testng.internal.MethodInvocationHelper.invokeMethod(MethodInvocationHelper.java:104)
	at org.testng.internal.Invoker.invokeMethod(Invoker.java:645)
	at org.testng.internal.Invoker.invokeTestMethod(Invoker.java:851)
	at org.testng.internal.Invoker.invokeTestMethods(Invoker.java:1177)
	at org.testng.internal.TestMethodWorker.invokeTestMethods(TestMethodWorker.java:129)
	at org.testng.internal.TestMethodWorker.run(TestMethodWorker.java:112)
	at org.testng.TestRunner.privateRun(TestRunner.java:756)
	at org.testng.TestRunner.run(TestRunner.java:610)
	at org.testng.SuiteRunner.runTest(SuiteRunner.java:387)
	at org.testng.SuiteRunner.runSequentially(SuiteRunner.java:382)
	at org.testng.SuiteRunner.privateRun(SuiteRunner.java:340)
	at org.testng.SuiteRunner.run(SuiteRunner.java:289)
	at org.testng.SuiteRunnerWorker.runSuite(SuiteRunnerWorker.java:52)
	at org.testng.SuiteRunnerWorker.run(SuiteRunnerWorker.java:86)
	at org.testng.TestNG.runSuitesSequentially(TestNG.java:1293)
	at org.testng.TestNG.runSuitesLocally(TestNG.java:1218)
	at org.testng.TestNG.runSuites(TestNG.java:1133)
	at org.testng.TestNG.run(TestNG.java:1104)
	at org.testng.remote.AbstractRemoteTestNG.run(AbstractRemoteTestNG.java:114)
	at org.testng.remote.RemoteTestNG.initAndRun(RemoteTestNG.java:251)
	at org.testng.remote.RemoteTestNG.main(RemoteTestNG.java:77)
</pre></div></td>
<td>0</td>
<td>TestCases.Regression.taxCalculation@304bb45b</td></tr>
<tr>
<td title='TestCases.Regression.taxCalculation.TestCase16_EnableTaxCalc_OpportunitiesFallbackOnACcsBillToAddress()'><b>TestCase16_EnableTaxCalc_OpportunitiesFallbackOnACcsBillToAddress</b><br>Test class: TestCases.Regression.taxCalculation<br>Test method: EnableTaxCalc_OpportunitiesFallbackOnACcsBillToAddress</td>
<td><div><pre>com.codoid.products.exception.FilloException: No records found
	at com.codoid.products.fillo.Recordset.&lt;init&gt;(Recordset.java:40)
	at com.codoid.products.fillo.Connection.executeQuery(Connection.java:62)
	at GenericFunctionLibrary.genericFunctions.GetValueFromExcelSheet(genericFunctions.java:715)
	at TestCases.Regression.taxCalculation.ValuesFromExcelSheet(taxCalculation.java:35)
	at TestCases.Regression.taxCalculation.EnableTaxCalc_ContactsAddressAndFallbackMechanism(taxCalculation.java:711)
	at TestCases.Regression.taxCalculation.TestCase16_EnableTaxCalc_OpportunitiesFallbackOnACcsBillToAddress(taxCalculation.java:169)
... Removed 25 stack frames</pre></div><a href='#' onClick='toggleBox("stack-trace1799635803", this, "Click to show all stack frames", "Click to hide stack frames")'>Click to show all stack frames</a>
<div class='stack-trace' id='stack-trace1799635803'><pre>com.codoid.products.exception.FilloException: No records found
	at com.codoid.products.fillo.Recordset.&lt;init&gt;(Recordset.java:40)
	at com.codoid.products.fillo.Connection.executeQuery(Connection.java:62)
	at GenericFunctionLibrary.genericFunctions.GetValueFromExcelSheet(genericFunctions.java:715)
	at TestCases.Regression.taxCalculation.ValuesFromExcelSheet(taxCalculation.java:35)
	at TestCases.Regression.taxCalculation.EnableTaxCalc_ContactsAddressAndFallbackMechanism(taxCalculation.java:711)
	at TestCases.Regression.taxCalculation.TestCase16_EnableTaxCalc_OpportunitiesFallbackOnACcsBillToAddress(taxCalculation.java:169)
	at sun.reflect.NativeMethodAccessorImpl.invoke0(Native Method)
	at sun.reflect.NativeMethodAccessorImpl.invoke(Unknown Source)
	at sun.reflect.DelegatingMethodAccessorImpl.invoke(Unknown Source)
	at java.lang.reflect.Method.invoke(Unknown Source)
	at org.testng.internal.MethodInvocationHelper.invokeMethod(MethodInvocationHelper.java:104)
	at org.testng.internal.Invoker.invokeMethod(Invoker.java:645)
	at org.testng.internal.Invoker.invokeTestMethod(Invoker.java:851)
	at org.testng.internal.Invoker.invokeTestMethods(Invoker.java:1177)
	at org.testng.internal.TestMethodWorker.invokeTestMethods(TestMethodWorker.java:129)
	at org.testng.internal.TestMethodWorker.run(TestMethodWorker.java:112)
	at org.testng.TestRunner.privateRun(TestRunner.java:756)
	at org.testng.TestRunner.run(TestRunner.java:610)
	at org.testng.SuiteRunner.runTest(SuiteRunner.java:387)
	at org.testng.SuiteRunner.runSequentially(SuiteRunner.java:382)
	at org.testng.SuiteRunner.privateRun(SuiteRunner.java:340)
	at org.testng.SuiteRunner.run(SuiteRunner.java:289)
	at org.testng.SuiteRunnerWorker.runSuite(SuiteRunnerWorker.java:52)
	at org.testng.SuiteRunnerWorker.run(SuiteRunnerWorker.java:86)
	at org.testng.TestNG.runSuitesSequentially(TestNG.java:1293)
	at org.testng.TestNG.runSuitesLocally(TestNG.java:1218)
	at org.testng.TestNG.runSuites(TestNG.java:1133)
	at org.testng.TestNG.run(TestNG.java:1104)
	at org.testng.remote.AbstractRemoteTestNG.run(AbstractRemoteTestNG.java:114)
	at org.testng.remote.RemoteTestNG.initAndRun(RemoteTestNG.java:251)
	at org.testng.remote.RemoteTestNG.main(RemoteTestNG.java:77)
</pre></div></td>
<td>0</td>
<td>TestCases.Regression.taxCalculation@304bb45b</td></tr>
<tr>
<td title='TestCases.Regression.taxCalculation.TestCase17_EnableTaxCalc_OpportunitiesFallbackOnACcsShipToAddress()'><b>TestCase17_EnableTaxCalc_OpportunitiesFallbackOnACcsShipToAddress</b><br>Test class: TestCases.Regression.taxCalculation<br>Test method: TEnableTaxCalc_OpportunitiesFallbackOnACcsShipToAddress</td>
<td><div><pre>com.codoid.products.exception.FilloException: No records found
	at com.codoid.products.fillo.Recordset.&lt;init&gt;(Recordset.java:40)
	at com.codoid.products.fillo.Connection.executeQuery(Connection.java:62)
	at GenericFunctionLibrary.genericFunctions.GetValueFromExcelSheet(genericFunctions.java:715)
	at TestCases.Regression.taxCalculation.ValuesFromExcelSheet(taxCalculation.java:35)
	at TestCases.Regression.taxCalculation.EnableTaxCalc_ContactsAddressAndFallbackMechanism(taxCalculation.java:711)
	at TestCases.Regression.taxCalculation.TestCase17_EnableTaxCalc_OpportunitiesFallbackOnACcsShipToAddress(taxCalculation.java:174)
... Removed 25 stack frames</pre></div><a href='#' onClick='toggleBox("stack-trace893640573", this, "Click to show all stack frames", "Click to hide stack frames")'>Click to show all stack frames</a>
<div class='stack-trace' id='stack-trace893640573'><pre>com.codoid.products.exception.FilloException: No records found
	at com.codoid.products.fillo.Recordset.&lt;init&gt;(Recordset.java:40)
	at com.codoid.products.fillo.Connection.executeQuery(Connection.java:62)
	at GenericFunctionLibrary.genericFunctions.GetValueFromExcelSheet(genericFunctions.java:715)
	at TestCases.Regression.taxCalculation.ValuesFromExcelSheet(taxCalculation.java:35)
	at TestCases.Regression.taxCalculation.EnableTaxCalc_ContactsAddressAndFallbackMechanism(taxCalculation.java:711)
	at TestCases.Regression.taxCalculation.TestCase17_EnableTaxCalc_OpportunitiesFallbackOnACcsShipToAddress(taxCalculation.java:174)
	at sun.reflect.NativeMethodAccessorImpl.invoke0(Native Method)
	at sun.reflect.NativeMethodAccessorImpl.invoke(Unknown Source)
	at sun.reflect.DelegatingMethodAccessorImpl.invoke(Unknown Source)
	at java.lang.reflect.Method.invoke(Unknown Source)
	at org.testng.internal.MethodInvocationHelper.invokeMethod(MethodInvocationHelper.java:104)
	at org.testng.internal.Invoker.invokeMethod(Invoker.java:645)
	at org.testng.internal.Invoker.invokeTestMethod(Invoker.java:851)
	at org.testng.internal.Invoker.invokeTestMethods(Invoker.java:1177)
	at org.testng.internal.TestMethodWorker.invokeTestMethods(TestMethodWorker.java:129)
	at org.testng.internal.TestMethodWorker.run(TestMethodWorker.java:112)
	at org.testng.TestRunner.privateRun(TestRunner.java:756)
	at org.testng.TestRunner.run(TestRunner.java:610)
	at org.testng.SuiteRunner.runTest(SuiteRunner.java:387)
	at org.testng.SuiteRunner.runSequentially(SuiteRunner.java:382)
	at org.testng.SuiteRunner.privateRun(SuiteRunner.java:340)
	at org.testng.SuiteRunner.run(SuiteRunner.java:289)
	at org.testng.SuiteRunnerWorker.runSuite(SuiteRunnerWorker.java:52)
	at org.testng.SuiteRunnerWorker.run(SuiteRunnerWorker.java:86)
	at org.testng.TestNG.runSuitesSequentially(TestNG.java:1293)
	at org.testng.TestNG.runSuitesLocally(TestNG.java:1218)
	at org.testng.TestNG.runSuites(TestNG.java:1133)
	at org.testng.TestNG.run(TestNG.java:1104)
	at org.testng.remote.AbstractRemoteTestNG.run(AbstractRemoteTestNG.java:114)
	at org.testng.remote.RemoteTestNG.initAndRun(RemoteTestNG.java:251)
	at org.testng.remote.RemoteTestNG.main(RemoteTestNG.java:77)
</pre></div></td>
<td>0</td>
<td>TestCases.Regression.taxCalculation@304bb45b</td></tr>
<tr>
<td title='TestCases.Regression.taxCalculation.TestCase18_EnableTaxCalc_OpportunitiesContactsOnlyBillToAddress()'><b>TestCase18_EnableTaxCalc_OpportunitiesContactsOnlyBillToAddress</b><br>Test class: TestCases.Regression.taxCalculation<br>Test method: EnableTaxCalc_OpportunitiesContactsOnlyBillToAddres</td>
<td><div><pre>com.codoid.products.exception.FilloException: No records found
	at com.codoid.products.fillo.Recordset.&lt;init&gt;(Recordset.java:40)
	at com.codoid.products.fillo.Connection.executeQuery(Connection.java:62)
	at GenericFunctionLibrary.genericFunctions.GetValueFromExcelSheet(genericFunctions.java:715)
	at TestCases.Regression.taxCalculation.ValuesFromExcelSheet(taxCalculation.java:35)
	at TestCases.Regression.taxCalculation.EnableTaxCalc_ContactsAddressAndFallbackMechanism(taxCalculation.java:711)
	at TestCases.Regression.taxCalculation.TestCase18_EnableTaxCalc_OpportunitiesContactsOnlyBillToAddress(taxCalculation.java:179)
... Removed 25 stack frames</pre></div><a href='#' onClick='toggleBox("stack-trace1770070706", this, "Click to show all stack frames", "Click to hide stack frames")'>Click to show all stack frames</a>
<div class='stack-trace' id='stack-trace1770070706'><pre>com.codoid.products.exception.FilloException: No records found
	at com.codoid.products.fillo.Recordset.&lt;init&gt;(Recordset.java:40)
	at com.codoid.products.fillo.Connection.executeQuery(Connection.java:62)
	at GenericFunctionLibrary.genericFunctions.GetValueFromExcelSheet(genericFunctions.java:715)
	at TestCases.Regression.taxCalculation.ValuesFromExcelSheet(taxCalculation.java:35)
	at TestCases.Regression.taxCalculation.EnableTaxCalc_ContactsAddressAndFallbackMechanism(taxCalculation.java:711)
	at TestCases.Regression.taxCalculation.TestCase18_EnableTaxCalc_OpportunitiesContactsOnlyBillToAddress(taxCalculation.java:179)
	at sun.reflect.NativeMethodAccessorImpl.invoke0(Native Method)
	at sun.reflect.NativeMethodAccessorImpl.invoke(Unknown Source)
	at sun.reflect.DelegatingMethodAccessorImpl.invoke(Unknown Source)
	at java.lang.reflect.Method.invoke(Unknown Source)
	at org.testng.internal.MethodInvocationHelper.invokeMethod(MethodInvocationHelper.java:104)
	at org.testng.internal.Invoker.invokeMethod(Invoker.java:645)
	at org.testng.internal.Invoker.invokeTestMethod(Invoker.java:851)
	at org.testng.internal.Invoker.invokeTestMethods(Invoker.java:1177)
	at org.testng.internal.TestMethodWorker.invokeTestMethods(TestMethodWorker.java:129)
	at org.testng.internal.TestMethodWorker.run(TestMethodWorker.java:112)
	at org.testng.TestRunner.privateRun(TestRunner.java:756)
	at org.testng.TestRunner.run(TestRunner.java:610)
	at org.testng.SuiteRunner.runTest(SuiteRunner.java:387)
	at org.testng.SuiteRunner.runSequentially(SuiteRunner.java:382)
	at org.testng.SuiteRunner.privateRun(SuiteRunner.java:340)
	at org.testng.SuiteRunner.run(SuiteRunner.java:289)
	at org.testng.SuiteRunnerWorker.runSuite(SuiteRunnerWorker.java:52)
	at org.testng.SuiteRunnerWorker.run(SuiteRunnerWorker.java:86)
	at org.testng.TestNG.runSuitesSequentially(TestNG.java:1293)
	at org.testng.TestNG.runSuitesLocally(TestNG.java:1218)
	at org.testng.TestNG.runSuites(TestNG.java:1133)
	at org.testng.TestNG.run(TestNG.java:1104)
	at org.testng.remote.AbstractRemoteTestNG.run(AbstractRemoteTestNG.java:114)
	at org.testng.remote.RemoteTestNG.initAndRun(RemoteTestNG.java:251)
	at org.testng.remote.RemoteTestNG.main(RemoteTestNG.java:77)
</pre></div></td>
<td>0</td>
<td>TestCases.Regression.taxCalculation@304bb45b</td></tr>
<tr>
<td title='TestCases.Regression.taxCalculation.TestCase19_EnableTaxCalc_OpportunitiesContactsShipToAddress()'><b>TestCase19_EnableTaxCalc_OpportunitiesContactsShipToAddress</b><br>Test class: TestCases.Regression.taxCalculation<br>Test method: EnableTaxCalc_OpportunitiesContactsShipToAddress</td>
<td><div><pre>com.codoid.products.exception.FilloException: No records found
	at com.codoid.products.fillo.Recordset.&lt;init&gt;(Recordset.java:40)
	at com.codoid.products.fillo.Connection.executeQuery(Connection.java:62)
	at GenericFunctionLibrary.genericFunctions.GetValueFromExcelSheet(genericFunctions.java:715)
	at TestCases.Regression.taxCalculation.ValuesFromExcelSheet(taxCalculation.java:35)
	at TestCases.Regression.taxCalculation.EnableTaxCalc_ContactsAddressAndFallbackMechanism(taxCalculation.java:711)
	at TestCases.Regression.taxCalculation.TestCase19_EnableTaxCalc_OpportunitiesContactsShipToAddress(taxCalculation.java:184)
... Removed 25 stack frames</pre></div><a href='#' onClick='toggleBox("stack-trace992743048", this, "Click to show all stack frames", "Click to hide stack frames")'>Click to show all stack frames</a>
<div class='stack-trace' id='stack-trace992743048'><pre>com.codoid.products.exception.FilloException: No records found
	at com.codoid.products.fillo.Recordset.&lt;init&gt;(Recordset.java:40)
	at com.codoid.products.fillo.Connection.executeQuery(Connection.java:62)
	at GenericFunctionLibrary.genericFunctions.GetValueFromExcelSheet(genericFunctions.java:715)
	at TestCases.Regression.taxCalculation.ValuesFromExcelSheet(taxCalculation.java:35)
	at TestCases.Regression.taxCalculation.EnableTaxCalc_ContactsAddressAndFallbackMechanism(taxCalculation.java:711)
	at TestCases.Regression.taxCalculation.TestCase19_EnableTaxCalc_OpportunitiesContactsShipToAddress(taxCalculation.java:184)
	at sun.reflect.NativeMethodAccessorImpl.invoke0(Native Method)
	at sun.reflect.NativeMethodAccessorImpl.invoke(Unknown Source)
	at sun.reflect.DelegatingMethodAccessorImpl.invoke(Unknown Source)
	at java.lang.reflect.Method.invoke(Unknown Source)
	at org.testng.internal.MethodInvocationHelper.invokeMethod(MethodInvocationHelper.java:104)
	at org.testng.internal.Invoker.invokeMethod(Invoker.java:645)
	at org.testng.internal.Invoker.invokeTestMethod(Invoker.java:851)
	at org.testng.internal.Invoker.invokeTestMethods(Invoker.java:1177)
	at org.testng.internal.TestMethodWorker.invokeTestMethods(TestMethodWorker.java:129)
	at org.testng.internal.TestMethodWorker.run(TestMethodWorker.java:112)
	at org.testng.TestRunner.privateRun(TestRunner.java:756)
	at org.testng.TestRunner.run(TestRunner.java:610)
	at org.testng.SuiteRunner.runTest(SuiteRunner.java:387)
	at org.testng.SuiteRunner.runSequentially(SuiteRunner.java:382)
	at org.testng.SuiteRunner.privateRun(SuiteRunner.java:340)
	at org.testng.SuiteRunner.run(SuiteRunner.java:289)
	at org.testng.SuiteRunnerWorker.runSuite(SuiteRunnerWorker.java:52)
	at org.testng.SuiteRunnerWorker.run(SuiteRunnerWorker.java:86)
	at org.testng.TestNG.runSuitesSequentially(TestNG.java:1293)
	at org.testng.TestNG.runSuitesLocally(TestNG.java:1218)
	at org.testng.TestNG.runSuites(TestNG.java:1133)
	at org.testng.TestNG.run(TestNG.java:1104)
	at org.testng.remote.AbstractRemoteTestNG.run(AbstractRemoteTestNG.java:114)
	at org.testng.remote.RemoteTestNG.initAndRun(RemoteTestNG.java:251)
	at org.testng.remote.RemoteTestNG.main(RemoteTestNG.java:77)
</pre></div></td>
<td>0</td>
<td>TestCases.Regression.taxCalculation@304bb45b</td></tr>
<tr>
<td title='TestCases.Regression.taxCalculation.TestCase20_EnableTaxCalc_OpportunitiesContactsBillToAddress()'><b>TestCase20_EnableTaxCalc_OpportunitiesContactsBillToAddress</b><br>Test class: TestCases.Regression.taxCalculation<br>Test method: EnableTaxCalc_OpportunitiesContactsBillToAddress</td>
<td><div><pre>com.codoid.products.exception.FilloException: No records found
	at com.codoid.products.fillo.Recordset.&lt;init&gt;(Recordset.java:40)
	at com.codoid.products.fillo.Connection.executeQuery(Connection.java:62)
	at GenericFunctionLibrary.genericFunctions.GetValueFromExcelSheet(genericFunctions.java:715)
	at TestCases.Regression.taxCalculation.ValuesFromExcelSheet(taxCalculation.java:35)
	at TestCases.Regression.taxCalculation.EnableTaxCalc_ContactsAddressAndFallbackMechanism(taxCalculation.java:711)
	at TestCases.Regression.taxCalculation.TestCase20_EnableTaxCalc_OpportunitiesContactsBillToAddress(taxCalculation.java:189)
... Removed 25 stack frames</pre></div><a href='#' onClick='toggleBox("stack-trace1198197478", this, "Click to show all stack frames", "Click to hide stack frames")'>Click to show all stack frames</a>
<div class='stack-trace' id='stack-trace1198197478'><pre>com.codoid.products.exception.FilloException: No records found
	at com.codoid.products.fillo.Recordset.&lt;init&gt;(Recordset.java:40)
	at com.codoid.products.fillo.Connection.executeQuery(Connection.java:62)
	at GenericFunctionLibrary.genericFunctions.GetValueFromExcelSheet(genericFunctions.java:715)
	at TestCases.Regression.taxCalculation.ValuesFromExcelSheet(taxCalculation.java:35)
	at TestCases.Regression.taxCalculation.EnableTaxCalc_ContactsAddressAndFallbackMechanism(taxCalculation.java:711)
	at TestCases.Regression.taxCalculation.TestCase20_EnableTaxCalc_OpportunitiesContactsBillToAddress(taxCalculation.java:189)
	at sun.reflect.NativeMethodAccessorImpl.invoke0(Native Method)
	at sun.reflect.NativeMethodAccessorImpl.invoke(Unknown Source)
	at sun.reflect.DelegatingMethodAccessorImpl.invoke(Unknown Source)
	at java.lang.reflect.Method.invoke(Unknown Source)
	at org.testng.internal.MethodInvocationHelper.invokeMethod(MethodInvocationHelper.java:104)
	at org.testng.internal.Invoker.invokeMethod(Invoker.java:645)
	at org.testng.internal.Invoker.invokeTestMethod(Invoker.java:851)
	at org.testng.internal.Invoker.invokeTestMethods(Invoker.java:1177)
	at org.testng.internal.TestMethodWorker.invokeTestMethods(TestMethodWorker.java:129)
	at org.testng.internal.TestMethodWorker.run(TestMethodWorker.java:112)
	at org.testng.TestRunner.privateRun(TestRunner.java:756)
	at org.testng.TestRunner.run(TestRunner.java:610)
	at org.testng.SuiteRunner.runTest(SuiteRunner.java:387)
	at org.testng.SuiteRunner.runSequentially(SuiteRunner.java:382)
	at org.testng.SuiteRunner.privateRun(SuiteRunner.java:340)
	at org.testng.SuiteRunner.run(SuiteRunner.java:289)
	at org.testng.SuiteRunnerWorker.runSuite(SuiteRunnerWorker.java:52)
	at org.testng.SuiteRunnerWorker.run(SuiteRunnerWorker.java:86)
	at org.testng.TestNG.runSuitesSequentially(TestNG.java:1293)
	at org.testng.TestNG.runSuitesLocally(TestNG.java:1218)
	at org.testng.TestNG.runSuites(TestNG.java:1133)
	at org.testng.TestNG.run(TestNG.java:1104)
	at org.testng.remote.AbstractRemoteTestNG.run(AbstractRemoteTestNG.java:114)
	at org.testng.remote.RemoteTestNG.initAndRun(RemoteTestNG.java:251)
	at org.testng.remote.RemoteTestNG.main(RemoteTestNG.java:77)
</pre></div></td>
<td>0</td>
<td>TestCases.Regression.taxCalculation@304bb45b</td></tr>
<tr>
<td title='TestCases.Regression.taxCalculation.TestCase21_EnableTaxCalc_PrimaryAddress_CountySupportedFor_15Chars()'><b>TestCase21_EnableTaxCalc_PrimaryAddress_CountySupportedFor_15Chars</b><br>Test class: TestCases.Regression.taxCalculation<br>Test method: EnableTaxCalc_OpportunitiesContactsBillToAddress</td>
<td><div><pre>com.codoid.products.exception.FilloException: No records found
	at com.codoid.products.fillo.Recordset.&lt;init&gt;(Recordset.java:40)
	at com.codoid.products.fillo.Connection.executeQuery(Connection.java:62)
	at GenericFunctionLibrary.genericFunctions.GetValueFromExcelSheet(genericFunctions.java:715)
	at TestCases.Regression.taxCalculation.ValuesFromExcelSheet(taxCalculation.java:35)
	at TestCases.Regression.taxCalculation.EnableTaxCalc_Connect_5940(taxCalculation.java:748)
	at TestCases.Regression.taxCalculation.TestCase21_EnableTaxCalc_PrimaryAddress_CountySupportedFor_15Chars(taxCalculation.java:194)
... Removed 25 stack frames</pre></div><a href='#' onClick='toggleBox("stack-trace1419332030", this, "Click to show all stack frames", "Click to hide stack frames")'>Click to show all stack frames</a>
<div class='stack-trace' id='stack-trace1419332030'><pre>com.codoid.products.exception.FilloException: No records found
	at com.codoid.products.fillo.Recordset.&lt;init&gt;(Recordset.java:40)
	at com.codoid.products.fillo.Connection.executeQuery(Connection.java:62)
	at GenericFunctionLibrary.genericFunctions.GetValueFromExcelSheet(genericFunctions.java:715)
	at TestCases.Regression.taxCalculation.ValuesFromExcelSheet(taxCalculation.java:35)
	at TestCases.Regression.taxCalculation.EnableTaxCalc_Connect_5940(taxCalculation.java:748)
	at TestCases.Regression.taxCalculation.TestCase21_EnableTaxCalc_PrimaryAddress_CountySupportedFor_15Chars(taxCalculation.java:194)
	at sun.reflect.NativeMethodAccessorImpl.invoke0(Native Method)
	at sun.reflect.NativeMethodAccessorImpl.invoke(Unknown Source)
	at sun.reflect.DelegatingMethodAccessorImpl.invoke(Unknown Source)
	at java.lang.reflect.Method.invoke(Unknown Source)
	at org.testng.internal.MethodInvocationHelper.invokeMethod(MethodInvocationHelper.java:104)
	at org.testng.internal.Invoker.invokeMethod(Invoker.java:645)
	at org.testng.internal.Invoker.invokeTestMethod(Invoker.java:851)
	at org.testng.internal.Invoker.invokeTestMethods(Invoker.java:1177)
	at org.testng.internal.TestMethodWorker.invokeTestMethods(TestMethodWorker.java:129)
	at org.testng.internal.TestMethodWorker.run(TestMethodWorker.java:112)
	at org.testng.TestRunner.privateRun(TestRunner.java:756)
	at org.testng.TestRunner.run(TestRunner.java:610)
	at org.testng.SuiteRunner.runTest(SuiteRunner.java:387)
	at org.testng.SuiteRunner.runSequentially(SuiteRunner.java:382)
	at org.testng.SuiteRunner.privateRun(SuiteRunner.java:340)
	at org.testng.SuiteRunner.run(SuiteRunner.java:289)
	at org.testng.SuiteRunnerWorker.runSuite(SuiteRunnerWorker.java:52)
	at org.testng.SuiteRunnerWorker.run(SuiteRunnerWorker.java:86)
	at org.testng.TestNG.runSuitesSequentially(TestNG.java:1293)
	at org.testng.TestNG.runSuitesLocally(TestNG.java:1218)
	at org.testng.TestNG.runSuites(TestNG.java:1133)
	at org.testng.TestNG.run(TestNG.java:1104)
	at org.testng.remote.AbstractRemoteTestNG.run(AbstractRemoteTestNG.java:114)
	at org.testng.remote.RemoteTestNG.initAndRun(RemoteTestNG.java:251)
	at org.testng.remote.RemoteTestNG.main(RemoteTestNG.java:77)
</pre></div></td>
<td>0</td>
<td>TestCases.Regression.taxCalculation@304bb45b</td></tr>
<tr>
<td title='TestCases.Regression.taxCalculation.TestCase22_EnableTaxCalc_ACc_OnlyShipToAddressSalesOrder()'><b>TestCase22_EnableTaxCalc_ACc_OnlyShipToAddressSalesOrder</b><br>Test class: TestCases.Regression.taxCalculation<br>Test method: EnableTaxCalc_ACc_OnlyShipToAddress_CAN_SalesOrder</td>
<td><div><pre>com.codoid.products.exception.FilloException: No records found
	at com.codoid.products.fillo.Recordset.&lt;init&gt;(Recordset.java:40)
	at com.codoid.products.fillo.Connection.executeQuery(Connection.java:62)
	at GenericFunctionLibrary.genericFunctions.GetValueFromExcelSheet(genericFunctions.java:715)
	at TestCases.Regression.taxCalculation.ValuesFromExcelSheet(taxCalculation.java:35)
	at TestCases.Regression.taxCalculation.EnableTaxCalc_ACc_Primary(taxCalculation.java:272)
	at TestCases.Regression.taxCalculation.TestCase22_EnableTaxCalc_ACc_OnlyShipToAddressSalesOrder(taxCalculation.java:199)
... Removed 25 stack frames</pre></div><a href='#' onClick='toggleBox("stack-trace1055601039", this, "Click to show all stack frames", "Click to hide stack frames")'>Click to show all stack frames</a>
<div class='stack-trace' id='stack-trace1055601039'><pre>com.codoid.products.exception.FilloException: No records found
	at com.codoid.products.fillo.Recordset.&lt;init&gt;(Recordset.java:40)
	at com.codoid.products.fillo.Connection.executeQuery(Connection.java:62)
	at GenericFunctionLibrary.genericFunctions.GetValueFromExcelSheet(genericFunctions.java:715)
	at TestCases.Regression.taxCalculation.ValuesFromExcelSheet(taxCalculation.java:35)
	at TestCases.Regression.taxCalculation.EnableTaxCalc_ACc_Primary(taxCalculation.java:272)
	at TestCases.Regression.taxCalculation.TestCase22_EnableTaxCalc_ACc_OnlyShipToAddressSalesOrder(taxCalculation.java:199)
	at sun.reflect.NativeMethodAccessorImpl.invoke0(Native Method)
	at sun.reflect.NativeMethodAccessorImpl.invoke(Unknown Source)
	at sun.reflect.DelegatingMethodAccessorImpl.invoke(Unknown Source)
	at java.lang.reflect.Method.invoke(Unknown Source)
	at org.testng.internal.MethodInvocationHelper.invokeMethod(MethodInvocationHelper.java:104)
	at org.testng.internal.Invoker.invokeMethod(Invoker.java:645)
	at org.testng.internal.Invoker.invokeTestMethod(Invoker.java:851)
	at org.testng.internal.Invoker.invokeTestMethods(Invoker.java:1177)
	at org.testng.internal.TestMethodWorker.invokeTestMethods(TestMethodWorker.java:129)
	at org.testng.internal.TestMethodWorker.run(TestMethodWorker.java:112)
	at org.testng.TestRunner.privateRun(TestRunner.java:756)
	at org.testng.TestRunner.run(TestRunner.java:610)
	at org.testng.SuiteRunner.runTest(SuiteRunner.java:387)
	at org.testng.SuiteRunner.runSequentially(SuiteRunner.java:382)
	at org.testng.SuiteRunner.privateRun(SuiteRunner.java:340)
	at org.testng.SuiteRunner.run(SuiteRunner.java:289)
	at org.testng.SuiteRunnerWorker.runSuite(SuiteRunnerWorker.java:52)
	at org.testng.SuiteRunnerWorker.run(SuiteRunnerWorker.java:86)
	at org.testng.TestNG.runSuitesSequentially(TestNG.java:1293)
	at org.testng.TestNG.runSuitesLocally(TestNG.java:1218)
	at org.testng.TestNG.runSuites(TestNG.java:1133)
	at org.testng.TestNG.run(TestNG.java:1104)
	at org.testng.remote.AbstractRemoteTestNG.run(AbstractRemoteTestNG.java:114)
	at org.testng.remote.RemoteTestNG.initAndRun(RemoteTestNG.java:251)
	at org.testng.remote.RemoteTestNG.main(RemoteTestNG.java:77)
</pre></div></td>
<td>0</td>
<td>TestCases.Regression.taxCalculation@304bb45b</td></tr>
<tr>
<td title='TestCases.Regression.taxCalculation.TestCase23_EnableTaxCalc_ACc_OnlyBillToAddressSalesOrder()'><b>TestCase23_EnableTaxCalc_ACc_OnlyBillToAddressSalesOrder</b><br>Test class: TestCases.Regression.taxCalculation<br>Test method: EnableTaxCalc_ACc_OnlyBillToAddressSalesOrder</td>
<td><div><pre>com.codoid.products.exception.FilloException: No records found
	at com.codoid.products.fillo.Recordset.&lt;init&gt;(Recordset.java:40)
	at com.codoid.products.fillo.Connection.executeQuery(Connection.java:62)
	at GenericFunctionLibrary.genericFunctions.GetValueFromExcelSheet(genericFunctions.java:715)
	at TestCases.Regression.taxCalculation.ValuesFromExcelSheet(taxCalculation.java:35)
	at TestCases.Regression.taxCalculation.EnableTaxCalc_ACc_Primary(taxCalculation.java:272)
	at TestCases.Regression.taxCalculation.TestCase23_EnableTaxCalc_ACc_OnlyBillToAddressSalesOrder(taxCalculation.java:204)
... Removed 25 stack frames</pre></div><a href='#' onClick='toggleBox("stack-trace1839206329", this, "Click to show all stack frames", "Click to hide stack frames")'>Click to show all stack frames</a>
<div class='stack-trace' id='stack-trace1839206329'><pre>com.codoid.products.exception.FilloException: No records found
	at com.codoid.products.fillo.Recordset.&lt;init&gt;(Recordset.java:40)
	at com.codoid.products.fillo.Connection.executeQuery(Connection.java:62)
	at GenericFunctionLibrary.genericFunctions.GetValueFromExcelSheet(genericFunctions.java:715)
	at TestCases.Regression.taxCalculation.ValuesFromExcelSheet(taxCalculation.java:35)
	at TestCases.Regression.taxCalculation.EnableTaxCalc_ACc_Primary(taxCalculation.java:272)
	at TestCases.Regression.taxCalculation.TestCase23_EnableTaxCalc_ACc_OnlyBillToAddressSalesOrder(taxCalculation.java:204)
	at sun.reflect.NativeMethodAccessorImpl.invoke0(Native Method)
	at sun.reflect.NativeMethodAccessorImpl.invoke(Unknown Source)
	at sun.reflect.DelegatingMethodAccessorImpl.invoke(Unknown Source)
	at java.lang.reflect.Method.invoke(Unknown Source)
	at org.testng.internal.MethodInvocationHelper.invokeMethod(MethodInvocationHelper.java:104)
	at org.testng.internal.Invoker.invokeMethod(Invoker.java:645)
	at org.testng.internal.Invoker.invokeTestMethod(Invoker.java:851)
	at org.testng.internal.Invoker.invokeTestMethods(Invoker.java:1177)
	at org.testng.internal.TestMethodWorker.invokeTestMethods(TestMethodWorker.java:129)
	at org.testng.internal.TestMethodWorker.run(TestMethodWorker.java:112)
	at org.testng.TestRunner.privateRun(TestRunner.java:756)
	at org.testng.TestRunner.run(TestRunner.java:610)
	at org.testng.SuiteRunner.runTest(SuiteRunner.java:387)
	at org.testng.SuiteRunner.runSequentially(SuiteRunner.java:382)
	at org.testng.SuiteRunner.privateRun(SuiteRunner.java:340)
	at org.testng.SuiteRunner.run(SuiteRunner.java:289)
	at org.testng.SuiteRunnerWorker.runSuite(SuiteRunnerWorker.java:52)
	at org.testng.SuiteRunnerWorker.run(SuiteRunnerWorker.java:86)
	at org.testng.TestNG.runSuitesSequentially(TestNG.java:1293)
	at org.testng.TestNG.runSuitesLocally(TestNG.java:1218)
	at org.testng.TestNG.runSuites(TestNG.java:1133)
	at org.testng.TestNG.run(TestNG.java:1104)
	at org.testng.remote.AbstractRemoteTestNG.run(AbstractRemoteTestNG.java:114)
	at org.testng.remote.RemoteTestNG.initAndRun(RemoteTestNG.java:251)
	at org.testng.remote.RemoteTestNG.main(RemoteTestNG.java:77)
</pre></div></td>
<td>0</td>
<td>TestCases.Regression.taxCalculation@304bb45b</td></tr>
<tr>
<td title='TestCases.Regression.taxCalculation.TestCase24_EnableTaxCalc_ACc_OnlyShipToAddressUncommit()'><b>TestCase24_EnableTaxCalc_ACc_OnlyShipToAddressUncommit</b><br>Test class: TestCases.Regression.taxCalculation<br>Test method: TestCase24(EnableTaxCalc_ACc_OnlyShipToAddressUncommit)</td>
<td><div><pre>com.codoid.products.exception.FilloException: No records found
	at com.codoid.products.fillo.Recordset.&lt;init&gt;(Recordset.java:40)
	at com.codoid.products.fillo.Connection.executeQuery(Connection.java:62)
	at GenericFunctionLibrary.genericFunctions.GetValueFromExcelSheet(genericFunctions.java:715)
	at TestCases.Regression.taxCalculation.ValuesFromExcelSheet(taxCalculation.java:35)
	at TestCases.Regression.taxCalculation.EnableTaxCalc_ACc_Primary(taxCalculation.java:272)
	at TestCases.Regression.taxCalculation.TestCase24_EnableTaxCalc_ACc_OnlyShipToAddressUncommit(taxCalculation.java:209)
... Removed 25 stack frames</pre></div><a href='#' onClick='toggleBox("stack-trace1974622245", this, "Click to show all stack frames", "Click to hide stack frames")'>Click to show all stack frames</a>
<div class='stack-trace' id='stack-trace1974622245'><pre>com.codoid.products.exception.FilloException: No records found
	at com.codoid.products.fillo.Recordset.&lt;init&gt;(Recordset.java:40)
	at com.codoid.products.fillo.Connection.executeQuery(Connection.java:62)
	at GenericFunctionLibrary.genericFunctions.GetValueFromExcelSheet(genericFunctions.java:715)
	at TestCases.Regression.taxCalculation.ValuesFromExcelSheet(taxCalculation.java:35)
	at TestCases.Regression.taxCalculation.EnableTaxCalc_ACc_Primary(taxCalculation.java:272)
	at TestCases.Regression.taxCalculation.TestCase24_EnableTaxCalc_ACc_OnlyShipToAddressUncommit(taxCalculation.java:209)
	at sun.reflect.NativeMethodAccessorImpl.invoke0(Native Method)
	at sun.reflect.NativeMethodAccessorImpl.invoke(Unknown Source)
	at sun.reflect.DelegatingMethodAccessorImpl.invoke(Unknown Source)
	at java.lang.reflect.Method.invoke(Unknown Source)
	at org.testng.internal.MethodInvocationHelper.invokeMethod(MethodInvocationHelper.java:104)
	at org.testng.internal.Invoker.invokeMethod(Invoker.java:645)
	at org.testng.internal.Invoker.invokeTestMethod(Invoker.java:851)
	at org.testng.internal.Invoker.invokeTestMethods(Invoker.java:1177)
	at org.testng.internal.TestMethodWorker.invokeTestMethods(TestMethodWorker.java:129)
	at org.testng.internal.TestMethodWorker.run(TestMethodWorker.java:112)
	at org.testng.TestRunner.privateRun(TestRunner.java:756)
	at org.testng.TestRunner.run(TestRunner.java:610)
	at org.testng.SuiteRunner.runTest(SuiteRunner.java:387)
	at org.testng.SuiteRunner.runSequentially(SuiteRunner.java:382)
	at org.testng.SuiteRunner.privateRun(SuiteRunner.java:340)
	at org.testng.SuiteRunner.run(SuiteRunner.java:289)
	at org.testng.SuiteRunnerWorker.runSuite(SuiteRunnerWorker.java:52)
	at org.testng.SuiteRunnerWorker.run(SuiteRunnerWorker.java:86)
	at org.testng.TestNG.runSuitesSequentially(TestNG.java:1293)
	at org.testng.TestNG.runSuitesLocally(TestNG.java:1218)
	at org.testng.TestNG.runSuites(TestNG.java:1133)
	at org.testng.TestNG.run(TestNG.java:1104)
	at org.testng.remote.AbstractRemoteTestNG.run(AbstractRemoteTestNG.java:114)
	at org.testng.remote.RemoteTestNG.initAndRun(RemoteTestNG.java:251)
	at org.testng.remote.RemoteTestNG.main(RemoteTestNG.java:77)
</pre></div></td>
<td>0</td>
<td>TestCases.Regression.taxCalculation@304bb45b</td></tr>
<tr>
<td title='TestCases.Regression.taxCalculation.TestCase25_EnableTaxCalc_ACc_OnlyBillToAddressUncommit()'><b>TestCase25_EnableTaxCalc_ACc_OnlyBillToAddressUncommit</b><br>Test class: TestCases.Regression.taxCalculation<br>Test method: EnableTaxCalc_ACc_OnlyBillToAddress_CAN_Uncommit</td>
<td><div><pre>com.codoid.products.exception.FilloException: No records found
	at com.codoid.products.fillo.Recordset.&lt;init&gt;(Recordset.java:40)
	at com.codoid.products.fillo.Connection.executeQuery(Connection.java:62)
	at GenericFunctionLibrary.genericFunctions.GetValueFromExcelSheet(genericFunctions.java:715)
	at TestCases.Regression.taxCalculation.ValuesFromExcelSheet(taxCalculation.java:35)
	at TestCases.Regression.taxCalculation.EnableTaxCalc_ACc_Primary(taxCalculation.java:272)
	at TestCases.Regression.taxCalculation.TestCase25_EnableTaxCalc_ACc_OnlyBillToAddressUncommit(taxCalculation.java:214)
... Removed 25 stack frames</pre></div><a href='#' onClick='toggleBox("stack-trace977160959", this, "Click to show all stack frames", "Click to hide stack frames")'>Click to show all stack frames</a>
<div class='stack-trace' id='stack-trace977160959'><pre>com.codoid.products.exception.FilloException: No records found
	at com.codoid.products.fillo.Recordset.&lt;init&gt;(Recordset.java:40)
	at com.codoid.products.fillo.Connection.executeQuery(Connection.java:62)
	at GenericFunctionLibrary.genericFunctions.GetValueFromExcelSheet(genericFunctions.java:715)
	at TestCases.Regression.taxCalculation.ValuesFromExcelSheet(taxCalculation.java:35)
	at TestCases.Regression.taxCalculation.EnableTaxCalc_ACc_Primary(taxCalculation.java:272)
	at TestCases.Regression.taxCalculation.TestCase25_EnableTaxCalc_ACc_OnlyBillToAddressUncommit(taxCalculation.java:214)
	at sun.reflect.NativeMethodAccessorImpl.invoke0(Native Method)
	at sun.reflect.NativeMethodAccessorImpl.invoke(Unknown Source)
	at sun.reflect.DelegatingMethodAccessorImpl.invoke(Unknown Source)
	at java.lang.reflect.Method.invoke(Unknown Source)
	at org.testng.internal.MethodInvocationHelper.invokeMethod(MethodInvocationHelper.java:104)
	at org.testng.internal.Invoker.invokeMethod(Invoker.java:645)
	at org.testng.internal.Invoker.invokeTestMethod(Invoker.java:851)
	at org.testng.internal.Invoker.invokeTestMethods(Invoker.java:1177)
	at org.testng.internal.TestMethodWorker.invokeTestMethods(TestMethodWorker.java:129)
	at org.testng.internal.TestMethodWorker.run(TestMethodWorker.java:112)
	at org.testng.TestRunner.privateRun(TestRunner.java:756)
	at org.testng.TestRunner.run(TestRunner.java:610)
	at org.testng.SuiteRunner.runTest(SuiteRunner.java:387)
	at org.testng.SuiteRunner.runSequentially(SuiteRunner.java:382)
	at org.testng.SuiteRunner.privateRun(SuiteRunner.java:340)
	at org.testng.SuiteRunner.run(SuiteRunner.java:289)
	at org.testng.SuiteRunnerWorker.runSuite(SuiteRunnerWorker.java:52)
	at org.testng.SuiteRunnerWorker.run(SuiteRunnerWorker.java:86)
	at org.testng.TestNG.runSuitesSequentially(TestNG.java:1293)
	at org.testng.TestNG.runSuitesLocally(TestNG.java:1218)
	at org.testng.TestNG.runSuites(TestNG.java:1133)
	at org.testng.TestNG.run(TestNG.java:1104)
	at org.testng.remote.AbstractRemoteTestNG.run(AbstractRemoteTestNG.java:114)
	at org.testng.remote.RemoteTestNG.initAndRun(RemoteTestNG.java:251)
	at org.testng.remote.RemoteTestNG.main(RemoteTestNG.java:77)
</pre></div></td>
<td>0</td>
<td>TestCases.Regression.taxCalculation@304bb45b</td></tr>
<tr>
<td title='TestCases.Regression.taxCalculation.TestCase26_EnableTaxCalc_ProductWithDescGreaterThan2048Char()'><b>TestCase26_EnableTaxCalc_ProductWithDescGreaterThan2048Char</b><br>Test class: TestCases.Regression.taxCalculation<br>Test method: EnableTaxCalc_ProductWithDescGreaterThan2048Char</td>
<td><div><pre>com.codoid.products.exception.FilloException: No records found
	at com.codoid.products.fillo.Recordset.&lt;init&gt;(Recordset.java:40)
	at com.codoid.products.fillo.Connection.executeQuery(Connection.java:62)
	at GenericFunctionLibrary.genericFunctions.GetValueFromExcelSheet(genericFunctions.java:715)
	at TestCases.Regression.taxCalculation.ValuesFromExcelSheet(taxCalculation.java:35)
	at TestCases.Regression.taxCalculation.EnableTaxCalc_ACc_Primary(taxCalculation.java:272)
	at TestCases.Regression.taxCalculation.TestCase26_EnableTaxCalc_ProductWithDescGreaterThan2048Char(taxCalculation.java:219)
... Removed 25 stack frames</pre></div><a href='#' onClick='toggleBox("stack-trace1057507014", this, "Click to show all stack frames", "Click to hide stack frames")'>Click to show all stack frames</a>
<div class='stack-trace' id='stack-trace1057507014'><pre>com.codoid.products.exception.FilloException: No records found
	at com.codoid.products.fillo.Recordset.&lt;init&gt;(Recordset.java:40)
	at com.codoid.products.fillo.Connection.executeQuery(Connection.java:62)
	at GenericFunctionLibrary.genericFunctions.GetValueFromExcelSheet(genericFunctions.java:715)
	at TestCases.Regression.taxCalculation.ValuesFromExcelSheet(taxCalculation.java:35)
	at TestCases.Regression.taxCalculation.EnableTaxCalc_ACc_Primary(taxCalculation.java:272)
	at TestCases.Regression.taxCalculation.TestCase26_EnableTaxCalc_ProductWithDescGreaterThan2048Char(taxCalculation.java:219)
	at sun.reflect.NativeMethodAccessorImpl.invoke0(Native Method)
	at sun.reflect.NativeMethodAccessorImpl.invoke(Unknown Source)
	at sun.reflect.DelegatingMethodAccessorImpl.invoke(Unknown Source)
	at java.lang.reflect.Method.invoke(Unknown Source)
	at org.testng.internal.MethodInvocationHelper.invokeMethod(MethodInvocationHelper.java:104)
	at org.testng.internal.Invoker.invokeMethod(Invoker.java:645)
	at org.testng.internal.Invoker.invokeTestMethod(Invoker.java:851)
	at org.testng.internal.Invoker.invokeTestMethods(Invoker.java:1177)
	at org.testng.internal.TestMethodWorker.invokeTestMethods(TestMethodWorker.java:129)
	at org.testng.internal.TestMethodWorker.run(TestMethodWorker.java:112)
	at org.testng.TestRunner.privateRun(TestRunner.java:756)
	at org.testng.TestRunner.run(TestRunner.java:610)
	at org.testng.SuiteRunner.runTest(SuiteRunner.java:387)
	at org.testng.SuiteRunner.runSequentially(SuiteRunner.java:382)
	at org.testng.SuiteRunner.privateRun(SuiteRunner.java:340)
	at org.testng.SuiteRunner.run(SuiteRunner.java:289)
	at org.testng.SuiteRunnerWorker.runSuite(SuiteRunnerWorker.java:52)
	at org.testng.SuiteRunnerWorker.run(SuiteRunnerWorker.java:86)
	at org.testng.TestNG.runSuitesSequentially(TestNG.java:1293)
	at org.testng.TestNG.runSuitesLocally(TestNG.java:1218)
	at org.testng.TestNG.runSuites(TestNG.java:1133)
	at org.testng.TestNG.run(TestNG.java:1104)
	at org.testng.remote.AbstractRemoteTestNG.run(AbstractRemoteTestNG.java:114)
	at org.testng.remote.RemoteTestNG.initAndRun(RemoteTestNG.java:251)
	at org.testng.remote.RemoteTestNG.main(RemoteTestNG.java:77)
</pre></div></td>
<td>0</td>
<td>TestCases.Regression.taxCalculation@304bb45b</td></tr>
<tr>
<td title='TestCases.Regression.taxCalculation.TestCase27_EnableTaxCalc_ProductCodeGreaterThan60Char()'><b>TestCase27_EnableTaxCalc_ProductCodeGreaterThan60Char</b><br>Test class: TestCases.Regression.taxCalculation<br>Test method: ProductCodeGreaterThan60Char</td>
<td><div><pre>com.codoid.products.exception.FilloException: No records found
	at com.codoid.products.fillo.Recordset.&lt;init&gt;(Recordset.java:40)
	at com.codoid.products.fillo.Connection.executeQuery(Connection.java:62)
	at GenericFunctionLibrary.genericFunctions.GetValueFromExcelSheet(genericFunctions.java:715)
	at TestCases.Regression.taxCalculation.ValuesFromExcelSheet(taxCalculation.java:35)
	at TestCases.Regression.taxCalculation.EnableTaxCalc_ACc_Primary(taxCalculation.java:272)
	at TestCases.Regression.taxCalculation.TestCase27_EnableTaxCalc_ProductCodeGreaterThan60Char(taxCalculation.java:224)
... Removed 25 stack frames</pre></div><a href='#' onClick='toggleBox("stack-trace65080774", this, "Click to show all stack frames", "Click to hide stack frames")'>Click to show all stack frames</a>
<div class='stack-trace' id='stack-trace65080774'><pre>com.codoid.products.exception.FilloException: No records found
	at com.codoid.products.fillo.Recordset.&lt;init&gt;(Recordset.java:40)
	at com.codoid.products.fillo.Connection.executeQuery(Connection.java:62)
	at GenericFunctionLibrary.genericFunctions.GetValueFromExcelSheet(genericFunctions.java:715)
	at TestCases.Regression.taxCalculation.ValuesFromExcelSheet(taxCalculation.java:35)
	at TestCases.Regression.taxCalculation.EnableTaxCalc_ACc_Primary(taxCalculation.java:272)
	at TestCases.Regression.taxCalculation.TestCase27_EnableTaxCalc_ProductCodeGreaterThan60Char(taxCalculation.java:224)
	at sun.reflect.NativeMethodAccessorImpl.invoke0(Native Method)
	at sun.reflect.NativeMethodAccessorImpl.invoke(Unknown Source)
	at sun.reflect.DelegatingMethodAccessorImpl.invoke(Unknown Source)
	at java.lang.reflect.Method.invoke(Unknown Source)
	at org.testng.internal.MethodInvocationHelper.invokeMethod(MethodInvocationHelper.java:104)
	at org.testng.internal.Invoker.invokeMethod(Invoker.java:645)
	at org.testng.internal.Invoker.invokeTestMethod(Invoker.java:851)
	at org.testng.internal.Invoker.invokeTestMethods(Invoker.java:1177)
	at org.testng.internal.TestMethodWorker.invokeTestMethods(TestMethodWorker.java:129)
	at org.testng.internal.TestMethodWorker.run(TestMethodWorker.java:112)
	at org.testng.TestRunner.privateRun(TestRunner.java:756)
	at org.testng.TestRunner.run(TestRunner.java:610)
	at org.testng.SuiteRunner.runTest(SuiteRunner.java:387)
	at org.testng.SuiteRunner.runSequentially(SuiteRunner.java:382)
	at org.testng.SuiteRunner.privateRun(SuiteRunner.java:340)
	at org.testng.SuiteRunner.run(SuiteRunner.java:289)
	at org.testng.SuiteRunnerWorker.runSuite(SuiteRunnerWorker.java:52)
	at org.testng.SuiteRunnerWorker.run(SuiteRunnerWorker.java:86)
	at org.testng.TestNG.runSuitesSequentially(TestNG.java:1293)
	at org.testng.TestNG.runSuitesLocally(TestNG.java:1218)
	at org.testng.TestNG.runSuites(TestNG.java:1133)
	at org.testng.TestNG.run(TestNG.java:1104)
	at org.testng.remote.AbstractRemoteTestNG.run(AbstractRemoteTestNG.java:114)
	at org.testng.remote.RemoteTestNG.initAndRun(RemoteTestNG.java:251)
	at org.testng.remote.RemoteTestNG.main(RemoteTestNG.java:77)
</pre></div></td>
<td>0</td>
<td>TestCases.Regression.taxCalculation@304bb45b</td></tr>
<tr>
<td title='TestCases.Regression.taxCalculation.TestCase28_EnableTaxCalc_No_ACc_No_Contact_AddressError()'><b>TestCase28_EnableTaxCalc_No_ACc_No_Contact_AddressError</b><br>Test class: TestCases.Regression.taxCalculation<br>Test method: No Contact No ACc address and Address validation error</td>
<td><div><pre>com.codoid.products.exception.FilloException: No records found
	at com.codoid.products.fillo.Recordset.&lt;init&gt;(Recordset.java:40)
	at com.codoid.products.fillo.Connection.executeQuery(Connection.java:62)
	at GenericFunctionLibrary.genericFunctions.GetValueFromExcelSheet(genericFunctions.java:715)
	at TestCases.Regression.taxCalculation.ValuesFromExcelSheet(taxCalculation.java:35)
	at TestCases.Regression.taxCalculation.EnableTaxCalc_ErroValidation(taxCalculation.java:1010)
	at TestCases.Regression.taxCalculation.TestCase28_EnableTaxCalc_No_ACc_No_Contact_AddressError(taxCalculation.java:229)
... Removed 25 stack frames</pre></div><a href='#' onClick='toggleBox("stack-trace1648700617", this, "Click to show all stack frames", "Click to hide stack frames")'>Click to show all stack frames</a>
<div class='stack-trace' id='stack-trace1648700617'><pre>com.codoid.products.exception.FilloException: No records found
	at com.codoid.products.fillo.Recordset.&lt;init&gt;(Recordset.java:40)
	at com.codoid.products.fillo.Connection.executeQuery(Connection.java:62)
	at GenericFunctionLibrary.genericFunctions.GetValueFromExcelSheet(genericFunctions.java:715)
	at TestCases.Regression.taxCalculation.ValuesFromExcelSheet(taxCalculation.java:35)
	at TestCases.Regression.taxCalculation.EnableTaxCalc_ErroValidation(taxCalculation.java:1010)
	at TestCases.Regression.taxCalculation.TestCase28_EnableTaxCalc_No_ACc_No_Contact_AddressError(taxCalculation.java:229)
	at sun.reflect.NativeMethodAccessorImpl.invoke0(Native Method)
	at sun.reflect.NativeMethodAccessorImpl.invoke(Unknown Source)
	at sun.reflect.DelegatingMethodAccessorImpl.invoke(Unknown Source)
	at java.lang.reflect.Method.invoke(Unknown Source)
	at org.testng.internal.MethodInvocationHelper.invokeMethod(MethodInvocationHelper.java:104)
	at org.testng.internal.Invoker.invokeMethod(Invoker.java:645)
	at org.testng.internal.Invoker.invokeTestMethod(Invoker.java:851)
	at org.testng.internal.Invoker.invokeTestMethods(Invoker.java:1177)
	at org.testng.internal.TestMethodWorker.invokeTestMethods(TestMethodWorker.java:129)
	at org.testng.internal.TestMethodWorker.run(TestMethodWorker.java:112)
	at org.testng.TestRunner.privateRun(TestRunner.java:756)
	at org.testng.TestRunner.run(TestRunner.java:610)
	at org.testng.SuiteRunner.runTest(SuiteRunner.java:387)
	at org.testng.SuiteRunner.runSequentially(SuiteRunner.java:382)
	at org.testng.SuiteRunner.privateRun(SuiteRunner.java:340)
	at org.testng.SuiteRunner.run(SuiteRunner.java:289)
	at org.testng.SuiteRunnerWorker.runSuite(SuiteRunnerWorker.java:52)
	at org.testng.SuiteRunnerWorker.run(SuiteRunnerWorker.java:86)
	at org.testng.TestNG.runSuitesSequentially(TestNG.java:1293)
	at org.testng.TestNG.runSuitesLocally(TestNG.java:1218)
	at org.testng.TestNG.runSuites(TestNG.java:1133)
	at org.testng.TestNG.run(TestNG.java:1104)
	at org.testng.remote.AbstractRemoteTestNG.run(AbstractRemoteTestNG.java:114)
	at org.testng.remote.RemoteTestNG.initAndRun(RemoteTestNG.java:251)
	at org.testng.remote.RemoteTestNG.main(RemoteTestNG.java:77)
</pre></div></td>
<td>0</td>
<td>TestCases.Regression.taxCalculation@304bb45b</td></tr>
<tr>
<td title='TestCases.Regression.taxCalculation.TestCase29_EnableTaxCalc_ACcNon_NorthAmericaAddressBillTo()'><b>TestCase29_EnableTaxCalc_ACcNon_NorthAmericaAddressBillTo</b><br>Test class: TestCases.Regression.taxCalculation<br>Test method: ACcNon_NorthAmericaAddress</td>
<td><div><pre>com.codoid.products.exception.FilloException: No records found
	at com.codoid.products.fillo.Recordset.&lt;init&gt;(Recordset.java:40)
	at com.codoid.products.fillo.Connection.executeQuery(Connection.java:62)
	at GenericFunctionLibrary.genericFunctions.GetValueFromExcelSheet(genericFunctions.java:715)
	at TestCases.Regression.taxCalculation.ValuesFromExcelSheet(taxCalculation.java:35)
	at TestCases.Regression.taxCalculation.EnableTaxCalc_NonNorthAmerricaAddress(taxCalculation.java:1091)
	at TestCases.Regression.taxCalculation.TestCase29_EnableTaxCalc_ACcNon_NorthAmericaAddressBillTo(taxCalculation.java:235)
... Removed 25 stack frames</pre></div><a href='#' onClick='toggleBox("stack-trace1539947037", this, "Click to show all stack frames", "Click to hide stack frames")'>Click to show all stack frames</a>
<div class='stack-trace' id='stack-trace1539947037'><pre>com.codoid.products.exception.FilloException: No records found
	at com.codoid.products.fillo.Recordset.&lt;init&gt;(Recordset.java:40)
	at com.codoid.products.fillo.Connection.executeQuery(Connection.java:62)
	at GenericFunctionLibrary.genericFunctions.GetValueFromExcelSheet(genericFunctions.java:715)
	at TestCases.Regression.taxCalculation.ValuesFromExcelSheet(taxCalculation.java:35)
	at TestCases.Regression.taxCalculation.EnableTaxCalc_NonNorthAmerricaAddress(taxCalculation.java:1091)
	at TestCases.Regression.taxCalculation.TestCase29_EnableTaxCalc_ACcNon_NorthAmericaAddressBillTo(taxCalculation.java:235)
	at sun.reflect.NativeMethodAccessorImpl.invoke0(Native Method)
	at sun.reflect.NativeMethodAccessorImpl.invoke(Unknown Source)
	at sun.reflect.DelegatingMethodAccessorImpl.invoke(Unknown Source)
	at java.lang.reflect.Method.invoke(Unknown Source)
	at org.testng.internal.MethodInvocationHelper.invokeMethod(MethodInvocationHelper.java:104)
	at org.testng.internal.Invoker.invokeMethod(Invoker.java:645)
	at org.testng.internal.Invoker.invokeTestMethod(Invoker.java:851)
	at org.testng.internal.Invoker.invokeTestMethods(Invoker.java:1177)
	at org.testng.internal.TestMethodWorker.invokeTestMethods(TestMethodWorker.java:129)
	at org.testng.internal.TestMethodWorker.run(TestMethodWorker.java:112)
	at org.testng.TestRunner.privateRun(TestRunner.java:756)
	at org.testng.TestRunner.run(TestRunner.java:610)
	at org.testng.SuiteRunner.runTest(SuiteRunner.java:387)
	at org.testng.SuiteRunner.runSequentially(SuiteRunner.java:382)
	at org.testng.SuiteRunner.privateRun(SuiteRunner.java:340)
	at org.testng.SuiteRunner.run(SuiteRunner.java:289)
	at org.testng.SuiteRunnerWorker.runSuite(SuiteRunnerWorker.java:52)
	at org.testng.SuiteRunnerWorker.run(SuiteRunnerWorker.java:86)
	at org.testng.TestNG.runSuitesSequentially(TestNG.java:1293)
	at org.testng.TestNG.runSuitesLocally(TestNG.java:1218)
	at org.testng.TestNG.runSuites(TestNG.java:1133)
	at org.testng.TestNG.run(TestNG.java:1104)
	at org.testng.remote.AbstractRemoteTestNG.run(AbstractRemoteTestNG.java:114)
	at org.testng.remote.RemoteTestNG.initAndRun(RemoteTestNG.java:251)
	at org.testng.remote.RemoteTestNG.main(RemoteTestNG.java:77)
</pre></div></td>
<td>0</td>
<td>TestCases.Regression.taxCalculation@304bb45b</td></tr>
<tr>
<td title='TestCases.Regression.taxCalculation.TestCase2_EnableTaxCalc_ACc_PrimaryBillToAddressSalesOrde()'><b>TestCase2_EnableTaxCalc_ACc_PrimaryBillToAddressSalesOrde</b><br>Test class: TestCases.Regression.taxCalculation<br>Test method: EnableTaxCalc_ACc_PrimaryBillToAddress_DenverCity_SalesOrde</td>
<td><div><pre>com.codoid.products.exception.FilloException: No records found
	at com.codoid.products.fillo.Recordset.&lt;init&gt;(Recordset.java:40)
	at com.codoid.products.fillo.Connection.executeQuery(Connection.java:62)
	at GenericFunctionLibrary.genericFunctions.GetValueFromExcelSheet(genericFunctions.java:715)
	at TestCases.Regression.taxCalculation.ValuesFromExcelSheet(taxCalculation.java:35)
	at TestCases.Regression.taxCalculation.EnableTaxCalc_ACc_Primary(taxCalculation.java:272)
	at TestCases.Regression.taxCalculation.TestCase2_EnableTaxCalc_ACc_PrimaryBillToAddressSalesOrde(taxCalculation.java:97)
... Removed 25 stack frames</pre></div><a href='#' onClick='toggleBox("stack-trace1586151649", this, "Click to show all stack frames", "Click to hide stack frames")'>Click to show all stack frames</a>
<div class='stack-trace' id='stack-trace1586151649'><pre>com.codoid.products.exception.FilloException: No records found
	at com.codoid.products.fillo.Recordset.&lt;init&gt;(Recordset.java:40)
	at com.codoid.products.fillo.Connection.executeQuery(Connection.java:62)
	at GenericFunctionLibrary.genericFunctions.GetValueFromExcelSheet(genericFunctions.java:715)
	at TestCases.Regression.taxCalculation.ValuesFromExcelSheet(taxCalculation.java:35)
	at TestCases.Regression.taxCalculation.EnableTaxCalc_ACc_Primary(taxCalculation.java:272)
	at TestCases.Regression.taxCalculation.TestCase2_EnableTaxCalc_ACc_PrimaryBillToAddressSalesOrde(taxCalculation.java:97)
	at sun.reflect.NativeMethodAccessorImpl.invoke0(Native Method)
	at sun.reflect.NativeMethodAccessorImpl.invoke(Unknown Source)
	at sun.reflect.DelegatingMethodAccessorImpl.invoke(Unknown Source)
	at java.lang.reflect.Method.invoke(Unknown Source)
	at org.testng.internal.MethodInvocationHelper.invokeMethod(MethodInvocationHelper.java:104)
	at org.testng.internal.Invoker.invokeMethod(Invoker.java:645)
	at org.testng.internal.Invoker.invokeTestMethod(Invoker.java:851)
	at org.testng.internal.Invoker.invokeTestMethods(Invoker.java:1177)
	at org.testng.internal.TestMethodWorker.invokeTestMethods(TestMethodWorker.java:129)
	at org.testng.internal.TestMethodWorker.run(TestMethodWorker.java:112)
	at org.testng.TestRunner.privateRun(TestRunner.java:756)
	at org.testng.TestRunner.run(TestRunner.java:610)
	at org.testng.SuiteRunner.runTest(SuiteRunner.java:387)
	at org.testng.SuiteRunner.runSequentially(SuiteRunner.java:382)
	at org.testng.SuiteRunner.privateRun(SuiteRunner.java:340)
	at org.testng.SuiteRunner.run(SuiteRunner.java:289)
	at org.testng.SuiteRunnerWorker.runSuite(SuiteRunnerWorker.java:52)
	at org.testng.SuiteRunnerWorker.run(SuiteRunnerWorker.java:86)
	at org.testng.TestNG.runSuitesSequentially(TestNG.java:1293)
	at org.testng.TestNG.runSuitesLocally(TestNG.java:1218)
	at org.testng.TestNG.runSuites(TestNG.java:1133)
	at org.testng.TestNG.run(TestNG.java:1104)
	at org.testng.remote.AbstractRemoteTestNG.run(AbstractRemoteTestNG.java:114)
	at org.testng.remote.RemoteTestNG.initAndRun(RemoteTestNG.java:251)
	at org.testng.remote.RemoteTestNG.main(RemoteTestNG.java:77)
</pre></div></td>
<td>0</td>
<td>TestCases.Regression.taxCalculation@304bb45b</td></tr>
<tr>
<td title='TestCases.Regression.taxCalculation.TestCase30_EnableTaxCalc_ACcNon_NorthAmericaAddressShipTo()'><b>TestCase30_EnableTaxCalc_ACcNon_NorthAmericaAddressShipTo</b><br>Test class: TestCases.Regression.taxCalculation<br>Test method: ACcNon_NorthAmericaAddress</td>
<td><div><pre>com.codoid.products.exception.FilloException: No records found
	at com.codoid.products.fillo.Recordset.&lt;init&gt;(Recordset.java:40)
	at com.codoid.products.fillo.Connection.executeQuery(Connection.java:62)
	at GenericFunctionLibrary.genericFunctions.GetValueFromExcelSheet(genericFunctions.java:715)
	at TestCases.Regression.taxCalculation.ValuesFromExcelSheet(taxCalculation.java:35)
	at TestCases.Regression.taxCalculation.EnableTaxCalc_NonNorthAmerricaAddress(taxCalculation.java:1091)
	at TestCases.Regression.taxCalculation.TestCase30_EnableTaxCalc_ACcNon_NorthAmericaAddressShipTo(taxCalculation.java:240)
... Removed 25 stack frames</pre></div><a href='#' onClick='toggleBox("stack-trace1217312754", this, "Click to show all stack frames", "Click to hide stack frames")'>Click to show all stack frames</a>
<div class='stack-trace' id='stack-trace1217312754'><pre>com.codoid.products.exception.FilloException: No records found
	at com.codoid.products.fillo.Recordset.&lt;init&gt;(Recordset.java:40)
	at com.codoid.products.fillo.Connection.executeQuery(Connection.java:62)
	at GenericFunctionLibrary.genericFunctions.GetValueFromExcelSheet(genericFunctions.java:715)
	at TestCases.Regression.taxCalculation.ValuesFromExcelSheet(taxCalculation.java:35)
	at TestCases.Regression.taxCalculation.EnableTaxCalc_NonNorthAmerricaAddress(taxCalculation.java:1091)
	at TestCases.Regression.taxCalculation.TestCase30_EnableTaxCalc_ACcNon_NorthAmericaAddressShipTo(taxCalculation.java:240)
	at sun.reflect.NativeMethodAccessorImpl.invoke0(Native Method)
	at sun.reflect.NativeMethodAccessorImpl.invoke(Unknown Source)
	at sun.reflect.DelegatingMethodAccessorImpl.invoke(Unknown Source)
	at java.lang.reflect.Method.invoke(Unknown Source)
	at org.testng.internal.MethodInvocationHelper.invokeMethod(MethodInvocationHelper.java:104)
	at org.testng.internal.Invoker.invokeMethod(Invoker.java:645)
	at org.testng.internal.Invoker.invokeTestMethod(Invoker.java:851)
	at org.testng.internal.Invoker.invokeTestMethods(Invoker.java:1177)
	at org.testng.internal.TestMethodWorker.invokeTestMethods(TestMethodWorker.java:129)
	at org.testng.internal.TestMethodWorker.run(TestMethodWorker.java:112)
	at org.testng.TestRunner.privateRun(TestRunner.java:756)
	at org.testng.TestRunner.run(TestRunner.java:610)
	at org.testng.SuiteRunner.runTest(SuiteRunner.java:387)
	at org.testng.SuiteRunner.runSequentially(SuiteRunner.java:382)
	at org.testng.SuiteRunner.privateRun(SuiteRunner.java:340)
	at org.testng.SuiteRunner.run(SuiteRunner.java:289)
	at org.testng.SuiteRunnerWorker.runSuite(SuiteRunnerWorker.java:52)
	at org.testng.SuiteRunnerWorker.run(SuiteRunnerWorker.java:86)
	at org.testng.TestNG.runSuitesSequentially(TestNG.java:1293)
	at org.testng.TestNG.runSuitesLocally(TestNG.java:1218)
	at org.testng.TestNG.runSuites(TestNG.java:1133)
	at org.testng.TestNG.run(TestNG.java:1104)
	at org.testng.remote.AbstractRemoteTestNG.run(AbstractRemoteTestNG.java:114)
	at org.testng.remote.RemoteTestNG.initAndRun(RemoteTestNG.java:251)
	at org.testng.remote.RemoteTestNG.main(RemoteTestNG.java:77)
</pre></div></td>
<td>0</td>
<td>TestCases.Regression.taxCalculation@304bb45b</td></tr>
<tr>
<td title='TestCases.Regression.taxCalculation.TestCase31_EnableTaxCalc_ACcNumber_Yes_UseACcNameForCustIdentification_Yes()'><b>TestCase31_EnableTaxCalc_ACcNumber_Yes_UseACcNameForCustIdentification_Yes</b><br>Test class: TestCases.Regression.taxCalculation<br>Test method: Use ACc Name for Cust Identification</td>
<td><div><pre>com.codoid.products.exception.FilloException: No records found
	at com.codoid.products.fillo.Recordset.&lt;init&gt;(Recordset.java:40)
	at com.codoid.products.fillo.Connection.executeQuery(Connection.java:62)
	at GenericFunctionLibrary.genericFunctions.GetValueFromExcelSheet(genericFunctions.java:715)
	at TestCases.Regression.taxCalculation.ValuesFromExcelSheet(taxCalculation.java:35)
	at TestCases.Regression.taxCalculation.EnableTaxCalc_ACcNumber_UseACcNameForCustIdentification(taxCalculation.java:828)
	at TestCases.Regression.taxCalculation.TestCase31_EnableTaxCalc_ACcNumber_Yes_UseACcNameForCustIdentification_Yes(taxCalculation.java:245)
... Removed 25 stack frames</pre></div><a href='#' onClick='toggleBox("stack-trace66724371", this, "Click to show all stack frames", "Click to hide stack frames")'>Click to show all stack frames</a>
<div class='stack-trace' id='stack-trace66724371'><pre>com.codoid.products.exception.FilloException: No records found
	at com.codoid.products.fillo.Recordset.&lt;init&gt;(Recordset.java:40)
	at com.codoid.products.fillo.Connection.executeQuery(Connection.java:62)
	at GenericFunctionLibrary.genericFunctions.GetValueFromExcelSheet(genericFunctions.java:715)
	at TestCases.Regression.taxCalculation.ValuesFromExcelSheet(taxCalculation.java:35)
	at TestCases.Regression.taxCalculation.EnableTaxCalc_ACcNumber_UseACcNameForCustIdentification(taxCalculation.java:828)
	at TestCases.Regression.taxCalculation.TestCase31_EnableTaxCalc_ACcNumber_Yes_UseACcNameForCustIdentification_Yes(taxCalculation.java:245)
	at sun.reflect.NativeMethodAccessorImpl.invoke0(Native Method)
	at sun.reflect.NativeMethodAccessorImpl.invoke(Unknown Source)
	at sun.reflect.DelegatingMethodAccessorImpl.invoke(Unknown Source)
	at java.lang.reflect.Method.invoke(Unknown Source)
	at org.testng.internal.MethodInvocationHelper.invokeMethod(MethodInvocationHelper.java:104)
	at org.testng.internal.Invoker.invokeMethod(Invoker.java:645)
	at org.testng.internal.Invoker.invokeTestMethod(Invoker.java:851)
	at org.testng.internal.Invoker.invokeTestMethods(Invoker.java:1177)
	at org.testng.internal.TestMethodWorker.invokeTestMethods(TestMethodWorker.java:129)
	at org.testng.internal.TestMethodWorker.run(TestMethodWorker.java:112)
	at org.testng.TestRunner.privateRun(TestRunner.java:756)
	at org.testng.TestRunner.run(TestRunner.java:610)
	at org.testng.SuiteRunner.runTest(SuiteRunner.java:387)
	at org.testng.SuiteRunner.runSequentially(SuiteRunner.java:382)
	at org.testng.SuiteRunner.privateRun(SuiteRunner.java:340)
	at org.testng.SuiteRunner.run(SuiteRunner.java:289)
	at org.testng.SuiteRunnerWorker.runSuite(SuiteRunnerWorker.java:52)
	at org.testng.SuiteRunnerWorker.run(SuiteRunnerWorker.java:86)
	at org.testng.TestNG.runSuitesSequentially(TestNG.java:1293)
	at org.testng.TestNG.runSuitesLocally(TestNG.java:1218)
	at org.testng.TestNG.runSuites(TestNG.java:1133)
	at org.testng.TestNG.run(TestNG.java:1104)
	at org.testng.remote.AbstractRemoteTestNG.run(AbstractRemoteTestNG.java:114)
	at org.testng.remote.RemoteTestNG.initAndRun(RemoteTestNG.java:251)
	at org.testng.remote.RemoteTestNG.main(RemoteTestNG.java:77)
</pre></div></td>
<td>0</td>
<td>TestCases.Regression.taxCalculation@304bb45b</td></tr>
<tr>
<td title='TestCases.Regression.taxCalculation.TestCase32_EnableTaxCalc_ACcNumber_No_UseACcNameForCustIdentification_Yes()'><b>TestCase32_EnableTaxCalc_ACcNumber_No_UseACcNameForCustIdentification_Yes</b><br>Test class: TestCases.Regression.taxCalculation<br>Test method: Use ACc Name for Cust Identification</td>
<td><div><pre>com.codoid.products.exception.FilloException: No records found
	at com.codoid.products.fillo.Recordset.&lt;init&gt;(Recordset.java:40)
	at com.codoid.products.fillo.Connection.executeQuery(Connection.java:62)
	at GenericFunctionLibrary.genericFunctions.GetValueFromExcelSheet(genericFunctions.java:715)
	at TestCases.Regression.taxCalculation.ValuesFromExcelSheet(taxCalculation.java:35)
	at TestCases.Regression.taxCalculation.EnableTaxCalc_ACcNumber_UseACcNameForCustIdentification(taxCalculation.java:828)
	at TestCases.Regression.taxCalculation.TestCase32_EnableTaxCalc_ACcNumber_No_UseACcNameForCustIdentification_Yes(taxCalculation.java:250)
... Removed 25 stack frames</pre></div><a href='#' onClick='toggleBox("stack-trace1614133563", this, "Click to show all stack frames", "Click to hide stack frames")'>Click to show all stack frames</a>
<div class='stack-trace' id='stack-trace1614133563'><pre>com.codoid.products.exception.FilloException: No records found
	at com.codoid.products.fillo.Recordset.&lt;init&gt;(Recordset.java:40)
	at com.codoid.products.fillo.Connection.executeQuery(Connection.java:62)
	at GenericFunctionLibrary.genericFunctions.GetValueFromExcelSheet(genericFunctions.java:715)
	at TestCases.Regression.taxCalculation.ValuesFromExcelSheet(taxCalculation.java:35)
	at TestCases.Regression.taxCalculation.EnableTaxCalc_ACcNumber_UseACcNameForCustIdentification(taxCalculation.java:828)
	at TestCases.Regression.taxCalculation.TestCase32_EnableTaxCalc_ACcNumber_No_UseACcNameForCustIdentification_Yes(taxCalculation.java:250)
	at sun.reflect.NativeMethodAccessorImpl.invoke0(Native Method)
	at sun.reflect.NativeMethodAccessorImpl.invoke(Unknown Source)
	at sun.reflect.DelegatingMethodAccessorImpl.invoke(Unknown Source)
	at java.lang.reflect.Method.invoke(Unknown Source)
	at org.testng.internal.MethodInvocationHelper.invokeMethod(MethodInvocationHelper.java:104)
	at org.testng.internal.Invoker.invokeMethod(Invoker.java:645)
	at org.testng.internal.Invoker.invokeTestMethod(Invoker.java:851)
	at org.testng.internal.Invoker.invokeTestMethods(Invoker.java:1177)
	at org.testng.internal.TestMethodWorker.invokeTestMethods(TestMethodWorker.java:129)
	at org.testng.internal.TestMethodWorker.run(TestMethodWorker.java:112)
	at org.testng.TestRunner.privateRun(TestRunner.java:756)
	at org.testng.TestRunner.run(TestRunner.java:610)
	at org.testng.SuiteRunner.runTest(SuiteRunner.java:387)
	at org.testng.SuiteRunner.runSequentially(SuiteRunner.java:382)
	at org.testng.SuiteRunner.privateRun(SuiteRunner.java:340)
	at org.testng.SuiteRunner.run(SuiteRunner.java:289)
	at org.testng.SuiteRunnerWorker.runSuite(SuiteRunnerWorker.java:52)
	at org.testng.SuiteRunnerWorker.run(SuiteRunnerWorker.java:86)
	at org.testng.TestNG.runSuitesSequentially(TestNG.java:1293)
	at org.testng.TestNG.runSuitesLocally(TestNG.java:1218)
	at org.testng.TestNG.runSuites(TestNG.java:1133)
	at org.testng.TestNG.run(TestNG.java:1104)
	at org.testng.remote.AbstractRemoteTestNG.run(AbstractRemoteTestNG.java:114)
	at org.testng.remote.RemoteTestNG.initAndRun(RemoteTestNG.java:251)
	at org.testng.remote.RemoteTestNG.main(RemoteTestNG.java:77)
</pre></div></td>
<td>0</td>
<td>TestCases.Regression.taxCalculation@304bb45b</td></tr>
<tr>
<td title='TestCases.Regression.taxCalculation.TestCase33_EnableTaxCalc_SalesTaxDetailsfieldValidation()'><b>TestCase33_EnableTaxCalc_SalesTaxDetailsfieldValidation</b><br>Test class: TestCases.Regression.taxCalculation<br>Test method: SalesTaxDetailsfieldValidation</td>
<td><div><pre>com.codoid.products.exception.FilloException: No records found
	at com.codoid.products.fillo.Recordset.&lt;init&gt;(Recordset.java:40)
	at com.codoid.products.fillo.Connection.executeQuery(Connection.java:62)
	at GenericFunctionLibrary.genericFunctions.GetValueFromExcelSheet(genericFunctions.java:715)
	at TestCases.Regression.taxCalculation.ValuesFromExcelSheet(taxCalculation.java:35)
	at TestCases.Regression.taxCalculation.EnableTaxCalc_SalestaxDetailsfieldValidation(taxCalculation.java:910)
	at TestCases.Regression.taxCalculation.TestCase33_EnableTaxCalc_SalesTaxDetailsfieldValidation(taxCalculation.java:255)
... Removed 25 stack frames</pre></div><a href='#' onClick='toggleBox("stack-trace180316302", this, "Click to show all stack frames", "Click to hide stack frames")'>Click to show all stack frames</a>
<div class='stack-trace' id='stack-trace180316302'><pre>com.codoid.products.exception.FilloException: No records found
	at com.codoid.products.fillo.Recordset.&lt;init&gt;(Recordset.java:40)
	at com.codoid.products.fillo.Connection.executeQuery(Connection.java:62)
	at GenericFunctionLibrary.genericFunctions.GetValueFromExcelSheet(genericFunctions.java:715)
	at TestCases.Regression.taxCalculation.ValuesFromExcelSheet(taxCalculation.java:35)
	at TestCases.Regression.taxCalculation.EnableTaxCalc_SalestaxDetailsfieldValidation(taxCalculation.java:910)
	at TestCases.Regression.taxCalculation.TestCase33_EnableTaxCalc_SalesTaxDetailsfieldValidation(taxCalculation.java:255)
	at sun.reflect.NativeMethodAccessorImpl.invoke0(Native Method)
	at sun.reflect.NativeMethodAccessorImpl.invoke(Unknown Source)
	at sun.reflect.DelegatingMethodAccessorImpl.invoke(Unknown Source)
	at java.lang.reflect.Method.invoke(Unknown Source)
	at org.testng.internal.MethodInvocationHelper.invokeMethod(MethodInvocationHelper.java:104)
	at org.testng.internal.Invoker.invokeMethod(Invoker.java:645)
	at org.testng.internal.Invoker.invokeTestMethod(Invoker.java:851)
	at org.testng.internal.Invoker.invokeTestMethods(Invoker.java:1177)
	at org.testng.internal.TestMethodWorker.invokeTestMethods(TestMethodWorker.java:129)
	at org.testng.internal.TestMethodWorker.run(TestMethodWorker.java:112)
	at org.testng.TestRunner.privateRun(TestRunner.java:756)
	at org.testng.TestRunner.run(TestRunner.java:610)
	at org.testng.SuiteRunner.runTest(SuiteRunner.java:387)
	at org.testng.SuiteRunner.runSequentially(SuiteRunner.java:382)
	at org.testng.SuiteRunner.privateRun(SuiteRunner.java:340)
	at org.testng.SuiteRunner.run(SuiteRunner.java:289)
	at org.testng.SuiteRunnerWorker.runSuite(SuiteRunnerWorker.java:52)
	at org.testng.SuiteRunnerWorker.run(SuiteRunnerWorker.java:86)
	at org.testng.TestNG.runSuitesSequentially(TestNG.java:1293)
	at org.testng.TestNG.runSuitesLocally(TestNG.java:1218)
	at org.testng.TestNG.runSuites(TestNG.java:1133)
	at org.testng.TestNG.run(TestNG.java:1104)
	at org.testng.remote.AbstractRemoteTestNG.run(AbstractRemoteTestNG.java:114)
	at org.testng.remote.RemoteTestNG.initAndRun(RemoteTestNG.java:251)
	at org.testng.remote.RemoteTestNG.main(RemoteTestNG.java:77)
</pre></div></td>
<td>0</td>
<td>TestCases.Regression.taxCalculation@304bb45b</td></tr>
<tr>
<td title='TestCases.Regression.taxCalculation.TestCase34_EnableTaxCalc_ChangeContactShippingAddress()'><b>TestCase34_EnableTaxCalc_ChangeContactShippingAddress</b><br>Test class: TestCases.Regression.taxCalculation<br>Test method: ChangeContactShippingAddress</td>
<td><div><pre>com.codoid.products.exception.FilloException: No records found
	at com.codoid.products.fillo.Recordset.&lt;init&gt;(Recordset.java:40)
	at com.codoid.products.fillo.Connection.executeQuery(Connection.java:62)
	at GenericFunctionLibrary.genericFunctions.GetValueFromExcelSheet(genericFunctions.java:715)
	at TestCases.Regression.taxCalculation.ValuesFromExcelSheet(taxCalculation.java:35)
	at TestCases.Regression.taxCalculation.EnableTaxCalc_ChangedContactsAddress(taxCalculation.java:1045)
	at TestCases.Regression.taxCalculation.TestCase34_EnableTaxCalc_ChangeContactShippingAddress(taxCalculation.java:260)
... Removed 25 stack frames</pre></div><a href='#' onClick='toggleBox("stack-trace695530017", this, "Click to show all stack frames", "Click to hide stack frames")'>Click to show all stack frames</a>
<div class='stack-trace' id='stack-trace695530017'><pre>com.codoid.products.exception.FilloException: No records found
	at com.codoid.products.fillo.Recordset.&lt;init&gt;(Recordset.java:40)
	at com.codoid.products.fillo.Connection.executeQuery(Connection.java:62)
	at GenericFunctionLibrary.genericFunctions.GetValueFromExcelSheet(genericFunctions.java:715)
	at TestCases.Regression.taxCalculation.ValuesFromExcelSheet(taxCalculation.java:35)
	at TestCases.Regression.taxCalculation.EnableTaxCalc_ChangedContactsAddress(taxCalculation.java:1045)
	at TestCases.Regression.taxCalculation.TestCase34_EnableTaxCalc_ChangeContactShippingAddress(taxCalculation.java:260)
	at sun.reflect.NativeMethodAccessorImpl.invoke0(Native Method)
	at sun.reflect.NativeMethodAccessorImpl.invoke(Unknown Source)
	at sun.reflect.DelegatingMethodAccessorImpl.invoke(Unknown Source)
	at java.lang.reflect.Method.invoke(Unknown Source)
	at org.testng.internal.MethodInvocationHelper.invokeMethod(MethodInvocationHelper.java:104)
	at org.testng.internal.Invoker.invokeMethod(Invoker.java:645)
	at org.testng.internal.Invoker.invokeTestMethod(Invoker.java:851)
	at org.testng.internal.Invoker.invokeTestMethods(Invoker.java:1177)
	at org.testng.internal.TestMethodWorker.invokeTestMethods(TestMethodWorker.java:129)
	at org.testng.internal.TestMethodWorker.run(TestMethodWorker.java:112)
	at org.testng.TestRunner.privateRun(TestRunner.java:756)
	at org.testng.TestRunner.run(TestRunner.java:610)
	at org.testng.SuiteRunner.runTest(SuiteRunner.java:387)
	at org.testng.SuiteRunner.runSequentially(SuiteRunner.java:382)
	at org.testng.SuiteRunner.privateRun(SuiteRunner.java:340)
	at org.testng.SuiteRunner.run(SuiteRunner.java:289)
	at org.testng.SuiteRunnerWorker.runSuite(SuiteRunnerWorker.java:52)
	at org.testng.SuiteRunnerWorker.run(SuiteRunnerWorker.java:86)
	at org.testng.TestNG.runSuitesSequentially(TestNG.java:1293)
	at org.testng.TestNG.runSuitesLocally(TestNG.java:1218)
	at org.testng.TestNG.runSuites(TestNG.java:1133)
	at org.testng.TestNG.run(TestNG.java:1104)
	at org.testng.remote.AbstractRemoteTestNG.run(AbstractRemoteTestNG.java:114)
	at org.testng.remote.RemoteTestNG.initAndRun(RemoteTestNG.java:251)
	at org.testng.remote.RemoteTestNG.main(RemoteTestNG.java:77)
</pre></div></td>
<td>0</td>
<td>TestCases.Regression.taxCalculation@304bb45b</td></tr>
<tr>
<td title='TestCases.Regression.taxCalculation.TestCase3_EnableTaxCalc_ACc_PrimaryShipToAddressUncommit()'><b>TestCase3_EnableTaxCalc_ACc_PrimaryShipToAddressUncommit</b><br>Test class: TestCases.Regression.taxCalculation<br>Test method: EnableTaxCalc_ACc_PrimaryShipToAddress_CAN_Uncommit</td>
<td><div><pre>com.codoid.products.exception.FilloException: No records found
	at com.codoid.products.fillo.Recordset.&lt;init&gt;(Recordset.java:40)
	at com.codoid.products.fillo.Connection.executeQuery(Connection.java:62)
	at GenericFunctionLibrary.genericFunctions.GetValueFromExcelSheet(genericFunctions.java:715)
	at TestCases.Regression.taxCalculation.ValuesFromExcelSheet(taxCalculation.java:35)
	at TestCases.Regression.taxCalculation.EnableTaxCalc_ACc_Primary(taxCalculation.java:272)
	at TestCases.Regression.taxCalculation.TestCase3_EnableTaxCalc_ACc_PrimaryShipToAddressUncommit(taxCalculation.java:103)
... Removed 25 stack frames</pre></div><a href='#' onClick='toggleBox("stack-trace788905599", this, "Click to show all stack frames", "Click to hide stack frames")'>Click to show all stack frames</a>
<div class='stack-trace' id='stack-trace788905599'><pre>com.codoid.products.exception.FilloException: No records found
	at com.codoid.products.fillo.Recordset.&lt;init&gt;(Recordset.java:40)
	at com.codoid.products.fillo.Connection.executeQuery(Connection.java:62)
	at GenericFunctionLibrary.genericFunctions.GetValueFromExcelSheet(genericFunctions.java:715)
	at TestCases.Regression.taxCalculation.ValuesFromExcelSheet(taxCalculation.java:35)
	at TestCases.Regression.taxCalculation.EnableTaxCalc_ACc_Primary(taxCalculation.java:272)
	at TestCases.Regression.taxCalculation.TestCase3_EnableTaxCalc_ACc_PrimaryShipToAddressUncommit(taxCalculation.java:103)
	at sun.reflect.NativeMethodAccessorImpl.invoke0(Native Method)
	at sun.reflect.NativeMethodAccessorImpl.invoke(Unknown Source)
	at sun.reflect.DelegatingMethodAccessorImpl.invoke(Unknown Source)
	at java.lang.reflect.Method.invoke(Unknown Source)
	at org.testng.internal.MethodInvocationHelper.invokeMethod(MethodInvocationHelper.java:104)
	at org.testng.internal.Invoker.invokeMethod(Invoker.java:645)
	at org.testng.internal.Invoker.invokeTestMethod(Invoker.java:851)
	at org.testng.internal.Invoker.invokeTestMethods(Invoker.java:1177)
	at org.testng.internal.TestMethodWorker.invokeTestMethods(TestMethodWorker.java:129)
	at org.testng.internal.TestMethodWorker.run(TestMethodWorker.java:112)
	at org.testng.TestRunner.privateRun(TestRunner.java:756)
	at org.testng.TestRunner.run(TestRunner.java:610)
	at org.testng.SuiteRunner.runTest(SuiteRunner.java:387)
	at org.testng.SuiteRunner.runSequentially(SuiteRunner.java:382)
	at org.testng.SuiteRunner.privateRun(SuiteRunner.java:340)
	at org.testng.SuiteRunner.run(SuiteRunner.java:289)
	at org.testng.SuiteRunnerWorker.runSuite(SuiteRunnerWorker.java:52)
	at org.testng.SuiteRunnerWorker.run(SuiteRunnerWorker.java:86)
	at org.testng.TestNG.runSuitesSequentially(TestNG.java:1293)
	at org.testng.TestNG.runSuitesLocally(TestNG.java:1218)
	at org.testng.TestNG.runSuites(TestNG.java:1133)
	at org.testng.TestNG.run(TestNG.java:1104)
	at org.testng.remote.AbstractRemoteTestNG.run(AbstractRemoteTestNG.java:114)
	at org.testng.remote.RemoteTestNG.initAndRun(RemoteTestNG.java:251)
	at org.testng.remote.RemoteTestNG.main(RemoteTestNG.java:77)
</pre></div></td>
<td>0</td>
<td>TestCases.Regression.taxCalculation@304bb45b</td></tr>
<tr>
<td title='TestCases.Regression.SalesForce_TaxCode.TestCase40_TaxcodeNT()'><b>TestCase40_TaxcodeNT</b><br>Test class: TestCases.Regression.SalesForce_TaxCode<br>Test method: Tax code NT</td>
<td><div><pre>java.lang.AssertionError: Expected:0.00And Actual:77.50 expected [true] but found [false]
	at TestCases.Regression.SalesForce_TaxCode.taxCodeValidation(SalesForce_TaxCode.java:104)
	at TestCases.Regression.SalesForce_TaxCode.TestCase40_TaxcodeNT(SalesForce_TaxCode.java:63)
... Removed 28 stack frames</pre></div><a href='#' onClick='toggleBox("stack-trace882646447", this, "Click to show all stack frames", "Click to hide stack frames")'>Click to show all stack frames</a>
<div class='stack-trace' id='stack-trace882646447'><pre>java.lang.AssertionError: Expected:0.00And Actual:77.50 expected [true] but found [false]
	at org.testng.Assert.fail(Assert.java:94)
	at org.testng.Assert.failNotEquals(Assert.java:513)
	at org.testng.Assert.assertTrue(Assert.java:42)
	at TestCases.Regression.SalesForce_TaxCode.taxCodeValidation(SalesForce_TaxCode.java:104)
	at TestCases.Regression.SalesForce_TaxCode.TestCase40_TaxcodeNT(SalesForce_TaxCode.java:63)
	at sun.reflect.NativeMethodAccessorImpl.invoke0(Native Method)
	at sun.reflect.NativeMethodAccessorImpl.invoke(Unknown Source)
	at sun.reflect.DelegatingMethodAccessorImpl.invoke(Unknown Source)
	at java.lang.reflect.Method.invoke(Unknown Source)
	at org.testng.internal.MethodInvocationHelper.invokeMethod(MethodInvocationHelper.java:104)
	at org.testng.internal.Invoker.invokeMethod(Invoker.java:645)
	at org.testng.internal.Invoker.invokeTestMethod(Invoker.java:851)
	at org.testng.internal.Invoker.invokeTestMethods(Invoker.java:1177)
	at org.testng.internal.TestMethodWorker.invokeTestMethods(TestMethodWorker.java:129)
	at org.testng.internal.TestMethodWorker.run(TestMethodWorker.java:112)
	at org.testng.TestRunner.privateRun(TestRunner.java:756)
	at org.testng.TestRunner.run(TestRunner.java:610)
	at org.testng.SuiteRunner.runTest(SuiteRunner.java:387)
	at org.testng.SuiteRunner.runSequentially(SuiteRunner.java:382)
	at org.testng.SuiteRunner.privateRun(SuiteRunner.java:340)
	at org.testng.SuiteRunner.run(SuiteRunner.java:289)
	at org.testng.SuiteRunnerWorker.runSuite(SuiteRunnerWorker.java:52)
	at org.testng.SuiteRunnerWorker.run(SuiteRunnerWorker.java:86)
	at org.testng.TestNG.runSuitesSequentially(TestNG.java:1293)
	at org.testng.TestNG.runSuitesLocally(TestNG.java:1218)
	at org.testng.TestNG.runSuites(TestNG.java:1133)
	at org.testng.TestNG.run(TestNG.java:1104)
	at org.testng.remote.AbstractRemoteTestNG.run(AbstractRemoteTestNG.java:114)
	at org.testng.remote.RemoteTestNG.initAndRun(RemoteTestNG.java:251)
	at org.testng.remote.RemoteTestNG.main(RemoteTestNG.java:77)
</pre></div></td>
<td>120</td>
<td>TestCases.Regression.SalesForce_TaxCode@45d84a20</td></tr>
<tr>
<td title='TestCases.Regression.SalesForce_TaxCode.TestCase41_Mapped_TaxCode_1()'><b>TestCase41_Mapped_TaxCode_1</b><br>Test class: TestCases.Regression.SalesForce_TaxCode<br>Test method: Mapped-TaxCode</td>
<td><div><pre>java.lang.AssertionError: Expected:90.00And Actual:77.50 expected [true] but found [false]
	at TestCases.Regression.SalesForce_TaxCode.taxCodeValidation(SalesForce_TaxCode.java:104)
	at TestCases.Regression.SalesForce_TaxCode.TestCase41_Mapped_TaxCode_1(SalesForce_TaxCode.java:68)
... Removed 28 stack frames</pre></div><a href='#' onClick='toggleBox("stack-trace828326869", this, "Click to show all stack frames", "Click to hide stack frames")'>Click to show all stack frames</a>
<div class='stack-trace' id='stack-trace828326869'><pre>java.lang.AssertionError: Expected:90.00And Actual:77.50 expected [true] but found [false]
	at org.testng.Assert.fail(Assert.java:94)
	at org.testng.Assert.failNotEquals(Assert.java:513)
	at org.testng.Assert.assertTrue(Assert.java:42)
	at TestCases.Regression.SalesForce_TaxCode.taxCodeValidation(SalesForce_TaxCode.java:104)
	at TestCases.Regression.SalesForce_TaxCode.TestCase41_Mapped_TaxCode_1(SalesForce_TaxCode.java:68)
	at sun.reflect.NativeMethodAccessorImpl.invoke0(Native Method)
	at sun.reflect.NativeMethodAccessorImpl.invoke(Unknown Source)
	at sun.reflect.DelegatingMethodAccessorImpl.invoke(Unknown Source)
	at java.lang.reflect.Method.invoke(Unknown Source)
	at org.testng.internal.MethodInvocationHelper.invokeMethod(MethodInvocationHelper.java:104)
	at org.testng.internal.Invoker.invokeMethod(Invoker.java:645)
	at org.testng.internal.Invoker.invokeTestMethod(Invoker.java:851)
	at org.testng.internal.Invoker.invokeTestMethods(Invoker.java:1177)
	at org.testng.internal.TestMethodWorker.invokeTestMethods(TestMethodWorker.java:129)
	at org.testng.internal.TestMethodWorker.run(TestMethodWorker.java:112)
	at org.testng.TestRunner.privateRun(TestRunner.java:756)
	at org.testng.TestRunner.run(TestRunner.java:610)
	at org.testng.SuiteRunner.runTest(SuiteRunner.java:387)
	at org.testng.SuiteRunner.runSequentially(SuiteRunner.java:382)
	at org.testng.SuiteRunner.privateRun(SuiteRunner.java:340)
	at org.testng.SuiteRunner.run(SuiteRunner.java:289)
	at org.testng.SuiteRunnerWorker.runSuite(SuiteRunnerWorker.java:52)
	at org.testng.SuiteRunnerWorker.run(SuiteRunnerWorker.java:86)
	at org.testng.TestNG.runSuitesSequentially(TestNG.java:1293)
	at org.testng.TestNG.runSuitesLocally(TestNG.java:1218)
	at org.testng.TestNG.runSuites(TestNG.java:1133)
	at org.testng.TestNG.run(TestNG.java:1104)
	at org.testng.remote.AbstractRemoteTestNG.run(AbstractRemoteTestNG.java:114)
	at org.testng.remote.RemoteTestNG.initAndRun(RemoteTestNG.java:251)
	at org.testng.remote.RemoteTestNG.main(RemoteTestNG.java:77)
</pre></div></td>
<td>119</td>
<td>TestCases.Regression.SalesForce_TaxCode@45d84a20</td></tr>
<tr>
<td title='TestCases.Regression.SalesForce_TaxCode.TestCase42_MappedTaxCode_1_withSingleItemMultipleLines()'><b>TestCase42_MappedTaxCode_1_withSingleItemMultipleLines</b><br>Test class: TestCases.Regression.SalesForce_TaxCode<br>Test method: Mapped-TaxCode_withSingleItem-MultipleLines</td>
<td><div><pre>java.lang.AssertionError: Expected:153.00And Actual:155.00 expected [true] but found [false]
	at TestCases.Regression.SalesForce_TaxCode.taxCodeValidationWithMultiLine(SalesForce_TaxCode.java:186)
	at TestCases.Regression.SalesForce_TaxCode.TestCase42_MappedTaxCode_1_withSingleItemMultipleLines(SalesForce_TaxCode.java:73)
... Removed 28 stack frames</pre></div><a href='#' onClick='toggleBox("stack-trace712627377", this, "Click to show all stack frames", "Click to hide stack frames")'>Click to show all stack frames</a>
<div class='stack-trace' id='stack-trace712627377'><pre>java.lang.AssertionError: Expected:153.00And Actual:155.00 expected [true] but found [false]
	at org.testng.Assert.fail(Assert.java:94)
	at org.testng.Assert.failNotEquals(Assert.java:513)
	at org.testng.Assert.assertTrue(Assert.java:42)
	at TestCases.Regression.SalesForce_TaxCode.taxCodeValidationWithMultiLine(SalesForce_TaxCode.java:186)
	at TestCases.Regression.SalesForce_TaxCode.TestCase42_MappedTaxCode_1_withSingleItemMultipleLines(SalesForce_TaxCode.java:73)
	at sun.reflect.NativeMethodAccessorImpl.invoke0(Native Method)
	at sun.reflect.NativeMethodAccessorImpl.invoke(Unknown Source)
	at sun.reflect.DelegatingMethodAccessorImpl.invoke(Unknown Source)
	at java.lang.reflect.Method.invoke(Unknown Source)
	at org.testng.internal.MethodInvocationHelper.invokeMethod(MethodInvocationHelper.java:104)
	at org.testng.internal.Invoker.invokeMethod(Invoker.java:645)
	at org.testng.internal.Invoker.invokeTestMethod(Invoker.java:851)
	at org.testng.internal.Invoker.invokeTestMethods(Invoker.java:1177)
	at org.testng.internal.TestMethodWorker.invokeTestMethods(TestMethodWorker.java:129)
	at org.testng.internal.TestMethodWorker.run(TestMethodWorker.java:112)
	at org.testng.TestRunner.privateRun(TestRunner.java:756)
	at org.testng.TestRunner.run(TestRunner.java:610)
	at org.testng.SuiteRunner.runTest(SuiteRunner.java:387)
	at org.testng.SuiteRunner.runSequentially(SuiteRunner.java:382)
	at org.testng.SuiteRunner.privateRun(SuiteRunner.java:340)
	at org.testng.SuiteRunner.run(SuiteRunner.java:289)
	at org.testng.SuiteRunnerWorker.runSuite(SuiteRunnerWorker.java:52)
	at org.testng.SuiteRunnerWorker.run(SuiteRunnerWorker.java:86)
	at org.testng.TestNG.runSuitesSequentially(TestNG.java:1293)
	at org.testng.TestNG.runSuitesLocally(TestNG.java:1218)
	at org.testng.TestNG.runSuites(TestNG.java:1133)
	at org.testng.TestNG.run(TestNG.java:1104)
	at org.testng.remote.AbstractRemoteTestNG.run(AbstractRemoteTestNG.java:114)
	at org.testng.remote.RemoteTestNG.initAndRun(RemoteTestNG.java:251)
	at org.testng.remote.RemoteTestNG.main(RemoteTestNG.java:77)
</pre></div></td>
<td>142</td>
<td>TestCases.Regression.SalesForce_TaxCode@45d84a20</td></tr>
<tr>
<td title='TestCases.Regression.SalesForce_TaxCode.TestCase43_MappedDiffTaxCode_1_withTwoItemMultipleLines()'><b>TestCase43_MappedDiffTaxCode_1_withTwoItemMultipleLines</b><br>Test class: TestCases.Regression.SalesForce_TaxCode<br>Test method: Mapped Diff TaxCode_withTwoItem-MultipleLines</td>
<td><div><pre>java.lang.AssertionError: Expected:153.00And Actual:155.00 expected [true] but found [false]
	at TestCases.Regression.SalesForce_TaxCode.taxCodeValidationWithMultiLine(SalesForce_TaxCode.java:186)
	at TestCases.Regression.SalesForce_TaxCode.TestCase43_MappedDiffTaxCode_1_withTwoItemMultipleLines(SalesForce_TaxCode.java:78)
... Removed 28 stack frames</pre></div><a href='#' onClick='toggleBox("stack-trace1423016050", this, "Click to show all stack frames", "Click to hide stack frames")'>Click to show all stack frames</a>
<div class='stack-trace' id='stack-trace1423016050'><pre>java.lang.AssertionError: Expected:153.00And Actual:155.00 expected [true] but found [false]
	at org.testng.Assert.fail(Assert.java:94)
	at org.testng.Assert.failNotEquals(Assert.java:513)
	at org.testng.Assert.assertTrue(Assert.java:42)
	at TestCases.Regression.SalesForce_TaxCode.taxCodeValidationWithMultiLine(SalesForce_TaxCode.java:186)
	at TestCases.Regression.SalesForce_TaxCode.TestCase43_MappedDiffTaxCode_1_withTwoItemMultipleLines(SalesForce_TaxCode.java:78)
	at sun.reflect.NativeMethodAccessorImpl.invoke0(Native Method)
	at sun.reflect.NativeMethodAccessorImpl.invoke(Unknown Source)
	at sun.reflect.DelegatingMethodAccessorImpl.invoke(Unknown Source)
	at java.lang.reflect.Method.invoke(Unknown Source)
	at org.testng.internal.MethodInvocationHelper.invokeMethod(MethodInvocationHelper.java:104)
	at org.testng.internal.Invoker.invokeMethod(Invoker.java:645)
	at org.testng.internal.Invoker.invokeTestMethod(Invoker.java:851)
	at org.testng.internal.Invoker.invokeTestMethods(Invoker.java:1177)
	at org.testng.internal.TestMethodWorker.invokeTestMethods(TestMethodWorker.java:129)
	at org.testng.internal.TestMethodWorker.run(TestMethodWorker.java:112)
	at org.testng.TestRunner.privateRun(TestRunner.java:756)
	at org.testng.TestRunner.run(TestRunner.java:610)
	at org.testng.SuiteRunner.runTest(SuiteRunner.java:387)
	at org.testng.SuiteRunner.runSequentially(SuiteRunner.java:382)
	at org.testng.SuiteRunner.privateRun(SuiteRunner.java:340)
	at org.testng.SuiteRunner.run(SuiteRunner.java:289)
	at org.testng.SuiteRunnerWorker.runSuite(SuiteRunnerWorker.java:52)
	at org.testng.SuiteRunnerWorker.run(SuiteRunnerWorker.java:86)
	at org.testng.TestNG.runSuitesSequentially(TestNG.java:1293)
	at org.testng.TestNG.runSuitesLocally(TestNG.java:1218)
	at org.testng.TestNG.runSuites(TestNG.java:1133)
	at org.testng.TestNG.run(TestNG.java:1104)
	at org.testng.remote.AbstractRemoteTestNG.run(AbstractRemoteTestNG.java:114)
	at org.testng.remote.RemoteTestNG.initAndRun(RemoteTestNG.java:251)
	at org.testng.remote.RemoteTestNG.main(RemoteTestNG.java:77)
</pre></div></td>
<td>140</td>
<td>TestCases.Regression.SalesForce_TaxCode@45d84a20</td></tr>
<tr>
<td title='TestCases.Regression.taxCalculation.TestCase4_EnableTaxCalc_ACc_PrimaryBillToAddressUncommit()'><b>TestCase4_EnableTaxCalc_ACc_PrimaryBillToAddressUncommit</b><br>Test class: TestCases.Regression.taxCalculation<br>Test method: EnableTaxCalc_ACc_PrimaryBillToAddress_DenverCity_Uncommit</td>
<td><div><pre>com.codoid.products.exception.FilloException: No records found
	at com.codoid.products.fillo.Recordset.&lt;init&gt;(Recordset.java:40)
	at com.codoid.products.fillo.Connection.executeQuery(Connection.java:62)
	at GenericFunctionLibrary.genericFunctions.GetValueFromExcelSheet(genericFunctions.java:715)
	at TestCases.Regression.taxCalculation.ValuesFromExcelSheet(taxCalculation.java:35)
	at TestCases.Regression.taxCalculation.EnableTaxCalc_ACc_Primary(taxCalculation.java:272)
	at TestCases.Regression.taxCalculation.TestCase4_EnableTaxCalc_ACc_PrimaryBillToAddressUncommit(taxCalculation.java:108)
... Removed 25 stack frames</pre></div><a href='#' onClick='toggleBox("stack-trace391506011", this, "Click to show all stack frames", "Click to hide stack frames")'>Click to show all stack frames</a>
<div class='stack-trace' id='stack-trace391506011'><pre>com.codoid.products.exception.FilloException: No records found
	at com.codoid.products.fillo.Recordset.&lt;init&gt;(Recordset.java:40)
	at com.codoid.products.fillo.Connection.executeQuery(Connection.java:62)
	at GenericFunctionLibrary.genericFunctions.GetValueFromExcelSheet(genericFunctions.java:715)
	at TestCases.Regression.taxCalculation.ValuesFromExcelSheet(taxCalculation.java:35)
	at TestCases.Regression.taxCalculation.EnableTaxCalc_ACc_Primary(taxCalculation.java:272)
	at TestCases.Regression.taxCalculation.TestCase4_EnableTaxCalc_ACc_PrimaryBillToAddressUncommit(taxCalculation.java:108)
	at sun.reflect.NativeMethodAccessorImpl.invoke0(Native Method)
	at sun.reflect.NativeMethodAccessorImpl.invoke(Unknown Source)
	at sun.reflect.DelegatingMethodAccessorImpl.invoke(Unknown Source)
	at java.lang.reflect.Method.invoke(Unknown Source)
	at org.testng.internal.MethodInvocationHelper.invokeMethod(MethodInvocationHelper.java:104)
	at org.testng.internal.Invoker.invokeMethod(Invoker.java:645)
	at org.testng.internal.Invoker.invokeTestMethod(Invoker.java:851)
	at org.testng.internal.Invoker.invokeTestMethods(Invoker.java:1177)
	at org.testng.internal.TestMethodWorker.invokeTestMethods(TestMethodWorker.java:129)
	at org.testng.internal.TestMethodWorker.run(TestMethodWorker.java:112)
	at org.testng.TestRunner.privateRun(TestRunner.java:756)
	at org.testng.TestRunner.run(TestRunner.java:610)
	at org.testng.SuiteRunner.runTest(SuiteRunner.java:387)
	at org.testng.SuiteRunner.runSequentially(SuiteRunner.java:382)
	at org.testng.SuiteRunner.privateRun(SuiteRunner.java:340)
	at org.testng.SuiteRunner.run(SuiteRunner.java:289)
	at org.testng.SuiteRunnerWorker.runSuite(SuiteRunnerWorker.java:52)
	at org.testng.SuiteRunnerWorker.run(SuiteRunnerWorker.java:86)
	at org.testng.TestNG.runSuitesSequentially(TestNG.java:1293)
	at org.testng.TestNG.runSuitesLocally(TestNG.java:1218)
	at org.testng.TestNG.runSuites(TestNG.java:1133)
	at org.testng.TestNG.run(TestNG.java:1104)
	at org.testng.remote.AbstractRemoteTestNG.run(AbstractRemoteTestNG.java:114)
	at org.testng.remote.RemoteTestNG.initAndRun(RemoteTestNG.java:251)
	at org.testng.remote.RemoteTestNG.main(RemoteTestNG.java:77)
</pre></div></td>
<td>0</td>
<td>TestCases.Regression.taxCalculation@304bb45b</td></tr>
<tr>
<td title='TestCases.Regression.taxCalculation.TestCase5_EnableTaxCalc_Quotes_PrimaryShipToAddressSalesOrder()'><b>TestCase5_EnableTaxCalc_Quotes_PrimaryShipToAddressSalesOrder</b><br>Test class: TestCases.Regression.taxCalculation<br>Test method: EnableTaxCalc_Quotes_PrimaryShipToAddress_CAN_SalesOrder</td>
<td><div><pre>com.codoid.products.exception.FilloException: No records found
	at com.codoid.products.fillo.Recordset.&lt;init&gt;(Recordset.java:40)
	at com.codoid.products.fillo.Connection.executeQuery(Connection.java:62)
	at GenericFunctionLibrary.genericFunctions.GetValueFromExcelSheet(genericFunctions.java:715)
	at TestCases.Regression.taxCalculation.ValuesFromExcelSheet(taxCalculation.java:35)
	at TestCases.Regression.taxCalculation.EnableTaxCalc_Quotes_Primary(taxCalculation.java:358)
	at TestCases.Regression.taxCalculation.TestCase5_EnableTaxCalc_Quotes_PrimaryShipToAddressSalesOrder(taxCalculation.java:113)
... Removed 25 stack frames</pre></div><a href='#' onClick='toggleBox("stack-trace1894758168", this, "Click to show all stack frames", "Click to hide stack frames")'>Click to show all stack frames</a>
<div class='stack-trace' id='stack-trace1894758168'><pre>com.codoid.products.exception.FilloException: No records found
	at com.codoid.products.fillo.Recordset.&lt;init&gt;(Recordset.java:40)
	at com.codoid.products.fillo.Connection.executeQuery(Connection.java:62)
	at GenericFunctionLibrary.genericFunctions.GetValueFromExcelSheet(genericFunctions.java:715)
	at TestCases.Regression.taxCalculation.ValuesFromExcelSheet(taxCalculation.java:35)
	at TestCases.Regression.taxCalculation.EnableTaxCalc_Quotes_Primary(taxCalculation.java:358)
	at TestCases.Regression.taxCalculation.TestCase5_EnableTaxCalc_Quotes_PrimaryShipToAddressSalesOrder(taxCalculation.java:113)
	at sun.reflect.NativeMethodAccessorImpl.invoke0(Native Method)
	at sun.reflect.NativeMethodAccessorImpl.invoke(Unknown Source)
	at sun.reflect.DelegatingMethodAccessorImpl.invoke(Unknown Source)
	at java.lang.reflect.Method.invoke(Unknown Source)
	at org.testng.internal.MethodInvocationHelper.invokeMethod(MethodInvocationHelper.java:104)
	at org.testng.internal.Invoker.invokeMethod(Invoker.java:645)
	at org.testng.internal.Invoker.invokeTestMethod(Invoker.java:851)
	at org.testng.internal.Invoker.invokeTestMethods(Invoker.java:1177)
	at org.testng.internal.TestMethodWorker.invokeTestMethods(TestMethodWorker.java:129)
	at org.testng.internal.TestMethodWorker.run(TestMethodWorker.java:112)
	at org.testng.TestRunner.privateRun(TestRunner.java:756)
	at org.testng.TestRunner.run(TestRunner.java:610)
	at org.testng.SuiteRunner.runTest(SuiteRunner.java:387)
	at org.testng.SuiteRunner.runSequentially(SuiteRunner.java:382)
	at org.testng.SuiteRunner.privateRun(SuiteRunner.java:340)
	at org.testng.SuiteRunner.run(SuiteRunner.java:289)
	at org.testng.SuiteRunnerWorker.runSuite(SuiteRunnerWorker.java:52)
	at org.testng.SuiteRunnerWorker.run(SuiteRunnerWorker.java:86)
	at org.testng.TestNG.runSuitesSequentially(TestNG.java:1293)
	at org.testng.TestNG.runSuitesLocally(TestNG.java:1218)
	at org.testng.TestNG.runSuites(TestNG.java:1133)
	at org.testng.TestNG.run(TestNG.java:1104)
	at org.testng.remote.AbstractRemoteTestNG.run(AbstractRemoteTestNG.java:114)
	at org.testng.remote.RemoteTestNG.initAndRun(RemoteTestNG.java:251)
	at org.testng.remote.RemoteTestNG.main(RemoteTestNG.java:77)
</pre></div></td>
<td>0</td>
<td>TestCases.Regression.taxCalculation@304bb45b</td></tr>
<tr>
<td title='TestCases.Regression.SalesForce_AddressValidation.TestCase61_AddressValidation_ValidAddress_Contacts()'><b>TestCase61_AddressValidation_ValidAddress_Contacts</b><br>Test class: TestCases.Regression.SalesForce_AddressValidation<br>Test method: AddressValidation_ValidAddress_Contacts</td>
<td><div><pre>com.codoid.products.exception.FilloException: No records found
	at com.codoid.products.fillo.Recordset.&lt;init&gt;(Recordset.java:40)
	at com.codoid.products.fillo.Connection.executeQuery(Connection.java:62)
	at GenericFunctionLibrary.genericFunctions.GetValueFromExcelSheet(genericFunctions.java:715)
	at TestCases.Regression.SalesForce_AddressValidation.ValuesFromExcelSheet(SalesForce_AddressValidation.java:34)
	at TestCases.Regression.SalesForce_AddressValidation.TestCase61_AddressValidation_ValidAddress_Contacts(SalesForce_AddressValidation.java:78)
... Removed 25 stack frames</pre></div><a href='#' onClick='toggleBox("stack-trace593103894", this, "Click to show all stack frames", "Click to hide stack frames")'>Click to show all stack frames</a>
<div class='stack-trace' id='stack-trace593103894'><pre>com.codoid.products.exception.FilloException: No records found
	at com.codoid.products.fillo.Recordset.&lt;init&gt;(Recordset.java:40)
	at com.codoid.products.fillo.Connection.executeQuery(Connection.java:62)
	at GenericFunctionLibrary.genericFunctions.GetValueFromExcelSheet(genericFunctions.java:715)
	at TestCases.Regression.SalesForce_AddressValidation.ValuesFromExcelSheet(SalesForce_AddressValidation.java:34)
	at TestCases.Regression.SalesForce_AddressValidation.TestCase61_AddressValidation_ValidAddress_Contacts(SalesForce_AddressValidation.java:78)
	at sun.reflect.NativeMethodAccessorImpl.invoke0(Native Method)
	at sun.reflect.NativeMethodAccessorImpl.invoke(Unknown Source)
	at sun.reflect.DelegatingMethodAccessorImpl.invoke(Unknown Source)
	at java.lang.reflect.Method.invoke(Unknown Source)
	at org.testng.internal.MethodInvocationHelper.invokeMethod(MethodInvocationHelper.java:104)
	at org.testng.internal.Invoker.invokeMethod(Invoker.java:645)
	at org.testng.internal.Invoker.invokeTestMethod(Invoker.java:851)
	at org.testng.internal.Invoker.invokeTestMethods(Invoker.java:1177)
	at org.testng.internal.TestMethodWorker.invokeTestMethods(TestMethodWorker.java:129)
	at org.testng.internal.TestMethodWorker.run(TestMethodWorker.java:112)
	at org.testng.TestRunner.privateRun(TestRunner.java:756)
	at org.testng.TestRunner.run(TestRunner.java:610)
	at org.testng.SuiteRunner.runTest(SuiteRunner.java:387)
	at org.testng.SuiteRunner.runSequentially(SuiteRunner.java:382)
	at org.testng.SuiteRunner.privateRun(SuiteRunner.java:340)
	at org.testng.SuiteRunner.run(SuiteRunner.java:289)
	at org.testng.SuiteRunnerWorker.runSuite(SuiteRunnerWorker.java:52)
	at org.testng.SuiteRunnerWorker.run(SuiteRunnerWorker.java:86)
	at org.testng.TestNG.runSuitesSequentially(TestNG.java:1293)
	at org.testng.TestNG.runSuitesLocally(TestNG.java:1218)
	at org.testng.TestNG.runSuites(TestNG.java:1133)
	at org.testng.TestNG.run(TestNG.java:1104)
	at org.testng.remote.AbstractRemoteTestNG.run(AbstractRemoteTestNG.java:114)
	at org.testng.remote.RemoteTestNG.initAndRun(RemoteTestNG.java:251)
	at org.testng.remote.RemoteTestNG.main(RemoteTestNG.java:77)
</pre></div></td>
<td>0</td>
<td>TestCases.Regression.SalesForce_AddressValidation@723ca036</td></tr>
<tr>
<td title='TestCases.Regression.SalesForce_AddressValidation.TestCase62_AddressValidation_ValidAddress_ACcs()'><b>TestCase62_AddressValidation_ValidAddress_ACcs</b><br>Test class: TestCases.Regression.SalesForce_AddressValidation<br>Test method: AddressValidation_ValidAddress_ACcs</td>
<td><div><pre>com.codoid.products.exception.FilloException: No records found
	at com.codoid.products.fillo.Recordset.&lt;init&gt;(Recordset.java:40)
	at com.codoid.products.fillo.Connection.executeQuery(Connection.java:62)
	at GenericFunctionLibrary.genericFunctions.GetValueFromExcelSheet(genericFunctions.java:715)
	at TestCases.Regression.SalesForce_AddressValidation.ValuesFromExcelSheet(SalesForce_AddressValidation.java:34)
	at TestCases.Regression.SalesForce_AddressValidation.TestCase62_AddressValidation_ValidAddress_ACcs(SalesForce_AddressValidation.java:99)
... Removed 25 stack frames</pre></div><a href='#' onClick='toggleBox("stack-trace2059592603", this, "Click to show all stack frames", "Click to hide stack frames")'>Click to show all stack frames</a>
<div class='stack-trace' id='stack-trace2059592603'><pre>com.codoid.products.exception.FilloException: No records found
	at com.codoid.products.fillo.Recordset.&lt;init&gt;(Recordset.java:40)
	at com.codoid.products.fillo.Connection.executeQuery(Connection.java:62)
	at GenericFunctionLibrary.genericFunctions.GetValueFromExcelSheet(genericFunctions.java:715)
	at TestCases.Regression.SalesForce_AddressValidation.ValuesFromExcelSheet(SalesForce_AddressValidation.java:34)
	at TestCases.Regression.SalesForce_AddressValidation.TestCase62_AddressValidation_ValidAddress_ACcs(SalesForce_AddressValidation.java:99)
	at sun.reflect.NativeMethodAccessorImpl.invoke0(Native Method)
	at sun.reflect.NativeMethodAccessorImpl.invoke(Unknown Source)
	at sun.reflect.DelegatingMethodAccessorImpl.invoke(Unknown Source)
	at java.lang.reflect.Method.invoke(Unknown Source)
	at org.testng.internal.MethodInvocationHelper.invokeMethod(MethodInvocationHelper.java:104)
	at org.testng.internal.Invoker.invokeMethod(Invoker.java:645)
	at org.testng.internal.Invoker.invokeTestMethod(Invoker.java:851)
	at org.testng.internal.Invoker.invokeTestMethods(Invoker.java:1177)
	at org.testng.internal.TestMethodWorker.invokeTestMethods(TestMethodWorker.java:129)
	at org.testng.internal.TestMethodWorker.run(TestMethodWorker.java:112)
	at org.testng.TestRunner.privateRun(TestRunner.java:756)
	at org.testng.TestRunner.run(TestRunner.java:610)
	at org.testng.SuiteRunner.runTest(SuiteRunner.java:387)
	at org.testng.SuiteRunner.runSequentially(SuiteRunner.java:382)
	at org.testng.SuiteRunner.privateRun(SuiteRunner.java:340)
	at org.testng.SuiteRunner.run(SuiteRunner.java:289)
	at org.testng.SuiteRunnerWorker.runSuite(SuiteRunnerWorker.java:52)
	at org.testng.SuiteRunnerWorker.run(SuiteRunnerWorker.java:86)
	at org.testng.TestNG.runSuitesSequentially(TestNG.java:1293)
	at org.testng.TestNG.runSuitesLocally(TestNG.java:1218)
	at org.testng.TestNG.runSuites(TestNG.java:1133)
	at org.testng.TestNG.run(TestNG.java:1104)
	at org.testng.remote.AbstractRemoteTestNG.run(AbstractRemoteTestNG.java:114)
	at org.testng.remote.RemoteTestNG.initAndRun(RemoteTestNG.java:251)
	at org.testng.remote.RemoteTestNG.main(RemoteTestNG.java:77)
</pre></div></td>
<td>0</td>
<td>TestCases.Regression.SalesForce_AddressValidation@723ca036</td></tr>
<tr>
<td title='TestCases.Regression.SalesForce_AddressValidation.TestCase63_AddressValidation_ValidAddress_Quotes()'><b>TestCase63_AddressValidation_ValidAddress_Quotes</b><br>Test class: TestCases.Regression.SalesForce_AddressValidation<br>Test method: AddressValidation_ValidAddress_Quotes</td>
<td><div><pre>com.codoid.products.exception.FilloException: No records found
	at com.codoid.products.fillo.Recordset.&lt;init&gt;(Recordset.java:40)
	at com.codoid.products.fillo.Connection.executeQuery(Connection.java:62)
	at GenericFunctionLibrary.genericFunctions.GetValueFromExcelSheet(genericFunctions.java:715)
	at TestCases.Regression.SalesForce_AddressValidation.ValuesFromExcelSheet(SalesForce_AddressValidation.java:34)
	at TestCases.Regression.SalesForce_AddressValidation.TestCase63_AddressValidation_ValidAddress_Quotes(SalesForce_AddressValidation.java:123)
... Removed 25 stack frames</pre></div><a href='#' onClick='toggleBox("stack-trace1532139270", this, "Click to show all stack frames", "Click to hide stack frames")'>Click to show all stack frames</a>
<div class='stack-trace' id='stack-trace1532139270'><pre>com.codoid.products.exception.FilloException: No records found
	at com.codoid.products.fillo.Recordset.&lt;init&gt;(Recordset.java:40)
	at com.codoid.products.fillo.Connection.executeQuery(Connection.java:62)
	at GenericFunctionLibrary.genericFunctions.GetValueFromExcelSheet(genericFunctions.java:715)
	at TestCases.Regression.SalesForce_AddressValidation.ValuesFromExcelSheet(SalesForce_AddressValidation.java:34)
	at TestCases.Regression.SalesForce_AddressValidation.TestCase63_AddressValidation_ValidAddress_Quotes(SalesForce_AddressValidation.java:123)
	at sun.reflect.NativeMethodAccessorImpl.invoke0(Native Method)
	at sun.reflect.NativeMethodAccessorImpl.invoke(Unknown Source)
	at sun.reflect.DelegatingMethodAccessorImpl.invoke(Unknown Source)
	at java.lang.reflect.Method.invoke(Unknown Source)
	at org.testng.internal.MethodInvocationHelper.invokeMethod(MethodInvocationHelper.java:104)
	at org.testng.internal.Invoker.invokeMethod(Invoker.java:645)
	at org.testng.internal.Invoker.invokeTestMethod(Invoker.java:851)
	at org.testng.internal.Invoker.invokeTestMethods(Invoker.java:1177)
	at org.testng.internal.TestMethodWorker.invokeTestMethods(TestMethodWorker.java:129)
	at org.testng.internal.TestMethodWorker.run(TestMethodWorker.java:112)
	at org.testng.TestRunner.privateRun(TestRunner.java:756)
	at org.testng.TestRunner.run(TestRunner.java:610)
	at org.testng.SuiteRunner.runTest(SuiteRunner.java:387)
	at org.testng.SuiteRunner.runSequentially(SuiteRunner.java:382)
	at org.testng.SuiteRunner.privateRun(SuiteRunner.java:340)
	at org.testng.SuiteRunner.run(SuiteRunner.java:289)
	at org.testng.SuiteRunnerWorker.runSuite(SuiteRunnerWorker.java:52)
	at org.testng.SuiteRunnerWorker.run(SuiteRunnerWorker.java:86)
	at org.testng.TestNG.runSuitesSequentially(TestNG.java:1293)
	at org.testng.TestNG.runSuitesLocally(TestNG.java:1218)
	at org.testng.TestNG.runSuites(TestNG.java:1133)
	at org.testng.TestNG.run(TestNG.java:1104)
	at org.testng.remote.AbstractRemoteTestNG.run(AbstractRemoteTestNG.java:114)
	at org.testng.remote.RemoteTestNG.initAndRun(RemoteTestNG.java:251)
	at org.testng.remote.RemoteTestNG.main(RemoteTestNG.java:77)
</pre></div></td>
<td>0</td>
<td>TestCases.Regression.SalesForce_AddressValidation@723ca036</td></tr>
<tr>
<td title='TestCases.Regression.SalesForce_AddressValidation.TestCase64_AddressValidation_ValidAddress_Orders()'><b>TestCase64_AddressValidation_ValidAddress_Orders</b><br>Test class: TestCases.Regression.SalesForce_AddressValidation<br>Test method: AddressValidation_ValidAddress_Orders</td>
<td><div><pre>com.codoid.products.exception.FilloException: No records found
	at com.codoid.products.fillo.Recordset.&lt;init&gt;(Recordset.java:40)
	at com.codoid.products.fillo.Connection.executeQuery(Connection.java:62)
	at GenericFunctionLibrary.genericFunctions.GetValueFromExcelSheet(genericFunctions.java:715)
	at TestCases.Regression.SalesForce_AddressValidation.ValuesFromExcelSheet(SalesForce_AddressValidation.java:34)
	at TestCases.Regression.SalesForce_AddressValidation.TestCase64_AddressValidation_ValidAddress_Orders(SalesForce_AddressValidation.java:151)
... Removed 25 stack frames</pre></div><a href='#' onClick='toggleBox("stack-trace1317375498", this, "Click to show all stack frames", "Click to hide stack frames")'>Click to show all stack frames</a>
<div class='stack-trace' id='stack-trace1317375498'><pre>com.codoid.products.exception.FilloException: No records found
	at com.codoid.products.fillo.Recordset.&lt;init&gt;(Recordset.java:40)
	at com.codoid.products.fillo.Connection.executeQuery(Connection.java:62)
	at GenericFunctionLibrary.genericFunctions.GetValueFromExcelSheet(genericFunctions.java:715)
	at TestCases.Regression.SalesForce_AddressValidation.ValuesFromExcelSheet(SalesForce_AddressValidation.java:34)
	at TestCases.Regression.SalesForce_AddressValidation.TestCase64_AddressValidation_ValidAddress_Orders(SalesForce_AddressValidation.java:151)
	at sun.reflect.NativeMethodAccessorImpl.invoke0(Native Method)
	at sun.reflect.NativeMethodAccessorImpl.invoke(Unknown Source)
	at sun.reflect.DelegatingMethodAccessorImpl.invoke(Unknown Source)
	at java.lang.reflect.Method.invoke(Unknown Source)
	at org.testng.internal.MethodInvocationHelper.invokeMethod(MethodInvocationHelper.java:104)
	at org.testng.internal.Invoker.invokeMethod(Invoker.java:645)
	at org.testng.internal.Invoker.invokeTestMethod(Invoker.java:851)
	at org.testng.internal.Invoker.invokeTestMethods(Invoker.java:1177)
	at org.testng.internal.TestMethodWorker.invokeTestMethods(TestMethodWorker.java:129)
	at org.testng.internal.TestMethodWorker.run(TestMethodWorker.java:112)
	at org.testng.TestRunner.privateRun(TestRunner.java:756)
	at org.testng.TestRunner.run(TestRunner.java:610)
	at org.testng.SuiteRunner.runTest(SuiteRunner.java:387)
	at org.testng.SuiteRunner.runSequentially(SuiteRunner.java:382)
	at org.testng.SuiteRunner.privateRun(SuiteRunner.java:340)
	at org.testng.SuiteRunner.run(SuiteRunner.java:289)
	at org.testng.SuiteRunnerWorker.runSuite(SuiteRunnerWorker.java:52)
	at org.testng.SuiteRunnerWorker.run(SuiteRunnerWorker.java:86)
	at org.testng.TestNG.runSuitesSequentially(TestNG.java:1293)
	at org.testng.TestNG.runSuitesLocally(TestNG.java:1218)
	at org.testng.TestNG.runSuites(TestNG.java:1133)
	at org.testng.TestNG.run(TestNG.java:1104)
	at org.testng.remote.AbstractRemoteTestNG.run(AbstractRemoteTestNG.java:114)
	at org.testng.remote.RemoteTestNG.initAndRun(RemoteTestNG.java:251)
	at org.testng.remote.RemoteTestNG.main(RemoteTestNG.java:77)
</pre></div></td>
<td>0</td>
<td>TestCases.Regression.SalesForce_AddressValidation@723ca036</td></tr>
<tr>
<td title='TestCases.Regression.SalesForce_AddressValidation.TestCase65_AddressValidation_WithDisableAddressSettings_MyTestProjecteXAMPLEConfiguration()'><b>TestCase65_AddressValidation_WithDisableAddressSettings_MyTestProjecteXAMPLEConfiguration</b><br>Test class: TestCases.Regression.SalesForce_AddressValidation<br>Test method: AddressValidation_WithDisableAddressSettings_MyTestProjecteXAMPLEConfiguration</td>
<td><div><pre>com.codoid.products.exception.FilloException: No records found
	at com.codoid.products.fillo.Recordset.&lt;init&gt;(Recordset.java:40)
	at com.codoid.products.fillo.Connection.executeQuery(Connection.java:62)
	at GenericFunctionLibrary.genericFunctions.GetValueFromExcelSheet(genericFunctions.java:715)
	at TestCases.Regression.SalesForce_AddressValidation.ValuesFromExcelSheet(SalesForce_AddressValidation.java:34)
	at TestCases.Regression.SalesForce_AddressValidation.TestCase65_AddressValidation_WithDisableAddressSettings_MyTestProjecteXAMPLEConfiguration(SalesForce_AddressValidation.java:175)
... Removed 25 stack frames</pre></div><a href='#' onClick='toggleBox("stack-trace2145896000", this, "Click to show all stack frames", "Click to hide stack frames")'>Click to show all stack frames</a>
<div class='stack-trace' id='stack-trace2145896000'><pre>com.codoid.products.exception.FilloException: No records found
	at com.codoid.products.fillo.Recordset.&lt;init&gt;(Recordset.java:40)
	at com.codoid.products.fillo.Connection.executeQuery(Connection.java:62)
	at GenericFunctionLibrary.genericFunctions.GetValueFromExcelSheet(genericFunctions.java:715)
	at TestCases.Regression.SalesForce_AddressValidation.ValuesFromExcelSheet(SalesForce_AddressValidation.java:34)
	at TestCases.Regression.SalesForce_AddressValidation.TestCase65_AddressValidation_WithDisableAddressSettings_MyTestProjecteXAMPLEConfiguration(SalesForce_AddressValidation.java:175)
	at sun.reflect.NativeMethodAccessorImpl.invoke0(Native Method)
	at sun.reflect.NativeMethodAccessorImpl.invoke(Unknown Source)
	at sun.reflect.DelegatingMethodAccessorImpl.invoke(Unknown Source)
	at java.lang.reflect.Method.invoke(Unknown Source)
	at org.testng.internal.MethodInvocationHelper.invokeMethod(MethodInvocationHelper.java:104)
	at org.testng.internal.Invoker.invokeMethod(Invoker.java:645)
	at org.testng.internal.Invoker.invokeTestMethod(Invoker.java:851)
	at org.testng.internal.Invoker.invokeTestMethods(Invoker.java:1177)
	at org.testng.internal.TestMethodWorker.invokeTestMethods(TestMethodWorker.java:129)
	at org.testng.internal.TestMethodWorker.run(TestMethodWorker.java:112)
	at org.testng.TestRunner.privateRun(TestRunner.java:756)
	at org.testng.TestRunner.run(TestRunner.java:610)
	at org.testng.SuiteRunner.runTest(SuiteRunner.java:387)
	at org.testng.SuiteRunner.runSequentially(SuiteRunner.java:382)
	at org.testng.SuiteRunner.privateRun(SuiteRunner.java:340)
	at org.testng.SuiteRunner.run(SuiteRunner.java:289)
	at org.testng.SuiteRunnerWorker.runSuite(SuiteRunnerWorker.java:52)
	at org.testng.SuiteRunnerWorker.run(SuiteRunnerWorker.java:86)
	at org.testng.TestNG.runSuitesSequentially(TestNG.java:1293)
	at org.testng.TestNG.runSuitesLocally(TestNG.java:1218)
	at org.testng.TestNG.runSuites(TestNG.java:1133)
	at org.testng.TestNG.run(TestNG.java:1104)
	at org.testng.remote.AbstractRemoteTestNG.run(AbstractRemoteTestNG.java:114)
	at org.testng.remote.RemoteTestNG.initAndRun(RemoteTestNG.java:251)
	at org.testng.remote.RemoteTestNG.main(RemoteTestNG.java:77)
</pre></div></td>
<td>0</td>
<td>TestCases.Regression.SalesForce_AddressValidation@723ca036</td></tr>
<tr>
<td title='TestCases.Regression.SalesForce_AddressValidation.TestCase66_AddressValidation_WithDisableAddressSettings_Contacts()'><b>TestCase66_AddressValidation_WithDisableAddressSettings_Contacts</b><br>Test class: TestCases.Regression.SalesForce_AddressValidation<br>Test method: AddressValidation_WithDisableAddressSettings_Contacts</td>
<td><div><pre>com.codoid.products.exception.FilloException: No records found
	at com.codoid.products.fillo.Recordset.&lt;init&gt;(Recordset.java:40)
	at com.codoid.products.fillo.Connection.executeQuery(Connection.java:62)
	at GenericFunctionLibrary.genericFunctions.GetValueFromExcelSheet(genericFunctions.java:715)
	at TestCases.Regression.SalesForce_AddressValidation.ValuesFromExcelSheet(SalesForce_AddressValidation.java:34)
	at TestCases.Regression.SalesForce_AddressValidation.TestCase66_AddressValidation_WithDisableAddressSettings_Contacts(SalesForce_AddressValidation.java:194)
... Removed 25 stack frames</pre></div><a href='#' onClick='toggleBox("stack-trace1123236701", this, "Click to show all stack frames", "Click to hide stack frames")'>Click to show all stack frames</a>
<div class='stack-trace' id='stack-trace1123236701'><pre>com.codoid.products.exception.FilloException: No records found
	at com.codoid.products.fillo.Recordset.&lt;init&gt;(Recordset.java:40)
	at com.codoid.products.fillo.Connection.executeQuery(Connection.java:62)
	at GenericFunctionLibrary.genericFunctions.GetValueFromExcelSheet(genericFunctions.java:715)
	at TestCases.Regression.SalesForce_AddressValidation.ValuesFromExcelSheet(SalesForce_AddressValidation.java:34)
	at TestCases.Regression.SalesForce_AddressValidation.TestCase66_AddressValidation_WithDisableAddressSettings_Contacts(SalesForce_AddressValidation.java:194)
	at sun.reflect.NativeMethodAccessorImpl.invoke0(Native Method)
	at sun.reflect.NativeMethodAccessorImpl.invoke(Unknown Source)
	at sun.reflect.DelegatingMethodAccessorImpl.invoke(Unknown Source)
	at java.lang.reflect.Method.invoke(Unknown Source)
	at org.testng.internal.MethodInvocationHelper.invokeMethod(MethodInvocationHelper.java:104)
	at org.testng.internal.Invoker.invokeMethod(Invoker.java:645)
	at org.testng.internal.Invoker.invokeTestMethod(Invoker.java:851)
	at org.testng.internal.Invoker.invokeTestMethods(Invoker.java:1177)
	at org.testng.internal.TestMethodWorker.invokeTestMethods(TestMethodWorker.java:129)
	at org.testng.internal.TestMethodWorker.run(TestMethodWorker.java:112)
	at org.testng.TestRunner.privateRun(TestRunner.java:756)
	at org.testng.TestRunner.run(TestRunner.java:610)
	at org.testng.SuiteRunner.runTest(SuiteRunner.java:387)
	at org.testng.SuiteRunner.runSequentially(SuiteRunner.java:382)
	at org.testng.SuiteRunner.privateRun(SuiteRunner.java:340)
	at org.testng.SuiteRunner.run(SuiteRunner.java:289)
	at org.testng.SuiteRunnerWorker.runSuite(SuiteRunnerWorker.java:52)
	at org.testng.SuiteRunnerWorker.run(SuiteRunnerWorker.java:86)
	at org.testng.TestNG.runSuitesSequentially(TestNG.java:1293)
	at org.testng.TestNG.runSuitesLocally(TestNG.java:1218)
	at org.testng.TestNG.runSuites(TestNG.java:1133)
	at org.testng.TestNG.run(TestNG.java:1104)
	at org.testng.remote.AbstractRemoteTestNG.run(AbstractRemoteTestNG.java:114)
	at org.testng.remote.RemoteTestNG.initAndRun(RemoteTestNG.java:251)
	at org.testng.remote.RemoteTestNG.main(RemoteTestNG.java:77)
</pre></div></td>
<td>0</td>
<td>TestCases.Regression.SalesForce_AddressValidation@723ca036</td></tr>
<tr>
<td title='TestCases.Regression.SalesForce_AddressValidation.TestCase67_AddressValidation_WithDisableAddressSettings_ACcs()'><b>TestCase67_AddressValidation_WithDisableAddressSettings_ACcs</b><br>Test class: TestCases.Regression.SalesForce_AddressValidation<br>Test method: AddressValidation_WithDisableAddressSettings_ACcs</td>
<td><div><pre>com.codoid.products.exception.FilloException: No records found
	at com.codoid.products.fillo.Recordset.&lt;init&gt;(Recordset.java:40)
	at com.codoid.products.fillo.Connection.executeQuery(Connection.java:62)
	at GenericFunctionLibrary.genericFunctions.GetValueFromExcelSheet(genericFunctions.java:715)
	at TestCases.Regression.SalesForce_AddressValidation.ValuesFromExcelSheet(SalesForce_AddressValidation.java:34)
	at TestCases.Regression.SalesForce_AddressValidation.TestCase67_AddressValidation_WithDisableAddressSettings_ACcs(SalesForce_AddressValidation.java:216)
... Removed 25 stack frames</pre></div><a href='#' onClick='toggleBox("stack-trace424786033", this, "Click to show all stack frames", "Click to hide stack frames")'>Click to show all stack frames</a>
<div class='stack-trace' id='stack-trace424786033'><pre>com.codoid.products.exception.FilloException: No records found
	at com.codoid.products.fillo.Recordset.&lt;init&gt;(Recordset.java:40)
	at com.codoid.products.fillo.Connection.executeQuery(Connection.java:62)
	at GenericFunctionLibrary.genericFunctions.GetValueFromExcelSheet(genericFunctions.java:715)
	at TestCases.Regression.SalesForce_AddressValidation.ValuesFromExcelSheet(SalesForce_AddressValidation.java:34)
	at TestCases.Regression.SalesForce_AddressValidation.TestCase67_AddressValidation_WithDisableAddressSettings_ACcs(SalesForce_AddressValidation.java:216)
	at sun.reflect.NativeMethodAccessorImpl.invoke0(Native Method)
	at sun.reflect.NativeMethodAccessorImpl.invoke(Unknown Source)
	at sun.reflect.DelegatingMethodAccessorImpl.invoke(Unknown Source)
	at java.lang.reflect.Method.invoke(Unknown Source)
	at org.testng.internal.MethodInvocationHelper.invokeMethod(MethodInvocationHelper.java:104)
	at org.testng.internal.Invoker.invokeMethod(Invoker.java:645)
	at org.testng.internal.Invoker.invokeTestMethod(Invoker.java:851)
	at org.testng.internal.Invoker.invokeTestMethods(Invoker.java:1177)
	at org.testng.internal.TestMethodWorker.invokeTestMethods(TestMethodWorker.java:129)
	at org.testng.internal.TestMethodWorker.run(TestMethodWorker.java:112)
	at org.testng.TestRunner.privateRun(TestRunner.java:756)
	at org.testng.TestRunner.run(TestRunner.java:610)
	at org.testng.SuiteRunner.runTest(SuiteRunner.java:387)
	at org.testng.SuiteRunner.runSequentially(SuiteRunner.java:382)
	at org.testng.SuiteRunner.privateRun(SuiteRunner.java:340)
	at org.testng.SuiteRunner.run(SuiteRunner.java:289)
	at org.testng.SuiteRunnerWorker.runSuite(SuiteRunnerWorker.java:52)
	at org.testng.SuiteRunnerWorker.run(SuiteRunnerWorker.java:86)
	at org.testng.TestNG.runSuitesSequentially(TestNG.java:1293)
	at org.testng.TestNG.runSuitesLocally(TestNG.java:1218)
	at org.testng.TestNG.runSuites(TestNG.java:1133)
	at org.testng.TestNG.run(TestNG.java:1104)
	at org.testng.remote.AbstractRemoteTestNG.run(AbstractRemoteTestNG.java:114)
	at org.testng.remote.RemoteTestNG.initAndRun(RemoteTestNG.java:251)
	at org.testng.remote.RemoteTestNG.main(RemoteTestNG.java:77)
</pre></div></td>
<td>0</td>
<td>TestCases.Regression.SalesForce_AddressValidation@723ca036</td></tr>
<tr>
<td title='TestCases.Regression.SalesForce_AddressValidation.TestCase68_AddressValidation_WithDisableAddressSettings_Quotes()'><b>TestCase68_AddressValidation_WithDisableAddressSettings_Quotes</b><br>Test class: TestCases.Regression.SalesForce_AddressValidation<br>Test method: AddressValidation_WithDisableAddressSettings_Quotes</td>
<td><div><pre>com.codoid.products.exception.FilloException: No records found
	at com.codoid.products.fillo.Recordset.&lt;init&gt;(Recordset.java:40)
	at com.codoid.products.fillo.Connection.executeQuery(Connection.java:62)
	at GenericFunctionLibrary.genericFunctions.GetValueFromExcelSheet(genericFunctions.java:715)
	at TestCases.Regression.SalesForce_AddressValidation.ValuesFromExcelSheet(SalesForce_AddressValidation.java:34)
	at TestCases.Regression.SalesForce_AddressValidation.TestCase68_AddressValidation_WithDisableAddressSettings_Quotes(SalesForce_AddressValidation.java:244)
... Removed 25 stack frames</pre></div><a href='#' onClick='toggleBox("stack-trace244872973", this, "Click to show all stack frames", "Click to hide stack frames")'>Click to show all stack frames</a>
<div class='stack-trace' id='stack-trace244872973'><pre>com.codoid.products.exception.FilloException: No records found
	at com.codoid.products.fillo.Recordset.&lt;init&gt;(Recordset.java:40)
	at com.codoid.products.fillo.Connection.executeQuery(Connection.java:62)
	at GenericFunctionLibrary.genericFunctions.GetValueFromExcelSheet(genericFunctions.java:715)
	at TestCases.Regression.SalesForce_AddressValidation.ValuesFromExcelSheet(SalesForce_AddressValidation.java:34)
	at TestCases.Regression.SalesForce_AddressValidation.TestCase68_AddressValidation_WithDisableAddressSettings_Quotes(SalesForce_AddressValidation.java:244)
	at sun.reflect.NativeMethodAccessorImpl.invoke0(Native Method)
	at sun.reflect.NativeMethodAccessorImpl.invoke(Unknown Source)
	at sun.reflect.DelegatingMethodAccessorImpl.invoke(Unknown Source)
	at java.lang.reflect.Method.invoke(Unknown Source)
	at org.testng.internal.MethodInvocationHelper.invokeMethod(MethodInvocationHelper.java:104)
	at org.testng.internal.Invoker.invokeMethod(Invoker.java:645)
	at org.testng.internal.Invoker.invokeTestMethod(Invoker.java:851)
	at org.testng.internal.Invoker.invokeTestMethods(Invoker.java:1177)
	at org.testng.internal.TestMethodWorker.invokeTestMethods(TestMethodWorker.java:129)
	at org.testng.internal.TestMethodWorker.run(TestMethodWorker.java:112)
	at org.testng.TestRunner.privateRun(TestRunner.java:756)
	at org.testng.TestRunner.run(TestRunner.java:610)
	at org.testng.SuiteRunner.runTest(SuiteRunner.java:387)
	at org.testng.SuiteRunner.runSequentially(SuiteRunner.java:382)
	at org.testng.SuiteRunner.privateRun(SuiteRunner.java:340)
	at org.testng.SuiteRunner.run(SuiteRunner.java:289)
	at org.testng.SuiteRunnerWorker.runSuite(SuiteRunnerWorker.java:52)
	at org.testng.SuiteRunnerWorker.run(SuiteRunnerWorker.java:86)
	at org.testng.TestNG.runSuitesSequentially(TestNG.java:1293)
	at org.testng.TestNG.runSuitesLocally(TestNG.java:1218)
	at org.testng.TestNG.runSuites(TestNG.java:1133)
	at org.testng.TestNG.run(TestNG.java:1104)
	at org.testng.remote.AbstractRemoteTestNG.run(AbstractRemoteTestNG.java:114)
	at org.testng.remote.RemoteTestNG.initAndRun(RemoteTestNG.java:251)
	at org.testng.remote.RemoteTestNG.main(RemoteTestNG.java:77)
</pre></div></td>
<td>0</td>
<td>TestCases.Regression.SalesForce_AddressValidation@723ca036</td></tr>
<tr>
<td title='TestCases.Regression.SalesForce_AddressValidation.TestCase69_AddressValidation_WithDisableAddressSettings_Orders()'><b>TestCase69_AddressValidation_WithDisableAddressSettings_Orders</b><br>Test class: TestCases.Regression.SalesForce_AddressValidation<br>Test method: AddressValidation_WithDisableAddressSettings_Orders</td>
<td><div><pre>com.codoid.products.exception.FilloException: No records found
	at com.codoid.products.fillo.Recordset.&lt;init&gt;(Recordset.java:40)
	at com.codoid.products.fillo.Connection.executeQuery(Connection.java:62)
	at GenericFunctionLibrary.genericFunctions.GetValueFromExcelSheet(genericFunctions.java:715)
	at TestCases.Regression.SalesForce_AddressValidation.ValuesFromExcelSheet(SalesForce_AddressValidation.java:34)
	at TestCases.Regression.SalesForce_AddressValidation.TestCase69_AddressValidation_WithDisableAddressSettings_Orders(SalesForce_AddressValidation.java:272)
... Removed 25 stack frames</pre></div><a href='#' onClick='toggleBox("stack-trace1178290888", this, "Click to show all stack frames", "Click to hide stack frames")'>Click to show all stack frames</a>
<div class='stack-trace' id='stack-trace1178290888'><pre>com.codoid.products.exception.FilloException: No records found
	at com.codoid.products.fillo.Recordset.&lt;init&gt;(Recordset.java:40)
	at com.codoid.products.fillo.Connection.executeQuery(Connection.java:62)
	at GenericFunctionLibrary.genericFunctions.GetValueFromExcelSheet(genericFunctions.java:715)
	at TestCases.Regression.SalesForce_AddressValidation.ValuesFromExcelSheet(SalesForce_AddressValidation.java:34)
	at TestCases.Regression.SalesForce_AddressValidation.TestCase69_AddressValidation_WithDisableAddressSettings_Orders(SalesForce_AddressValidation.java:272)
	at sun.reflect.NativeMethodAccessorImpl.invoke0(Native Method)
	at sun.reflect.NativeMethodAccessorImpl.invoke(Unknown Source)
	at sun.reflect.DelegatingMethodAccessorImpl.invoke(Unknown Source)
	at java.lang.reflect.Method.invoke(Unknown Source)
	at org.testng.internal.MethodInvocationHelper.invokeMethod(MethodInvocationHelper.java:104)
	at org.testng.internal.Invoker.invokeMethod(Invoker.java:645)
	at org.testng.internal.Invoker.invokeTestMethod(Invoker.java:851)
	at org.testng.internal.Invoker.invokeTestMethods(Invoker.java:1177)
	at org.testng.internal.TestMethodWorker.invokeTestMethods(TestMethodWorker.java:129)
	at org.testng.internal.TestMethodWorker.run(TestMethodWorker.java:112)
	at org.testng.TestRunner.privateRun(TestRunner.java:756)
	at org.testng.TestRunner.run(TestRunner.java:610)
	at org.testng.SuiteRunner.runTest(SuiteRunner.java:387)
	at org.testng.SuiteRunner.runSequentially(SuiteRunner.java:382)
	at org.testng.SuiteRunner.privateRun(SuiteRunner.java:340)
	at org.testng.SuiteRunner.run(SuiteRunner.java:289)
	at org.testng.SuiteRunnerWorker.runSuite(SuiteRunnerWorker.java:52)
	at org.testng.SuiteRunnerWorker.run(SuiteRunnerWorker.java:86)
	at org.testng.TestNG.runSuitesSequentially(TestNG.java:1293)
	at org.testng.TestNG.runSuitesLocally(TestNG.java:1218)
	at org.testng.TestNG.runSuites(TestNG.java:1133)
	at org.testng.TestNG.run(TestNG.java:1104)
	at org.testng.remote.AbstractRemoteTestNG.run(AbstractRemoteTestNG.java:114)
	at org.testng.remote.RemoteTestNG.initAndRun(RemoteTestNG.java:251)
	at org.testng.remote.RemoteTestNG.main(RemoteTestNG.java:77)
</pre></div></td>
<td>0</td>
<td>TestCases.Regression.SalesForce_AddressValidation@723ca036</td></tr>
<tr>
<td title='TestCases.Regression.taxCalculation.TestCase6_EnableTaxCalc_QuotesPrimaryBillToAddressSalesOrde()'><b>TestCase6_EnableTaxCalc_QuotesPrimaryBillToAddressSalesOrde</b><br>Test class: TestCases.Regression.taxCalculation<br>Test method: EnableTaxCalc_QuotesPrimaryBillToAddress_DenverCity_SalesOrde</td>
<td><div><pre>com.codoid.products.exception.FilloException: No records found
	at com.codoid.products.fillo.Recordset.&lt;init&gt;(Recordset.java:40)
	at com.codoid.products.fillo.Connection.executeQuery(Connection.java:62)
	at GenericFunctionLibrary.genericFunctions.GetValueFromExcelSheet(genericFunctions.java:715)
	at TestCases.Regression.taxCalculation.ValuesFromExcelSheet(taxCalculation.java:35)
	at TestCases.Regression.taxCalculation.EnableTaxCalc_Quotes_Primary(taxCalculation.java:358)
	at TestCases.Regression.taxCalculation.TestCase6_EnableTaxCalc_QuotesPrimaryBillToAddressSalesOrde(taxCalculation.java:118)
... Removed 25 stack frames</pre></div><a href='#' onClick='toggleBox("stack-trace256346753", this, "Click to show all stack frames", "Click to hide stack frames")'>Click to show all stack frames</a>
<div class='stack-trace' id='stack-trace256346753'><pre>com.codoid.products.exception.FilloException: No records found
	at com.codoid.products.fillo.Recordset.&lt;init&gt;(Recordset.java:40)
	at com.codoid.products.fillo.Connection.executeQuery(Connection.java:62)
	at GenericFunctionLibrary.genericFunctions.GetValueFromExcelSheet(genericFunctions.java:715)
	at TestCases.Regression.taxCalculation.ValuesFromExcelSheet(taxCalculation.java:35)
	at TestCases.Regression.taxCalculation.EnableTaxCalc_Quotes_Primary(taxCalculation.java:358)
	at TestCases.Regression.taxCalculation.TestCase6_EnableTaxCalc_QuotesPrimaryBillToAddressSalesOrde(taxCalculation.java:118)
	at sun.reflect.NativeMethodAccessorImpl.invoke0(Native Method)
	at sun.reflect.NativeMethodAccessorImpl.invoke(Unknown Source)
	at sun.reflect.DelegatingMethodAccessorImpl.invoke(Unknown Source)
	at java.lang.reflect.Method.invoke(Unknown Source)
	at org.testng.internal.MethodInvocationHelper.invokeMethod(MethodInvocationHelper.java:104)
	at org.testng.internal.Invoker.invokeMethod(Invoker.java:645)
	at org.testng.internal.Invoker.invokeTestMethod(Invoker.java:851)
	at org.testng.internal.Invoker.invokeTestMethods(Invoker.java:1177)
	at org.testng.internal.TestMethodWorker.invokeTestMethods(TestMethodWorker.java:129)
	at org.testng.internal.TestMethodWorker.run(TestMethodWorker.java:112)
	at org.testng.TestRunner.privateRun(TestRunner.java:756)
	at org.testng.TestRunner.run(TestRunner.java:610)
	at org.testng.SuiteRunner.runTest(SuiteRunner.java:387)
	at org.testng.SuiteRunner.runSequentially(SuiteRunner.java:382)
	at org.testng.SuiteRunner.privateRun(SuiteRunner.java:340)
	at org.testng.SuiteRunner.run(SuiteRunner.java:289)
	at org.testng.SuiteRunnerWorker.runSuite(SuiteRunnerWorker.java:52)
	at org.testng.SuiteRunnerWorker.run(SuiteRunnerWorker.java:86)
	at org.testng.TestNG.runSuitesSequentially(TestNG.java:1293)
	at org.testng.TestNG.runSuitesLocally(TestNG.java:1218)
	at org.testng.TestNG.runSuites(TestNG.java:1133)
	at org.testng.TestNG.run(TestNG.java:1104)
	at org.testng.remote.AbstractRemoteTestNG.run(AbstractRemoteTestNG.java:114)
	at org.testng.remote.RemoteTestNG.initAndRun(RemoteTestNG.java:251)
	at org.testng.remote.RemoteTestNG.main(RemoteTestNG.java:77)
</pre></div></td>
<td>0</td>
<td>TestCases.Regression.taxCalculation@304bb45b</td></tr>
<tr>
<td title='TestCases.Regression.SalesForce_AddressValidation.TestCase70_AddressValidation_WithInvalidAddress_MyTestProjecteXAMPLEConfiguration()'><b>TestCase70_AddressValidation_WithInvalidAddress_MyTestProjecteXAMPLEConfiguration</b><br>Test class: TestCases.Regression.SalesForce_AddressValidation<br>Test method: AddressValidation_WithInvalidAddress_MyTestProjecteXAMPLEConfiguration</td>
<td><div><pre>com.codoid.products.exception.FilloException: No records found
	at com.codoid.products.fillo.Recordset.&lt;init&gt;(Recordset.java:40)
	at com.codoid.products.fillo.Connection.executeQuery(Connection.java:62)
	at GenericFunctionLibrary.genericFunctions.GetValueFromExcelSheet(genericFunctions.java:715)
	at TestCases.Regression.SalesForce_AddressValidation.ValuesFromExcelSheet(SalesForce_AddressValidation.java:34)
	at TestCases.Regression.SalesForce_AddressValidation.TestCase70_AddressValidation_WithInvalidAddress_MyTestProjecteXAMPLEConfiguration(SalesForce_AddressValidation.java:299)
... Removed 25 stack frames</pre></div><a href='#' onClick='toggleBox("stack-trace1271041075", this, "Click to show all stack frames", "Click to hide stack frames")'>Click to show all stack frames</a>
<div class='stack-trace' id='stack-trace1271041075'><pre>com.codoid.products.exception.FilloException: No records found
	at com.codoid.products.fillo.Recordset.&lt;init&gt;(Recordset.java:40)
	at com.codoid.products.fillo.Connection.executeQuery(Connection.java:62)
	at GenericFunctionLibrary.genericFunctions.GetValueFromExcelSheet(genericFunctions.java:715)
	at TestCases.Regression.SalesForce_AddressValidation.ValuesFromExcelSheet(SalesForce_AddressValidation.java:34)
	at TestCases.Regression.SalesForce_AddressValidation.TestCase70_AddressValidation_WithInvalidAddress_MyTestProjecteXAMPLEConfiguration(SalesForce_AddressValidation.java:299)
	at sun.reflect.NativeMethodAccessorImpl.invoke0(Native Method)
	at sun.reflect.NativeMethodAccessorImpl.invoke(Unknown Source)
	at sun.reflect.DelegatingMethodAccessorImpl.invoke(Unknown Source)
	at java.lang.reflect.Method.invoke(Unknown Source)
	at org.testng.internal.MethodInvocationHelper.invokeMethod(MethodInvocationHelper.java:104)
	at org.testng.internal.Invoker.invokeMethod(Invoker.java:645)
	at org.testng.internal.Invoker.invokeTestMethod(Invoker.java:851)
	at org.testng.internal.Invoker.invokeTestMethods(Invoker.java:1177)
	at org.testng.internal.TestMethodWorker.invokeTestMethods(TestMethodWorker.java:129)
	at org.testng.internal.TestMethodWorker.run(TestMethodWorker.java:112)
	at org.testng.TestRunner.privateRun(TestRunner.java:756)
	at org.testng.TestRunner.run(TestRunner.java:610)
	at org.testng.SuiteRunner.runTest(SuiteRunner.java:387)
	at org.testng.SuiteRunner.runSequentially(SuiteRunner.java:382)
	at org.testng.SuiteRunner.privateRun(SuiteRunner.java:340)
	at org.testng.SuiteRunner.run(SuiteRunner.java:289)
	at org.testng.SuiteRunnerWorker.runSuite(SuiteRunnerWorker.java:52)
	at org.testng.SuiteRunnerWorker.run(SuiteRunnerWorker.java:86)
	at org.testng.TestNG.runSuitesSequentially(TestNG.java:1293)
	at org.testng.TestNG.runSuitesLocally(TestNG.java:1218)
	at org.testng.TestNG.runSuites(TestNG.java:1133)
	at org.testng.TestNG.run(TestNG.java:1104)
	at org.testng.remote.AbstractRemoteTestNG.run(AbstractRemoteTestNG.java:114)
	at org.testng.remote.RemoteTestNG.initAndRun(RemoteTestNG.java:251)
	at org.testng.remote.RemoteTestNG.main(RemoteTestNG.java:77)
</pre></div></td>
<td>0</td>
<td>TestCases.Regression.SalesForce_AddressValidation@723ca036</td></tr>
<tr>
<td title='TestCases.Regression.SalesForce_AddressValidation.TestCase71_AddressValidation_WithInvalidAddress_Contacts()'><b>TestCase71_AddressValidation_WithInvalidAddress_Contacts</b><br>Test class: TestCases.Regression.SalesForce_AddressValidation<br>Test method: AddressValidation_WithInvalidAddress_Contacts</td>
<td><div><pre>com.codoid.products.exception.FilloException: No records found
	at com.codoid.products.fillo.Recordset.&lt;init&gt;(Recordset.java:40)
	at com.codoid.products.fillo.Connection.executeQuery(Connection.java:62)
	at GenericFunctionLibrary.genericFunctions.GetValueFromExcelSheet(genericFunctions.java:715)
	at TestCases.Regression.SalesForce_AddressValidation.ValuesFromExcelSheet(SalesForce_AddressValidation.java:34)
	at TestCases.Regression.SalesForce_AddressValidation.TestCase71_AddressValidation_WithInvalidAddress_Contacts(SalesForce_AddressValidation.java:320)
... Removed 25 stack frames</pre></div><a href='#' onClick='toggleBox("stack-trace201274566", this, "Click to show all stack frames", "Click to hide stack frames")'>Click to show all stack frames</a>
<div class='stack-trace' id='stack-trace201274566'><pre>com.codoid.products.exception.FilloException: No records found
	at com.codoid.products.fillo.Recordset.&lt;init&gt;(Recordset.java:40)
	at com.codoid.products.fillo.Connection.executeQuery(Connection.java:62)
	at GenericFunctionLibrary.genericFunctions.GetValueFromExcelSheet(genericFunctions.java:715)
	at TestCases.Regression.SalesForce_AddressValidation.ValuesFromExcelSheet(SalesForce_AddressValidation.java:34)
	at TestCases.Regression.SalesForce_AddressValidation.TestCase71_AddressValidation_WithInvalidAddress_Contacts(SalesForce_AddressValidation.java:320)
	at sun.reflect.NativeMethodAccessorImpl.invoke0(Native Method)
	at sun.reflect.NativeMethodAccessorImpl.invoke(Unknown Source)
	at sun.reflect.DelegatingMethodAccessorImpl.invoke(Unknown Source)
	at java.lang.reflect.Method.invoke(Unknown Source)
	at org.testng.internal.MethodInvocationHelper.invokeMethod(MethodInvocationHelper.java:104)
	at org.testng.internal.Invoker.invokeMethod(Invoker.java:645)
	at org.testng.internal.Invoker.invokeTestMethod(Invoker.java:851)
	at org.testng.internal.Invoker.invokeTestMethods(Invoker.java:1177)
	at org.testng.internal.TestMethodWorker.invokeTestMethods(TestMethodWorker.java:129)
	at org.testng.internal.TestMethodWorker.run(TestMethodWorker.java:112)
	at org.testng.TestRunner.privateRun(TestRunner.java:756)
	at org.testng.TestRunner.run(TestRunner.java:610)
	at org.testng.SuiteRunner.runTest(SuiteRunner.java:387)
	at org.testng.SuiteRunner.runSequentially(SuiteRunner.java:382)
	at org.testng.SuiteRunner.privateRun(SuiteRunner.java:340)
	at org.testng.SuiteRunner.run(SuiteRunner.java:289)
	at org.testng.SuiteRunnerWorker.runSuite(SuiteRunnerWorker.java:52)
	at org.testng.SuiteRunnerWorker.run(SuiteRunnerWorker.java:86)
	at org.testng.TestNG.runSuitesSequentially(TestNG.java:1293)
	at org.testng.TestNG.runSuitesLocally(TestNG.java:1218)
	at org.testng.TestNG.runSuites(TestNG.java:1133)
	at org.testng.TestNG.run(TestNG.java:1104)
	at org.testng.remote.AbstractRemoteTestNG.run(AbstractRemoteTestNG.java:114)
	at org.testng.remote.RemoteTestNG.initAndRun(RemoteTestNG.java:251)
	at org.testng.remote.RemoteTestNG.main(RemoteTestNG.java:77)
</pre></div></td>
<td>0</td>
<td>TestCases.Regression.SalesForce_AddressValidation@723ca036</td></tr>
<tr>
<td title='TestCases.Regression.SalesForce_AddressValidation.TestCase72_AddressValidation_WithInvalidAddress_ACcs()'><b>TestCase72_AddressValidation_WithInvalidAddress_ACcs</b><br>Test class: TestCases.Regression.SalesForce_AddressValidation<br>Test method: AddressValidation_WithInvalidAddress_ACcs</td>
<td><div><pre>com.codoid.products.exception.FilloException: No records found
	at com.codoid.products.fillo.Recordset.&lt;init&gt;(Recordset.java:40)
	at com.codoid.products.fillo.Connection.executeQuery(Connection.java:62)
	at GenericFunctionLibrary.genericFunctions.GetValueFromExcelSheet(genericFunctions.java:715)
	at TestCases.Regression.SalesForce_AddressValidation.ValuesFromExcelSheet(SalesForce_AddressValidation.java:34)
	at TestCases.Regression.SalesForce_AddressValidation.TestCase72_AddressValidation_WithInvalidAddress_ACcs(SalesForce_AddressValidation.java:343)
... Removed 25 stack frames</pre></div><a href='#' onClick='toggleBox("stack-trace1129433283", this, "Click to show all stack frames", "Click to hide stack frames")'>Click to show all stack frames</a>
<div class='stack-trace' id='stack-trace1129433283'><pre>com.codoid.products.exception.FilloException: No records found
	at com.codoid.products.fillo.Recordset.&lt;init&gt;(Recordset.java:40)
	at com.codoid.products.fillo.Connection.executeQuery(Connection.java:62)
	at GenericFunctionLibrary.genericFunctions.GetValueFromExcelSheet(genericFunctions.java:715)
	at TestCases.Regression.SalesForce_AddressValidation.ValuesFromExcelSheet(SalesForce_AddressValidation.java:34)
	at TestCases.Regression.SalesForce_AddressValidation.TestCase72_AddressValidation_WithInvalidAddress_ACcs(SalesForce_AddressValidation.java:343)
	at sun.reflect.NativeMethodAccessorImpl.invoke0(Native Method)
	at sun.reflect.NativeMethodAccessorImpl.invoke(Unknown Source)
	at sun.reflect.DelegatingMethodAccessorImpl.invoke(Unknown Source)
	at java.lang.reflect.Method.invoke(Unknown Source)
	at org.testng.internal.MethodInvocationHelper.invokeMethod(MethodInvocationHelper.java:104)
	at org.testng.internal.Invoker.invokeMethod(Invoker.java:645)
	at org.testng.internal.Invoker.invokeTestMethod(Invoker.java:851)
	at org.testng.internal.Invoker.invokeTestMethods(Invoker.java:1177)
	at org.testng.internal.TestMethodWorker.invokeTestMethods(TestMethodWorker.java:129)
	at org.testng.internal.TestMethodWorker.run(TestMethodWorker.java:112)
	at org.testng.TestRunner.privateRun(TestRunner.java:756)
	at org.testng.TestRunner.run(TestRunner.java:610)
	at org.testng.SuiteRunner.runTest(SuiteRunner.java:387)
	at org.testng.SuiteRunner.runSequentially(SuiteRunner.java:382)
	at org.testng.SuiteRunner.privateRun(SuiteRunner.java:340)
	at org.testng.SuiteRunner.run(SuiteRunner.java:289)
	at org.testng.SuiteRunnerWorker.runSuite(SuiteRunnerWorker.java:52)
	at org.testng.SuiteRunnerWorker.run(SuiteRunnerWorker.java:86)
	at org.testng.TestNG.runSuitesSequentially(TestNG.java:1293)
	at org.testng.TestNG.runSuitesLocally(TestNG.java:1218)
	at org.testng.TestNG.runSuites(TestNG.java:1133)
	at org.testng.TestNG.run(TestNG.java:1104)
	at org.testng.remote.AbstractRemoteTestNG.run(AbstractRemoteTestNG.java:114)
	at org.testng.remote.RemoteTestNG.initAndRun(RemoteTestNG.java:251)
	at org.testng.remote.RemoteTestNG.main(RemoteTestNG.java:77)
</pre></div></td>
<td>0</td>
<td>TestCases.Regression.SalesForce_AddressValidation@723ca036</td></tr>
<tr>
<td title='TestCases.Regression.SalesForce_AddressValidation.TestCase73_AddressValidation_WithInvalidAddress_Quotes()'><b>TestCase73_AddressValidation_WithInvalidAddress_Quotes</b><br>Test class: TestCases.Regression.SalesForce_AddressValidation<br>Test method: AddressValidation_WithInvalidAddress_Quotes</td>
<td><div><pre>com.codoid.products.exception.FilloException: No records found
	at com.codoid.products.fillo.Recordset.&lt;init&gt;(Recordset.java:40)
	at com.codoid.products.fillo.Connection.executeQuery(Connection.java:62)
	at GenericFunctionLibrary.genericFunctions.GetValueFromExcelSheet(genericFunctions.java:715)
	at TestCases.Regression.SalesForce_AddressValidation.ValuesFromExcelSheet(SalesForce_AddressValidation.java:34)
	at TestCases.Regression.SalesForce_AddressValidation.TestCase73_AddressValidation_WithInvalidAddress_Quotes(SalesForce_AddressValidation.java:367)
... Removed 25 stack frames</pre></div><a href='#' onClick='toggleBox("stack-trace1528769018", this, "Click to show all stack frames", "Click to hide stack frames")'>Click to show all stack frames</a>
<div class='stack-trace' id='stack-trace1528769018'><pre>com.codoid.products.exception.FilloException: No records found
	at com.codoid.products.fillo.Recordset.&lt;init&gt;(Recordset.java:40)
	at com.codoid.products.fillo.Connection.executeQuery(Connection.java:62)
	at GenericFunctionLibrary.genericFunctions.GetValueFromExcelSheet(genericFunctions.java:715)
	at TestCases.Regression.SalesForce_AddressValidation.ValuesFromExcelSheet(SalesForce_AddressValidation.java:34)
	at TestCases.Regression.SalesForce_AddressValidation.TestCase73_AddressValidation_WithInvalidAddress_Quotes(SalesForce_AddressValidation.java:367)
	at sun.reflect.NativeMethodAccessorImpl.invoke0(Native Method)
	at sun.reflect.NativeMethodAccessorImpl.invoke(Unknown Source)
	at sun.reflect.DelegatingMethodAccessorImpl.invoke(Unknown Source)
	at java.lang.reflect.Method.invoke(Unknown Source)
	at org.testng.internal.MethodInvocationHelper.invokeMethod(MethodInvocationHelper.java:104)
	at org.testng.internal.Invoker.invokeMethod(Invoker.java:645)
	at org.testng.internal.Invoker.invokeTestMethod(Invoker.java:851)
	at org.testng.internal.Invoker.invokeTestMethods(Invoker.java:1177)
	at org.testng.internal.TestMethodWorker.invokeTestMethods(TestMethodWorker.java:129)
	at org.testng.internal.TestMethodWorker.run(TestMethodWorker.java:112)
	at org.testng.TestRunner.privateRun(TestRunner.java:756)
	at org.testng.TestRunner.run(TestRunner.java:610)
	at org.testng.SuiteRunner.runTest(SuiteRunner.java:387)
	at org.testng.SuiteRunner.runSequentially(SuiteRunner.java:382)
	at org.testng.SuiteRunner.privateRun(SuiteRunner.java:340)
	at org.testng.SuiteRunner.run(SuiteRunner.java:289)
	at org.testng.SuiteRunnerWorker.runSuite(SuiteRunnerWorker.java:52)
	at org.testng.SuiteRunnerWorker.run(SuiteRunnerWorker.java:86)
	at org.testng.TestNG.runSuitesSequentially(TestNG.java:1293)
	at org.testng.TestNG.runSuitesLocally(TestNG.java:1218)
	at org.testng.TestNG.runSuites(TestNG.java:1133)
	at org.testng.TestNG.run(TestNG.java:1104)
	at org.testng.remote.AbstractRemoteTestNG.run(AbstractRemoteTestNG.java:114)
	at org.testng.remote.RemoteTestNG.initAndRun(RemoteTestNG.java:251)
	at org.testng.remote.RemoteTestNG.main(RemoteTestNG.java:77)
</pre></div></td>
<td>0</td>
<td>TestCases.Regression.SalesForce_AddressValidation@723ca036</td></tr>
<tr>
<td title='TestCases.Regression.SalesForce_AddressValidation.TestCase74_AddressValidation_WithInvalidAddress_Orders()'><b>TestCase74_AddressValidation_WithInvalidAddress_Orders</b><br>Test class: TestCases.Regression.SalesForce_AddressValidation<br>Test method: AddressValidation_WithInvalidAddress_Orders</td>
<td><div><pre>com.codoid.products.exception.FilloException: No records found
	at com.codoid.products.fillo.Recordset.&lt;init&gt;(Recordset.java:40)
	at com.codoid.products.fillo.Connection.executeQuery(Connection.java:62)
	at GenericFunctionLibrary.genericFunctions.GetValueFromExcelSheet(genericFunctions.java:715)
	at TestCases.Regression.SalesForce_AddressValidation.ValuesFromExcelSheet(SalesForce_AddressValidation.java:34)
	at TestCases.Regression.SalesForce_AddressValidation.TestCase74_AddressValidation_WithInvalidAddress_Orders(SalesForce_AddressValidation.java:391)
... Removed 25 stack frames</pre></div><a href='#' onClick='toggleBox("stack-trace1927963027", this, "Click to show all stack frames", "Click to hide stack frames")'>Click to show all stack frames</a>
<div class='stack-trace' id='stack-trace1927963027'><pre>com.codoid.products.exception.FilloException: No records found
	at com.codoid.products.fillo.Recordset.&lt;init&gt;(Recordset.java:40)
	at com.codoid.products.fillo.Connection.executeQuery(Connection.java:62)
	at GenericFunctionLibrary.genericFunctions.GetValueFromExcelSheet(genericFunctions.java:715)
	at TestCases.Regression.SalesForce_AddressValidation.ValuesFromExcelSheet(SalesForce_AddressValidation.java:34)
	at TestCases.Regression.SalesForce_AddressValidation.TestCase74_AddressValidation_WithInvalidAddress_Orders(SalesForce_AddressValidation.java:391)
	at sun.reflect.NativeMethodAccessorImpl.invoke0(Native Method)
	at sun.reflect.NativeMethodAccessorImpl.invoke(Unknown Source)
	at sun.reflect.DelegatingMethodAccessorImpl.invoke(Unknown Source)
	at java.lang.reflect.Method.invoke(Unknown Source)
	at org.testng.internal.MethodInvocationHelper.invokeMethod(MethodInvocationHelper.java:104)
	at org.testng.internal.Invoker.invokeMethod(Invoker.java:645)
	at org.testng.internal.Invoker.invokeTestMethod(Invoker.java:851)
	at org.testng.internal.Invoker.invokeTestMethods(Invoker.java:1177)
	at org.testng.internal.TestMethodWorker.invokeTestMethods(TestMethodWorker.java:129)
	at org.testng.internal.TestMethodWorker.run(TestMethodWorker.java:112)
	at org.testng.TestRunner.privateRun(TestRunner.java:756)
	at org.testng.TestRunner.run(TestRunner.java:610)
	at org.testng.SuiteRunner.runTest(SuiteRunner.java:387)
	at org.testng.SuiteRunner.runSequentially(SuiteRunner.java:382)
	at org.testng.SuiteRunner.privateRun(SuiteRunner.java:340)
	at org.testng.SuiteRunner.run(SuiteRunner.java:289)
	at org.testng.SuiteRunnerWorker.runSuite(SuiteRunnerWorker.java:52)
	at org.testng.SuiteRunnerWorker.run(SuiteRunnerWorker.java:86)
	at org.testng.TestNG.runSuitesSequentially(TestNG.java:1293)
	at org.testng.TestNG.runSuitesLocally(TestNG.java:1218)
	at org.testng.TestNG.runSuites(TestNG.java:1133)
	at org.testng.TestNG.run(TestNG.java:1104)
	at org.testng.remote.AbstractRemoteTestNG.run(AbstractRemoteTestNG.java:114)
	at org.testng.remote.RemoteTestNG.initAndRun(RemoteTestNG.java:251)
	at org.testng.remote.RemoteTestNG.main(RemoteTestNG.java:77)
</pre></div></td>
<td>0</td>
<td>TestCases.Regression.SalesForce_AddressValidation@723ca036</td></tr>
<tr>
<td title='TestCases.Regression.taxCalculation.TestCase7_EnableTaxCalc_Quotes_PrimaryShipToAddressUncommit()'><b>TestCase7_EnableTaxCalc_Quotes_PrimaryShipToAddressUncommit</b><br>Test class: TestCases.Regression.taxCalculation<br>Test method: EnableTaxCalc_ACc_PrimaryBillToAddress_DenverCity_SalesOrde</td>
<td><div><pre>com.codoid.products.exception.FilloException: No records found
	at com.codoid.products.fillo.Recordset.&lt;init&gt;(Recordset.java:40)
	at com.codoid.products.fillo.Connection.executeQuery(Connection.java:62)
	at GenericFunctionLibrary.genericFunctions.GetValueFromExcelSheet(genericFunctions.java:715)
	at TestCases.Regression.taxCalculation.ValuesFromExcelSheet(taxCalculation.java:35)
	at TestCases.Regression.taxCalculation.EnableTaxCalc_Quotes_Primary(taxCalculation.java:358)
	at TestCases.Regression.taxCalculation.TestCase7_EnableTaxCalc_Quotes_PrimaryShipToAddressUncommit(taxCalculation.java:123)
... Removed 25 stack frames</pre></div><a href='#' onClick='toggleBox("stack-trace349259569", this, "Click to show all stack frames", "Click to hide stack frames")'>Click to show all stack frames</a>
<div class='stack-trace' id='stack-trace349259569'><pre>com.codoid.products.exception.FilloException: No records found
	at com.codoid.products.fillo.Recordset.&lt;init&gt;(Recordset.java:40)
	at com.codoid.products.fillo.Connection.executeQuery(Connection.java:62)
	at GenericFunctionLibrary.genericFunctions.GetValueFromExcelSheet(genericFunctions.java:715)
	at TestCases.Regression.taxCalculation.ValuesFromExcelSheet(taxCalculation.java:35)
	at TestCases.Regression.taxCalculation.EnableTaxCalc_Quotes_Primary(taxCalculation.java:358)
	at TestCases.Regression.taxCalculation.TestCase7_EnableTaxCalc_Quotes_PrimaryShipToAddressUncommit(taxCalculation.java:123)
	at sun.reflect.NativeMethodAccessorImpl.invoke0(Native Method)
	at sun.reflect.NativeMethodAccessorImpl.invoke(Unknown Source)
	at sun.reflect.DelegatingMethodAccessorImpl.invoke(Unknown Source)
	at java.lang.reflect.Method.invoke(Unknown Source)
	at org.testng.internal.MethodInvocationHelper.invokeMethod(MethodInvocationHelper.java:104)
	at org.testng.internal.Invoker.invokeMethod(Invoker.java:645)
	at org.testng.internal.Invoker.invokeTestMethod(Invoker.java:851)
	at org.testng.internal.Invoker.invokeTestMethods(Invoker.java:1177)
	at org.testng.internal.TestMethodWorker.invokeTestMethods(TestMethodWorker.java:129)
	at org.testng.internal.TestMethodWorker.run(TestMethodWorker.java:112)
	at org.testng.TestRunner.privateRun(TestRunner.java:756)
	at org.testng.TestRunner.run(TestRunner.java:610)
	at org.testng.SuiteRunner.runTest(SuiteRunner.java:387)
	at org.testng.SuiteRunner.runSequentially(SuiteRunner.java:382)
	at org.testng.SuiteRunner.privateRun(SuiteRunner.java:340)
	at org.testng.SuiteRunner.run(SuiteRunner.java:289)
	at org.testng.SuiteRunnerWorker.runSuite(SuiteRunnerWorker.java:52)
	at org.testng.SuiteRunnerWorker.run(SuiteRunnerWorker.java:86)
	at org.testng.TestNG.runSuitesSequentially(TestNG.java:1293)
	at org.testng.TestNG.runSuitesLocally(TestNG.java:1218)
	at org.testng.TestNG.runSuites(TestNG.java:1133)
	at org.testng.TestNG.run(TestNG.java:1104)
	at org.testng.remote.AbstractRemoteTestNG.run(AbstractRemoteTestNG.java:114)
	at org.testng.remote.RemoteTestNG.initAndRun(RemoteTestNG.java:251)
	at org.testng.remote.RemoteTestNG.main(RemoteTestNG.java:77)
</pre></div></td>
<td>0</td>
<td>TestCases.Regression.taxCalculation@304bb45b</td></tr>
<tr>
<td title='TestCases.Regression.taxCalculation.TestCase8_EnableTaxCalc_Quotes_PrimaryBillToAddressUncommit()'><b>TestCase8_EnableTaxCalc_Quotes_PrimaryBillToAddressUncommit</b><br>Test class: TestCases.Regression.taxCalculation<br>Test method: EnableTaxCalc_Quotes_PrimaryBillToAddress_DenverCity_Uncommit</td>
<td><div><pre>com.codoid.products.exception.FilloException: No records found
	at com.codoid.products.fillo.Recordset.&lt;init&gt;(Recordset.java:40)
	at com.codoid.products.fillo.Connection.executeQuery(Connection.java:62)
	at GenericFunctionLibrary.genericFunctions.GetValueFromExcelSheet(genericFunctions.java:715)
	at TestCases.Regression.taxCalculation.ValuesFromExcelSheet(taxCalculation.java:35)
	at TestCases.Regression.taxCalculation.EnableTaxCalc_Quotes_Primary(taxCalculation.java:358)
	at TestCases.Regression.taxCalculation.TestCase8_EnableTaxCalc_Quotes_PrimaryBillToAddressUncommit(taxCalculation.java:128)
... Removed 25 stack frames</pre></div><a href='#' onClick='toggleBox("stack-trace633079302", this, "Click to show all stack frames", "Click to hide stack frames")'>Click to show all stack frames</a>
<div class='stack-trace' id='stack-trace633079302'><pre>com.codoid.products.exception.FilloException: No records found
	at com.codoid.products.fillo.Recordset.&lt;init&gt;(Recordset.java:40)
	at com.codoid.products.fillo.Connection.executeQuery(Connection.java:62)
	at GenericFunctionLibrary.genericFunctions.GetValueFromExcelSheet(genericFunctions.java:715)
	at TestCases.Regression.taxCalculation.ValuesFromExcelSheet(taxCalculation.java:35)
	at TestCases.Regression.taxCalculation.EnableTaxCalc_Quotes_Primary(taxCalculation.java:358)
	at TestCases.Regression.taxCalculation.TestCase8_EnableTaxCalc_Quotes_PrimaryBillToAddressUncommit(taxCalculation.java:128)
	at sun.reflect.NativeMethodAccessorImpl.invoke0(Native Method)
	at sun.reflect.NativeMethodAccessorImpl.invoke(Unknown Source)
	at sun.reflect.DelegatingMethodAccessorImpl.invoke(Unknown Source)
	at java.lang.reflect.Method.invoke(Unknown Source)
	at org.testng.internal.MethodInvocationHelper.invokeMethod(MethodInvocationHelper.java:104)
	at org.testng.internal.Invoker.invokeMethod(Invoker.java:645)
	at org.testng.internal.Invoker.invokeTestMethod(Invoker.java:851)
	at org.testng.internal.Invoker.invokeTestMethods(Invoker.java:1177)
	at org.testng.internal.TestMethodWorker.invokeTestMethods(TestMethodWorker.java:129)
	at org.testng.internal.TestMethodWorker.run(TestMethodWorker.java:112)
	at org.testng.TestRunner.privateRun(TestRunner.java:756)
	at org.testng.TestRunner.run(TestRunner.java:610)
	at org.testng.SuiteRunner.runTest(SuiteRunner.java:387)
	at org.testng.SuiteRunner.runSequentially(SuiteRunner.java:382)
	at org.testng.SuiteRunner.privateRun(SuiteRunner.java:340)
	at org.testng.SuiteRunner.run(SuiteRunner.java:289)
	at org.testng.SuiteRunnerWorker.runSuite(SuiteRunnerWorker.java:52)
	at org.testng.SuiteRunnerWorker.run(SuiteRunnerWorker.java:86)
	at org.testng.TestNG.runSuitesSequentially(TestNG.java:1293)
	at org.testng.TestNG.runSuitesLocally(TestNG.java:1218)
	at org.testng.TestNG.runSuites(TestNG.java:1133)
	at org.testng.TestNG.run(TestNG.java:1104)
	at org.testng.remote.AbstractRemoteTestNG.run(AbstractRemoteTestNG.java:114)
	at org.testng.remote.RemoteTestNG.initAndRun(RemoteTestNG.java:251)
	at org.testng.remote.RemoteTestNG.main(RemoteTestNG.java:77)
</pre></div></td>
<td>0</td>
<td>TestCases.Regression.taxCalculation@304bb45b</td></tr>
<tr>
<td title='TestCases.Regression.taxCalculation.TestCase9_EnableTaxCalc_Order_PrimaryShipToAddressSalesOrder()'><b>TestCase9_EnableTaxCalc_Order_PrimaryShipToAddressSalesOrder</b><br>Test class: TestCases.Regression.taxCalculation<br>Test method: EnableTaxCalc_Order_PrimaryShipToAddress_CAN_SalesOrder</td>
<td><div><pre>com.codoid.products.exception.FilloException: No records found
	at com.codoid.products.fillo.Recordset.&lt;init&gt;(Recordset.java:40)
	at com.codoid.products.fillo.Connection.executeQuery(Connection.java:62)
	at GenericFunctionLibrary.genericFunctions.GetValueFromExcelSheet(genericFunctions.java:715)
	at TestCases.Regression.taxCalculation.ValuesFromExcelSheet(taxCalculation.java:35)
	at TestCases.Regression.taxCalculation.EnableTaxCalc_Order_Primary(taxCalculation.java:444)
	at TestCases.Regression.taxCalculation.TestCase9_EnableTaxCalc_Order_PrimaryShipToAddressSalesOrder(taxCalculation.java:133)
... Removed 25 stack frames</pre></div><a href='#' onClick='toggleBox("stack-trace1135278099", this, "Click to show all stack frames", "Click to hide stack frames")'>Click to show all stack frames</a>
<div class='stack-trace' id='stack-trace1135278099'><pre>com.codoid.products.exception.FilloException: No records found
	at com.codoid.products.fillo.Recordset.&lt;init&gt;(Recordset.java:40)
	at com.codoid.products.fillo.Connection.executeQuery(Connection.java:62)
	at GenericFunctionLibrary.genericFunctions.GetValueFromExcelSheet(genericFunctions.java:715)
	at TestCases.Regression.taxCalculation.ValuesFromExcelSheet(taxCalculation.java:35)
	at TestCases.Regression.taxCalculation.EnableTaxCalc_Order_Primary(taxCalculation.java:444)
	at TestCases.Regression.taxCalculation.TestCase9_EnableTaxCalc_Order_PrimaryShipToAddressSalesOrder(taxCalculation.java:133)
	at sun.reflect.NativeMethodAccessorImpl.invoke0(Native Method)
	at sun.reflect.NativeMethodAccessorImpl.invoke(Unknown Source)
	at sun.reflect.DelegatingMethodAccessorImpl.invoke(Unknown Source)
	at java.lang.reflect.Method.invoke(Unknown Source)
	at org.testng.internal.MethodInvocationHelper.invokeMethod(MethodInvocationHelper.java:104)
	at org.testng.internal.Invoker.invokeMethod(Invoker.java:645)
	at org.testng.internal.Invoker.invokeTestMethod(Invoker.java:851)
	at org.testng.internal.Invoker.invokeTestMethods(Invoker.java:1177)
	at org.testng.internal.TestMethodWorker.invokeTestMethods(TestMethodWorker.java:129)
	at org.testng.internal.TestMethodWorker.run(TestMethodWorker.java:112)
	at org.testng.TestRunner.privateRun(TestRunner.java:756)
	at org.testng.TestRunner.run(TestRunner.java:610)
	at org.testng.SuiteRunner.runTest(SuiteRunner.java:387)
	at org.testng.SuiteRunner.runSequentially(SuiteRunner.java:382)
	at org.testng.SuiteRunner.privateRun(SuiteRunner.java:340)
	at org.testng.SuiteRunner.run(SuiteRunner.java:289)
	at org.testng.SuiteRunnerWorker.runSuite(SuiteRunnerWorker.java:52)
	at org.testng.SuiteRunnerWorker.run(SuiteRunnerWorker.java:86)
	at org.testng.TestNG.runSuitesSequentially(TestNG.java:1293)
	at org.testng.TestNG.runSuitesLocally(TestNG.java:1218)
	at org.testng.TestNG.runSuites(TestNG.java:1133)
	at org.testng.TestNG.run(TestNG.java:1104)
	at org.testng.remote.AbstractRemoteTestNG.run(AbstractRemoteTestNG.java:114)
	at org.testng.remote.RemoteTestNG.initAndRun(RemoteTestNG.java:251)
	at org.testng.remote.RemoteTestNG.main(RemoteTestNG.java:77)
</pre></div></td>
<td>0</td>
<td>TestCases.Regression.taxCalculation@304bb45b</td></tr>
<tr>
<td title='TestCases.Regression.SalesForce_Tax_Override.fTaxOverride_Quantity()'><b>fTaxOverride_Quantity</b><br>Test class: TestCases.Regression.SalesForce_Tax_Override</td>
<td><div><pre>java.lang.AssertionError: The following asserts failed:
	Orders Expected:60.00And Actual:77.50 expected [true] but found [false]
	at TestCases.Regression.SalesForce_Tax_Override.fTaxOverride_Quantity(SalesForce_Tax_Override.java:127)
... Removed 26 stack frames</pre></div><a href='#' onClick='toggleBox("stack-trace600958416", this, "Click to show all stack frames", "Click to hide stack frames")'>Click to show all stack frames</a>
<div class='stack-trace' id='stack-trace600958416'><pre>java.lang.AssertionError: The following asserts failed:
	Orders Expected:60.00And Actual:77.50 expected [true] but found [false]
	at org.testng.asserts.SoftAssert.assertAll(SoftAssert.java:43)
	at TestCases.Regression.SalesForce_Tax_Override.fTaxOverride_Quantity(SalesForce_Tax_Override.java:127)
	at sun.reflect.NativeMethodAccessorImpl.invoke0(Native Method)
	at sun.reflect.NativeMethodAccessorImpl.invoke(Unknown Source)
	at sun.reflect.DelegatingMethodAccessorImpl.invoke(Unknown Source)
	at java.lang.reflect.Method.invoke(Unknown Source)
	at org.testng.internal.MethodInvocationHelper.invokeMethod(MethodInvocationHelper.java:104)
	at org.testng.internal.Invoker.invokeMethod(Invoker.java:645)
	at org.testng.internal.Invoker.invokeTestMethod(Invoker.java:851)
	at org.testng.internal.Invoker.invokeTestMethods(Invoker.java:1177)
	at org.testng.internal.TestMethodWorker.invokeTestMethods(TestMethodWorker.java:129)
	at org.testng.internal.TestMethodWorker.run(TestMethodWorker.java:112)
	at org.testng.TestRunner.privateRun(TestRunner.java:756)
	at org.testng.TestRunner.run(TestRunner.java:610)
	at org.testng.SuiteRunner.runTest(SuiteRunner.java:387)
	at org.testng.SuiteRunner.runSequentially(SuiteRunner.java:382)
	at org.testng.SuiteRunner.privateRun(SuiteRunner.java:340)
	at org.testng.SuiteRunner.run(SuiteRunner.java:289)
	at org.testng.SuiteRunnerWorker.runSuite(SuiteRunnerWorker.java:52)
	at org.testng.SuiteRunnerWorker.run(SuiteRunnerWorker.java:86)
	at org.testng.TestNG.runSuitesSequentially(TestNG.java:1293)
	at org.testng.TestNG.runSuitesLocally(TestNG.java:1218)
	at org.testng.TestNG.runSuites(TestNG.java:1133)
	at org.testng.TestNG.run(TestNG.java:1104)
	at org.testng.remote.AbstractRemoteTestNG.run(AbstractRemoteTestNG.java:114)
	at org.testng.remote.RemoteTestNG.initAndRun(RemoteTestNG.java:251)
	at org.testng.remote.RemoteTestNG.main(RemoteTestNG.java:77)
</pre></div></td>
<td>229</td>
<td>TestCases.Regression.SalesForce_Tax_Override@28dcca0c</td></tr>
<tr>
<td title='TestCases.Regression.SalesForce_Tax_Override.fTaxOverride_Quantity_EntityUseCode_A_Applied_on_ACc()'><b>fTaxOverride_Quantity_EntityUseCode_A_Applied_on_ACc</b><br>Test class: TestCases.Regression.SalesForce_Tax_Override</td>
<td><div><pre>com.codoid.products.exception.FilloException: No records found
	at com.codoid.products.fillo.Recordset.&lt;init&gt;(Recordset.java:40)
	at com.codoid.products.fillo.Connection.executeQuery(Connection.java:62)
	at GenericFunctionLibrary.genericFunctions.GetValueFromExcelSheet(genericFunctions.java:715)
	at TestCases.Regression.SalesForce_Tax_Override.ValuesFromExcelSheet(SalesForce_Tax_Override.java:32)
	at TestCases.Regression.SalesForce_Tax_Override.fTaxOverride_Quantity_EntityUseCode_A_Applied_on_ACc(SalesForce_Tax_Override.java:332)
... Removed 25 stack frames</pre></div><a href='#' onClick='toggleBox("stack-trace472991420", this, "Click to show all stack frames", "Click to hide stack frames")'>Click to show all stack frames</a>
<div class='stack-trace' id='stack-trace472991420'><pre>com.codoid.products.exception.FilloException: No records found
	at com.codoid.products.fillo.Recordset.&lt;init&gt;(Recordset.java:40)
	at com.codoid.products.fillo.Connection.executeQuery(Connection.java:62)
	at GenericFunctionLibrary.genericFunctions.GetValueFromExcelSheet(genericFunctions.java:715)
	at TestCases.Regression.SalesForce_Tax_Override.ValuesFromExcelSheet(SalesForce_Tax_Override.java:32)
	at TestCases.Regression.SalesForce_Tax_Override.fTaxOverride_Quantity_EntityUseCode_A_Applied_on_ACc(SalesForce_Tax_Override.java:332)
	at sun.reflect.NativeMethodAccessorImpl.invoke0(Native Method)
	at sun.reflect.NativeMethodAccessorImpl.invoke(Unknown Source)
	at sun.reflect.DelegatingMethodAccessorImpl.invoke(Unknown Source)
	at java.lang.reflect.Method.invoke(Unknown Source)
	at org.testng.internal.MethodInvocationHelper.invokeMethod(MethodInvocationHelper.java:104)
	at org.testng.internal.Invoker.invokeMethod(Invoker.java:645)
	at org.testng.internal.Invoker.invokeTestMethod(Invoker.java:851)
	at org.testng.internal.Invoker.invokeTestMethods(Invoker.java:1177)
	at org.testng.internal.TestMethodWorker.invokeTestMethods(TestMethodWorker.java:129)
	at org.testng.internal.TestMethodWorker.run(TestMethodWorker.java:112)
	at org.testng.TestRunner.privateRun(TestRunner.java:756)
	at org.testng.TestRunner.run(TestRunner.java:610)
	at org.testng.SuiteRunner.runTest(SuiteRunner.java:387)
	at org.testng.SuiteRunner.runSequentially(SuiteRunner.java:382)
	at org.testng.SuiteRunner.privateRun(SuiteRunner.java:340)
	at org.testng.SuiteRunner.run(SuiteRunner.java:289)
	at org.testng.SuiteRunnerWorker.runSuite(SuiteRunnerWorker.java:52)
	at org.testng.SuiteRunnerWorker.run(SuiteRunnerWorker.java:86)
	at org.testng.TestNG.runSuitesSequentially(TestNG.java:1293)
	at org.testng.TestNG.runSuitesLocally(TestNG.java:1218)
	at org.testng.TestNG.runSuites(TestNG.java:1133)
	at org.testng.TestNG.run(TestNG.java:1104)
	at org.testng.remote.AbstractRemoteTestNG.run(AbstractRemoteTestNG.java:114)
	at org.testng.remote.RemoteTestNG.initAndRun(RemoteTestNG.java:251)
	at org.testng.remote.RemoteTestNG.main(RemoteTestNG.java:77)
</pre></div></td>
<td>0</td>
<td>TestCases.Regression.SalesForce_Tax_Override@28dcca0c</td></tr>
<tr>
<td title='TestCases.Regression.SalesForce_Tax_Override.fTaxOverride_Quantity_WithTaxcodeMapped_NT()'><b>fTaxOverride_Quantity_WithTaxcodeMapped_NT</b><br>Test class: TestCases.Regression.SalesForce_Tax_Override</td>
<td><div><pre>com.codoid.products.exception.FilloException: No records found
	at com.codoid.products.fillo.Recordset.&lt;init&gt;(Recordset.java:40)
	at com.codoid.products.fillo.Connection.executeQuery(Connection.java:62)
	at GenericFunctionLibrary.genericFunctions.GetValueFromExcelSheet(genericFunctions.java:715)
	at TestCases.Regression.SalesForce_Tax_Override.ValuesFromExcelSheet(SalesForce_Tax_Override.java:32)
	at TestCases.Regression.SalesForce_Tax_Override.fTaxOverride_Quantity_WithTaxcodeMapped_NT(SalesForce_Tax_Override.java:393)
... Removed 25 stack frames</pre></div><a href='#' onClick='toggleBox("stack-trace847320212", this, "Click to show all stack frames", "Click to hide stack frames")'>Click to show all stack frames</a>
<div class='stack-trace' id='stack-trace847320212'><pre>com.codoid.products.exception.FilloException: No records found
	at com.codoid.products.fillo.Recordset.&lt;init&gt;(Recordset.java:40)
	at com.codoid.products.fillo.Connection.executeQuery(Connection.java:62)
	at GenericFunctionLibrary.genericFunctions.GetValueFromExcelSheet(genericFunctions.java:715)
	at TestCases.Regression.SalesForce_Tax_Override.ValuesFromExcelSheet(SalesForce_Tax_Override.java:32)
	at TestCases.Regression.SalesForce_Tax_Override.fTaxOverride_Quantity_WithTaxcodeMapped_NT(SalesForce_Tax_Override.java:393)
	at sun.reflect.NativeMethodAccessorImpl.invoke0(Native Method)
	at sun.reflect.NativeMethodAccessorImpl.invoke(Unknown Source)
	at sun.reflect.DelegatingMethodAccessorImpl.invoke(Unknown Source)
	at java.lang.reflect.Method.invoke(Unknown Source)
	at org.testng.internal.MethodInvocationHelper.invokeMethod(MethodInvocationHelper.java:104)
	at org.testng.internal.Invoker.invokeMethod(Invoker.java:645)
	at org.testng.internal.Invoker.invokeTestMethod(Invoker.java:851)
	at org.testng.internal.Invoker.invokeTestMethods(Invoker.java:1177)
	at org.testng.internal.TestMethodWorker.invokeTestMethods(TestMethodWorker.java:129)
	at org.testng.internal.TestMethodWorker.run(TestMethodWorker.java:112)
	at org.testng.TestRunner.privateRun(TestRunner.java:756)
	at org.testng.TestRunner.run(TestRunner.java:610)
	at org.testng.SuiteRunner.runTest(SuiteRunner.java:387)
	at org.testng.SuiteRunner.runSequentially(SuiteRunner.java:382)
	at org.testng.SuiteRunner.privateRun(SuiteRunner.java:340)
	at org.testng.SuiteRunner.run(SuiteRunner.java:289)
	at org.testng.SuiteRunnerWorker.runSuite(SuiteRunnerWorker.java:52)
	at org.testng.SuiteRunnerWorker.run(SuiteRunnerWorker.java:86)
	at org.testng.TestNG.runSuitesSequentially(TestNG.java:1293)
	at org.testng.TestNG.runSuitesLocally(TestNG.java:1218)
	at org.testng.TestNG.runSuites(TestNG.java:1133)
	at org.testng.TestNG.run(TestNG.java:1104)
	at org.testng.remote.AbstractRemoteTestNG.run(AbstractRemoteTestNG.java:114)
	at org.testng.remote.RemoteTestNG.initAndRun(RemoteTestNG.java:251)
	at org.testng.remote.RemoteTestNG.main(RemoteTestNG.java:77)
</pre></div></td>
<td>0</td>
<td>TestCases.Regression.SalesForce_Tax_Override@28dcca0c</td></tr>
<tr>
<td title='TestCases.Regression.SalesForce_Tax_Override.fTaxOverride_SalesPrice()'><b>fTaxOverride_SalesPrice</b><br>Test class: TestCases.Regression.SalesForce_Tax_Override</td>
<td><div><pre>com.codoid.products.exception.FilloException: No records found
	at com.codoid.products.fillo.Recordset.&lt;init&gt;(Recordset.java:40)
	at com.codoid.products.fillo.Connection.executeQuery(Connection.java:62)
	at GenericFunctionLibrary.genericFunctions.GetValueFromExcelSheet(genericFunctions.java:715)
	at TestCases.Regression.SalesForce_Tax_Override.ValuesFromExcelSheet(SalesForce_Tax_Override.java:32)
	at TestCases.Regression.SalesForce_Tax_Override.fTaxOverride_SalesPrice(SalesForce_Tax_Override.java:201)
... Removed 25 stack frames</pre></div><a href='#' onClick='toggleBox("stack-trace973936431", this, "Click to show all stack frames", "Click to hide stack frames")'>Click to show all stack frames</a>
<div class='stack-trace' id='stack-trace973936431'><pre>com.codoid.products.exception.FilloException: No records found
	at com.codoid.products.fillo.Recordset.&lt;init&gt;(Recordset.java:40)
	at com.codoid.products.fillo.Connection.executeQuery(Connection.java:62)
	at GenericFunctionLibrary.genericFunctions.GetValueFromExcelSheet(genericFunctions.java:715)
	at TestCases.Regression.SalesForce_Tax_Override.ValuesFromExcelSheet(SalesForce_Tax_Override.java:32)
	at TestCases.Regression.SalesForce_Tax_Override.fTaxOverride_SalesPrice(SalesForce_Tax_Override.java:201)
	at sun.reflect.NativeMethodAccessorImpl.invoke0(Native Method)
	at sun.reflect.NativeMethodAccessorImpl.invoke(Unknown Source)
	at sun.reflect.DelegatingMethodAccessorImpl.invoke(Unknown Source)
	at java.lang.reflect.Method.invoke(Unknown Source)
	at org.testng.internal.MethodInvocationHelper.invokeMethod(MethodInvocationHelper.java:104)
	at org.testng.internal.Invoker.invokeMethod(Invoker.java:645)
	at org.testng.internal.Invoker.invokeTestMethod(Invoker.java:851)
	at org.testng.internal.Invoker.invokeTestMethods(Invoker.java:1177)
	at org.testng.internal.TestMethodWorker.invokeTestMethods(TestMethodWorker.java:129)
	at org.testng.internal.TestMethodWorker.run(TestMethodWorker.java:112)
	at org.testng.TestRunner.privateRun(TestRunner.java:756)
	at org.testng.TestRunner.run(TestRunner.java:610)
	at org.testng.SuiteRunner.runTest(SuiteRunner.java:387)
	at org.testng.SuiteRunner.runSequentially(SuiteRunner.java:382)
	at org.testng.SuiteRunner.privateRun(SuiteRunner.java:340)
	at org.testng.SuiteRunner.run(SuiteRunner.java:289)
	at org.testng.SuiteRunnerWorker.runSuite(SuiteRunnerWorker.java:52)
	at org.testng.SuiteRunnerWorker.run(SuiteRunnerWorker.java:86)
	at org.testng.TestNG.runSuitesSequentially(TestNG.java:1293)
	at org.testng.TestNG.runSuitesLocally(TestNG.java:1218)
	at org.testng.TestNG.runSuites(TestNG.java:1133)
	at org.testng.TestNG.run(TestNG.java:1104)
	at org.testng.remote.AbstractRemoteTestNG.run(AbstractRemoteTestNG.java:114)
	at org.testng.remote.RemoteTestNG.initAndRun(RemoteTestNG.java:251)
	at org.testng.remote.RemoteTestNG.main(RemoteTestNG.java:77)
</pre></div></td>
<td>0</td>
<td>TestCases.Regression.SalesForce_Tax_Override@28dcca0c</td></tr>
<tr>
<td title='TestCases.Regression.SalesForce_Tax_Override.fTaxOverride_SalesTaxAmount()'><b>fTaxOverride_SalesTaxAmount</b><br>Test class: TestCases.Regression.SalesForce_Tax_Override</td>
<td><div><pre>com.codoid.products.exception.FilloException: No records found
	at com.codoid.products.fillo.Recordset.&lt;init&gt;(Recordset.java:40)
	at com.codoid.products.fillo.Connection.executeQuery(Connection.java:62)
	at GenericFunctionLibrary.genericFunctions.GetValueFromExcelSheet(genericFunctions.java:715)
	at TestCases.Regression.SalesForce_Tax_Override.ValuesFromExcelSheet(SalesForce_Tax_Override.java:32)
	at TestCases.Regression.SalesForce_Tax_Override.fTaxOverride_SalesTaxAmount(SalesForce_Tax_Override.java:140)
... Removed 25 stack frames</pre></div><a href='#' onClick='toggleBox("stack-trace962287291", this, "Click to show all stack frames", "Click to hide stack frames")'>Click to show all stack frames</a>
<div class='stack-trace' id='stack-trace962287291'><pre>com.codoid.products.exception.FilloException: No records found
	at com.codoid.products.fillo.Recordset.&lt;init&gt;(Recordset.java:40)
	at com.codoid.products.fillo.Connection.executeQuery(Connection.java:62)
	at GenericFunctionLibrary.genericFunctions.GetValueFromExcelSheet(genericFunctions.java:715)
	at TestCases.Regression.SalesForce_Tax_Override.ValuesFromExcelSheet(SalesForce_Tax_Override.java:32)
	at TestCases.Regression.SalesForce_Tax_Override.fTaxOverride_SalesTaxAmount(SalesForce_Tax_Override.java:140)
	at sun.reflect.NativeMethodAccessorImpl.invoke0(Native Method)
	at sun.reflect.NativeMethodAccessorImpl.invoke(Unknown Source)
	at sun.reflect.DelegatingMethodAccessorImpl.invoke(Unknown Source)
	at java.lang.reflect.Method.invoke(Unknown Source)
	at org.testng.internal.MethodInvocationHelper.invokeMethod(MethodInvocationHelper.java:104)
	at org.testng.internal.Invoker.invokeMethod(Invoker.java:645)
	at org.testng.internal.Invoker.invokeTestMethod(Invoker.java:851)
	at org.testng.internal.Invoker.invokeTestMethods(Invoker.java:1177)
	at org.testng.internal.TestMethodWorker.invokeTestMethods(TestMethodWorker.java:129)
	at org.testng.internal.TestMethodWorker.run(TestMethodWorker.java:112)
	at org.testng.TestRunner.privateRun(TestRunner.java:756)
	at org.testng.TestRunner.run(TestRunner.java:610)
	at org.testng.SuiteRunner.runTest(SuiteRunner.java:387)
	at org.testng.SuiteRunner.runSequentially(SuiteRunner.java:382)
	at org.testng.SuiteRunner.privateRun(SuiteRunner.java:340)
	at org.testng.SuiteRunner.run(SuiteRunner.java:289)
	at org.testng.SuiteRunnerWorker.runSuite(SuiteRunnerWorker.java:52)
	at org.testng.SuiteRunnerWorker.run(SuiteRunnerWorker.java:86)
	at org.testng.TestNG.runSuitesSequentially(TestNG.java:1293)
	at org.testng.TestNG.runSuitesLocally(TestNG.java:1218)
	at org.testng.TestNG.runSuites(TestNG.java:1133)
	at org.testng.TestNG.run(TestNG.java:1104)
	at org.testng.remote.AbstractRemoteTestNG.run(AbstractRemoteTestNG.java:114)
	at org.testng.remote.RemoteTestNG.initAndRun(RemoteTestNG.java:251)
	at org.testng.remote.RemoteTestNG.main(RemoteTestNG.java:77)
</pre></div></td>
<td>0</td>
<td>TestCases.Regression.SalesForce_Tax_Override@28dcca0c</td></tr>
<tr>
<td title='TestCases.Regression.SalesForce_Tax_Override.fTaxOverride_SalesTaxAmount_TaxAmountWith_ProductUnitPrice_0()'><b>fTaxOverride_SalesTaxAmount_TaxAmountWith_ProductUnitPrice_0</b><br>Test class: TestCases.Regression.SalesForce_Tax_Override</td>
<td><div><pre>com.codoid.products.exception.FilloException: No records found
	at com.codoid.products.fillo.Recordset.&lt;init&gt;(Recordset.java:40)
	at com.codoid.products.fillo.Connection.executeQuery(Connection.java:62)
	at GenericFunctionLibrary.genericFunctions.GetValueFromExcelSheet(genericFunctions.java:715)
	at TestCases.Regression.SalesForce_Tax_Override.ValuesFromExcelSheet(SalesForce_Tax_Override.java:32)
	at TestCases.Regression.SalesForce_Tax_Override.fTaxOverride_SalesTaxAmount_TaxAmountWith_ProductUnitPrice_0(SalesForce_Tax_Override.java:453)
... Removed 25 stack frames</pre></div><a href='#' onClick='toggleBox("stack-trace1041547629", this, "Click to show all stack frames", "Click to hide stack frames")'>Click to show all stack frames</a>
<div class='stack-trace' id='stack-trace1041547629'><pre>com.codoid.products.exception.FilloException: No records found
	at com.codoid.products.fillo.Recordset.&lt;init&gt;(Recordset.java:40)
	at com.codoid.products.fillo.Connection.executeQuery(Connection.java:62)
	at GenericFunctionLibrary.genericFunctions.GetValueFromExcelSheet(genericFunctions.java:715)
	at TestCases.Regression.SalesForce_Tax_Override.ValuesFromExcelSheet(SalesForce_Tax_Override.java:32)
	at TestCases.Regression.SalesForce_Tax_Override.fTaxOverride_SalesTaxAmount_TaxAmountWith_ProductUnitPrice_0(SalesForce_Tax_Override.java:453)
	at sun.reflect.NativeMethodAccessorImpl.invoke0(Native Method)
	at sun.reflect.NativeMethodAccessorImpl.invoke(Unknown Source)
	at sun.reflect.DelegatingMethodAccessorImpl.invoke(Unknown Source)
	at java.lang.reflect.Method.invoke(Unknown Source)
	at org.testng.internal.MethodInvocationHelper.invokeMethod(MethodInvocationHelper.java:104)
	at org.testng.internal.Invoker.invokeMethod(Invoker.java:645)
	at org.testng.internal.Invoker.invokeTestMethod(Invoker.java:851)
	at org.testng.internal.Invoker.invokeTestMethods(Invoker.java:1177)
	at org.testng.internal.TestMethodWorker.invokeTestMethods(TestMethodWorker.java:129)
	at org.testng.internal.TestMethodWorker.run(TestMethodWorker.java:112)
	at org.testng.TestRunner.privateRun(TestRunner.java:756)
	at org.testng.TestRunner.run(TestRunner.java:610)
	at org.testng.SuiteRunner.runTest(SuiteRunner.java:387)
	at org.testng.SuiteRunner.runSequentially(SuiteRunner.java:382)
	at org.testng.SuiteRunner.privateRun(SuiteRunner.java:340)
	at org.testng.SuiteRunner.run(SuiteRunner.java:289)
	at org.testng.SuiteRunnerWorker.runSuite(SuiteRunnerWorker.java:52)
	at org.testng.SuiteRunnerWorker.run(SuiteRunnerWorker.java:86)
	at org.testng.TestNG.runSuitesSequentially(TestNG.java:1293)
	at org.testng.TestNG.runSuitesLocally(TestNG.java:1218)
	at org.testng.TestNG.runSuites(TestNG.java:1133)
	at org.testng.TestNG.run(TestNG.java:1104)
	at org.testng.remote.AbstractRemoteTestNG.run(AbstractRemoteTestNG.java:114)
	at org.testng.remote.RemoteTestNG.initAndRun(RemoteTestNG.java:251)
	at org.testng.remote.RemoteTestNG.main(RemoteTestNG.java:77)
</pre></div></td>
<td>0</td>
<td>TestCases.Regression.SalesForce_Tax_Override@28dcca0c</td></tr>
<tr>
<td title='TestCases.Regression.SalesForce_Tax_Override.fTaxOverride_TaxAmount_WithInvalidShippingAddress()'><b>fTaxOverride_TaxAmount_WithInvalidShippingAddress</b><br>Test class: TestCases.Regression.SalesForce_Tax_Override</td>
<td><div><pre>com.codoid.products.exception.FilloException: No records found
	at com.codoid.products.fillo.Recordset.&lt;init&gt;(Recordset.java:40)
	at com.codoid.products.fillo.Connection.executeQuery(Connection.java:62)
	at GenericFunctionLibrary.genericFunctions.GetValueFromExcelSheet(genericFunctions.java:715)
	at TestCases.Regression.SalesForce_Tax_Override.ValuesFromExcelSheet(SalesForce_Tax_Override.java:32)
	at TestCases.Regression.SalesForce_Tax_Override.fTaxOverride_TaxAmount_WithInvalidShippingAddress(SalesForce_Tax_Override.java:262)
... Removed 25 stack frames</pre></div><a href='#' onClick='toggleBox("stack-trace1060703587", this, "Click to show all stack frames", "Click to hide stack frames")'>Click to show all stack frames</a>
<div class='stack-trace' id='stack-trace1060703587'><pre>com.codoid.products.exception.FilloException: No records found
	at com.codoid.products.fillo.Recordset.&lt;init&gt;(Recordset.java:40)
	at com.codoid.products.fillo.Connection.executeQuery(Connection.java:62)
	at GenericFunctionLibrary.genericFunctions.GetValueFromExcelSheet(genericFunctions.java:715)
	at TestCases.Regression.SalesForce_Tax_Override.ValuesFromExcelSheet(SalesForce_Tax_Override.java:32)
	at TestCases.Regression.SalesForce_Tax_Override.fTaxOverride_TaxAmount_WithInvalidShippingAddress(SalesForce_Tax_Override.java:262)
	at sun.reflect.NativeMethodAccessorImpl.invoke0(Native Method)
	at sun.reflect.NativeMethodAccessorImpl.invoke(Unknown Source)
	at sun.reflect.DelegatingMethodAccessorImpl.invoke(Unknown Source)
	at java.lang.reflect.Method.invoke(Unknown Source)
	at org.testng.internal.MethodInvocationHelper.invokeMethod(MethodInvocationHelper.java:104)
	at org.testng.internal.Invoker.invokeMethod(Invoker.java:645)
	at org.testng.internal.Invoker.invokeTestMethod(Invoker.java:851)
	at org.testng.internal.Invoker.invokeTestMethods(Invoker.java:1177)
	at org.testng.internal.TestMethodWorker.invokeTestMethods(TestMethodWorker.java:129)
	at org.testng.internal.TestMethodWorker.run(TestMethodWorker.java:112)
	at org.testng.TestRunner.privateRun(TestRunner.java:756)
	at org.testng.TestRunner.run(TestRunner.java:610)
	at org.testng.SuiteRunner.runTest(SuiteRunner.java:387)
	at org.testng.SuiteRunner.runSequentially(SuiteRunner.java:382)
	at org.testng.SuiteRunner.privateRun(SuiteRunner.java:340)
	at org.testng.SuiteRunner.run(SuiteRunner.java:289)
	at org.testng.SuiteRunnerWorker.runSuite(SuiteRunnerWorker.java:52)
	at org.testng.SuiteRunnerWorker.run(SuiteRunnerWorker.java:86)
	at org.testng.TestNG.runSuitesSequentially(TestNG.java:1293)
	at org.testng.TestNG.runSuitesLocally(TestNG.java:1218)
	at org.testng.TestNG.runSuites(TestNG.java:1133)
	at org.testng.TestNG.run(TestNG.java:1104)
	at org.testng.remote.AbstractRemoteTestNG.run(AbstractRemoteTestNG.java:114)
	at org.testng.remote.RemoteTestNG.initAndRun(RemoteTestNG.java:251)
	at org.testng.remote.RemoteTestNG.main(RemoteTestNG.java:77)
</pre></div></td>
<td>0</td>
<td>TestCases.Regression.SalesForce_Tax_Override@28dcca0c</td></tr>
</table><p>
<table width='100%' border='1' class='invocation-passed'>
<tr><td colspan='4' align='center'><b>PASSED TESTS</b></td></tr>
<tr><td><b>Test method</b></td>
<td width="30%"><b>Exception</b></td>
<td width="10%"><b>Time (seconds)</b></td>
<td><b>Instance</b></td>
</tr>
<tr>
<td title='TestCases.Regression.taxCalculation.TestCase1_EnableTaxCalc_ACc_PrimaryShipToAddressSalesOrder()'><b>TestCase1_EnableTaxCalc_ACc_PrimaryShipToAddressSalesOrder</b><br>Test class: TestCases.Regression.taxCalculation<br>Test method: EnableTaxCalc_ACc_PrimaryShipToAddress_CAN_SalesOrder</td>
<td></td>
<td>216</td>
<td>TestCases.Regression.taxCalculation@304bb45b</td></tr>
<tr>
<td title='TestCases.Regression.SalesForce_AddressValidation.TestCase60_AddressValidation_ValidAddress_MyTestProjecteXAMPLEConfiguration()'><b>TestCase60_AddressValidation_ValidAddress_MyTestProjecteXAMPLEConfiguration</b><br>Test class: TestCases.Regression.SalesForce_AddressValidation<br>Test method: AddressValidation_ValidAddress_MyTestProjecteXAMPLEConfiguration</td>
<td></td>
<td>19</td>
<td>TestCases.Regression.SalesForce_AddressValidation@723ca036</td></tr>
</table><p>
</body>
</html>