<?xml version="1.0" encoding="UTF-8"?>
<!-- Generated by org.testng.reporters.JUnitXMLReporter -->
<testsuite hostname="Av-Pn-Neha" ignored="0" name="SalesForce_AddressValidation3" tests="20" failures="9" timestamp="18 Oct 2019 06:41:51 GMT" time="1219.417" errors="0">
  <testcase name="testCaseC1586474_Addressvalidation_ValidShippingAddress_MyTestProjecteXAMPLEConfiguration" time="56.859" classname="TestCases.Regression.AddressValidation"/>
  <testcase name="TestCaseC1586477_AddressValidation_WithInvalidShippingAddress_MyTestProjecteXAMPLEConfiguration" time="42.384" classname="TestCases.Regression.AddressValidation"/>
  <testcase name="testCaseC1586475_AddressValidation_WithDisableAddressSettings_MyTestProjecteXAMPLEConfiguration" time="43.395" classname="TestCases.Regression.AddressValidation"/>
  <testcase name="TestCaseC1586478_AddressValidation_WithBlankShipFromAddress_MyTestProjecteXAMPLEConfiguration" time="41.676" classname="TestCases.Regression.AddressValidation"/>
  <testcase name="TestCase62_AddressValidation_ValidAddress_ACcs" time="81.9" classname="TestCases.Regression.AddressValidation">
    <failure type="java.lang.AssertionError" message="The following asserts failed:
	Expected:Line 1: 900 WINSLOW WAY E, City: BAINBRIDGE ISLAND, State/Region: WA, Postal Code: 98110-2450, Country: USAnd Actual:Error: The physical location exists but there are no homes on this street. One reason might be railroad tracks or rivers running alongside this street, as they would prevent construction of homes in this location. expected [true] but found [false]">
      <![CDATA[java.lang.AssertionError: The following asserts failed:
Expected:Line 1: 900 WINSLOW WAY E, City: BAINBRIDGE ISLAND, State/Region: WA, Postal Code: 98110-2450, Country: USAnd Actual:Error: The physical location exists but there are no homes on this street. One reason might be railroad tracks or rivers running alongside this street, as they would prevent construction of homes in this location. expected [true] but found [false]
at TestCases.Regression.AddressValidation.TestCase62_AddressValidation_ValidAddress_ACcs(AddressValidation.java:149)
... Removed 26 stack frames]]>
    </failure>
  </testcase> <!-- TestCase62_AddressValidation_ValidAddress_ACcs -->
  <testcase name="TestCase63_AddressValidation_ValidAddress_Quotes" time="51.138" classname="TestCases.Regression.AddressValidation"/>
  <testcase name="TestCase64_AddressValidation_ValidAddress_Orders" time="40.661" classname="TestCases.Regression.AddressValidation">
    <failure type="java.lang.AssertionError" message="The following asserts failed:
	Expected:Line 1: 900 WINSLOW WAY E, City: BAINBRIDGE ISLAND, State/Region: WA, Postal Code: 98110-2450, Country: USAnd Actual:Error: The physical location exists but there are no homes on this street. One reason might be railroad tracks or rivers running alongside this street, as they would prevent construction of homes in this location. expected [true] but found [false],
	Expected:Line 1: 900 WINSLOW WAY E, City: BAINBRIDGE ISLAND, State/Region: WA, Postal Code: 98110-2450, Country: USAnd Actual:Error: The physical location exists but there are no homes on this street. One reason might be railroad tracks or rivers running alongside this street, as they would prevent construction of homes in this location. expected [true] but found [false]">
      <![CDATA[java.lang.AssertionError: The following asserts failed:
Expected:Line 1: 900 WINSLOW WAY E, City: BAINBRIDGE ISLAND, State/Region: WA, Postal Code: 98110-2450, Country: USAnd Actual:Error: The physical location exists but there are no homes on this street. One reason might be railroad tracks or rivers running alongside this street, as they would prevent construction of homes in this location. expected [true] but found [false],
Expected:Line 1: 900 WINSLOW WAY E, City: BAINBRIDGE ISLAND, State/Region: WA, Postal Code: 98110-2450, Country: USAnd Actual:Error: The physical location exists but there are no homes on this street. One reason might be railroad tracks or rivers running alongside this street, as they would prevent construction of homes in this location. expected [true] but found [false]
at TestCases.Regression.AddressValidation.TestCase64_AddressValidation_ValidAddress_Orders(AddressValidation.java:199)
... Removed 26 stack frames]]>
    </failure>
  </testcase> <!-- TestCase64_AddressValidation_ValidAddress_Orders -->
  <testcase name="TestCase67_AddressValidation_WithDisableAddressSettings_ACcs" time="93.547" classname="TestCases.Regression.AddressValidation"/>
  <testcase name="TestCase68_AddressValidation_WithDisableAddressSettings_Quotes" time="68.996" classname="TestCases.Regression.AddressValidation"/>
  <testcase name="TestCase69_AddressValidation_WithDisableAddressSettings_Orders" time="49.151" classname="TestCases.Regression.AddressValidation"/>
  <testcase name="TestCase72_AddressValidation_WithInvalidAddress_ACcs" time="76.639" classname="TestCases.Regression.AddressValidation"/>
  <testcase name="TestCase73_AddressValidation_WithInvalidAddress_Quotes" time="57.236" classname="TestCases.Regression.AddressValidation"/>
  <testcase name="TestCase74_AddressValidation_WithInvalidAddress_Orders" time="38.522" classname="TestCases.Regression.AddressValidation"/>
  <testcase name="TestCase77_AddressValidation_BlankAddress_ACcs" time="77.298" classname="TestCases.Regression.AddressValidation">
    <failure type="java.lang.AssertionError" message="The following asserts failed:
	Expected:Error: The address value was incomplete.And Actual:Error: The physical location exists but there are no homes on this street. One reason might be railroad tracks or rivers running alongside this street, as they would prevent construction of homes in this location. expected [true] but found [false]">
      <![CDATA[java.lang.AssertionError: The following asserts failed:
Expected:Error: The address value was incomplete.And Actual:Error: The physical location exists but there are no homes on this street. One reason might be railroad tracks or rivers running alongside this street, as they would prevent construction of homes in this location. expected [true] but found [false]
at TestCases.Regression.AddressValidation.TestCase77_AddressValidation_BlankAddress_ACcs(AddressValidation.java:382)
... Removed 26 stack frames]]>
    </failure>
  </testcase> <!-- TestCase77_AddressValidation_BlankAddress_ACcs -->
  <testcase name="TestCase78_AddressValidation_BlankAddress_Quotes" time="31.109" classname="TestCases.Regression.AddressValidation">
    <failure type="org.openqa.selenium.NoSuchElementException" message="no such element: Unable to locate element: {&amp;quot;method&amp;quot;:&amp;quot;xpath&amp;quot;,&amp;quot;selector&amp;quot;:&amp;quot;//div[@class=&amp;apos;pbHeader&amp;apos;]//input[@name=&amp;apos;ava_sfcloud__quote_validate_ship_to_address&amp;apos;]&amp;quot;}
  (Session info: chrome=77.0.3865.120)
For documentation on this error, please visit: https://www.seleniumhq.org/exceptions/no_such_element.html
Build info: version: &amp;apos;3.141.59&amp;apos;, revision: &amp;apos;e82be7d358&amp;apos;, time: &amp;apos;2018-11-14T08:17:03&amp;apos;
System info: host: &amp;apos;AV-PN-NEHA&amp;apos;, ip: &amp;apos;10.42.40.248&amp;apos;, os.name: &amp;apos;Windows 10&amp;apos;, os.arch: &amp;apos;amd64&amp;apos;, os.version: &amp;apos;10.0&amp;apos;, java.version: &amp;apos;1.8.0_144&amp;apos;
Driver info: org.openqa.selenium.chrome.ChromeDriver
Capabilities {acceptInsecureCerts: false, browserName: chrome, browserVersion: 77.0.3865.120, chrome: {chromedriverVersion: 76.0.3809.126 (d80a294506b4..., userDataDir: C:\Users\NEHA~1.PAN\AppData...}, goog:chromeOptions: {debuggerAddress: localhost:61825}, javascriptEnabled: true, networkConnectionEnabled: false, pageLoadStrategy: normal, platform: XP, platformName: XP, proxy: Proxy(), setWindowRect: true, strictFileInteractability: false, timeouts: {implicit: 0, pageLoad: 300000, script: 30000}, unhandledPromptBehavior: dismiss and notify}
Session ID: 17cacdeeed4f5cf1001566d704bb1fde
*** Element info: {Using=xpath, value=//div[@class=&amp;apos;pbHeader&amp;apos;]//input[@name=&amp;apos;ava_sfcloud__quote_validate_ship_to_address&amp;apos;]}">
      <![CDATA[org.openqa.selenium.NoSuchElementException: no such element: Unable to locate element: {"method":"xpath","selector":"//div[@class='pbHeader']//input[@name='ava_sfcloud__quote_validate_ship_to_address']"}
  (Session info: chrome=77.0.3865.120)
For documentation on this error, please visit: https://www.seleniumhq.org/exceptions/no_such_element.html
Build info: version: '3.141.59', revision: 'e82be7d358', time: '2018-11-14T08:17:03'
System info: host: 'AV-PN-NEHA', ip: '10.42.40.248', os.name: 'Windows 10', os.arch: 'amd64', os.version: '10.0', java.version: '1.8.0_144'
Driver info: org.openqa.selenium.chrome.ChromeDriver
Capabilities {acceptInsecureCerts: false, browserName: chrome, browserVersion: 77.0.3865.120, chrome: {chromedriverVersion: 76.0.3809.126 (d80a294506b4..., userDataDir: C:\Users\NEHA~1.PAN\AppData...}, goog:chromeOptions: {debuggerAddress: localhost:61825}, javascriptEnabled: true, networkConnectionEnabled: false, pageLoadStrategy: normal, platform: XP, platformName: XP, proxy: Proxy(), setWindowRect: true, strictFileInteractability: false, timeouts: {implicit: 0, pageLoad: 300000, script: 30000}, unhandledPromptBehavior: dismiss and notify}
Session ID: 17cacdeeed4f5cf1001566d704bb1fde
*** Element info: {Using=xpath, value=//div[@class='pbHeader']//input[@name='ava_sfcloud__quote_validate_ship_to_address']}
at org.openqa.selenium.remote.http.W3CHttpResponseCodec.createException(W3CHttpResponseCodec.java:187)
at org.openqa.selenium.remote.http.W3CHttpResponseCodec.decode(W3CHttpResponseCodec.java:122)
at org.openqa.selenium.remote.http.W3CHttpResponseCodec.decode(W3CHttpResponseCodec.java:49)
at org.openqa.selenium.remote.HttpCommandExecutor.execute(HttpCommandExecutor.java:158)
at org.openqa.selenium.remote.service.DriverCommandExecutor.execute(DriverCommandExecutor.java:83)
at org.openqa.selenium.remote.RemoteWebDriver.execute(RemoteWebDriver.java:552)
at org.openqa.selenium.remote.RemoteWebDriver.findElement(RemoteWebDriver.java:323)
at org.openqa.selenium.remote.RemoteWebDriver.findElementByXPath(RemoteWebDriver.java:428)
at org.openqa.selenium.By$ByXPath.findElement(By.java:353)
at org.openqa.selenium.remote.RemoteWebDriver.findElement(RemoteWebDriver.java:315)
at GenericFunctionLibrary.genericFunctions.clickonElement_Xpath(genericFunctions.java:323)
at FunctionalLibrary.functionLibrary.fTriggerShipToAddress(functionLibrary.java:841)
at TestCases.Regression.AddressValidation.TestCase78_AddressValidation_BlankAddress_Quotes(AddressValidation.java:399)
... Removed 29 stack frames]]>
    </failure>
  </testcase> <!-- TestCase78_AddressValidation_BlankAddress_Quotes -->
  <testcase name="TestCase79_AddressValidation_BlankAddress_Orders" time="68.58" classname="TestCases.Regression.AddressValidation">
    <failure type="org.openqa.selenium.TimeoutException" message="Expected condition failed: waiting for element to be clickable: By.xpath: //div[@class=&amp;apos;pbHeader&amp;apos;]//input[@name=&amp;apos;ava_sfcloud__order_validate_shipping_address&amp;apos;] (tried for 60 second(s) with 500 milliseconds interval)">
      <![CDATA[org.openqa.selenium.TimeoutException: Expected condition failed: waiting for element to be clickable: By.xpath: //div[@class='pbHeader']//input[@name='ava_sfcloud__order_validate_shipping_address'] (tried for 60 second(s) with 500 milliseconds interval)
at org.openqa.selenium.support.ui.WebDriverWait.timeoutException(WebDriverWait.java:95)
at org.openqa.selenium.support.ui.FluentWait.until(FluentWait.java:272)
at GenericFunctionLibrary.genericFunctions.expectelementToBeClickable(genericFunctions.java:406)
at FunctionalLibrary.functionLibrary.fTriggerShipToAddress(functionLibrary.java:856)
at TestCases.Regression.AddressValidation.TestCase79_AddressValidation_BlankAddress_Orders(AddressValidation.java:422)
Caused by: org.openqa.selenium.NoSuchElementException: no such element: Unable to locate element: {"method":"xpath","selector":"//div[@class='pbHeader']//input[@name='ava_sfcloud__order_validate_shipping_address']"}
  (Session info: chrome=77.0.3865.120)
For documentation on this error, please visit: https://www.seleniumhq.org/exceptions/no_such_element.html
Build info: version: '3.141.59', revision: 'e82be7d358', time: '2018-11-14T08:17:03'
System info: host: 'AV-PN-NEHA', ip: '10.42.40.248', os.name: 'Windows 10', os.arch: 'amd64', os.version: '10.0', java.version: '1.8.0_144'
Driver info: org.openqa.selenium.chrome.ChromeDriver
Capabilities {acceptInsecureCerts: false, browserName: chrome, browserVersion: 77.0.3865.120, chrome: {chromedriverVersion: 76.0.3809.126 (d80a294506b4..., userDataDir: C:\Users\NEHA~1.PAN\AppData...}, goog:chromeOptions: {debuggerAddress: localhost:61825}, javascriptEnabled: true, networkConnectionEnabled: false, pageLoadStrategy: normal, platform: XP, platformName: XP, proxy: Proxy(), setWindowRect: true, strictFileInteractability: false, timeouts: {implicit: 0, pageLoad: 300000, script: 30000}, unhandledPromptBehavior: dismiss and notify}
Session ID: 17cacdeeed4f5cf1001566d704bb1fde
*** Element info: {Using=xpath, value=//div[@class='pbHeader']//input[@name='ava_sfcloud__order_validate_shipping_address']}
at org.openqa.selenium.remote.http.W3CHttpResponseCodec.createException(W3CHttpResponseCodec.java:187)
at org.openqa.selenium.remote.http.W3CHttpResponseCodec.decode(W3CHttpResponseCodec.java:122)
at org.openqa.selenium.remote.http.W3CHttpResponseCodec.decode(W3CHttpResponseCodec.java:49)
at org.openqa.selenium.remote.HttpCommandExecutor.execute(HttpCommandExecutor.java:158)
at org.openqa.selenium.remote.service.DriverCommandExecutor.execute(DriverCommandExecutor.java:83)
at org.openqa.selenium.remote.RemoteWebDriver.execute(RemoteWebDriver.java:552)
at org.openqa.selenium.remote.RemoteWebDriver.findElement(RemoteWebDriver.java:323)
at org.openqa.selenium.remote.RemoteWebDriver.findElementByXPath(RemoteWebDriver.java:428)
at org.openqa.selenium.By$ByXPath.findElement(By.java:353)
at org.openqa.selenium.remote.RemoteWebDriver.findElement(RemoteWebDriver.java:315)
at org.openqa.selenium.support.ui.ExpectedConditions$7.apply(ExpectedConditions.java:205)
at org.openqa.selenium.support.ui.ExpectedConditions$7.apply(ExpectedConditions.java:201)
at org.openqa.selenium.support.ui.ExpectedConditions$22.apply(ExpectedConditions.java:641)
at org.openqa.selenium.support.ui.ExpectedConditions$22.apply(ExpectedConditions.java:638)
at org.openqa.selenium.support.ui.FluentWait.until(FluentWait.java:249)
... 28 more
... Removed 28 stack frames]]>
    </failure>
  </testcase> <!-- TestCase79_AddressValidation_BlankAddress_Orders -->
  <testcase name="addressValidation_WithInvalidMyTestProjecteXAMPLECredential_ACcs_C1586496_C1586562" time="68.322" classname="TestCases.Regression.AddressValidation">
    <failure type="org.openqa.selenium.TimeoutException" message="Expected condition failed: waiting for presence of element located by: By.xpath: //a[text()=&amp;apos;Advanced Settings&amp;apos;] (tried for 60 second(s) with 500 milliseconds interval)">
      <![CDATA[org.openqa.selenium.TimeoutException: Expected condition failed: waiting for presence of element located by: By.xpath: //a[text()='Advanced Settings'] (tried for 60 second(s) with 500 milliseconds interval)
at org.openqa.selenium.support.ui.WebDriverWait.timeoutException(WebDriverWait.java:95)
at org.openqa.selenium.support.ui.FluentWait.until(FluentWait.java:272)
at GenericFunctionLibrary.genericFunctions.expectpresenceOfElementLocated(genericFunctions.java:411)
at FunctionalLibrary.functionLibrary.fMyTestProjecteXAMPLEConfigurationSettings(functionLibrary.java:505)
at TestCases.Regression.AddressValidation.addressValidation_WithInvalidMyTestProjecteXAMPLECredential_ACcs_C1586496_C1586562(AddressValidation.java:447)
Caused by: org.openqa.selenium.NoSuchElementException: no such element: Unable to locate element: {"method":"xpath","selector":"//a[text()='Advanced Settings']"}
  (Session info: chrome=77.0.3865.120)
For documentation on this error, please visit: https://www.seleniumhq.org/exceptions/no_such_element.html
Build info: version: '3.141.59', revision: 'e82be7d358', time: '2018-11-14T08:17:03'
System info: host: 'AV-PN-NEHA', ip: '10.42.40.248', os.name: 'Windows 10', os.arch: 'amd64', os.version: '10.0', java.version: '1.8.0_144'
Driver info: org.openqa.selenium.chrome.ChromeDriver
Capabilities {acceptInsecureCerts: false, browserName: chrome, browserVersion: 77.0.3865.120, chrome: {chromedriverVersion: 76.0.3809.126 (d80a294506b4..., userDataDir: C:\Users\NEHA~1.PAN\AppData...}, goog:chromeOptions: {debuggerAddress: localhost:61825}, javascriptEnabled: true, networkConnectionEnabled: false, pageLoadStrategy: normal, platform: XP, platformName: XP, proxy: Proxy(), setWindowRect: true, strictFileInteractability: false, timeouts: {implicit: 0, pageLoad: 300000, script: 30000}, unhandledPromptBehavior: dismiss and notify}
Session ID: 17cacdeeed4f5cf1001566d704bb1fde
*** Element info: {Using=xpath, value=//a[text()='Advanced Settings']}
at org.openqa.selenium.remote.http.W3CHttpResponseCodec.createException(W3CHttpResponseCodec.java:187)
at org.openqa.selenium.remote.http.W3CHttpResponseCodec.decode(W3CHttpResponseCodec.java:122)
at org.openqa.selenium.remote.http.W3CHttpResponseCodec.decode(W3CHttpResponseCodec.java:49)
at org.openqa.selenium.remote.HttpCommandExecutor.execute(HttpCommandExecutor.java:158)
at org.openqa.selenium.remote.service.DriverCommandExecutor.execute(DriverCommandExecutor.java:83)
at org.openqa.selenium.remote.RemoteWebDriver.execute(RemoteWebDriver.java:552)
at org.openqa.selenium.remote.RemoteWebDriver.findElement(RemoteWebDriver.java:323)
at org.openqa.selenium.remote.RemoteWebDriver.findElementByXPath(RemoteWebDriver.java:428)
at org.openqa.selenium.By$ByXPath.findElement(By.java:353)
at org.openqa.selenium.remote.RemoteWebDriver.findElement(RemoteWebDriver.java:315)
at org.openqa.selenium.support.ui.ExpectedConditions$6.apply(ExpectedConditions.java:182)
at org.openqa.selenium.support.ui.ExpectedConditions$6.apply(ExpectedConditions.java:179)
at org.openqa.selenium.support.ui.FluentWait.until(FluentWait.java:249)
... 28 more
... Removed 28 stack frames]]>
    </failure>
  </testcase> <!-- addressValidation_WithInvalidMyTestProjecteXAMPLECredential_ACcs_C1586496_C1586562 -->
  <testcase name="addressValidation_WithInvalidMyTestProjecteXAMPLECredential_Quotes_C1587245_C1587251" time="68.603" classname="TestCases.Regression.AddressValidation">
    <failure type="org.openqa.selenium.TimeoutException" message="Expected condition failed: waiting for presence of element located by: By.xpath: //a[text()=&amp;apos;Advanced Settings&amp;apos;] (tried for 60 second(s) with 500 milliseconds interval)">
      <![CDATA[org.openqa.selenium.TimeoutException: Expected condition failed: waiting for presence of element located by: By.xpath: //a[text()='Advanced Settings'] (tried for 60 second(s) with 500 milliseconds interval)
at org.openqa.selenium.support.ui.WebDriverWait.timeoutException(WebDriverWait.java:95)
at org.openqa.selenium.support.ui.FluentWait.until(FluentWait.java:272)
at GenericFunctionLibrary.genericFunctions.expectpresenceOfElementLocated(genericFunctions.java:411)
at FunctionalLibrary.functionLibrary.fMyTestProjecteXAMPLEConfigurationSettings(functionLibrary.java:505)
at TestCases.Regression.AddressValidation.addressValidation_WithInvalidMyTestProjecteXAMPLECredential_Quotes_C1587245_C1587251(AddressValidation.java:474)
Caused by: org.openqa.selenium.NoSuchElementException: no such element: Unable to locate element: {"method":"xpath","selector":"//a[text()='Advanced Settings']"}
  (Session info: chrome=77.0.3865.120)
For documentation on this error, please visit: https://www.seleniumhq.org/exceptions/no_such_element.html
Build info: version: '3.141.59', revision: 'e82be7d358', time: '2018-11-14T08:17:03'
System info: host: 'AV-PN-NEHA', ip: '10.42.40.248', os.name: 'Windows 10', os.arch: 'amd64', os.version: '10.0', java.version: '1.8.0_144'
Driver info: org.openqa.selenium.chrome.ChromeDriver
Capabilities {acceptInsecureCerts: false, browserName: chrome, browserVersion: 77.0.3865.120, chrome: {chromedriverVersion: 76.0.3809.126 (d80a294506b4..., userDataDir: C:\Users\NEHA~1.PAN\AppData...}, goog:chromeOptions: {debuggerAddress: localhost:61825}, javascriptEnabled: true, networkConnectionEnabled: false, pageLoadStrategy: normal, platform: XP, platformName: XP, proxy: Proxy(), setWindowRect: true, strictFileInteractability: false, timeouts: {implicit: 0, pageLoad: 300000, script: 30000}, unhandledPromptBehavior: dismiss and notify}
Session ID: 17cacdeeed4f5cf1001566d704bb1fde
*** Element info: {Using=xpath, value=//a[text()='Advanced Settings']}
at org.openqa.selenium.remote.http.W3CHttpResponseCodec.createException(W3CHttpResponseCodec.java:187)
at org.openqa.selenium.remote.http.W3CHttpResponseCodec.decode(W3CHttpResponseCodec.java:122)
at org.openqa.selenium.remote.http.W3CHttpResponseCodec.decode(W3CHttpResponseCodec.java:49)
at org.openqa.selenium.remote.HttpCommandExecutor.execute(HttpCommandExecutor.java:158)
at org.openqa.selenium.remote.service.DriverCommandExecutor.execute(DriverCommandExecutor.java:83)
at org.openqa.selenium.remote.RemoteWebDriver.execute(RemoteWebDriver.java:552)
at org.openqa.selenium.remote.RemoteWebDriver.findElement(RemoteWebDriver.java:323)
at org.openqa.selenium.remote.RemoteWebDriver.findElementByXPath(RemoteWebDriver.java:428)
at org.openqa.selenium.By$ByXPath.findElement(By.java:353)
at org.openqa.selenium.remote.RemoteWebDriver.findElement(RemoteWebDriver.java:315)
at org.openqa.selenium.support.ui.ExpectedConditions$6.apply(ExpectedConditions.java:182)
at org.openqa.selenium.support.ui.ExpectedConditions$6.apply(ExpectedConditions.java:179)
at org.openqa.selenium.support.ui.FluentWait.until(FluentWait.java:249)
... 28 more
... Removed 28 stack frames]]>
    </failure>
  </testcase> <!-- addressValidation_WithInvalidMyTestProjecteXAMPLECredential_Quotes_C1587245_C1587251 -->
  <testcase name="testCaseC1586474_WithInvalidMyTestProjecteXAMPLECredential_ValidShippingAddress_MyTestProjecteXAMPLEConfiguration" time="68.547" classname="TestCases.Regression.AddressValidation">
    <failure type="org.openqa.selenium.TimeoutException" message="Expected condition failed: waiting for presence of element located by: By.xpath: //a[text()=&amp;apos;Advanced Settings&amp;apos;] (tried for 60 second(s) with 500 milliseconds interval)">
      <![CDATA[org.openqa.selenium.TimeoutException: Expected condition failed: waiting for presence of element located by: By.xpath: //a[text()='Advanced Settings'] (tried for 60 second(s) with 500 milliseconds interval)
at org.openqa.selenium.support.ui.WebDriverWait.timeoutException(WebDriverWait.java:95)
at org.openqa.selenium.support.ui.FluentWait.until(FluentWait.java:272)
at GenericFunctionLibrary.genericFunctions.expectpresenceOfElementLocated(genericFunctions.java:411)
at FunctionalLibrary.functionLibrary.fMyTestProjecteXAMPLEConfigurationSettings(functionLibrary.java:505)
at TestCases.Regression.AddressValidation.testCaseC1586474_WithInvalidMyTestProjecteXAMPLECredential_ValidShippingAddress_MyTestProjecteXAMPLEConfiguration(AddressValidation.java:502)
Caused by: org.openqa.selenium.NoSuchElementException: no such element: Unable to locate element: {"method":"xpath","selector":"//a[text()='Advanced Settings']"}
  (Session info: chrome=77.0.3865.120)
For documentation on this error, please visit: https://www.seleniumhq.org/exceptions/no_such_element.html
Build info: version: '3.141.59', revision: 'e82be7d358', time: '2018-11-14T08:17:03'
System info: host: 'AV-PN-NEHA', ip: '10.42.40.248', os.name: 'Windows 10', os.arch: 'amd64', os.version: '10.0', java.version: '1.8.0_144'
Driver info: org.openqa.selenium.chrome.ChromeDriver
Capabilities {acceptInsecureCerts: false, browserName: chrome, browserVersion: 77.0.3865.120, chrome: {chromedriverVersion: 76.0.3809.126 (d80a294506b4..., userDataDir: C:\Users\NEHA~1.PAN\AppData...}, goog:chromeOptions: {debuggerAddress: localhost:61825}, javascriptEnabled: true, networkConnectionEnabled: false, pageLoadStrategy: normal, platform: XP, platformName: XP, proxy: Proxy(), setWindowRect: true, strictFileInteractability: false, timeouts: {implicit: 0, pageLoad: 300000, script: 30000}, unhandledPromptBehavior: dismiss and notify}
Session ID: 17cacdeeed4f5cf1001566d704bb1fde
*** Element info: {Using=xpath, value=//a[text()='Advanced Settings']}
at org.openqa.selenium.remote.http.W3CHttpResponseCodec.createException(W3CHttpResponseCodec.java:187)
at org.openqa.selenium.remote.http.W3CHttpResponseCodec.decode(W3CHttpResponseCodec.java:122)
at org.openqa.selenium.remote.http.W3CHttpResponseCodec.decode(W3CHttpResponseCodec.java:49)
at org.openqa.selenium.remote.HttpCommandExecutor.execute(HttpCommandExecutor.java:158)
at org.openqa.selenium.remote.service.DriverCommandExecutor.execute(DriverCommandExecutor.java:83)
at org.openqa.selenium.remote.RemoteWebDriver.execute(RemoteWebDriver.java:552)
at org.openqa.selenium.remote.RemoteWebDriver.findElement(RemoteWebDriver.java:323)
at org.openqa.selenium.remote.RemoteWebDriver.findElementByXPath(RemoteWebDriver.java:428)
at org.openqa.selenium.By$ByXPath.findElement(By.java:353)
at org.openqa.selenium.remote.RemoteWebDriver.findElement(RemoteWebDriver.java:315)
at org.openqa.selenium.support.ui.ExpectedConditions$6.apply(ExpectedConditions.java:182)
at org.openqa.selenium.support.ui.ExpectedConditions$6.apply(ExpectedConditions.java:179)
at org.openqa.selenium.support.ui.FluentWait.until(FluentWait.java:249)
... 28 more
... Removed 28 stack frames]]>
    </failure>
  </testcase> <!-- testCaseC1586474_WithInvalidMyTestProjecteXAMPLECredential_ValidShippingAddress_MyTestProjecteXAMPLEConfiguration -->
  <testcase name="addressValidation_WithInvalidMyTestProjecteXAMPLECredential_Quotes_C1587257_C1587263" time="71.622" classname="TestCases.Regression.AddressValidation">
    <failure type="org.openqa.selenium.NoSuchElementException" message="no such element: Unable to locate element: {&amp;quot;method&amp;quot;:&amp;quot;xpath&amp;quot;,&amp;quot;selector&amp;quot;:&amp;quot;//span[@id=&amp;apos;userNavLabel&amp;apos;]&amp;quot;}
  (Session info: chrome=77.0.3865.120)
For documentation on this error, please visit: https://www.seleniumhq.org/exceptions/no_such_element.html
Build info: version: &amp;apos;3.141.59&amp;apos;, revision: &amp;apos;e82be7d358&amp;apos;, time: &amp;apos;2018-11-14T08:17:03&amp;apos;
System info: host: &amp;apos;AV-PN-NEHA&amp;apos;, ip: &amp;apos;10.42.40.248&amp;apos;, os.name: &amp;apos;Windows 10&amp;apos;, os.arch: &amp;apos;amd64&amp;apos;, os.version: &amp;apos;10.0&amp;apos;, java.version: &amp;apos;1.8.0_144&amp;apos;
Driver info: org.openqa.selenium.chrome.ChromeDriver
Capabilities {acceptInsecureCerts: false, browserName: chrome, browserVersion: 77.0.3865.120, chrome: {chromedriverVersion: 76.0.3809.126 (d80a294506b4..., userDataDir: C:\Users\NEHA~1.PAN\AppData...}, goog:chromeOptions: {debuggerAddress: localhost:61825}, javascriptEnabled: true, networkConnectionEnabled: false, pageLoadStrategy: normal, platform: XP, platformName: XP, proxy: Proxy(), setWindowRect: true, strictFileInteractability: false, timeouts: {implicit: 0, pageLoad: 300000, script: 30000}, unhandledPromptBehavior: dismiss and notify}
Session ID: 17cacdeeed4f5cf1001566d704bb1fde
*** Element info: {Using=xpath, value=//span[@id=&amp;apos;userNavLabel&amp;apos;]}">
      <![CDATA[org.openqa.selenium.NoSuchElementException: no such element: Unable to locate element: {"method":"xpath","selector":"//span[@id='userNavLabel']"}
  (Session info: chrome=77.0.3865.120)
For documentation on this error, please visit: https://www.seleniumhq.org/exceptions/no_such_element.html
Build info: version: '3.141.59', revision: 'e82be7d358', time: '2018-11-14T08:17:03'
System info: host: 'AV-PN-NEHA', ip: '10.42.40.248', os.name: 'Windows 10', os.arch: 'amd64', os.version: '10.0', java.version: '1.8.0_144'
Driver info: org.openqa.selenium.chrome.ChromeDriver
Capabilities {acceptInsecureCerts: false, browserName: chrome, browserVersion: 77.0.3865.120, chrome: {chromedriverVersion: 76.0.3809.126 (d80a294506b4..., userDataDir: C:\Users\NEHA~1.PAN\AppData...}, goog:chromeOptions: {debuggerAddress: localhost:61825}, javascriptEnabled: true, networkConnectionEnabled: false, pageLoadStrategy: normal, platform: XP, platformName: XP, proxy: Proxy(), setWindowRect: true, strictFileInteractability: false, timeouts: {implicit: 0, pageLoad: 300000, script: 30000}, unhandledPromptBehavior: dismiss and notify}
Session ID: 17cacdeeed4f5cf1001566d704bb1fde
*** Element info: {Using=xpath, value=//span[@id='userNavLabel']}
at org.openqa.selenium.remote.http.W3CHttpResponseCodec.createException(W3CHttpResponseCodec.java:187)
at org.openqa.selenium.remote.http.W3CHttpResponseCodec.decode(W3CHttpResponseCodec.java:122)
at org.openqa.selenium.remote.http.W3CHttpResponseCodec.decode(W3CHttpResponseCodec.java:49)
at org.openqa.selenium.remote.HttpCommandExecutor.execute(HttpCommandExecutor.java:158)
at org.openqa.selenium.remote.service.DriverCommandExecutor.execute(DriverCommandExecutor.java:83)
at org.openqa.selenium.remote.RemoteWebDriver.execute(RemoteWebDriver.java:552)
at org.openqa.selenium.remote.RemoteWebDriver.findElement(RemoteWebDriver.java:323)
at org.openqa.selenium.remote.RemoteWebDriver.findElementByXPath(RemoteWebDriver.java:428)
at org.openqa.selenium.By$ByXPath.findElement(By.java:353)
at org.openqa.selenium.remote.RemoteWebDriver.findElement(RemoteWebDriver.java:315)
at GenericFunctionLibrary.genericFunctions.clickonElement_Xpath(genericFunctions.java:323)
at FunctionalLibrary.functionLibrary.EnterValidcred(functionLibrary.java:1209)
at TestCases.Regression.AddressValidation.addressValidation_WithInvalidMyTestProjecteXAMPLECredential_Quotes_C1587257_C1587263(AddressValidation.java:538)
... Removed 28 stack frames]]>
    </failure>
  </testcase> <!-- addressValidation_WithInvalidMyTestProjecteXAMPLECredential_Quotes_C1587257_C1587263 -->
</testsuite> <!-- SalesForce_AddressValidation3 -->
