<html>
<head>
<title>TestNG:  SalesCloud9.0</title>
<link href="../testng.css" rel="stylesheet" type="text/css" />
<link href="../my-testng.css" rel="stylesheet" type="text/css" />

<style type="text/css">
.log { display: none;} 
.stack-trace { display: none;} 
</style>
<script type="text/javascript">
<!--
function flip(e) {
  current = e.style.display;
  if (current == 'block') {
    e.style.display = 'none';
    return 0;
  }
  else {
    e.style.display = 'block';
    return 1;
  }
}

function toggleBox(szDivId, elem, msg1, msg2)
{
  var res = -1;  if (document.getElementById) {
    res = flip(document.getElementById(szDivId));
  }
  else if (document.all) {
    // this is the way old msie versions work
    res = flip(document.all[szDivId]);
  }
  if(elem) {
    if(res == 0) elem.innerHTML = msg1; else elem.innerHTML = msg2;
  }

}

function toggleAllBoxes() {
  if (document.getElementsByTagName) {
    d = document.getElementsByTagName('div');
    for (i = 0; i < d.length; i++) {
      if (d[i].className == 'log') {
        flip(d[i]);
      }
    }
  }
}

// -->
</script>

</head>
<body>
<h2 align='center'>SalesCloud9.0</h2><table border='1' align="center">
<tr>
<td>Tests passed/Failed/Skipped:</td><td>11/1/0</td>
</tr><tr>
<td>Started on:</td><td>Thu Mar 14 21:13:18 IST 2024</td>
</tr>
<tr><td>Total time:</td><td>2350 seconds (2350657 ms)</td>
</tr><tr>
<td>Included groups:</td><td></td>
</tr><tr>
<td>Excluded groups:</td><td></td>
</tr>
</table><p/>
<small><i>(Hover the method name to see the test class name)</i></small><p/>
<table width='100%' border='1' class='invocation-failed'>
<tr><td colspan='4' align='center'><b>FAILED TESTS</b></td></tr>
<tr><td><b>Test method</b></td>
<td width="30%"><b>Exception</b></td>
<td width="10%"><b>Time (seconds)</b></td>
<td><b>Instance</b></td>
</tr>
<tr>
<td title='TestCases.FunctionalAndRegression.CrossBorder.TestCase190_UStoCANCustomDutyCalculated_DeminimusThresholdMet_IORYes_HSCode()'><b>TestCase190_UStoCANCustomDutyCalculated_DeminimusThresholdMet_IORYes_HSCode</b><br>Test class: TestCases.FunctionalAndRegression.CrossBorder<br>Test method: TestCase190_UStoCANCustomDutyCalculated_DeminimusThresholdMet_IORYes_HSCode</td>
<td><div><pre>org.openqa.selenium.NoSuchElementException: no such element: Unable to locate element: {&quot;method&quot;:&quot;css selector&quot;,&quot;selector&quot;:&quot;*[name=&apos;addProd&apos;]&quot;}
  (Session info: chrome=122.0.6261.112)
For documentation on this error, please visit: https://www.seleniumhq.org/exceptions/no_such_element.html
Build info: version: &apos;3.141.59&apos;, revision: &apos;e82be7d358&apos;, time: &apos;2018-11-14T08:17:03&apos;
System info: host: &apos;AV-H8MY0V3&apos;, ip: &apos;192.168.29.152&apos;, os.name: &apos;Windows 11&apos;, os.arch: &apos;amd64&apos;, os.version: &apos;10.0&apos;, java.version: &apos;1.8.0_371&apos;
Driver info: org.openqa.selenium.chrome.ChromeDriver
Capabilities {acceptInsecureCerts: false, browserName: chrome, browserVersion: 122.0.6261.112, chrome: {chromedriverVersion: 122.0.6261.57 (87957e464700..., userDataDir: C:\Users\YAMINI~1.CH\AppDat...}, fedcm:ACcs: true, goog:chromeOptions: {debuggerAddress: localhost:52902}, javascriptEnabled: true, networkConnectionEnabled: false, pageLoadStrategy: normal, platform: WINDOWS, platformName: WINDOWS, proxy: Proxy(), setWindowRect: true, strictFileInteractability: false, timeouts: {implicit: 0, pageLoad: 300000, script: 30000}, unhandledPromptBehavior: dismiss and notify, webauthn:extension:credBlob: true, webauthn:extension:largeBlob: true, webauthn:extension:minPinLength: true, webauthn:extension:prf: true, webauthn:virtualAuthenticators: true}
Session ID: 5ca6a42d09bf969176f1d1a37f201452
*** Element info: {Using=name, value=addProd}
	at org.openqa.selenium.remote.http.W3CHttpResponseCodec.createException(W3CHttpResponseCodec.java:187)
	at org.openqa.selenium.remote.http.W3CHttpResponseCodec.decode(W3CHttpResponseCodec.java:122)
	at org.openqa.selenium.remote.http.W3CHttpResponseCodec.decode(W3CHttpResponseCodec.java:49)
	at org.openqa.selenium.remote.HttpCommandExecutor.execute(HttpCommandExecutor.java:158)
	at org.openqa.selenium.remote.service.DriverCommandExecutor.execute(DriverCommandExecutor.java:83)
	at org.openqa.selenium.remote.RemoteWebDriver.execute(RemoteWebDriver.java:552)
	at org.openqa.selenium.remote.RemoteWebDriver.findElement(RemoteWebDriver.java:323)
	at org.openqa.selenium.remote.RemoteWebDriver.findElementByName(RemoteWebDriver.java:404)
	at org.openqa.selenium.By$ByName.findElement(By.java:284)
	at org.openqa.selenium.remote.RemoteWebDriver.findElement(RemoteWebDriver.java:315)
	at FunctionalLibrary.functionLibrary.findAndClick(functionLibrary.java:1275)
	at FunctionalLibrary.functionLibrary.fLine_Entry(functionLibrary.java:739)
	at TestCases.FunctionalAndRegression.CrossBorder.calculateCrossBorderImportDuty(CrossBorder.java:179)
	at TestCases.FunctionalAndRegression.CrossBorder.TestCase190_UStoCANCustomDutyCalculated_DeminimusThresholdMet_IORYes_HSCode(CrossBorder.java:126)
	at java.util.ArrayList.forEach(ArrayList.java:1259)
	at com.intellij.rt.testng.IDEARemoteTestNG.run(IDEARemoteTestNG.java:66)
	at com.intellij.rt.testng.RemoteTestNGStarter.main(RemoteTestNGStarter.java:105)
... Removed 28 stack frames</pre></div><a href='#' onClick='toggleBox("stack-trace2076245865", this, "Click to show all stack frames", "Click to hide stack frames")'>Click to show all stack frames</a>
<div class='stack-trace' id='stack-trace2076245865'><pre>org.openqa.selenium.NoSuchElementException: no such element: Unable to locate element: {&quot;method&quot;:&quot;css selector&quot;,&quot;selector&quot;:&quot;*[name=&apos;addProd&apos;]&quot;}
  (Session info: chrome=122.0.6261.112)
For documentation on this error, please visit: https://www.seleniumhq.org/exceptions/no_such_element.html
Build info: version: &apos;3.141.59&apos;, revision: &apos;e82be7d358&apos;, time: &apos;2018-11-14T08:17:03&apos;
System info: host: &apos;AV-H8MY0V3&apos;, ip: &apos;192.168.29.152&apos;, os.name: &apos;Windows 11&apos;, os.arch: &apos;amd64&apos;, os.version: &apos;10.0&apos;, java.version: &apos;1.8.0_371&apos;
Driver info: org.openqa.selenium.chrome.ChromeDriver
Capabilities {acceptInsecureCerts: false, browserName: chrome, browserVersion: 122.0.6261.112, chrome: {chromedriverVersion: 122.0.6261.57 (87957e464700..., userDataDir: C:\Users\YAMINI~1.CH\AppDat...}, fedcm:ACcs: true, goog:chromeOptions: {debuggerAddress: localhost:52902}, javascriptEnabled: true, networkConnectionEnabled: false, pageLoadStrategy: normal, platform: WINDOWS, platformName: WINDOWS, proxy: Proxy(), setWindowRect: true, strictFileInteractability: false, timeouts: {implicit: 0, pageLoad: 300000, script: 30000}, unhandledPromptBehavior: dismiss and notify, webauthn:extension:credBlob: true, webauthn:extension:largeBlob: true, webauthn:extension:minPinLength: true, webauthn:extension:prf: true, webauthn:virtualAuthenticators: true}
Session ID: 5ca6a42d09bf969176f1d1a37f201452
*** Element info: {Using=name, value=addProd}
	at sun.reflect.NativeConstructorAccessorImpl.newInstance0(Native Method)
	at sun.reflect.NativeConstructorAccessorImpl.newInstance(NativeConstructorAccessorImpl.java:62)
	at sun.reflect.DelegatingConstructorAccessorImpl.newInstance(DelegatingConstructorAccessorImpl.java:45)
	at java.lang.reflect.Constructor.newInstance(Constructor.java:423)
	at org.openqa.selenium.remote.http.W3CHttpResponseCodec.createException(W3CHttpResponseCodec.java:187)
	at org.openqa.selenium.remote.http.W3CHttpResponseCodec.decode(W3CHttpResponseCodec.java:122)
	at org.openqa.selenium.remote.http.W3CHttpResponseCodec.decode(W3CHttpResponseCodec.java:49)
	at org.openqa.selenium.remote.HttpCommandExecutor.execute(HttpCommandExecutor.java:158)
	at org.openqa.selenium.remote.service.DriverCommandExecutor.execute(DriverCommandExecutor.java:83)
	at org.openqa.selenium.remote.RemoteWebDriver.execute(RemoteWebDriver.java:552)
	at org.openqa.selenium.remote.RemoteWebDriver.findElement(RemoteWebDriver.java:323)
	at org.openqa.selenium.remote.RemoteWebDriver.findElementByName(RemoteWebDriver.java:404)
	at org.openqa.selenium.By$ByName.findElement(By.java:284)
	at org.openqa.selenium.remote.RemoteWebDriver.findElement(RemoteWebDriver.java:315)
	at FunctionalLibrary.functionLibrary.findAndClick(functionLibrary.java:1275)
	at FunctionalLibrary.functionLibrary.fLine_Entry(functionLibrary.java:739)
	at TestCases.FunctionalAndRegression.CrossBorder.calculateCrossBorderImportDuty(CrossBorder.java:179)
	at TestCases.FunctionalAndRegression.CrossBorder.TestCase190_UStoCANCustomDutyCalculated_DeminimusThresholdMet_IORYes_HSCode(CrossBorder.java:126)
	at sun.reflect.NativeMethodAccessorImpl.invoke0(Native Method)
	at sun.reflect.NativeMethodAccessorImpl.invoke(NativeMethodAccessorImpl.java:62)
	at sun.reflect.DelegatingMethodAccessorImpl.invoke(DelegatingMethodAccessorImpl.java:43)
	at java.lang.reflect.Method.invoke(Method.java:498)
	at org.testng.internal.MethodInvocationHelper.invokeMethod(MethodInvocationHelper.java:132)
	at org.testng.internal.TestInvoker.invokeMethod(TestInvoker.java:599)
	at org.testng.internal.TestInvoker.invokeTestMethod(TestInvoker.java:174)
	at org.testng.internal.MethodRunner.runInSequence(MethodRunner.java:46)
	at org.testng.internal.TestInvoker$MethodInvocationAgent.invoke(TestInvoker.java:822)
	at org.testng.internal.TestInvoker.invokeTestMethods(TestInvoker.java:147)
	at org.testng.internal.TestMethodWorker.invokeTestMethods(TestMethodWorker.java:146)
	at org.testng.internal.TestMethodWorker.run(TestMethodWorker.java:128)
	at java.util.ArrayList.forEach(ArrayList.java:1259)
	at org.testng.TestRunner.privateRun(TestRunner.java:764)
	at org.testng.TestRunner.run(TestRunner.java:585)
	at org.testng.SuiteRunner.runTest(SuiteRunner.java:384)
	at org.testng.SuiteRunner.runSequentially(SuiteRunner.java:378)
	at org.testng.SuiteRunner.privateRun(SuiteRunner.java:337)
	at org.testng.SuiteRunner.run(SuiteRunner.java:286)
	at org.testng.SuiteRunnerWorker.runSuite(SuiteRunnerWorker.java:53)
	at org.testng.SuiteRunnerWorker.run(SuiteRunnerWorker.java:96)
	at org.testng.TestNG.runSuitesSequentially(TestNG.java:1218)
	at org.testng.TestNG.runSuitesLocally(TestNG.java:1140)
	at org.testng.TestNG.runSuites(TestNG.java:1069)
	at org.testng.TestNG.run(TestNG.java:1037)
	at com.intellij.rt.testng.IDEARemoteTestNG.run(IDEARemoteTestNG.java:66)
	at com.intellij.rt.testng.RemoteTestNGStarter.main(RemoteTestNGStarter.java:105)
</pre></div></td>
<td>174</td>
<td>TestCases.FunctionalAndRegression.CrossBorder@1b604f19</td></tr>
</table><p>
<table width='100%' border='1' class='invocation-passed'>
<tr><td colspan='4' align='center'><b>PASSED TESTS</b></td></tr>
<tr><td><b>Test method</b></td>
<td width="30%"><b>Exception</b></td>
<td width="10%"><b>Time (seconds)</b></td>
<td><b>Instance</b></td>
</tr>
<tr>
<td title='TestCases.FunctionalAndRegression.CrossBorder.TestCase180_CustomDutyCalculated_DeminimusThresholdMet_IORYes_HSCode()'><b>TestCase180_CustomDutyCalculated_DeminimusThresholdMet_IORYes_HSCode</b><br>Test class: TestCases.FunctionalAndRegression.CrossBorder<br>Test method: TestCase180_CustomDutyCalculated_DeminimusThresholdMet_IORYes_HSCode</td>
<td></td>
<td>210</td>
<td>TestCases.FunctionalAndRegression.CrossBorder@1b604f19</td></tr>
<tr>
<td title='TestCases.FunctionalAndRegression.CrossBorder.TestCase181_CustomDutyCalculated_DeminimusThresholdMet_IORYes_ProductCategory()'><b>TestCase181_CustomDutyCalculated_DeminimusThresholdMet_IORYes_ProductCategory</b><br>Test class: TestCases.FunctionalAndRegression.CrossBorder<br>Test method: TestCase181_CustomDutyCalculated_DeminimusThresholdMet_IORYes_ProductCategory</td>
<td></td>
<td>193</td>
<td>TestCases.FunctionalAndRegression.CrossBorder@1b604f19</td></tr>
<tr>
<td title='TestCases.FunctionalAndRegression.CrossBorder.TestCase182_CustomDutyCalculated_DeminimusThresholdNotMet_IORYes_HSCode()'><b>TestCase182_CustomDutyCalculated_DeminimusThresholdNotMet_IORYes_HSCode</b><br>Test class: TestCases.FunctionalAndRegression.CrossBorder<br>Test method: TestCase182_CustomDutyCalculated_DeminimusThresholdNotMet_IORYes_HSCode</td>
<td></td>
<td>188</td>
<td>TestCases.FunctionalAndRegression.CrossBorder@1b604f19</td></tr>
<tr>
<td title='TestCases.FunctionalAndRegression.CrossBorder.TestCase183_CustomDutyCalculated_DeminimusThresholdMet_IORNo_HSCode()'><b>TestCase183_CustomDutyCalculated_DeminimusThresholdMet_IORNo_HSCode</b><br>Test class: TestCases.FunctionalAndRegression.CrossBorder<br>Test method: TestCase183_CustomDutyCalculated_DeminimusThresholdMet_IORNo_HSCode</td>
<td></td>
<td>189</td>
<td>TestCases.FunctionalAndRegression.CrossBorder@1b604f19</td></tr>
<tr>
<td title='TestCases.FunctionalAndRegression.CrossBorder.TestCase184_CustomDutyCalculated_DeminimusThresholdNotMet_IORNo_HSCode()'><b>TestCase184_CustomDutyCalculated_DeminimusThresholdNotMet_IORNo_HSCode</b><br>Test class: TestCases.FunctionalAndRegression.CrossBorder<br>Test method: TestCase184_CustomDutyCalculated_DeminimusThresholdNotMet_IORNo_HSCode</td>
<td></td>
<td>196</td>
<td>TestCases.FunctionalAndRegression.CrossBorder@1b604f19</td></tr>
<tr>
<td title='TestCases.FunctionalAndRegression.CrossBorder.TestCase185_CustomDutyNotCalculated_DeminimusThresholdMet_IORYes_NoHSCode()'><b>TestCase185_CustomDutyNotCalculated_DeminimusThresholdMet_IORYes_NoHSCode</b><br>Test class: TestCases.FunctionalAndRegression.CrossBorder<br>Test method: TestCase185_CustomDutyNotCalculated_DeminimusThresholdMet_IORYes_NoHSCode</td>
<td></td>
<td>196</td>
<td>TestCases.FunctionalAndRegression.CrossBorder@1b604f19</td></tr>
<tr>
<td title='TestCases.FunctionalAndRegression.CrossBorder.TestCase186_EUtoEUCustomNotDutyCalculated_DeminimusThresholdMet_IORYes_HSCode()'><b>TestCase186_EUtoEUCustomNotDutyCalculated_DeminimusThresholdMet_IORYes_HSCode</b><br>Test class: TestCases.FunctionalAndRegression.CrossBorder<br>Test method: TestCase186_EUtoEUCustomNotDutyCalculated_DeminimusThresholdMet_IORYes_HSCode</td>
<td></td>
<td>195</td>
<td>TestCases.FunctionalAndRegression.CrossBorder@1b604f19</td></tr>
<tr>
<td title='TestCases.FunctionalAndRegression.CrossBorder.TestCase187_UStoUSCustomNotDutyCalculated_DeminimusThresholdMet_IORYes_HSCode()'><b>TestCase187_UStoUSCustomNotDutyCalculated_DeminimusThresholdMet_IORYes_HSCode</b><br>Test class: TestCases.FunctionalAndRegression.CrossBorder<br>Test method: TestCase187_UStoUSCustomNotDutyCalculated_DeminimusThresholdMet_IORYes_HSCode</td>
<td></td>
<td>198</td>
<td>TestCases.FunctionalAndRegression.CrossBorder@1b604f19</td></tr>
<tr>
<td title='TestCases.FunctionalAndRegression.CrossBorder.TestCase188_UStoUKCustomDutyCalculated_DeminimusThresholdMet_IORYes_HSCode()'><b>TestCase188_UStoUKCustomDutyCalculated_DeminimusThresholdMet_IORYes_HSCode</b><br>Test class: TestCases.FunctionalAndRegression.CrossBorder<br>Test method: TestCase188_UStoUKCustomDutyCalculated_DeminimusThresholdMet_IORYes_HSCode</td>
<td></td>
<td>193</td>
<td>TestCases.FunctionalAndRegression.CrossBorder@1b604f19</td></tr>
<tr>
<td title='TestCases.FunctionalAndRegression.CrossBorder.TestCase189_UStoFRCustomDutyCalculated_DeminimusThresholdMet_IORYes_HSCode()'><b>TestCase189_UStoFRCustomDutyCalculated_DeminimusThresholdMet_IORYes_HSCode</b><br>Test class: TestCases.FunctionalAndRegression.CrossBorder<br>Test method: TestCase189_UStoFRCustomDutyCalculated_DeminimusThresholdMet_IORYes_HSCode</td>
<td></td>
<td>198</td>
<td>TestCases.FunctionalAndRegression.CrossBorder@1b604f19</td></tr>
<tr>
<td title='TestCases.FunctionalAndRegression.CrossBorder.TestCase191_CustomDutyCalculated_DeminimusThresholdMet_IORYes_HSCode_TaxcodePB500000()'><b>TestCase191_CustomDutyCalculated_DeminimusThresholdMet_IORYes_HSCode_TaxcodePB500000</b><br>Test class: TestCases.FunctionalAndRegression.CrossBorder<br>Test method: TestCase191_CustomDutyCalculated_DeminimusThresholdMet_IORYes_HSCode_TaxcodePB500000</td>
<td></td>
<td>196</td>
<td>TestCases.FunctionalAndRegression.CrossBorder@1b604f19</td></tr>
</table><p>
</body>
</html>