<?xml version="1.0" encoding="UTF-8"?>
<!-- Generated by org.testng.reporters.JUnitXMLReporter -->
<testsuite hostname="Av-Pn-Neha" ignored="7" name="SalesForce_3rdPartyAddressValidation" tests="1" failures="1" timestamp="20 May 2019 05:20:26 GMT" time="121.819" errors="0">
  <testcase name="TestCase162_USAddressValidated" time="113.158" classname="TestCases.Regression.SalesForce_3rdPartyAddressValidation">
    <failure type="org.openqa.selenium.TimeoutException" message="Expected condition failed: waiting for element to be clickable: By.xpath: //div[@class=&amp;apos;pbHeader&amp;apos;]//input[@name=&amp;apos;avacloud_sand__order_validate_shipping_address&amp;apos;] (tried for 60 second(s) with 500 MILLISECONDS interval)">
      <![CDATA[org.openqa.selenium.TimeoutException: Expected condition failed: waiting for element to be clickable: By.xpath: //div[@class='pbHeader']//input[@name='avacloud_sand__order_validate_shipping_address'] (tried for 60 second(s) with 500 MILLISECONDS interval)
	at org.openqa.selenium.support.ui.WebDriverWait.timeoutException(WebDriverWait.java:82)
	at org.openqa.selenium.support.ui.FluentWait.until(FluentWait.java:231)
	at GenericFunctionLibrary.genericFunctions.expectelementToBeClickable(genericFunctions.java:800)
	at FunctionalLibrary.functionLibrary.fTriggerShipToAddress(functionLibrary.java:963)
	at TestCases.Regression.SalesForce_3rdPartyAddressValidation.addressValidation(SalesForce_3rdPartyAddressValidation.java:107)
	at TestCases.Regression.SalesForce_3rdPartyAddressValidation.TestCase162_USAddressValidated(SalesForce_3rdPartyAddressValidation.java:52)
Caused by: org.openqa.selenium.NoSuchElementException: Cannot locate an element using By.xpath: //div[@class='pbHeader']//input[@name='avacloud_sand__order_validate_shipping_address']
For documentation on this error, please visit: http://seleniumhq.org/exceptions/no_such_element.html
Build info: version: '3.7.0', revision: '2321c73', time: '2017-11-02T22:22:35.584Z'
System info: host: 'AV-PN-NEHA', ip: '10.240.10.58', os.name: 'Windows 10', os.arch: 'amd64', os.version: '10.0', java.version: '1.8.0_144'
Driver info: driver.version: unknown
	at org.openqa.selenium.support.ui.ExpectedConditions.lambda$findElement$0(ExpectedConditions.java:882)
	at java.util.Optional.orElseThrow(Unknown Source)
	at org.openqa.selenium.support.ui.ExpectedConditions.findElement(ExpectedConditions.java:881)
	at org.openqa.selenium.support.ui.ExpectedConditions.access$000(ExpectedConditions.java:43)
	at org.openqa.selenium.support.ui.ExpectedConditions$7.apply(ExpectedConditions.java:205)
	at org.openqa.selenium.support.ui.ExpectedConditions$7.apply(ExpectedConditions.java:201)
	at org.openqa.selenium.support.ui.ExpectedConditions$22.apply(ExpectedConditions.java:643)
	at org.openqa.selenium.support.ui.ExpectedConditions$22.apply(ExpectedConditions.java:640)
	at org.openqa.selenium.support.ui.FluentWait.until(FluentWait.java:208)
	... 29 more
... Removed 25 stack frames]]>
    </failure>
  </testcase> <!-- TestCase162_USAddressValidated -->
  <testcase name="TestCase168_NonDeliverableAddress" time="0.0" classname="TestCases.Regression.SalesForce_3rdPartyAddressValidation">
    <ignored/>
  </testcase> <!-- TestCase168_NonDeliverableAddress -->
  <testcase name="TestCase166_AddressOutOfRange" time="0.0" classname="TestCases.Regression.SalesForce_3rdPartyAddressValidation">
    <ignored/>
  </testcase> <!-- TestCase166_AddressOutOfRange -->
  <testcase name="TestCase169_CityError" time="0.0" classname="TestCases.Regression.SalesForce_3rdPartyAddressValidation">
    <ignored/>
  </testcase> <!-- TestCase169_CityError -->
  <testcase name="TestCase165_NonUS_NonCANAddress" time="0.0" classname="TestCases.Regression.SalesForce_3rdPartyAddressValidation">
    <ignored/>
  </testcase> <!-- TestCase165_NonUS_NonCANAddress -->
  <testcase name="TestCase167_UnknownStreet" time="0.0" classname="TestCases.Regression.SalesForce_3rdPartyAddressValidation">
    <ignored/>
  </testcase> <!-- TestCase167_UnknownStreet -->
  <testcase name="TestCase163_CANAddressValidated" time="0.0" classname="TestCases.Regression.SalesForce_3rdPartyAddressValidation">
    <ignored/>
  </testcase> <!-- TestCase163_CANAddressValidated -->
  <testcase name="TestCase164_MilitaryAddressValidated" time="0.0" classname="TestCases.Regression.SalesForce_3rdPartyAddressValidation">
    <ignored/>
  </testcase> <!-- TestCase164_MilitaryAddressValidated -->
</testsuite> <!-- SalesForce_3rdPartyAddressValidation -->
