<?xml version="1.0" encoding="UTF-8"?>
<!-- Generated by org.testng.reporters.JUnitXMLReporter -->
<testsuite hostname="AV-H8MY0V3" ignored="0" name="SalesCloud9.0" tests="12" failures="1" timestamp="2024-03-14T21:52:29 IST" time="2350.657" errors="0">
  <testcase name="TestCase180_CustomDutyCalculated_DeminimusThresholdMet_IORYes_HSCode" time="210.337" classname="TestCases.FunctionalAndRegression.CrossBorder"/>
  <testcase name="TestCase181_CustomDutyCalculated_DeminimusThresholdMet_IORYes_ProductCategory" time="193.03" classname="TestCases.FunctionalAndRegression.CrossBorder"/>
  <testcase name="TestCase182_CustomDutyCalculated_DeminimusThresholdNotMet_IORYes_HSCode" time="188.892" classname="TestCases.FunctionalAndRegression.CrossBorder"/>
  <testcase name="TestCase183_CustomDutyCalculated_DeminimusThresholdMet_IORNo_HSCode" time="189.154" classname="TestCases.FunctionalAndRegression.CrossBorder"/>
  <testcase name="TestCase184_CustomDutyCalculated_DeminimusThresholdNotMet_IORNo_HSCode" time="196.129" classname="TestCases.FunctionalAndRegression.CrossBorder"/>
  <testcase name="TestCase185_CustomDutyNotCalculated_DeminimusThresholdMet_IORYes_NoHSCode" time="196.848" classname="TestCases.FunctionalAndRegression.CrossBorder"/>
  <testcase name="TestCase186_EUtoEUCustomNotDutyCalculated_DeminimusThresholdMet_IORYes_HSCode" time="195.629" classname="TestCases.FunctionalAndRegression.CrossBorder"/>
  <testcase name="TestCase187_UStoUSCustomNotDutyCalculated_DeminimusThresholdMet_IORYes_HSCode" time="198.954" classname="TestCases.FunctionalAndRegression.CrossBorder"/>
  <testcase name="TestCase188_UStoUKCustomDutyCalculated_DeminimusThresholdMet_IORYes_HSCode" time="193.856" classname="TestCases.FunctionalAndRegression.CrossBorder"/>
  <testcase name="TestCase189_UStoFRCustomDutyCalculated_DeminimusThresholdMet_IORYes_HSCode" time="198.916" classname="TestCases.FunctionalAndRegression.CrossBorder"/>
  <testcase name="TestCase190_UStoCANCustomDutyCalculated_DeminimusThresholdMet_IORYes_HSCode" time="174.424" classname="TestCases.FunctionalAndRegression.CrossBorder">
    <failure type="org.openqa.selenium.NoSuchElementException" message="no such element: Unable to locate element: {&amp;quot;method&amp;quot;:&amp;quot;css selector&amp;quot;,&amp;quot;selector&amp;quot;:&amp;quot;*[name=&amp;apos;addProd&amp;apos;]&amp;quot;}
  (Session info: chrome=122.0.6261.112)
For documentation on this error, please visit: https://www.seleniumhq.org/exceptions/no_such_element.html
Build info: version: &amp;apos;3.141.59&amp;apos;, revision: &amp;apos;e82be7d358&amp;apos;, time: &amp;apos;2018-11-14T08:17:03&amp;apos;
System info: host: &amp;apos;AV-H8MY0V3&amp;apos;, ip: &amp;apos;192.168.29.152&amp;apos;, os.name: &amp;apos;Windows 11&amp;apos;, os.arch: &amp;apos;amd64&amp;apos;, os.version: &amp;apos;10.0&amp;apos;, java.version: &amp;apos;1.8.0_371&amp;apos;
Driver info: org.openqa.selenium.chrome.ChromeDriver
Capabilities {acceptInsecureCerts: false, browserName: chrome, browserVersion: 122.0.6261.112, chrome: {chromedriverVersion: 122.0.6261.57 (87957e464700..., userDataDir: C:\Users\YAMINI~1.CH\AppDat...}, fedcm:ACcs: true, goog:chromeOptions: {debuggerAddress: localhost:52902}, javascriptEnabled: true, networkConnectionEnabled: false, pageLoadStrategy: normal, platform: WINDOWS, platformName: WINDOWS, proxy: Proxy(), setWindowRect: true, strictFileInteractability: false, timeouts: {implicit: 0, pageLoad: 300000, script: 30000}, unhandledPromptBehavior: dismiss and notify, webauthn:extension:credBlob: true, webauthn:extension:largeBlob: true, webauthn:extension:minPinLength: true, webauthn:extension:prf: true, webauthn:virtualAuthenticators: true}
Session ID: 5ca6a42d09bf969176f1d1a37f201452
*** Element info: {Using=name, value=addProd}">
      <![CDATA[org.openqa.selenium.NoSuchElementException: no such element: Unable to locate element: {"method":"css selector","selector":"*[name='addProd']"}
  (Session info: chrome=122.0.6261.112)
For documentation on this error, please visit: https://www.seleniumhq.org/exceptions/no_such_element.html
Build info: version: '3.141.59', revision: 'e82be7d358', time: '2018-11-14T08:17:03'
System info: host: 'AV-H8MY0V3', ip: '192.168.29.152', os.name: 'Windows 11', os.arch: 'amd64', os.version: '10.0', java.version: '1.8.0_371'
Driver info: org.openqa.selenium.chrome.ChromeDriver
Capabilities {acceptInsecureCerts: false, browserName: chrome, browserVersion: 122.0.6261.112, chrome: {chromedriverVersion: 122.0.6261.57 (87957e464700..., userDataDir: C:\Users\YAMINI~1.CH\AppDat...}, fedcm:ACcs: true, goog:chromeOptions: {debuggerAddress: localhost:52902}, javascriptEnabled: true, networkConnectionEnabled: false, pageLoadStrategy: normal, platform: WINDOWS, platformName: WINDOWS, proxy: Proxy(), setWindowRect: true, strictFileInteractability: false, timeouts: {implicit: 0, pageLoad: 300000, script: 30000}, unhandledPromptBehavior: dismiss and notify, webauthn:extension:credBlob: true, webauthn:extension:largeBlob: true, webauthn:extension:minPinLength: true, webauthn:extension:prf: true, webauthn:virtualAuthenticators: true}
Session ID: 5ca6a42d09bf969176f1d1a37f201452
*** Element info: {Using=name, value=addProd}
at org.openqa.selenium.remote.http.W3CHttpResponseCodec.createException(W3CHttpResponseCodec.java:187)
at org.openqa.selenium.remote.http.W3CHttpResponseCodec.decode(W3CHttpResponseCodec.java:122)
at org.openqa.selenium.remote.http.W3CHttpResponseCodec.decode(W3CHttpResponseCodec.java:49)
at org.openqa.selenium.remote.HttpCommandExecutor.execute(HttpCommandExecutor.java:158)
at org.openqa.selenium.remote.service.DriverCommandExecutor.execute(DriverCommandExecutor.java:83)
at org.openqa.selenium.remote.RemoteWebDriver.execute(RemoteWebDriver.java:552)
at org.openqa.selenium.remote.RemoteWebDriver.findElement(RemoteWebDriver.java:323)
at org.openqa.selenium.remote.RemoteWebDriver.findElementByName(RemoteWebDriver.java:404)
at org.openqa.selenium.By$ByName.findElement(By.java:284)
at org.openqa.selenium.remote.RemoteWebDriver.findElement(RemoteWebDriver.java:315)
at FunctionalLibrary.functionLibrary.findAndClick(functionLibrary.java:1275)
at FunctionalLibrary.functionLibrary.fLine_Entry(functionLibrary.java:739)
at TestCases.FunctionalAndRegression.CrossBorder.calculateCrossBorderImportDuty(CrossBorder.java:179)
at TestCases.FunctionalAndRegression.CrossBorder.TestCase190_UStoCANCustomDutyCalculated_DeminimusThresholdMet_IORYes_HSCode(CrossBorder.java:126)
at java.util.ArrayList.forEach(ArrayList.java:1259)
at com.intellij.rt.testng.IDEARemoteTestNG.run(IDEARemoteTestNG.java:66)
at com.intellij.rt.testng.RemoteTestNGStarter.main(RemoteTestNGStarter.java:105)
... Removed 28 stack frames]]>
    </failure>
  </testcase> <!-- TestCase190_UStoCANCustomDutyCalculated_DeminimusThresholdMet_IORYes_HSCode -->
  <testcase name="TestCase191_CustomDutyCalculated_DeminimusThresholdMet_IORYes_HSCode_TaxcodePB500000" time="196.677" classname="TestCases.FunctionalAndRegression.CrossBorder"/>
</testsuite> <!-- SalesCloud9.0 -->
