<html>
<head>
<title>TestNG:  TaxCalculation</title>
<link href="../testng.css" rel="stylesheet" type="text/css" />
<link href="../my-testng.css" rel="stylesheet" type="text/css" />

<style type="text/css">
.log { display: none;} 
.stack-trace { display: none;} 
</style>
<script type="text/javascript">
<!--
function flip(e) {
  current = e.style.display;
  if (current == 'block') {
    e.style.display = 'none';
    return 0;
  }
  else {
    e.style.display = 'block';
    return 1;
  }
}

function toggleBox(szDivId, elem, msg1, msg2)
{
  var res = -1;  if (document.getElementById) {
    res = flip(document.getElementById(szDivId));
  }
  else if (document.all) {
    // this is the way old msie versions work
    res = flip(document.all[szDivId]);
  }
  if(elem) {
    if(res == 0) elem.innerHTML = msg1; else elem.innerHTML = msg2;
  }

}

function toggleAllBoxes() {
  if (document.getElementsByTagName) {
    d = document.getElementsByTagName('div');
    for (i = 0; i < d.length; i++) {
      if (d[i].className == 'log') {
        flip(d[i]);
      }
    }
  }
}

// -->
</script>

</head>
<body>
<h2 align='center'>TaxCalculation</h2><table border='1' align="center">
<tr>
<td>Tests passed/Failed/Skipped:</td><td>0/6/0</td>
</tr><tr>
<td>Started on:</td><td>Mon Nov 29 15:50:40 IST 2021</td>
</tr>
<tr><td>Total time:</td><td>1134 seconds (1134510 ms)</td>
</tr><tr>
<td>Included groups:</td><td></td>
</tr><tr>
<td>Excluded groups:</td><td></td>
</tr>
</table><p/>
<small><i>(Hover the method name to see the test class name)</i></small><p/>
<table width='100%' border='1' class='invocation-failed'>
<tr><td colspan='4' align='center'><b>FAILED TESTS</b></td></tr>
<tr><td><b>Test method</b></td>
<td width="30%"><b>Exception</b></td>
<td width="10%"><b>Time (seconds)</b></td>
<td><b>Instance</b></td>
</tr>
<tr>
<td title='TestCases.Regression.TaxCalculation.TestCase1_EnableTaxCalc_ACc_PrimaryShipToAddressUncommit()'><b>TestCase1_EnableTaxCalc_ACc_PrimaryShipToAddressUncommit</b><br>Test class: TestCases.Regression.TaxCalculation<br>Test method: EnableTaxCalc ACc Primary ShipTo Address CAN Uncommit</td>
<td><div><pre>java.lang.AssertionError: The following asserts failed:
	OpportuntiesPostGetTax Expected:Temporary And Actual:Saved expected [true] but found [false]
	at TestCases.Regression.TaxCalculation.EnableTaxCalc_ACc_Primary(TaxCalculation.java:240)
	at TestCases.Regression.TaxCalculation.TestCase1_EnableTaxCalc_ACc_PrimaryShipToAddressUncommit(TaxCalculation.java:88)
... Removed 26 stack frames</pre></div><a href='#' onClick='toggleBox("stack-trace1680841335", this, "Click to show all stack frames", "Click to hide stack frames")'>Click to show all stack frames</a>
<div class='stack-trace' id='stack-trace1680841335'><pre>java.lang.AssertionError: The following asserts failed:
	OpportuntiesPostGetTax Expected:Temporary And Actual:Saved expected [true] but found [false]
	at org.testng.asserts.SoftAssert.assertAll(SoftAssert.java:43)
	at TestCases.Regression.TaxCalculation.EnableTaxCalc_ACc_Primary(TaxCalculation.java:240)
	at TestCases.Regression.TaxCalculation.TestCase1_EnableTaxCalc_ACc_PrimaryShipToAddressUncommit(TaxCalculation.java:88)
	at sun.reflect.NativeMethodAccessorImpl.invoke0(Native Method)
	at sun.reflect.NativeMethodAccessorImpl.invoke(NativeMethodAccessorImpl.java:62)
	at sun.reflect.DelegatingMethodAccessorImpl.invoke(DelegatingMethodAccessorImpl.java:43)
	at java.lang.reflect.Method.invoke(Method.java:498)
	at org.testng.internal.MethodInvocationHelper.invokeMethod(MethodInvocationHelper.java:124)
	at org.testng.internal.Invoker.invokeMethod(Invoker.java:583)
	at org.testng.internal.Invoker.invokeTestMethod(Invoker.java:719)
	at org.testng.internal.Invoker.invokeTestMethods(Invoker.java:989)
	at org.testng.internal.TestMethodWorker.invokeTestMethods(TestMethodWorker.java:125)
	at org.testng.internal.TestMethodWorker.run(TestMethodWorker.java:109)
	at org.testng.TestRunner.privateRun(TestRunner.java:648)
	at org.testng.TestRunner.run(TestRunner.java:505)
	at org.testng.SuiteRunner.runTest(SuiteRunner.java:455)
	at org.testng.SuiteRunner.runSequentially(SuiteRunner.java:450)
	at org.testng.SuiteRunner.privateRun(SuiteRunner.java:415)
	at org.testng.SuiteRunner.run(SuiteRunner.java:364)
	at org.testng.SuiteRunnerWorker.runSuite(SuiteRunnerWorker.java:52)
	at org.testng.SuiteRunnerWorker.run(SuiteRunnerWorker.java:84)
	at org.testng.TestNG.runSuitesSequentially(TestNG.java:1208)
	at org.testng.TestNG.runSuitesLocally(TestNG.java:1137)
	at org.testng.TestNG.runSuites(TestNG.java:1049)
	at org.testng.TestNG.run(TestNG.java:1017)
	at org.testng.remote.AbstractRemoteTestNG.run(AbstractRemoteTestNG.java:114)
	at org.testng.remote.RemoteTestNG.initAndRun(RemoteTestNG.java:251)
	at org.testng.remote.RemoteTestNG.main(RemoteTestNG.java:77)
</pre></div></td>
<td>208</td>
<td>TestCases.Regression.TaxCalculation@42d80b78</td></tr>
<tr>
<td title='TestCases.Regression.TaxCalculation.TestCase2_EnableTaxCalc_Quotes_PrimaryShipToAddressUncommit()'><b>TestCase2_EnableTaxCalc_Quotes_PrimaryShipToAddressUncommit</b><br>Test class: TestCases.Regression.TaxCalculation<br>Test method: EnableTaxCalc ACc Primary BillTo Address DenverCity SalesOrde</td>
<td><div><pre>java.lang.AssertionError: The following asserts failed:
	OpportuntiesPostGetTax Expected:Temporary And Actual:Saved expected [true] but found [false]
	at TestCases.Regression.TaxCalculation.EnableTaxCalc_Quotes_Primary(TaxCalculation.java:310)
	at TestCases.Regression.TaxCalculation.TestCase2_EnableTaxCalc_Quotes_PrimaryShipToAddressUncommit(TaxCalculation.java:93)
... Removed 26 stack frames</pre></div><a href='#' onClick='toggleBox("stack-trace656898222", this, "Click to show all stack frames", "Click to hide stack frames")'>Click to show all stack frames</a>
<div class='stack-trace' id='stack-trace656898222'><pre>java.lang.AssertionError: The following asserts failed:
	OpportuntiesPostGetTax Expected:Temporary And Actual:Saved expected [true] but found [false]
	at org.testng.asserts.SoftAssert.assertAll(SoftAssert.java:43)
	at TestCases.Regression.TaxCalculation.EnableTaxCalc_Quotes_Primary(TaxCalculation.java:310)
	at TestCases.Regression.TaxCalculation.TestCase2_EnableTaxCalc_Quotes_PrimaryShipToAddressUncommit(TaxCalculation.java:93)
	at sun.reflect.NativeMethodAccessorImpl.invoke0(Native Method)
	at sun.reflect.NativeMethodAccessorImpl.invoke(NativeMethodAccessorImpl.java:62)
	at sun.reflect.DelegatingMethodAccessorImpl.invoke(DelegatingMethodAccessorImpl.java:43)
	at java.lang.reflect.Method.invoke(Method.java:498)
	at org.testng.internal.MethodInvocationHelper.invokeMethod(MethodInvocationHelper.java:124)
	at org.testng.internal.Invoker.invokeMethod(Invoker.java:583)
	at org.testng.internal.Invoker.invokeTestMethod(Invoker.java:719)
	at org.testng.internal.Invoker.invokeTestMethods(Invoker.java:989)
	at org.testng.internal.TestMethodWorker.invokeTestMethods(TestMethodWorker.java:125)
	at org.testng.internal.TestMethodWorker.run(TestMethodWorker.java:109)
	at org.testng.TestRunner.privateRun(TestRunner.java:648)
	at org.testng.TestRunner.run(TestRunner.java:505)
	at org.testng.SuiteRunner.runTest(SuiteRunner.java:455)
	at org.testng.SuiteRunner.runSequentially(SuiteRunner.java:450)
	at org.testng.SuiteRunner.privateRun(SuiteRunner.java:415)
	at org.testng.SuiteRunner.run(SuiteRunner.java:364)
	at org.testng.SuiteRunnerWorker.runSuite(SuiteRunnerWorker.java:52)
	at org.testng.SuiteRunnerWorker.run(SuiteRunnerWorker.java:84)
	at org.testng.TestNG.runSuitesSequentially(TestNG.java:1208)
	at org.testng.TestNG.runSuitesLocally(TestNG.java:1137)
	at org.testng.TestNG.runSuites(TestNG.java:1049)
	at org.testng.TestNG.run(TestNG.java:1017)
	at org.testng.remote.AbstractRemoteTestNG.run(AbstractRemoteTestNG.java:114)
	at org.testng.remote.RemoteTestNG.initAndRun(RemoteTestNG.java:251)
	at org.testng.remote.RemoteTestNG.main(RemoteTestNG.java:77)
</pre></div></td>
<td>156</td>
<td>TestCases.Regression.TaxCalculation@42d80b78</td></tr>
<tr>
<td title='TestCases.Regression.TaxCalculation.TestCase3_EnableTaxCalc_Quotes_PrimaryBillToAddressUncommit()'><b>TestCase3_EnableTaxCalc_Quotes_PrimaryBillToAddressUncommit</b><br>Test class: TestCases.Regression.TaxCalculation<br>Test method: EnableTaxCalc Quotes Primary BillTo Address DenverCity Uncommit</td>
<td><div><pre>java.lang.AssertionError: The following asserts failed:
	OpportuntiesPostGetTax Expected:Temporary And Actual:Saved expected [true] but found [false]
	at TestCases.Regression.TaxCalculation.EnableTaxCalc_Quotes_Primary(TaxCalculation.java:310)
	at TestCases.Regression.TaxCalculation.TestCase3_EnableTaxCalc_Quotes_PrimaryBillToAddressUncommit(TaxCalculation.java:98)
... Removed 26 stack frames</pre></div><a href='#' onClick='toggleBox("stack-trace1882695296", this, "Click to show all stack frames", "Click to hide stack frames")'>Click to show all stack frames</a>
<div class='stack-trace' id='stack-trace1882695296'><pre>java.lang.AssertionError: The following asserts failed:
	OpportuntiesPostGetTax Expected:Temporary And Actual:Saved expected [true] but found [false]
	at org.testng.asserts.SoftAssert.assertAll(SoftAssert.java:43)
	at TestCases.Regression.TaxCalculation.EnableTaxCalc_Quotes_Primary(TaxCalculation.java:310)
	at TestCases.Regression.TaxCalculation.TestCase3_EnableTaxCalc_Quotes_PrimaryBillToAddressUncommit(TaxCalculation.java:98)
	at sun.reflect.NativeMethodAccessorImpl.invoke0(Native Method)
	at sun.reflect.NativeMethodAccessorImpl.invoke(NativeMethodAccessorImpl.java:62)
	at sun.reflect.DelegatingMethodAccessorImpl.invoke(DelegatingMethodAccessorImpl.java:43)
	at java.lang.reflect.Method.invoke(Method.java:498)
	at org.testng.internal.MethodInvocationHelper.invokeMethod(MethodInvocationHelper.java:124)
	at org.testng.internal.Invoker.invokeMethod(Invoker.java:583)
	at org.testng.internal.Invoker.invokeTestMethod(Invoker.java:719)
	at org.testng.internal.Invoker.invokeTestMethods(Invoker.java:989)
	at org.testng.internal.TestMethodWorker.invokeTestMethods(TestMethodWorker.java:125)
	at org.testng.internal.TestMethodWorker.run(TestMethodWorker.java:109)
	at org.testng.TestRunner.privateRun(TestRunner.java:648)
	at org.testng.TestRunner.run(TestRunner.java:505)
	at org.testng.SuiteRunner.runTest(SuiteRunner.java:455)
	at org.testng.SuiteRunner.runSequentially(SuiteRunner.java:450)
	at org.testng.SuiteRunner.privateRun(SuiteRunner.java:415)
	at org.testng.SuiteRunner.run(SuiteRunner.java:364)
	at org.testng.SuiteRunnerWorker.runSuite(SuiteRunnerWorker.java:52)
	at org.testng.SuiteRunnerWorker.run(SuiteRunnerWorker.java:84)
	at org.testng.TestNG.runSuitesSequentially(TestNG.java:1208)
	at org.testng.TestNG.runSuitesLocally(TestNG.java:1137)
	at org.testng.TestNG.runSuites(TestNG.java:1049)
	at org.testng.TestNG.run(TestNG.java:1017)
	at org.testng.remote.AbstractRemoteTestNG.run(AbstractRemoteTestNG.java:114)
	at org.testng.remote.RemoteTestNG.initAndRun(RemoteTestNG.java:251)
	at org.testng.remote.RemoteTestNG.main(RemoteTestNG.java:77)
</pre></div></td>
<td>162</td>
<td>TestCases.Regression.TaxCalculation@42d80b78</td></tr>
<tr>
<td title='TestCases.Regression.TaxCalculation.TestCase4_EnableTaxCalc_Order_PrimaryShipToAddressUncommit()'><b>TestCase4_EnableTaxCalc_Order_PrimaryShipToAddressUncommit</b><br>Test class: TestCases.Regression.TaxCalculation<br>Test method: EnableTaxCalc Order Primary ShipTo Address Uncommit</td>
<td><div><pre>java.lang.AssertionError: The following asserts failed:
	OpportuntiesPostGetTax Expected:Temporary And Actual:Saved expected [true] but found [false]
	at TestCases.Regression.TaxCalculation.EnableTaxCalc_Order_Primary(TaxCalculation.java:372)
	at TestCases.Regression.TaxCalculation.TestCase4_EnableTaxCalc_Order_PrimaryShipToAddressUncommit(TaxCalculation.java:104)
... Removed 26 stack frames</pre></div><a href='#' onClick='toggleBox("stack-trace22820229", this, "Click to show all stack frames", "Click to hide stack frames")'>Click to show all stack frames</a>
<div class='stack-trace' id='stack-trace22820229'><pre>java.lang.AssertionError: The following asserts failed:
	OpportuntiesPostGetTax Expected:Temporary And Actual:Saved expected [true] but found [false]
	at org.testng.asserts.SoftAssert.assertAll(SoftAssert.java:43)
	at TestCases.Regression.TaxCalculation.EnableTaxCalc_Order_Primary(TaxCalculation.java:372)
	at TestCases.Regression.TaxCalculation.TestCase4_EnableTaxCalc_Order_PrimaryShipToAddressUncommit(TaxCalculation.java:104)
	at sun.reflect.NativeMethodAccessorImpl.invoke0(Native Method)
	at sun.reflect.NativeMethodAccessorImpl.invoke(NativeMethodAccessorImpl.java:62)
	at sun.reflect.DelegatingMethodAccessorImpl.invoke(DelegatingMethodAccessorImpl.java:43)
	at java.lang.reflect.Method.invoke(Method.java:498)
	at org.testng.internal.MethodInvocationHelper.invokeMethod(MethodInvocationHelper.java:124)
	at org.testng.internal.Invoker.invokeMethod(Invoker.java:583)
	at org.testng.internal.Invoker.invokeTestMethod(Invoker.java:719)
	at org.testng.internal.Invoker.invokeTestMethods(Invoker.java:989)
	at org.testng.internal.TestMethodWorker.invokeTestMethods(TestMethodWorker.java:125)
	at org.testng.internal.TestMethodWorker.run(TestMethodWorker.java:109)
	at org.testng.TestRunner.privateRun(TestRunner.java:648)
	at org.testng.TestRunner.run(TestRunner.java:505)
	at org.testng.SuiteRunner.runTest(SuiteRunner.java:455)
	at org.testng.SuiteRunner.runSequentially(SuiteRunner.java:450)
	at org.testng.SuiteRunner.privateRun(SuiteRunner.java:415)
	at org.testng.SuiteRunner.run(SuiteRunner.java:364)
	at org.testng.SuiteRunnerWorker.runSuite(SuiteRunnerWorker.java:52)
	at org.testng.SuiteRunnerWorker.run(SuiteRunnerWorker.java:84)
	at org.testng.TestNG.runSuitesSequentially(TestNG.java:1208)
	at org.testng.TestNG.runSuitesLocally(TestNG.java:1137)
	at org.testng.TestNG.runSuites(TestNG.java:1049)
	at org.testng.TestNG.run(TestNG.java:1017)
	at org.testng.remote.AbstractRemoteTestNG.run(AbstractRemoteTestNG.java:114)
	at org.testng.remote.RemoteTestNG.initAndRun(RemoteTestNG.java:251)
	at org.testng.remote.RemoteTestNG.main(RemoteTestNG.java:77)
</pre></div></td>
<td>189</td>
<td>TestCases.Regression.TaxCalculation@42d80b78</td></tr>
<tr>
<td title='TestCases.Regression.TaxCalculation.TestCase5_EnableTaxCalc_Order_PrimaryBillToAddressUncommit()'><b>TestCase5_EnableTaxCalc_Order_PrimaryBillToAddressUncommit</b><br>Test class: TestCases.Regression.TaxCalculation<br>Test method: EnableTaxCalc Order Primary BillTo Address Uncommit</td>
<td><div><pre>java.lang.AssertionError: The following asserts failed:
	OpportuntiesPostGetTax Expected:Temporary And Actual:Saved expected [true] but found [false]
	at TestCases.Regression.TaxCalculation.EnableTaxCalc_Order_Primary(TaxCalculation.java:372)
	at TestCases.Regression.TaxCalculation.TestCase5_EnableTaxCalc_Order_PrimaryBillToAddressUncommit(TaxCalculation.java:109)
... Removed 26 stack frames</pre></div><a href='#' onClick='toggleBox("stack-trace1335046207", this, "Click to show all stack frames", "Click to hide stack frames")'>Click to show all stack frames</a>
<div class='stack-trace' id='stack-trace1335046207'><pre>java.lang.AssertionError: The following asserts failed:
	OpportuntiesPostGetTax Expected:Temporary And Actual:Saved expected [true] but found [false]
	at org.testng.asserts.SoftAssert.assertAll(SoftAssert.java:43)
	at TestCases.Regression.TaxCalculation.EnableTaxCalc_Order_Primary(TaxCalculation.java:372)
	at TestCases.Regression.TaxCalculation.TestCase5_EnableTaxCalc_Order_PrimaryBillToAddressUncommit(TaxCalculation.java:109)
	at sun.reflect.NativeMethodAccessorImpl.invoke0(Native Method)
	at sun.reflect.NativeMethodAccessorImpl.invoke(NativeMethodAccessorImpl.java:62)
	at sun.reflect.DelegatingMethodAccessorImpl.invoke(DelegatingMethodAccessorImpl.java:43)
	at java.lang.reflect.Method.invoke(Method.java:498)
	at org.testng.internal.MethodInvocationHelper.invokeMethod(MethodInvocationHelper.java:124)
	at org.testng.internal.Invoker.invokeMethod(Invoker.java:583)
	at org.testng.internal.Invoker.invokeTestMethod(Invoker.java:719)
	at org.testng.internal.Invoker.invokeTestMethods(Invoker.java:989)
	at org.testng.internal.TestMethodWorker.invokeTestMethods(TestMethodWorker.java:125)
	at org.testng.internal.TestMethodWorker.run(TestMethodWorker.java:109)
	at org.testng.TestRunner.privateRun(TestRunner.java:648)
	at org.testng.TestRunner.run(TestRunner.java:505)
	at org.testng.SuiteRunner.runTest(SuiteRunner.java:455)
	at org.testng.SuiteRunner.runSequentially(SuiteRunner.java:450)
	at org.testng.SuiteRunner.privateRun(SuiteRunner.java:415)
	at org.testng.SuiteRunner.run(SuiteRunner.java:364)
	at org.testng.SuiteRunnerWorker.runSuite(SuiteRunnerWorker.java:52)
	at org.testng.SuiteRunnerWorker.run(SuiteRunnerWorker.java:84)
	at org.testng.TestNG.runSuitesSequentially(TestNG.java:1208)
	at org.testng.TestNG.runSuitesLocally(TestNG.java:1137)
	at org.testng.TestNG.runSuites(TestNG.java:1049)
	at org.testng.TestNG.run(TestNG.java:1017)
	at org.testng.remote.AbstractRemoteTestNG.run(AbstractRemoteTestNG.java:114)
	at org.testng.remote.RemoteTestNG.initAndRun(RemoteTestNG.java:251)
	at org.testng.remote.RemoteTestNG.main(RemoteTestNG.java:77)
</pre></div></td>
<td>188</td>
<td>TestCases.Regression.TaxCalculation@42d80b78</td></tr>
<tr>
<td title='TestCases.Regression.TaxCalculation.TestCase6_EnableTaxCalc_ACc_WithMultiLine()'><b>TestCase6_EnableTaxCalc_ACc_WithMultiLine</b><br>Test class: TestCases.Regression.TaxCalculation<br>Test method: EnableTaxCalc ACc OnlyShipToAddress DenverCity Uncommit</td>
<td><div><pre>java.lang.AssertionError: The following asserts failed:
	OpportuntiesPostGetTax Expected:TemporaryAnd Actual:Saved expected [true] but found [false]
	at TestCases.Regression.TaxCalculation.taxCalcValidationWithMultiLine(TaxCalculation.java:511)
	at TestCases.Regression.TaxCalculation.TestCase6_EnableTaxCalc_ACc_WithMultiLine(TaxCalculation.java:115)
... Removed 26 stack frames</pre></div><a href='#' onClick='toggleBox("stack-trace2035269389", this, "Click to show all stack frames", "Click to hide stack frames")'>Click to show all stack frames</a>
<div class='stack-trace' id='stack-trace2035269389'><pre>java.lang.AssertionError: The following asserts failed:
	OpportuntiesPostGetTax Expected:TemporaryAnd Actual:Saved expected [true] but found [false]
	at org.testng.asserts.SoftAssert.assertAll(SoftAssert.java:43)
	at TestCases.Regression.TaxCalculation.taxCalcValidationWithMultiLine(TaxCalculation.java:511)
	at TestCases.Regression.TaxCalculation.TestCase6_EnableTaxCalc_ACc_WithMultiLine(TaxCalculation.java:115)
	at sun.reflect.NativeMethodAccessorImpl.invoke0(Native Method)
	at sun.reflect.NativeMethodAccessorImpl.invoke(NativeMethodAccessorImpl.java:62)
	at sun.reflect.DelegatingMethodAccessorImpl.invoke(DelegatingMethodAccessorImpl.java:43)
	at java.lang.reflect.Method.invoke(Method.java:498)
	at org.testng.internal.MethodInvocationHelper.invokeMethod(MethodInvocationHelper.java:124)
	at org.testng.internal.Invoker.invokeMethod(Invoker.java:583)
	at org.testng.internal.Invoker.invokeTestMethod(Invoker.java:719)
	at org.testng.internal.Invoker.invokeTestMethods(Invoker.java:989)
	at org.testng.internal.TestMethodWorker.invokeTestMethods(TestMethodWorker.java:125)
	at org.testng.internal.TestMethodWorker.run(TestMethodWorker.java:109)
	at org.testng.TestRunner.privateRun(TestRunner.java:648)
	at org.testng.TestRunner.run(TestRunner.java:505)
	at org.testng.SuiteRunner.runTest(SuiteRunner.java:455)
	at org.testng.SuiteRunner.runSequentially(SuiteRunner.java:450)
	at org.testng.SuiteRunner.privateRun(SuiteRunner.java:415)
	at org.testng.SuiteRunner.run(SuiteRunner.java:364)
	at org.testng.SuiteRunnerWorker.runSuite(SuiteRunnerWorker.java:52)
	at org.testng.SuiteRunnerWorker.run(SuiteRunnerWorker.java:84)
	at org.testng.TestNG.runSuitesSequentially(TestNG.java:1208)
	at org.testng.TestNG.runSuitesLocally(TestNG.java:1137)
	at org.testng.TestNG.runSuites(TestNG.java:1049)
	at org.testng.TestNG.run(TestNG.java:1017)
	at org.testng.remote.AbstractRemoteTestNG.run(AbstractRemoteTestNG.java:114)
	at org.testng.remote.RemoteTestNG.initAndRun(RemoteTestNG.java:251)
	at org.testng.remote.RemoteTestNG.main(RemoteTestNG.java:77)
</pre></div></td>
<td>209</td>
<td>TestCases.Regression.TaxCalculation@42d80b78</td></tr>
</table><p>
</body>
</html>