<?xml version="1.0" encoding="UTF-8"?>
<!-- Generated by org.testng.reporters.JUnitXMLReporter -->
<testsuite hostname="AV-PN-NEHAP" ignored="3" name="TestMyTestProjecteXAMPLEcred" tests="1" failures="1" timestamp="08 Jan 2021 14:20:42 GMT" time="46.803" errors="0">
  <testcase name="TestCaseC1581129_TestConnectionWithInValidcredSandbox" time="26.814" classname="TestCases.Regression.TestMyTestProjecteXAMPLEcred">
    <failure type="org.openqa.selenium.WebDriverException" message="unknown error: Element &amp;lt;button class=&amp;quot;slds-button slds-button_neutral&amp;quot; type=&amp;quot;button&amp;quot; data-aura-rendered-by=&amp;quot;171:0&amp;quot;&amp;gt;...&amp;lt;/button&amp;gt; is not clickable at point (931, 430). Other element would receive the click: &amp;lt;lightning-spinner data-aura-rendered-by=&amp;quot;227:0&amp;quot; class=&amp;quot;slds-spinner_container&amp;quot;&amp;gt;&amp;lt;/lightning-spinner&amp;gt;
  (Session info: chrome=87.0.4280.88)
  (Driver info: chromedriver=2.41.578737 (49da6702b16031c40d63e5618de03a32ff6c197e),platform=Windows NT 10.0.17134 x86_64) (WARNING: The server did not provide any stacktrace information)
Command duration or timeout: 0 milliseconds
Build info: version: &amp;apos;3.141.59&amp;apos;, revision: &amp;apos;e82be7d358&amp;apos;, time: &amp;apos;2018-11-14T08:17:03&amp;apos;
System info: host: &amp;apos;AV-PN-NEHAP&amp;apos;, ip: &amp;apos;192.168.0.105&amp;apos;, os.name: &amp;apos;Windows 10&amp;apos;, os.arch: &amp;apos;amd64&amp;apos;, os.version: &amp;apos;10.0&amp;apos;, java.version: &amp;apos;1.8.0_102&amp;apos;
Driver info: org.openqa.selenium.chrome.ChromeDriver
Capabilities {acceptInsecureCerts: false, acceptSslCerts: false, applicationCacheEnabled: false, browserConnectionEnabled: false, browserName: chrome, chrome: {chromedriverVersion: 2.41.578737 (49da6702b16031..., userDataDir: C:\Users\NEHA~1.PAN\AppData...}, cssSelectorsEnabled: true, databaseEnabled: false, goog:chromeOptions: {debuggerAddress: localhost:58416}, handlesAlerts: true, hasTouchScreen: false, javascriptEnabled: true, locationContextEnabled: true, mobileEmulationEnabled: false, nativeEvents: true, networkConnectionEnabled: false, pageLoadStrategy: normal, platform: XP, platformName: XP, rotatable: false, setWindowRect: true, takesHeapSnapshot: true, takesScreenshot: true, unexpectedAlertBehaviour: , unhandledPromptBehavior: , version: 87.0.4280.88, webStorageEnabled: true}
Session ID: 4e58b15cc35ad2c464487bb6110c9993">
      <![CDATA[org.openqa.selenium.WebDriverException: unknown error: Element <button class="slds-button slds-button_neutral" type="button" data-aura-rendered-by="171:0">...</button> is not clickable at point (931, 430). Other element would receive the click: <lightning-spinner data-aura-rendered-by="227:0" class="slds-spinner_container"></lightning-spinner>
  (Session info: chrome=87.0.4280.88)
  (Driver info: chromedriver=2.41.578737 (49da6702b16031c40d63e5618de03a32ff6c197e),platform=Windows NT 10.0.17134 x86_64) (WARNING: The server did not provide any stacktrace information)
Command duration or timeout: 0 milliseconds
Build info: version: '3.141.59', revision: 'e82be7d358', time: '2018-11-14T08:17:03'
System info: host: 'AV-PN-NEHAP', ip: '192.168.0.105', os.name: 'Windows 10', os.arch: 'amd64', os.version: '10.0', java.version: '1.8.0_102'
Driver info: org.openqa.selenium.chrome.ChromeDriver
Capabilities {acceptInsecureCerts: false, acceptSslCerts: false, applicationCacheEnabled: false, browserConnectionEnabled: false, browserName: chrome, chrome: {chromedriverVersion: 2.41.578737 (49da6702b16031..., userDataDir: C:\Users\NEHA~1.PAN\AppData...}, cssSelectorsEnabled: true, databaseEnabled: false, goog:chromeOptions: {debuggerAddress: localhost:58416}, handlesAlerts: true, hasTouchScreen: false, javascriptEnabled: true, locationContextEnabled: true, mobileEmulationEnabled: false, nativeEvents: true, networkConnectionEnabled: false, pageLoadStrategy: normal, platform: XP, platformName: XP, rotatable: false, setWindowRect: true, takesHeapSnapshot: true, takesScreenshot: true, unexpectedAlertBehaviour: , unhandledPromptBehavior: , version: 87.0.4280.88, webStorageEnabled: true}
Session ID: 4e58b15cc35ad2c464487bb6110c9993
at org.openqa.selenium.remote.ErrorHandler.createThrowable(ErrorHandler.java:214)
at org.openqa.selenium.remote.ErrorHandler.throwIfResponseFailed(ErrorHandler.java:166)
at org.openqa.selenium.remote.http.JsonHttpResponseCodec.reconstructValue(JsonHttpResponseCodec.java:40)
at org.openqa.selenium.remote.http.AbstractHttpResponseCodec.decode(AbstractHttpResponseCodec.java:80)
at org.openqa.selenium.remote.http.AbstractHttpResponseCodec.decode(AbstractHttpResponseCodec.java:44)
at org.openqa.selenium.remote.HttpCommandExecutor.execute(HttpCommandExecutor.java:158)
at org.openqa.selenium.remote.service.DriverCommandExecutor.execute(DriverCommandExecutor.java:83)
at org.openqa.selenium.remote.RemoteWebDriver.execute(RemoteWebDriver.java:552)
at org.openqa.selenium.remote.RemoteWebElement.execute(RemoteWebElement.java:285)
at org.openqa.selenium.remote.RemoteWebElement.click(RemoteWebElement.java:84)
at GenericFunctionLibrary.genericFunctions.clickonElement_Xpath(genericFunctions.java:117)
at FunctionalLibrary.functionLibrary.clickOnTestConnectionButton(functionLibrary.java:1441)
at TestCases.Regression.TestMyTestProjecteXAMPLEcred.TestCaseC1581129_TestConnectionWithInValidcredSandbox(TestMyTestProjecteXAMPLEcred.java:43)
... Removed 29 stack frames]]>
    </failure>
  </testcase> <!-- TestCaseC1581129_TestConnectionWithInValidcredSandbox -->
  <testcase name="TestCaseC1581132_TestConnectionWithInvalidcredProduction" time="0.0" classname="TestCases.Regression.TestMyTestProjecteXAMPLEcred">
    <ignored/>
  </testcase> <!-- TestCaseC1581132_TestConnectionWithInvalidcredProduction -->
  <testcase name="TestCaseC1581130_C1581150_TestConnectionWithValidACcNumAndLicenceKeySandbox" time="0.0" classname="TestCases.Regression.TestMyTestProjecteXAMPLEcred">
    <ignored/>
  </testcase> <!-- TestCaseC1581130_C1581150_TestConnectionWithValidACcNumAndLicenceKeySandbox -->
  <testcase name="TestCaseC1581131TestConnectionWithValidcredProduction" time="0.0" classname="TestCases.Regression.TestMyTestProjecteXAMPLEcred">
    <ignored/>
  </testcase> <!-- TestCaseC1581131TestConnectionWithValidcredProduction -->
</testsuite> <!-- TestMyTestProjecteXAMPLEcred -->
