<html>
<head>
<title>TestNG:  ThirdPartyAddressValidation</title>
<link href="../testng.css" rel="stylesheet" type="text/css" />
<link href="../my-testng.css" rel="stylesheet" type="text/css" />

<style type="text/css">
.log { display: none;} 
.stack-trace { display: none;} 
</style>
<script type="text/javascript">
<!--
function flip(e) {
  current = e.style.display;
  if (current == 'block') {
    e.style.display = 'none';
    return 0;
  }
  else {
    e.style.display = 'block';
    return 1;
  }
}

function toggleBox(szDivId, elem, msg1, msg2)
{
  var res = -1;  if (document.getElementById) {
    res = flip(document.getElementById(szDivId));
  }
  else if (document.all) {
    // this is the way old msie versions work
    res = flip(document.all[szDivId]);
  }
  if(elem) {
    if(res == 0) elem.innerHTML = msg1; else elem.innerHTML = msg2;
  }

}

function toggleAllBoxes() {
  if (document.getElementsByTagName) {
    d = document.getElementsByTagName('div');
    for (i = 0; i < d.length; i++) {
      if (d[i].className == 'log') {
        flip(d[i]);
      }
    }
  }
}

// -->
</script>

</head>
<body>
<h2 align='center'>ThirdPartyAddressValidation</h2><table border='1' align="center">
<tr>
<td>Tests passed/Failed/Skipped:</td><td>3/1/0</td>
</tr><tr>
<td>Started on:</td><td>Fri May 26 21:08:28 IST 2023</td>
</tr>
<tr><td>Total time:</td><td>866 seconds (866152 ms)</td>
</tr><tr>
<td>Included groups:</td><td></td>
</tr><tr>
<td>Excluded groups:</td><td></td>
</tr>
</table><p/>
<small><i>(Hover the method name to see the test class name)</i></small><p/>
<table width='100%' border='1' class='invocation-failed'>
<tr><td colspan='4' align='center'><b>FAILED TESTS</b></td></tr>
<tr><td><b>Test method</b></td>
<td width="30%"><b>Exception</b></td>
<td width="10%"><b>Time (seconds)</b></td>
<td><b>Instance</b></td>
</tr>
<tr>
<td title='TestCases.FunctionalAndRegression.ThirdPartyAddressValidation.TestCase163_CANAddressValidated()'><b>TestCase163_CANAddressValidated</b><br>Test class: TestCases.FunctionalAndRegression.ThirdPartyAddressValidation<br>Test method: CAN address validated</td>
<td><div><pre>java.lang.AssertionError: The following asserts failed:
	ACcs Expected:Line 1: 5412 IMPERIAL ST, City: BURNABY, State/Region: BC, Postal Code: V5J 1E6, Country: CA	And Actual:Error: The address was found but the street number in the input address was not between the low and high range of the post office database. expected [true] but found [false],
	ACcs Expected:Line 1: 5412 IMPERIAL ST, City: BURNABY, State/Region: BC, Postal Code: V5J 1E6, Country: CA	And Actual:Error: The address was found but the street number in the input address was not between the low and high range of the post office database. expected [true] but found [false],
	newQuote Expected:Line 1: 5412 IMPERIAL ST, City: BURNABY, State/Region: BC, Postal Code: V5J 1E6, Country: CA	And Actual:Error: The address was found but the street number in the input address was not between the low and high range of the post office database. expected [true] but found [false],
	newQuote Expected:Line 1: 5412 IMPERIAL ST, City: BURNABY, State/Region: BC, Postal Code: V5J 1E6, Country: CA	And Actual:Error: The address was found but the street number in the input address was not between the low and high range of the post office database. expected [true] but found [false],
	Orders Expected:Line 1: 5412 IMPERIAL ST, City: BURNABY, State/Region: BC, Postal Code: V5J 1E6, Country: CA	And Actual:Error: The address was found but the street number in the input address was not between the low and high range of the post office database. expected [true] but found [false],
	Orders Expected:Line 1: 5412 IMPERIAL ST, City: BURNABY, State/Region: BC, Postal Code: V5J 1E6, Country: CA	And Actual:Error: The address was found but the street number in the input address was not between the low and high range of the post office database. expected [true] but found [false]
	at TestCases.FunctionalAndRegression.ThirdPartyAddressValidation.addressValidation(ThirdPartyAddressValidation.java:136)
	at TestCases.FunctionalAndRegression.ThirdPartyAddressValidation.TestCase163_CANAddressValidated(ThirdPartyAddressValidation.java:52)
	at java.util.ArrayList.forEach(ArrayList.java:1257)
... Removed 29 stack frames</pre></div><a href='#' onClick='toggleBox("stack-trace1506856374", this, "Click to show all stack frames", "Click to hide stack frames")'>Click to show all stack frames</a>
<div class='stack-trace' id='stack-trace1506856374'><pre>java.lang.AssertionError: The following asserts failed:
	ACcs Expected:Line 1: 5412 IMPERIAL ST, City: BURNABY, State/Region: BC, Postal Code: V5J 1E6, Country: CA	And Actual:Error: The address was found but the street number in the input address was not between the low and high range of the post office database. expected [true] but found [false],
	ACcs Expected:Line 1: 5412 IMPERIAL ST, City: BURNABY, State/Region: BC, Postal Code: V5J 1E6, Country: CA	And Actual:Error: The address was found but the street number in the input address was not between the low and high range of the post office database. expected [true] but found [false],
	newQuote Expected:Line 1: 5412 IMPERIAL ST, City: BURNABY, State/Region: BC, Postal Code: V5J 1E6, Country: CA	And Actual:Error: The address was found but the street number in the input address was not between the low and high range of the post office database. expected [true] but found [false],
	newQuote Expected:Line 1: 5412 IMPERIAL ST, City: BURNABY, State/Region: BC, Postal Code: V5J 1E6, Country: CA	And Actual:Error: The address was found but the street number in the input address was not between the low and high range of the post office database. expected [true] but found [false],
	Orders Expected:Line 1: 5412 IMPERIAL ST, City: BURNABY, State/Region: BC, Postal Code: V5J 1E6, Country: CA	And Actual:Error: The address was found but the street number in the input address was not between the low and high range of the post office database. expected [true] but found [false],
	Orders Expected:Line 1: 5412 IMPERIAL ST, City: BURNABY, State/Region: BC, Postal Code: V5J 1E6, Country: CA	And Actual:Error: The address was found but the street number in the input address was not between the low and high range of the post office database. expected [true] but found [false]
	at org.testng.asserts.SoftAssert.assertAll(SoftAssert.java:47)
	at org.testng.asserts.SoftAssert.assertAll(SoftAssert.java:31)
	at TestCases.FunctionalAndRegression.ThirdPartyAddressValidation.addressValidation(ThirdPartyAddressValidation.java:136)
	at TestCases.FunctionalAndRegression.ThirdPartyAddressValidation.TestCase163_CANAddressValidated(ThirdPartyAddressValidation.java:52)
	at sun.reflect.NativeMethodAccessorImpl.invoke0(Native Method)
	at sun.reflect.NativeMethodAccessorImpl.invoke(NativeMethodAccessorImpl.java:62)
	at sun.reflect.DelegatingMethodAccessorImpl.invoke(DelegatingMethodAccessorImpl.java:43)
	at java.lang.reflect.Method.invoke(Method.java:498)
	at org.testng.internal.MethodInvocationHelper.invokeMethod(MethodInvocationHelper.java:132)
	at org.testng.internal.TestInvoker.invokeMethod(TestInvoker.java:599)
	at org.testng.internal.TestInvoker.invokeTestMethod(TestInvoker.java:174)
	at org.testng.internal.MethodRunner.runInSequence(MethodRunner.java:46)
	at org.testng.internal.TestInvoker$MethodInvocationAgent.invoke(TestInvoker.java:822)
	at org.testng.internal.TestInvoker.invokeTestMethods(TestInvoker.java:147)
	at org.testng.internal.TestMethodWorker.invokeTestMethods(TestMethodWorker.java:146)
	at org.testng.internal.TestMethodWorker.run(TestMethodWorker.java:128)
	at java.util.ArrayList.forEach(ArrayList.java:1257)
	at org.testng.TestRunner.privateRun(TestRunner.java:764)
	at org.testng.TestRunner.run(TestRunner.java:585)
	at org.testng.SuiteRunner.runTest(SuiteRunner.java:384)
	at org.testng.SuiteRunner.runSequentially(SuiteRunner.java:378)
	at org.testng.SuiteRunner.privateRun(SuiteRunner.java:337)
	at org.testng.SuiteRunner.run(SuiteRunner.java:286)
	at org.testng.SuiteRunnerWorker.runSuite(SuiteRunnerWorker.java:53)
	at org.testng.SuiteRunnerWorker.run(SuiteRunnerWorker.java:96)
	at org.testng.TestNG.runSuitesSequentially(TestNG.java:1218)
	at org.testng.TestNG.runSuitesLocally(TestNG.java:1140)
	at org.testng.TestNG.runSuites(TestNG.java:1069)
	at org.testng.TestNG.run(TestNG.java:1037)
	at org.testng.remote.AbstractRemoteTestNG.run(AbstractRemoteTestNG.java:115)
	at org.testng.remote.RemoteTestNG.initAndRun(RemoteTestNG.java:251)
	at org.testng.remote.RemoteTestNG.main(RemoteTestNG.java:77)
</pre></div></td>
<td>240</td>
<td>TestCases.FunctionalAndRegression.ThirdPartyAddressValidation@6c49835d</td></tr>
</table><p>
<table width='100%' border='1' class='invocation-passed'>
<tr><td colspan='4' align='center'><b>PASSED TESTS</b></td></tr>
<tr><td><b>Test method</b></td>
<td width="30%"><b>Exception</b></td>
<td width="10%"><b>Time (seconds)</b></td>
<td><b>Instance</b></td>
</tr>
<tr>
<td title='TestCases.FunctionalAndRegression.ThirdPartyAddressValidation.TestCase162_USAddressValidated()'><b>TestCase162_USAddressValidated</b><br>Test class: TestCases.FunctionalAndRegression.ThirdPartyAddressValidation<br>Test method: US address validated</td>
<td></td>
<td>193</td>
<td>TestCases.FunctionalAndRegression.ThirdPartyAddressValidation@6c49835d</td></tr>
<tr>
<td title='TestCases.FunctionalAndRegression.ThirdPartyAddressValidation.TestCase164_MilitaryAddressValidated()'><b>TestCase164_MilitaryAddressValidated</b><br>Test class: TestCases.FunctionalAndRegression.ThirdPartyAddressValidation<br>Test method: Military address validated</td>
<td></td>
<td>173</td>
<td>TestCases.FunctionalAndRegression.ThirdPartyAddressValidation@6c49835d</td></tr>
<tr>
<td title='TestCases.FunctionalAndRegression.ThirdPartyAddressValidation.TestCase165_NonUS_NonCANAddress()'><b>TestCase165_NonUS_NonCANAddress</b><br>Test class: TestCases.FunctionalAndRegression.ThirdPartyAddressValidation<br>Test method: Non-US, Non-CAN address</td>
<td></td>
<td>233</td>
<td>TestCases.FunctionalAndRegression.ThirdPartyAddressValidation@6c49835d</td></tr>
</table><p>
</body>
</html>