<?xml version="1.0" encoding="UTF-8"?>
<!-- Generated by org.testng.reporters.JUnitReportReporter -->
<testsuite skipped="0" hostname="AV-H8MY0V3" name="TestCases.FunctionalAndRegression.ThirdPartyTaxCalculation" tests="13" failures="1" timestamp="2024-02-23T16:01:13 IST" time="2711.939" errors="0">
  <testcase name="TestCase150_TestRatesCO1" time="196.635" classname="TestCases.FunctionalAndRegression.ThirdPartyTaxCalculation"/>
  <system-out/>
  <testcase name="TestCase151_TestRatesWA2" time="179.870" classname="TestCases.FunctionalAndRegression.ThirdPartyTaxCalculation"/>
  <system-out/>
  <testcase name="TestCase152_TypeRule4" time="180.779" classname="TestCases.FunctionalAndRegression.ThirdPartyTaxCalculation"/>
  <system-out/>
  <testcase name="TestCase153_TestRatesCA3_TaxCalculationWithMulti_Line" time="243.269" classname="TestCases.FunctionalAndRegression.ThirdPartyTaxCalculation">
    <failure type="java.lang.AssertionError" message="The following asserts failed:
	Opportunities Expected:205.00And Actual:307.50 expected [true] but found [false],
	Quotes Expected:410.00And Actual:615.00 expected [true] but found [false],
	Orders Expected:205.00And Actual:307.50 expected [true] but found [false]">
      <![CDATA[java.lang.AssertionError: The following asserts failed:
Opportunities Expected:205.00And Actual:307.50 expected [true] but found [false],
Quotes Expected:410.00And Actual:615.00 expected [true] but found [false],
Orders Expected:205.00And Actual:307.50 expected [true] but found [false]
at org.testng.asserts.SoftAssert.assertAll(SoftAssert.java:47)
at org.testng.asserts.SoftAssert.assertAll(SoftAssert.java:31)
at TestCases.FunctionalAndRegression.ThirdPartyTaxCalculation.taxCalcValidationWithMultiLine(ThirdPartyTaxCalculation.java:262)
at TestCases.FunctionalAndRegression.ThirdPartyTaxCalculation.TestCase153_TestRatesCA3_TaxCalculationWithMulti_Line(ThirdPartyTaxCalculation.java:72)
at sun.reflect.NativeMethodAccessorImpl.invoke0(Native Method)
at sun.reflect.NativeMethodAccessorImpl.invoke(NativeMethodAccessorImpl.java:62)
at sun.reflect.DelegatingMethodAccessorImpl.invoke(DelegatingMethodAccessorImpl.java:43)
at java.lang.reflect.Method.invoke(Method.java:498)
at org.testng.internal.MethodInvocationHelper.invokeMethod(MethodInvocationHelper.java:132)
at org.testng.internal.TestInvoker.invokeMethod(TestInvoker.java:599)
at org.testng.internal.TestInvoker.invokeTestMethod(TestInvoker.java:174)
at org.testng.internal.MethodRunner.runInSequence(MethodRunner.java:46)
at org.testng.internal.TestInvoker$MethodInvocationAgent.invoke(TestInvoker.java:822)
at org.testng.internal.TestInvoker.invokeTestMethods(TestInvoker.java:147)
at org.testng.internal.TestMethodWorker.invokeTestMethods(TestMethodWorker.java:146)
at org.testng.internal.TestMethodWorker.run(TestMethodWorker.java:128)
at java.util.ArrayList.forEach(ArrayList.java:1259)
at org.testng.TestRunner.privateRun(TestRunner.java:764)
at org.testng.TestRunner.run(TestRunner.java:585)
at org.testng.SuiteRunner.runTest(SuiteRunner.java:384)
at org.testng.SuiteRunner.runSequentially(SuiteRunner.java:378)
at org.testng.SuiteRunner.privateRun(SuiteRunner.java:337)
at org.testng.SuiteRunner.run(SuiteRunner.java:286)
at org.testng.SuiteRunnerWorker.runSuite(SuiteRunnerWorker.java:53)
at org.testng.SuiteRunnerWorker.run(SuiteRunnerWorker.java:96)
at org.testng.TestNG.runSuitesSequentially(TestNG.java:1218)
at org.testng.TestNG.runSuitesLocally(TestNG.java:1140)
at org.testng.TestNG.runSuites(TestNG.java:1069)
at org.testng.TestNG.run(TestNG.java:1037)
at com.intellij.rt.testng.IDEARemoteTestNG.run(IDEARemoteTestNG.java:66)
at com.intellij.rt.testng.RemoteTestNGStarter.main(RemoteTestNGStarter.java:105)
]]>
    </failure>
  </testcase> <!-- TestCase153_TestRatesCA3_TaxCalculationWithMulti_Line -->
  <system-out/>
  <testcase name="TestCase154_Sourcing10" time="174.118" classname="TestCases.FunctionalAndRegression.ThirdPartyTaxCalculation"/>
  <system-out/>
  <testcase name="TestCase155_Sourcing10" time="174.142" classname="TestCases.FunctionalAndRegression.ThirdPartyTaxCalculation"/>
  <system-out/>
  <testcase name="TestCase156_TestRatesCO1" time="174.634" classname="TestCases.FunctionalAndRegression.ThirdPartyTaxCalculation"/>
  <system-out/>
  <testcase name="TestCase157_TestRatesCO1" time="177.882" classname="TestCases.FunctionalAndRegression.ThirdPartyTaxCalculation"/>
  <system-out/>
  <testcase name="TestCase158_TestRatesCO1" time="176.061" classname="TestCases.FunctionalAndRegression.ThirdPartyTaxCalculation"/>
  <system-out/>
  <testcase name="TestCase159_Error_generated_case" time="238.851" classname="TestCases.FunctionalAndRegression.ThirdPartyTaxCalculation"/>
  <system-out/>
  <testcase name="TestCase160_Tiered_Case" time="265.816" classname="TestCases.FunctionalAndRegression.ThirdPartyTaxCalculation"/>
  <system-out/>
  <testcase name="TestCase161_CapsCase" time="264.570" classname="TestCases.FunctionalAndRegression.ThirdPartyTaxCalculation"/>
  <system-out/>
  <testcase name="TestCase162_TaxCalcwithExemption" time="265.312" classname="TestCases.FunctionalAndRegression.ThirdPartyTaxCalculation"/>
  <system-out/>
</testsuite> <!-- TestCases.FunctionalAndRegression.ThirdPartyTaxCalculation -->
