<?xml version="1.0" encoding="UTF-8"?>
<!-- Generated by org.testng.reporters.JUnitReportReporter -->
<testsuite hostname="AV-7NV8BC3" failures="0" tests="32" name="TestCases.Regression.AddressValidation" time="3289.406" errors="3" timestamp="2022-06-03T14:52:49 IST" skipped="0">
  <testcase classname="TestCases.Regression.AddressValidation" name="testCaseC1586474_C1586476_Addressvalidation_ValidShippingAddress_MyTestProjecteXAMPLEConfiguration" time="96.361"/>
  <system-out/>
  <testcase classname="TestCases.Regression.AddressValidation" name="TestCaseC1586477_AddressValidation_WithInvalidShippingAddress_MyTestProjecteXAMPLEConfiguration" time="50.565"/>
  <system-out/>
  <testcase classname="TestCases.Regression.AddressValidation" name="testCaseC1586475_AddressValidation_WithDisableAddressSettings_MyTestProjecteXAMPLEConfiguration" time="48.275"/>
  <system-out/>
  <testcase classname="TestCases.Regression.AddressValidation" name="TestCaseC1586478_AddressValidation_WithBlankShipFromAddress_MyTestProjecteXAMPLEConfiguration" time="51.596"/>
  <system-out/>
  <testcase classname="TestCases.Regression.AddressValidation" name="TestCase62_AddressValidation_ValidAddress_ACcs" time="138.921"/>
  <system-out/>
  <testcase classname="TestCases.Regression.AddressValidation" name="TestCase63_AddressValidation_ValidAddress_Quotes" time="70.963"/>
  <system-out/>
  <testcase classname="TestCases.Regression.AddressValidation" name="TestCase64_AddressValidation_ValidAddress_Orders" time="88.255"/>
  <system-out/>
  <testcase classname="TestCases.Regression.AddressValidation" name="TestCase67_AddressValidation_WithDisableAddressSettings_ACcs" time="144.489"/>
  <system-out/>
  <testcase classname="TestCases.Regression.AddressValidation" name="TestCase68_AddressValidation_WithDisableAddressSettings_Quotes" time="107.564"/>
  <system-out/>
  <testcase classname="TestCases.Regression.AddressValidation" name="TestCase69_AddressValidation_WithDisableAddressSettings_Orders" time="98.925"/>
  <system-out/>
  <testcase classname="TestCases.Regression.AddressValidation" name="TestCase72_AddressValidation_WithInvalidAddress_ACcs" time="117.425"/>
  <system-out/>
  <testcase classname="TestCases.Regression.AddressValidation" name="TestCase73_AddressValidation_WithInvalidAddress_Quotes" time="103.595"/>
  <system-out/>
  <testcase classname="TestCases.Regression.AddressValidation" name="TestCase74_AddressValidation_WithInvalidAddress_Orders" time="87.901"/>
  <system-out/>
  <testcase classname="TestCases.Regression.AddressValidation" name="TestCase77_AddressValidation_BlankAddress_ACcs" time="118.021"/>
  <system-out/>
  <testcase classname="TestCases.Regression.AddressValidation" name="TestCase78_AddressValidation_BlankAddress_Quotes" time="91.037"/>
  <system-out/>
  <testcase classname="TestCases.Regression.AddressValidation" name="TestCase79_AddressValidation_BlankAddress_Orders" time="87.087"/>
  <system-out/>
  <testcase classname="TestCases.Regression.AddressValidation" name="testCaseC1846943_originAddressValidationWithDisableAddressValSetting_Opportunity" time="93.583"/>
  <system-out/>
  <testcase classname="TestCases.Regression.AddressValidation" name="testCaseC1846945_originAddressValidationDontUpdateValidatedAddress_Opportunity" time="81.344"/>
  <system-out/>
  <testcase classname="TestCases.Regression.AddressValidation" name="testCaseC1846947_originAddressValidationUpdateValidatedAddress_Opportunity" time="80.826"/>
  <system-out/>
  <testcase classname="TestCases.Regression.AddressValidation" name="testCaseC1846949_originAddressValidationWithIncorrectAddress_Quotes" time="79.886"/>
  <system-out/>
  <testcase classname="TestCases.Regression.AddressValidation" name="testCaseC1846942_originAddressValidationWithDisableAddressValSetting_Quotes" time="106.672"/>
  <system-out/>
  <testcase classname="TestCases.Regression.AddressValidation" name="testCaseC1846944_originAddressValidationDontUpdateValidatedAddress_Quotes" time="90.357"/>
  <system-out/>
  <testcase classname="TestCases.Regression.AddressValidation" name="testCaseC1846946_originAddressValidationUpdateValidatedAddress_Quotes" time="92.062"/>
  <system-out/>
  <testcase classname="TestCases.Regression.AddressValidation" name="testCaseC1846948_originAddressValidationWithIncorrectAddress_Quotes" time="95.539"/>
  <system-out/>
  <testcase classname="TestCases.Regression.AddressValidation" name="testCaseC1846936_originAddressValidationWithDisableAddressValSetting_Order" time="111.343"/>
  <system-out/>
  <testcase classname="TestCases.Regression.AddressValidation" name="testCaseC1846937_originAddressValidationDontUpdateValidatedAddress_Order" time="92.528"/>
  <system-out/>
  <testcase classname="TestCases.Regression.AddressValidation" name="testCaseC1846938_originAddressValidationUpdateValidatedAddress_Order" time="101.152"/>
  <system-out/>
  <testcase classname="TestCases.Regression.AddressValidation" name="testCaseC1846939_originAddressValidationWithIncorrectAddress_Order" time="104.439"/>
  <system-out/>
  <testcase classname="TestCases.Regression.AddressValidation" name="testCaseC1846940_originAddressValidationWithBlankAddress_Order" time="106.861"/>
  <system-out/>
  <testcase classname="TestCases.Regression.AddressValidation" name="testCaseC1847038_LineLevelAddressVal_DontUpdateValidatedAddress_Opportunity" time="181.801">
    <error message="Expected condition failed: waiting for element to be clickable: By.xpath: //label[text()=&#039;Shipping Street&#039;]/ancestor::td[1]/following-sibling::td[1]/input (tried for 60 second(s) with 500 milliseconds interval)" type="org.openqa.selenium.TimeoutException">
      <![CDATA[org.openqa.selenium.TimeoutException: Expected condition failed: waiting for element to be clickable: By.xpath: //label[text()='Shipping Street']/ancestor::td[1]/following-sibling::td[1]/input (tried for 60 second(s) with 500 milliseconds interval)
at org.openqa.selenium.support.ui.WebDriverWait.timeoutException(WebDriverWait.java:95)
at org.openqa.selenium.support.ui.FluentWait.until(FluentWait.java:272)
at GenericFunctionLibrary.genericFunctions.expectelementToBeClickable(genericFunctions.java:202)
at FunctionalLibrary.functionLibrary.enterLineLevelAddressValidation(functionLibrary.java:1552)
at TestCases.Regression.AddressValidation.testCaseC1847038_LineLevelAddressVal_DontUpdateValidatedAddress_Opportunity(AddressValidation.java:942)
at java.base/jdk.internal.reflect.NativeMethodAccessorImpl.invoke0(Native Method)
at java.base/jdk.internal.reflect.NativeMethodAccessorImpl.invoke(NativeMethodAccessorImpl.java:77)
at java.base/jdk.internal.reflect.DelegatingMethodAccessorImpl.invoke(DelegatingMethodAccessorImpl.java:43)
at java.base/java.lang.reflect.Method.invoke(Method.java:568)
at org.testng.internal.MethodInvocationHelper.invokeMethod(MethodInvocationHelper.java:132)
at org.testng.internal.TestInvoker.invokeMethod(TestInvoker.java:599)
at org.testng.internal.TestInvoker.invokeTestMethod(TestInvoker.java:174)
at org.testng.internal.MethodRunner.runInSequence(MethodRunner.java:46)
at org.testng.internal.TestInvoker$MethodInvocationAgent.invoke(TestInvoker.java:822)
at org.testng.internal.TestInvoker.invokeTestMethods(TestInvoker.java:147)
at org.testng.internal.TestMethodWorker.invokeTestMethods(TestMethodWorker.java:146)
at org.testng.internal.TestMethodWorker.run(TestMethodWorker.java:128)
at java.base/java.util.ArrayList.forEach(ArrayList.java:1511)
at org.testng.TestRunner.privateRun(TestRunner.java:764)
at org.testng.TestRunner.run(TestRunner.java:585)
at org.testng.SuiteRunner.runTest(SuiteRunner.java:384)
at org.testng.SuiteRunner.runSequentially(SuiteRunner.java:378)
at org.testng.SuiteRunner.privateRun(SuiteRunner.java:337)
at org.testng.SuiteRunner.run(SuiteRunner.java:286)
at org.testng.SuiteRunnerWorker.runSuite(SuiteRunnerWorker.java:53)
at org.testng.SuiteRunnerWorker.run(SuiteRunnerWorker.java:96)
at org.testng.TestNG.runSuitesSequentially(TestNG.java:1218)
at org.testng.TestNG.runSuitesLocally(TestNG.java:1140)
at org.testng.TestNG.runSuites(TestNG.java:1069)
at org.testng.TestNG.run(TestNG.java:1037)
at org.testng.remote.AbstractRemoteTestNG.run(AbstractRemoteTestNG.java:115)
at org.testng.remote.RemoteTestNG.initAndRun(RemoteTestNG.java:251)
at org.testng.remote.RemoteTestNG.main(RemoteTestNG.java:77)
Caused by: org.openqa.selenium.NoSuchElementException: no such element: Unable to locate element: {"method":"xpath","selector":"//label[text()='Shipping Street']/ancestor::td[1]/following-sibling::td[1]/input"}
  (Session info: chrome=102.0.5005.63)
For documentation on this error, please visit: https://www.seleniumhq.org/exceptions/no_such_element.html
Build info: version: '3.141.59', revision: 'e82be7d358', time: '2018-11-14T08:17:03'
System info: host: 'AV-7NV8BC3', ip: '192.168.1.100', os.name: 'Windows 10', os.arch: 'amd64', os.version: '10.0', java.version: '17.0.2'
Driver info: org.openqa.selenium.chrome.ChromeDriver
Capabilities {acceptInsecureCerts: false, browserName: chrome, browserVersion: 102.0.5005.63, chrome: {chromedriverVersion: 101.0.4951.41 (93c720db8323..., userDataDir: C:\Users\NEHA~1.PAN\AppData...}, goog:chromeOptions: {debuggerAddress: localhost:52214}, javascriptEnabled: true, networkConnectionEnabled: false, pageLoadStrategy: normal, platform: WINDOWS, platformName: WINDOWS, proxy: Proxy(), setWindowRect: true, strictFileInteractability: false, timeouts: {implicit: 0, pageLoad: 300000, script: 30000}, unhandledPromptBehavior: dismiss and notify, webauthn:extension:credBlob: true, webauthn:extension:largeBlob: true, webauthn:virtualAuthenticators: true}
Session ID: fca78633bd9e6b1729df932b379ad980
*** Element info: {Using=xpath, value=//label[text()='Shipping Street']/ancestor::td[1]/following-sibling::td[1]/input}
at java.base/jdk.internal.reflect.NativeConstructorAccessorImpl.newInstance0(Native Method)
at java.base/jdk.internal.reflect.NativeConstructorAccessorImpl.newInstance(NativeConstructorAccessorImpl.java:77)
at java.base/jdk.internal.reflect.DelegatingConstructorAccessorImpl.newInstance(DelegatingConstructorAccessorImpl.java:45)
at java.base/java.lang.reflect.Constructor.newInstanceWithCaller(Constructor.java:499)
at java.base/java.lang.reflect.Constructor.newInstance(Constructor.java:480)
at org.openqa.selenium.remote.http.W3CHttpResponseCodec.createException(W3CHttpResponseCodec.java:187)
at org.openqa.selenium.remote.http.W3CHttpResponseCodec.decode(W3CHttpResponseCodec.java:122)
at org.openqa.selenium.remote.http.W3CHttpResponseCodec.decode(W3CHttpResponseCodec.java:49)
at org.openqa.selenium.remote.HttpCommandExecutor.execute(HttpCommandExecutor.java:158)
at org.openqa.selenium.remote.service.DriverCommandExecutor.execute(DriverCommandExecutor.java:83)
at org.openqa.selenium.remote.RemoteWebDriver.execute(RemoteWebDriver.java:552)
at org.openqa.selenium.remote.RemoteWebDriver.findElement(RemoteWebDriver.java:323)
at org.openqa.selenium.remote.RemoteWebDriver.findElementByXPath(RemoteWebDriver.java:428)
at org.openqa.selenium.By$ByXPath.findElement(By.java:353)
at org.openqa.selenium.remote.RemoteWebDriver.findElement(RemoteWebDriver.java:315)
at org.openqa.selenium.support.ui.ExpectedConditions$7.apply(ExpectedConditions.java:205)
at org.openqa.selenium.support.ui.ExpectedConditions$7.apply(ExpectedConditions.java:201)
at org.openqa.selenium.support.ui.ExpectedConditions$22.apply(ExpectedConditions.java:641)
at org.openqa.selenium.support.ui.ExpectedConditions$22.apply(ExpectedConditions.java:638)
at org.openqa.selenium.support.ui.FluentWait.until(FluentWait.java:249)
... 31 more
]]>
    </error>
  </testcase> <!-- testCaseC1847038_LineLevelAddressVal_DontUpdateValidatedAddress_Opportunity -->
  <system-out/>
  <testcase classname="TestCases.Regression.AddressValidation" name="testCaseC1847050_LineLevelAddressVal_DontUpdateValidatedAddress_Quotes" time="182.528">
    <error message="Expected condition failed: waiting for element to be clickable: By.xpath: //label[text()=&#039;Ship To Street&#039;]/ancestor::td[1]/following-sibling::td[1]/input (tried for 60 second(s) with 500 milliseconds interval)" type="org.openqa.selenium.TimeoutException">
      <![CDATA[org.openqa.selenium.TimeoutException: Expected condition failed: waiting for element to be clickable: By.xpath: //label[text()='Ship To Street']/ancestor::td[1]/following-sibling::td[1]/input (tried for 60 second(s) with 500 milliseconds interval)
at org.openqa.selenium.support.ui.WebDriverWait.timeoutException(WebDriverWait.java:95)
at org.openqa.selenium.support.ui.FluentWait.until(FluentWait.java:272)
at GenericFunctionLibrary.genericFunctions.expectelementToBeClickable(genericFunctions.java:202)
at FunctionalLibrary.functionLibrary.enterLineLevelAddressValidation(functionLibrary.java:1544)
at TestCases.Regression.AddressValidation.testCaseC1847050_LineLevelAddressVal_DontUpdateValidatedAddress_Quotes(AddressValidation.java:970)
at java.base/jdk.internal.reflect.NativeMethodAccessorImpl.invoke0(Native Method)
at java.base/jdk.internal.reflect.NativeMethodAccessorImpl.invoke(NativeMethodAccessorImpl.java:77)
at java.base/jdk.internal.reflect.DelegatingMethodAccessorImpl.invoke(DelegatingMethodAccessorImpl.java:43)
at java.base/java.lang.reflect.Method.invoke(Method.java:568)
at org.testng.internal.MethodInvocationHelper.invokeMethod(MethodInvocationHelper.java:132)
at org.testng.internal.TestInvoker.invokeMethod(TestInvoker.java:599)
at org.testng.internal.TestInvoker.invokeTestMethod(TestInvoker.java:174)
at org.testng.internal.MethodRunner.runInSequence(MethodRunner.java:46)
at org.testng.internal.TestInvoker$MethodInvocationAgent.invoke(TestInvoker.java:822)
at org.testng.internal.TestInvoker.invokeTestMethods(TestInvoker.java:147)
at org.testng.internal.TestMethodWorker.invokeTestMethods(TestMethodWorker.java:146)
at org.testng.internal.TestMethodWorker.run(TestMethodWorker.java:128)
at java.base/java.util.ArrayList.forEach(ArrayList.java:1511)
at org.testng.TestRunner.privateRun(TestRunner.java:764)
at org.testng.TestRunner.run(TestRunner.java:585)
at org.testng.SuiteRunner.runTest(SuiteRunner.java:384)
at org.testng.SuiteRunner.runSequentially(SuiteRunner.java:378)
at org.testng.SuiteRunner.privateRun(SuiteRunner.java:337)
at org.testng.SuiteRunner.run(SuiteRunner.java:286)
at org.testng.SuiteRunnerWorker.runSuite(SuiteRunnerWorker.java:53)
at org.testng.SuiteRunnerWorker.run(SuiteRunnerWorker.java:96)
at org.testng.TestNG.runSuitesSequentially(TestNG.java:1218)
at org.testng.TestNG.runSuitesLocally(TestNG.java:1140)
at org.testng.TestNG.runSuites(TestNG.java:1069)
at org.testng.TestNG.run(TestNG.java:1037)
at org.testng.remote.AbstractRemoteTestNG.run(AbstractRemoteTestNG.java:115)
at org.testng.remote.RemoteTestNG.initAndRun(RemoteTestNG.java:251)
at org.testng.remote.RemoteTestNG.main(RemoteTestNG.java:77)
Caused by: org.openqa.selenium.NoSuchElementException: no such element: Unable to locate element: {"method":"xpath","selector":"//label[text()='Ship To Street']/ancestor::td[1]/following-sibling::td[1]/input"}
  (Session info: chrome=102.0.5005.63)
For documentation on this error, please visit: https://www.seleniumhq.org/exceptions/no_such_element.html
Build info: version: '3.141.59', revision: 'e82be7d358', time: '2018-11-14T08:17:03'
System info: host: 'AV-7NV8BC3', ip: '192.168.1.100', os.name: 'Windows 10', os.arch: 'amd64', os.version: '10.0', java.version: '17.0.2'
Driver info: org.openqa.selenium.chrome.ChromeDriver
Capabilities {acceptInsecureCerts: false, browserName: chrome, browserVersion: 102.0.5005.63, chrome: {chromedriverVersion: 101.0.4951.41 (93c720db8323..., userDataDir: C:\Users\NEHA~1.PAN\AppData...}, goog:chromeOptions: {debuggerAddress: localhost:52214}, javascriptEnabled: true, networkConnectionEnabled: false, pageLoadStrategy: normal, platform: WINDOWS, platformName: WINDOWS, proxy: Proxy(), setWindowRect: true, strictFileInteractability: false, timeouts: {implicit: 0, pageLoad: 300000, script: 30000}, unhandledPromptBehavior: dismiss and notify, webauthn:extension:credBlob: true, webauthn:extension:largeBlob: true, webauthn:virtualAuthenticators: true}
Session ID: fca78633bd9e6b1729df932b379ad980
*** Element info: {Using=xpath, value=//label[text()='Ship To Street']/ancestor::td[1]/following-sibling::td[1]/input}
at java.base/jdk.internal.reflect.NativeConstructorAccessorImpl.newInstance0(Native Method)
at java.base/jdk.internal.reflect.NativeConstructorAccessorImpl.newInstance(NativeConstructorAccessorImpl.java:77)
at java.base/jdk.internal.reflect.DelegatingConstructorAccessorImpl.newInstance(DelegatingConstructorAccessorImpl.java:45)
at java.base/java.lang.reflect.Constructor.newInstanceWithCaller(Constructor.java:499)
at java.base/java.lang.reflect.Constructor.newInstance(Constructor.java:480)
at org.openqa.selenium.remote.http.W3CHttpResponseCodec.createException(W3CHttpResponseCodec.java:187)
at org.openqa.selenium.remote.http.W3CHttpResponseCodec.decode(W3CHttpResponseCodec.java:122)
at org.openqa.selenium.remote.http.W3CHttpResponseCodec.decode(W3CHttpResponseCodec.java:49)
at org.openqa.selenium.remote.HttpCommandExecutor.execute(HttpCommandExecutor.java:158)
at org.openqa.selenium.remote.service.DriverCommandExecutor.execute(DriverCommandExecutor.java:83)
at org.openqa.selenium.remote.RemoteWebDriver.execute(RemoteWebDriver.java:552)
at org.openqa.selenium.remote.RemoteWebDriver.findElement(RemoteWebDriver.java:323)
at org.openqa.selenium.remote.RemoteWebDriver.findElementByXPath(RemoteWebDriver.java:428)
at org.openqa.selenium.By$ByXPath.findElement(By.java:353)
at org.openqa.selenium.remote.RemoteWebDriver.findElement(RemoteWebDriver.java:315)
at org.openqa.selenium.support.ui.ExpectedConditions$7.apply(ExpectedConditions.java:205)
at org.openqa.selenium.support.ui.ExpectedConditions$7.apply(ExpectedConditions.java:201)
at org.openqa.selenium.support.ui.ExpectedConditions$22.apply(ExpectedConditions.java:641)
at org.openqa.selenium.support.ui.ExpectedConditions$22.apply(ExpectedConditions.java:638)
at org.openqa.selenium.support.ui.FluentWait.until(FluentWait.java:249)
... 31 more
]]>
    </error>
  </testcase> <!-- testCaseC1847050_LineLevelAddressVal_DontUpdateValidatedAddress_Quotes -->
  <system-out/>
  <testcase classname="TestCases.Regression.AddressValidation" name="testCaseC1847056_LineLevelAddressVal_DontUpdateValidatedAddress_Order" time="187.505">
    <error message="Expected condition failed: waiting for element to be clickable: By.xpath: //label[text()=&#039;Shipping Street&#039;]/ancestor::td[1]/following-sibling::td[1]/input (tried for 60 second(s) with 500 milliseconds interval)" type="org.openqa.selenium.TimeoutException">
      <![CDATA[org.openqa.selenium.TimeoutException: Expected condition failed: waiting for element to be clickable: By.xpath: //label[text()='Shipping Street']/ancestor::td[1]/following-sibling::td[1]/input (tried for 60 second(s) with 500 milliseconds interval)
at org.openqa.selenium.support.ui.WebDriverWait.timeoutException(WebDriverWait.java:95)
at org.openqa.selenium.support.ui.FluentWait.until(FluentWait.java:272)
at GenericFunctionLibrary.genericFunctions.expectelementToBeClickable(genericFunctions.java:202)
at FunctionalLibrary.functionLibrary.enterLineLevelAddressValidation(functionLibrary.java:1552)
at TestCases.Regression.AddressValidation.testCaseC1847056_LineLevelAddressVal_DontUpdateValidatedAddress_Order(AddressValidation.java:995)
at java.base/jdk.internal.reflect.NativeMethodAccessorImpl.invoke0(Native Method)
at java.base/jdk.internal.reflect.NativeMethodAccessorImpl.invoke(NativeMethodAccessorImpl.java:77)
at java.base/jdk.internal.reflect.DelegatingMethodAccessorImpl.invoke(DelegatingMethodAccessorImpl.java:43)
at java.base/java.lang.reflect.Method.invoke(Method.java:568)
at org.testng.internal.MethodInvocationHelper.invokeMethod(MethodInvocationHelper.java:132)
at org.testng.internal.TestInvoker.invokeMethod(TestInvoker.java:599)
at org.testng.internal.TestInvoker.invokeTestMethod(TestInvoker.java:174)
at org.testng.internal.MethodRunner.runInSequence(MethodRunner.java:46)
at org.testng.internal.TestInvoker$MethodInvocationAgent.invoke(TestInvoker.java:822)
at org.testng.internal.TestInvoker.invokeTestMethods(TestInvoker.java:147)
at org.testng.internal.TestMethodWorker.invokeTestMethods(TestMethodWorker.java:146)
at org.testng.internal.TestMethodWorker.run(TestMethodWorker.java:128)
at java.base/java.util.ArrayList.forEach(ArrayList.java:1511)
at org.testng.TestRunner.privateRun(TestRunner.java:764)
at org.testng.TestRunner.run(TestRunner.java:585)
at org.testng.SuiteRunner.runTest(SuiteRunner.java:384)
at org.testng.SuiteRunner.runSequentially(SuiteRunner.java:378)
at org.testng.SuiteRunner.privateRun(SuiteRunner.java:337)
at org.testng.SuiteRunner.run(SuiteRunner.java:286)
at org.testng.SuiteRunnerWorker.runSuite(SuiteRunnerWorker.java:53)
at org.testng.SuiteRunnerWorker.run(SuiteRunnerWorker.java:96)
at org.testng.TestNG.runSuitesSequentially(TestNG.java:1218)
at org.testng.TestNG.runSuitesLocally(TestNG.java:1140)
at org.testng.TestNG.runSuites(TestNG.java:1069)
at org.testng.TestNG.run(TestNG.java:1037)
at org.testng.remote.AbstractRemoteTestNG.run(AbstractRemoteTestNG.java:115)
at org.testng.remote.RemoteTestNG.initAndRun(RemoteTestNG.java:251)
at org.testng.remote.RemoteTestNG.main(RemoteTestNG.java:77)
Caused by: org.openqa.selenium.NoSuchElementException: no such element: Unable to locate element: {"method":"xpath","selector":"//label[text()='Shipping Street']/ancestor::td[1]/following-sibling::td[1]/input"}
  (Session info: chrome=102.0.5005.63)
For documentation on this error, please visit: https://www.seleniumhq.org/exceptions/no_such_element.html
Build info: version: '3.141.59', revision: 'e82be7d358', time: '2018-11-14T08:17:03'
System info: host: 'AV-7NV8BC3', ip: '192.168.1.100', os.name: 'Windows 10', os.arch: 'amd64', os.version: '10.0', java.version: '17.0.2'
Driver info: org.openqa.selenium.chrome.ChromeDriver
Capabilities {acceptInsecureCerts: false, browserName: chrome, browserVersion: 102.0.5005.63, chrome: {chromedriverVersion: 101.0.4951.41 (93c720db8323..., userDataDir: C:\Users\NEHA~1.PAN\AppData...}, goog:chromeOptions: {debuggerAddress: localhost:52214}, javascriptEnabled: true, networkConnectionEnabled: false, pageLoadStrategy: normal, platform: WINDOWS, platformName: WINDOWS, proxy: Proxy(), setWindowRect: true, strictFileInteractability: false, timeouts: {implicit: 0, pageLoad: 300000, script: 30000}, unhandledPromptBehavior: dismiss and notify, webauthn:extension:credBlob: true, webauthn:extension:largeBlob: true, webauthn:virtualAuthenticators: true}
Session ID: fca78633bd9e6b1729df932b379ad980
*** Element info: {Using=xpath, value=//label[text()='Shipping Street']/ancestor::td[1]/following-sibling::td[1]/input}
at java.base/jdk.internal.reflect.NativeConstructorAccessorImpl.newInstance0(Native Method)
at java.base/jdk.internal.reflect.NativeConstructorAccessorImpl.newInstance(NativeConstructorAccessorImpl.java:77)
at java.base/jdk.internal.reflect.DelegatingConstructorAccessorImpl.newInstance(DelegatingConstructorAccessorImpl.java:45)
at java.base/java.lang.reflect.Constructor.newInstanceWithCaller(Constructor.java:499)
at java.base/java.lang.reflect.Constructor.newInstance(Constructor.java:480)
at org.openqa.selenium.remote.http.W3CHttpResponseCodec.createException(W3CHttpResponseCodec.java:187)
at org.openqa.selenium.remote.http.W3CHttpResponseCodec.decode(W3CHttpResponseCodec.java:122)
at org.openqa.selenium.remote.http.W3CHttpResponseCodec.decode(W3CHttpResponseCodec.java:49)
at org.openqa.selenium.remote.HttpCommandExecutor.execute(HttpCommandExecutor.java:158)
at org.openqa.selenium.remote.service.DriverCommandExecutor.execute(DriverCommandExecutor.java:83)
at org.openqa.selenium.remote.RemoteWebDriver.execute(RemoteWebDriver.java:552)
at org.openqa.selenium.remote.RemoteWebDriver.findElement(RemoteWebDriver.java:323)
at org.openqa.selenium.remote.RemoteWebDriver.findElementByXPath(RemoteWebDriver.java:428)
at org.openqa.selenium.By$ByXPath.findElement(By.java:353)
at org.openqa.selenium.remote.RemoteWebDriver.findElement(RemoteWebDriver.java:315)
at org.openqa.selenium.support.ui.ExpectedConditions$7.apply(ExpectedConditions.java:205)
at org.openqa.selenium.support.ui.ExpectedConditions$7.apply(ExpectedConditions.java:201)
at org.openqa.selenium.support.ui.ExpectedConditions$22.apply(ExpectedConditions.java:641)
at org.openqa.selenium.support.ui.ExpectedConditions$22.apply(ExpectedConditions.java:638)
at org.openqa.selenium.support.ui.FluentWait.until(FluentWait.java:249)
... 31 more
]]>
    </error>
  </testcase> <!-- testCaseC1847056_LineLevelAddressVal_DontUpdateValidatedAddress_Order -->
  <system-out/>
</testsuite> <!-- TestCases.Regression.AddressValidation -->
