<?xml version="1.0" encoding="UTF-8"?>
<!-- Generated by org.testng.reporters.JUnitReportReporter -->
<testsuite name="TestCases.Regression.CalculateTax_ByTrigger" tests="1" time="101.455" ignored="10" failures="1" timestamp="20 May 2019 12:37:00 GMT" skipped="0" hostname="Av-Pn-Neha" errors="0">
  <testcase name="AutomaticTaxCalculation_SalesOrder_Opportunities" time="101.455" classname="TestCases.Regression.CalculateTax_ByTrigger">
    <failure type="java.lang.AssertionError" message="Expected:TemporaryAnd Actual:Saved expected [true] but found [false]">
      <![CDATA[java.lang.AssertionError: Expected:TemporaryAnd Actual:Saved expected [true] but found [false]
	at org.testng.Assert.fail(Assert.java:94)
	at org.testng.Assert.failNotEquals(Assert.java:513)
	at org.testng.Assert.assertTrue(Assert.java:42)
	at TestCases.Regression.CalculateTax_ByTrigger.AutomaticTaxCalculation_SalesOrder_Opportunities(CalculateTax_ByTrigger.java:92)
	at sun.reflect.NativeMethodAccessorImpl.invoke0(Native Method)
	at sun.reflect.NativeMethodAccessorImpl.invoke(Unknown Source)
	at sun.reflect.DelegatingMethodAccessorImpl.invoke(Unknown Source)
	at java.lang.reflect.Method.invoke(Unknown Source)
	at org.testng.internal.MethodInvocationHelper.invokeMethod(MethodInvocationHelper.java:104)
	at org.testng.internal.Invoker.invokeMethod(Invoker.java:645)
	at org.testng.internal.Invoker.invokeTestMethod(Invoker.java:851)
	at org.testng.internal.Invoker.invokeTestMethods(Invoker.java:1177)
	at org.testng.internal.TestMethodWorker.invokeTestMethods(TestMethodWorker.java:129)
	at org.testng.internal.TestMethodWorker.run(TestMethodWorker.java:112)
	at org.testng.TestRunner.privateRun(TestRunner.java:756)
	at org.testng.TestRunner.run(TestRunner.java:610)
	at org.testng.SuiteRunner.runTest(SuiteRunner.java:387)
	at org.testng.SuiteRunner.runSequentially(SuiteRunner.java:382)
	at org.testng.SuiteRunner.privateRun(SuiteRunner.java:340)
	at org.testng.SuiteRunner.run(SuiteRunner.java:289)
	at org.testng.SuiteRunnerWorker.runSuite(SuiteRunnerWorker.java:52)
	at org.testng.SuiteRunnerWorker.run(SuiteRunnerWorker.java:86)
	at org.testng.TestNG.runSuitesSequentially(TestNG.java:1293)
	at org.testng.TestNG.runSuitesLocally(TestNG.java:1218)
	at org.testng.TestNG.runSuites(TestNG.java:1133)
	at org.testng.TestNG.run(TestNG.java:1104)
	at org.testng.remote.AbstractRemoteTestNG.run(AbstractRemoteTestNG.java:114)
	at org.testng.remote.RemoteTestNG.initAndRun(RemoteTestNG.java:251)
	at org.testng.remote.RemoteTestNG.main(RemoteTestNG.java:77)
]]>
    </failure>
  </testcase> <!-- AutomaticTaxCalculation_SalesOrder_Opportunities -->
  <testcase name="AutomaticTaxCalculation_OnInvalidAddress_Orders" classname="TestCases.Regression.CalculateTax_ByTrigger">
    <skipped/>
  </testcase> <!-- AutomaticTaxCalculation_OnInvalidAddress_Orders -->
  <testcase name="AutomaticTaxCalculation_Commit_Orders" classname="TestCases.Regression.CalculateTax_ByTrigger">
    <skipped/>
  </testcase> <!-- AutomaticTaxCalculation_Commit_Orders -->
  <testcase name="AutomaticTaxCalculation_DisableTaxCalcSettings_Quotes" classname="TestCases.Regression.CalculateTax_ByTrigger">
    <skipped/>
  </testcase> <!-- AutomaticTaxCalculation_DisableTaxCalcSettings_Quotes -->
  <testcase name="AutomaticTaxCalculation_OnInvalidAddress_Quotes" classname="TestCases.Regression.CalculateTax_ByTrigger">
    <skipped/>
  </testcase> <!-- AutomaticTaxCalculation_OnInvalidAddress_Quotes -->
  <testcase name="AutomaticTaxCalculation_Uncommit_Orders" classname="TestCases.Regression.CalculateTax_ByTrigger">
    <skipped/>
  </testcase> <!-- AutomaticTaxCalculation_Uncommit_Orders -->
  <testcase name="AutomaticTaxCalculation_SalesOrder_Orders" classname="TestCases.Regression.CalculateTax_ByTrigger">
    <skipped/>
  </testcase> <!-- AutomaticTaxCalculation_SalesOrder_Orders -->
  <testcase name="AutomaticTaxCalculation_SalesOrder_Quotes" classname="TestCases.Regression.CalculateTax_ByTrigger">
    <skipped/>
  </testcase> <!-- AutomaticTaxCalculation_SalesOrder_Quotes -->
  <testcase name="AutomaticTaxCalculation_DisableTaxCalcSettings_Opportunities" classname="TestCases.Regression.CalculateTax_ByTrigger">
    <skipped/>
  </testcase> <!-- AutomaticTaxCalculation_DisableTaxCalcSettings_Opportunities -->
  <testcase name="AutomaticTaxCalculation_DisableTaxCalcSettings_Orders" classname="TestCases.Regression.CalculateTax_ByTrigger">
    <skipped/>
  </testcase> <!-- AutomaticTaxCalculation_DisableTaxCalcSettings_Orders -->
  <testcase name="AutomaticTaxCalculation_OnInvalidAddress_Opportunities" classname="TestCases.Regression.CalculateTax_ByTrigger">
    <skipped/>
  </testcase> <!-- AutomaticTaxCalculation_OnInvalidAddress_Opportunities -->
</testsuite> <!-- TestCases.Regression.CalculateTax_ByTrigger -->
