<?xml version="1.0" encoding="UTF-8"?>
<!-- Generated by org.testng.reporters.JUnitReportReporter -->
<testsuite name="TestCases.Regression.SalesForce_CalculateTax_ByTrigger" tests="1" time="195.058" ignored="20" failures="0" timestamp="11 Dec 2018 07:44:58 GMT" skipped="0" hostname="Av-Pn-Neha" errors="1">
  <testcase name="SalesForce_CalculateTax_ByTrigger_ConditionNotmatch_Uncommit_Opportunities" time="195.058" classname="TestCases.Regression.SalesForce_CalculateTax_ByTrigger">
    <error type="org.openqa.selenium.TimeoutException" message="Expected condition failed: waiting for visibility of element located by By.xpath: //tr[3]/td[4]/div (tried for 60 second(s) with 500 MILLISECONDS interval)">
      <![CDATA[org.openqa.selenium.TimeoutException: Expected condition failed: waiting for visibility of element located by By.xpath: //tr[3]/td[4]/div (tried for 60 second(s) with 500 MILLISECONDS interval)
	at org.openqa.selenium.support.ui.WebDriverWait.timeoutException(WebDriverWait.java:82)
	at org.openqa.selenium.support.ui.FluentWait.until(FluentWait.java:231)
	at GenericFunctionLibrary.genericFunctions.expectvisibilityOfElementLocated(genericFunctions.java:829)
	at GenericFunctionLibrary.genericFunctions.getText(genericFunctions.java:788)
	at FunctionalLibrary.functionLibrary.fVerifyStatusAndTaxOnWindow(functionLibrary.java:931)
	at TestCases.Regression.SalesForce_CalculateTax_ByTrigger.SalesForce_CalculateTax_ByTrigger_ConditionNotmatch_Uncommit_Opportunities(SalesForce_CalculateTax_ByTrigger.java:737)
	at sun.reflect.NativeMethodAccessorImpl.invoke0(Native Method)
	at sun.reflect.NativeMethodAccessorImpl.invoke(Unknown Source)
	at sun.reflect.DelegatingMethodAccessorImpl.invoke(Unknown Source)
	at java.lang.reflect.Method.invoke(Unknown Source)
	at org.testng.internal.MethodInvocationHelper.invokeMethod(MethodInvocationHelper.java:104)
	at org.testng.internal.Invoker.invokeMethod(Invoker.java:645)
	at org.testng.internal.Invoker.invokeTestMethod(Invoker.java:851)
	at org.testng.internal.Invoker.invokeTestMethods(Invoker.java:1177)
	at org.testng.internal.TestMethodWorker.invokeTestMethods(TestMethodWorker.java:129)
	at org.testng.internal.TestMethodWorker.run(TestMethodWorker.java:112)
	at org.testng.TestRunner.privateRun(TestRunner.java:756)
	at org.testng.TestRunner.run(TestRunner.java:610)
	at org.testng.SuiteRunner.runTest(SuiteRunner.java:387)
	at org.testng.SuiteRunner.runSequentially(SuiteRunner.java:382)
	at org.testng.SuiteRunner.privateRun(SuiteRunner.java:340)
	at org.testng.SuiteRunner.run(SuiteRunner.java:289)
	at org.testng.SuiteRunnerWorker.runSuite(SuiteRunnerWorker.java:52)
	at org.testng.SuiteRunnerWorker.run(SuiteRunnerWorker.java:86)
	at org.testng.TestNG.runSuitesSequentially(TestNG.java:1293)
	at org.testng.TestNG.runSuitesLocally(TestNG.java:1218)
	at org.testng.TestNG.runSuites(TestNG.java:1133)
	at org.testng.TestNG.run(TestNG.java:1104)
	at org.testng.remote.AbstractRemoteTestNG.run(AbstractRemoteTestNG.java:114)
	at org.testng.remote.RemoteTestNG.initAndRun(RemoteTestNG.java:251)
	at org.testng.remote.RemoteTestNG.main(RemoteTestNG.java:77)
Caused by: org.openqa.selenium.NoSuchElementException: Cannot locate an element using By.xpath: //tr[3]/td[4]/div
For documentation on this error, please visit: http://seleniumhq.org/exceptions/no_such_element.html
Build info: version: '3.7.0', revision: '2321c73', time: '2017-11-02T22:22:35.584Z'
System info: host: 'AV-PN-NEHA', ip: '10.240.10.64', os.name: 'Windows 10', os.arch: 'amd64', os.version: '10.0', java.version: '1.8.0_144'
Driver info: driver.version: unknown
	at org.openqa.selenium.support.ui.ExpectedConditions.lambda$findElement$0(ExpectedConditions.java:882)
	at java.util.Optional.orElseThrow(Unknown Source)
	at org.openqa.selenium.support.ui.ExpectedConditions.findElement(ExpectedConditions.java:881)
	at org.openqa.selenium.support.ui.ExpectedConditions.access$000(ExpectedConditions.java:43)
	at org.openqa.selenium.support.ui.ExpectedConditions$7.apply(ExpectedConditions.java:205)
	at org.openqa.selenium.support.ui.ExpectedConditions$7.apply(ExpectedConditions.java:201)
	at org.openqa.selenium.support.ui.FluentWait.until(FluentWait.java:208)
	... 29 more
]]>
    </error>
  </testcase> <!-- SalesForce_CalculateTax_ByTrigger_ConditionNotmatch_Uncommit_Opportunities -->
  <testcase name="SalesForce_CalculateTax_ByTrigger_Inactive_Uncommit_Opportunities" classname="TestCases.Regression.SalesForce_CalculateTax_ByTrigger">
    <skipped/>
  </testcase> <!-- SalesForce_CalculateTax_ByTrigger_Inactive_Uncommit_Opportunities -->
  <testcase name="SalesForce_CalculateTax_OnInvalidAddress_ByTrigger_Orders" classname="TestCases.Regression.SalesForce_CalculateTax_ByTrigger">
    <skipped/>
  </testcase> <!-- SalesForce_CalculateTax_OnInvalidAddress_ByTrigger_Orders -->
  <testcase name="SalesForce_CalculateTax_OnInvalidAddress_ByTrigger_Opportunities" classname="TestCases.Regression.SalesForce_CalculateTax_ByTrigger">
    <skipped/>
  </testcase> <!-- SalesForce_CalculateTax_OnInvalidAddress_ByTrigger_Opportunities -->
  <testcase name="SalesForce_CalculateTax_ByTrigger_Commit_Opportunities" classname="TestCases.Regression.SalesForce_CalculateTax_ByTrigger">
    <skipped/>
  </testcase> <!-- SalesForce_CalculateTax_ByTrigger_Commit_Opportunities -->
  <testcase name="SalesForce_CalculateTax_ByTrigger_ConditionNotmatch_Uncommit__Orders" classname="TestCases.Regression.SalesForce_CalculateTax_ByTrigger">
    <skipped/>
  </testcase> <!-- SalesForce_CalculateTax_ByTrigger_ConditionNotmatch_Uncommit__Orders -->
  <testcase name="SalesForce_CalculateTax_ByTrigger_Uncommit_Quotes" classname="TestCases.Regression.SalesForce_CalculateTax_ByTrigger">
    <skipped/>
  </testcase> <!-- SalesForce_CalculateTax_ByTrigger_Uncommit_Quotes -->
  <testcase name="SalesForce_CalculateTax_ByTrigger_ConditionNotmatch_Uncommit_Quotes" classname="TestCases.Regression.SalesForce_CalculateTax_ByTrigger">
    <skipped/>
  </testcase> <!-- SalesForce_CalculateTax_ByTrigger_ConditionNotmatch_Uncommit_Quotes -->
  <testcase name="SalesForce_CalculateTax_DisableTaxCalcSettings_ByTrigger_Quotes" classname="TestCases.Regression.SalesForce_CalculateTax_ByTrigger">
    <skipped/>
  </testcase> <!-- SalesForce_CalculateTax_DisableTaxCalcSettings_ByTrigger_Quotes -->
  <testcase name="SalesForce_CalculateTax_ByTrigger_Inactive_Uncommit__Orders" classname="TestCases.Regression.SalesForce_CalculateTax_ByTrigger">
    <skipped/>
  </testcase> <!-- SalesForce_CalculateTax_ByTrigger_Inactive_Uncommit__Orders -->
  <testcase name="SalesForce_CalculateTax_ByTrigger_Commit_Quotes" classname="TestCases.Regression.SalesForce_CalculateTax_ByTrigger">
    <skipped/>
  </testcase> <!-- SalesForce_CalculateTax_ByTrigger_Commit_Quotes -->
  <testcase name="SalesForce_CalculateTax_DisableTaxCalcSettings_ByTrigger_Opportunities" classname="TestCases.Regression.SalesForce_CalculateTax_ByTrigger">
    <skipped/>
  </testcase> <!-- SalesForce_CalculateTax_DisableTaxCalcSettings_ByTrigger_Opportunities -->
  <testcase name="SalesForce_CalculateTax_ByTrigger_SalesOrder_Orders" classname="TestCases.Regression.SalesForce_CalculateTax_ByTrigger">
    <skipped/>
  </testcase> <!-- SalesForce_CalculateTax_ByTrigger_SalesOrder_Orders -->
  <testcase name="SalesForce_CalculateTax_OnInvalidAddress_ByTrigger_Quotes" classname="TestCases.Regression.SalesForce_CalculateTax_ByTrigger">
    <skipped/>
  </testcase> <!-- SalesForce_CalculateTax_OnInvalidAddress_ByTrigger_Quotes -->
  <testcase name="SalesForce_CalculateTax_ByTrigger_Inactive_Uncommit_Quotes" classname="TestCases.Regression.SalesForce_CalculateTax_ByTrigger">
    <skipped/>
  </testcase> <!-- SalesForce_CalculateTax_ByTrigger_Inactive_Uncommit_Quotes -->
  <testcase name="SalesForce_CalculateTax_ByTrigger_SalesOrder_Opportunities" classname="TestCases.Regression.SalesForce_CalculateTax_ByTrigger">
    <skipped/>
  </testcase> <!-- SalesForce_CalculateTax_ByTrigger_SalesOrder_Opportunities -->
  <testcase name="SalesForce_CalculateTax_ByTrigger_Commit_Orders" classname="TestCases.Regression.SalesForce_CalculateTax_ByTrigger">
    <skipped/>
  </testcase> <!-- SalesForce_CalculateTax_ByTrigger_Commit_Orders -->
  <testcase name="SalesForce_CalculateTax_ByTrigger_Uncommit_Opportunities" classname="TestCases.Regression.SalesForce_CalculateTax_ByTrigger">
    <skipped/>
  </testcase> <!-- SalesForce_CalculateTax_ByTrigger_Uncommit_Opportunities -->
  <testcase name="SalesForce_CalculateTax_ByTrigger_SalesOrder_Quotes" classname="TestCases.Regression.SalesForce_CalculateTax_ByTrigger">
    <skipped/>
  </testcase> <!-- SalesForce_CalculateTax_ByTrigger_SalesOrder_Quotes -->
  <testcase name="SalesForce_CalculateTax_ByTrigger_Uncommit__Orders" classname="TestCases.Regression.SalesForce_CalculateTax_ByTrigger">
    <skipped/>
  </testcase> <!-- SalesForce_CalculateTax_ByTrigger_Uncommit__Orders -->
  <testcase name="SalesForce_CalculateTax_DisableTaxCalcSettings_ByTrigger_Orders" classname="TestCases.Regression.SalesForce_CalculateTax_ByTrigger">
    <skipped/>
  </testcase> <!-- SalesForce_CalculateTax_DisableTaxCalcSettings_ByTrigger_Orders -->
</testsuite> <!-- TestCases.Regression.SalesForce_CalculateTax_ByTrigger -->
