<?xml version="1.0" encoding="UTF-8"?>
<!-- Generated by org.testng.reporters.JUnitReportReporter -->
<testsuite name="TestCases.Regression.SalesForce_3rdPartyTaxCalculation" tests="4" time="317.877" ignored="9" failures="0" timestamp="25 Apr 2019 11:09:53 GMT" skipped="0" hostname="Av-Pn-Neha" errors="4">
  <testcase name="TestCase150_TestRatesCO1" time="84.739" classname="TestCases.Regression.SalesForce_3rdPartyTaxCalculation">
    <error type="java.lang.NullPointerException">
      <![CDATA[java.lang.NullPointerException
	at TestCases.Regression.SalesForce_3rdPartyTaxCalculation.taxCalc_ThirdPartyCases(SalesForce_3rdPartyTaxCalculation.java:148)
	at TestCases.Regression.SalesForce_3rdPartyTaxCalculation.TestCase150_TestRatesCO1(SalesForce_3rdPartyTaxCalculation.java:62)
	at sun.reflect.NativeMethodAccessorImpl.invoke0(Native Method)
	at sun.reflect.NativeMethodAccessorImpl.invoke(Unknown Source)
	at sun.reflect.DelegatingMethodAccessorImpl.invoke(Unknown Source)
	at java.lang.reflect.Method.invoke(Unknown Source)
	at org.testng.internal.MethodInvocationHelper.invokeMethod(MethodInvocationHelper.java:104)
	at org.testng.internal.Invoker.invokeMethod(Invoker.java:645)
	at org.testng.internal.Invoker.invokeTestMethod(Invoker.java:851)
	at org.testng.internal.Invoker.invokeTestMethods(Invoker.java:1177)
	at org.testng.internal.TestMethodWorker.invokeTestMethods(TestMethodWorker.java:129)
	at org.testng.internal.TestMethodWorker.run(TestMethodWorker.java:112)
	at org.testng.TestRunner.privateRun(TestRunner.java:756)
	at org.testng.TestRunner.run(TestRunner.java:610)
	at org.testng.SuiteRunner.runTest(SuiteRunner.java:387)
	at org.testng.SuiteRunner.runSequentially(SuiteRunner.java:382)
	at org.testng.SuiteRunner.privateRun(SuiteRunner.java:340)
	at org.testng.SuiteRunner.run(SuiteRunner.java:289)
	at org.testng.SuiteRunnerWorker.runSuite(SuiteRunnerWorker.java:52)
	at org.testng.SuiteRunnerWorker.run(SuiteRunnerWorker.java:86)
	at org.testng.TestNG.runSuitesSequentially(TestNG.java:1293)
	at org.testng.TestNG.runSuitesLocally(TestNG.java:1218)
	at org.testng.TestNG.runSuites(TestNG.java:1133)
	at org.testng.TestNG.run(TestNG.java:1104)
	at org.testng.remote.AbstractRemoteTestNG.run(AbstractRemoteTestNG.java:114)
	at org.testng.remote.RemoteTestNG.initAndRun(RemoteTestNG.java:251)
	at org.testng.remote.RemoteTestNG.main(RemoteTestNG.java:77)
]]>
    </error>
  </testcase> <!-- TestCase150_TestRatesCO1 -->
  <testcase name="TestCase153_TestRatesCA3_TaxCalculationWithMulti_Line" time="90.711" classname="TestCases.Regression.SalesForce_3rdPartyTaxCalculation">
    <error type="java.lang.NullPointerException">
      <![CDATA[java.lang.NullPointerException
	at TestCases.Regression.SalesForce_3rdPartyTaxCalculation.taxCalcValidationWithMultiLine(SalesForce_3rdPartyTaxCalculation.java:219)
	at TestCases.Regression.SalesForce_3rdPartyTaxCalculation.TestCase153_TestRatesCA3_TaxCalculationWithMulti_Line(SalesForce_3rdPartyTaxCalculation.java:77)
	at sun.reflect.NativeMethodAccessorImpl.invoke0(Native Method)
	at sun.reflect.NativeMethodAccessorImpl.invoke(Unknown Source)
	at sun.reflect.DelegatingMethodAccessorImpl.invoke(Unknown Source)
	at java.lang.reflect.Method.invoke(Unknown Source)
	at org.testng.internal.MethodInvocationHelper.invokeMethod(MethodInvocationHelper.java:104)
	at org.testng.internal.Invoker.invokeMethod(Invoker.java:645)
	at org.testng.internal.Invoker.invokeTestMethod(Invoker.java:851)
	at org.testng.internal.Invoker.invokeTestMethods(Invoker.java:1177)
	at org.testng.internal.TestMethodWorker.invokeTestMethods(TestMethodWorker.java:129)
	at org.testng.internal.TestMethodWorker.run(TestMethodWorker.java:112)
	at org.testng.TestRunner.privateRun(TestRunner.java:756)
	at org.testng.TestRunner.run(TestRunner.java:610)
	at org.testng.SuiteRunner.runTest(SuiteRunner.java:387)
	at org.testng.SuiteRunner.runSequentially(SuiteRunner.java:382)
	at org.testng.SuiteRunner.privateRun(SuiteRunner.java:340)
	at org.testng.SuiteRunner.run(SuiteRunner.java:289)
	at org.testng.SuiteRunnerWorker.runSuite(SuiteRunnerWorker.java:52)
	at org.testng.SuiteRunnerWorker.run(SuiteRunnerWorker.java:86)
	at org.testng.TestNG.runSuitesSequentially(TestNG.java:1293)
	at org.testng.TestNG.runSuitesLocally(TestNG.java:1218)
	at org.testng.TestNG.runSuites(TestNG.java:1133)
	at org.testng.TestNG.run(TestNG.java:1104)
	at org.testng.remote.AbstractRemoteTestNG.run(AbstractRemoteTestNG.java:114)
	at org.testng.remote.RemoteTestNG.initAndRun(RemoteTestNG.java:251)
	at org.testng.remote.RemoteTestNG.main(RemoteTestNG.java:77)
]]>
    </error>
  </testcase> <!-- TestCase153_TestRatesCA3_TaxCalculationWithMulti_Line -->
  <testcase name="TestCase152_TypeRule4" time="70.723" classname="TestCases.Regression.SalesForce_3rdPartyTaxCalculation">
    <error type="java.lang.NullPointerException">
      <![CDATA[java.lang.NullPointerException
	at TestCases.Regression.SalesForce_3rdPartyTaxCalculation.taxCalc_ThirdPartyCases(SalesForce_3rdPartyTaxCalculation.java:148)
	at TestCases.Regression.SalesForce_3rdPartyTaxCalculation.TestCase152_TypeRule4(SalesForce_3rdPartyTaxCalculation.java:72)
	at sun.reflect.NativeMethodAccessorImpl.invoke0(Native Method)
	at sun.reflect.NativeMethodAccessorImpl.invoke(Unknown Source)
	at sun.reflect.DelegatingMethodAccessorImpl.invoke(Unknown Source)
	at java.lang.reflect.Method.invoke(Unknown Source)
	at org.testng.internal.MethodInvocationHelper.invokeMethod(MethodInvocationHelper.java:104)
	at org.testng.internal.Invoker.invokeMethod(Invoker.java:645)
	at org.testng.internal.Invoker.invokeTestMethod(Invoker.java:851)
	at org.testng.internal.Invoker.invokeTestMethods(Invoker.java:1177)
	at org.testng.internal.TestMethodWorker.invokeTestMethods(TestMethodWorker.java:129)
	at org.testng.internal.TestMethodWorker.run(TestMethodWorker.java:112)
	at org.testng.TestRunner.privateRun(TestRunner.java:756)
	at org.testng.TestRunner.run(TestRunner.java:610)
	at org.testng.SuiteRunner.runTest(SuiteRunner.java:387)
	at org.testng.SuiteRunner.runSequentially(SuiteRunner.java:382)
	at org.testng.SuiteRunner.privateRun(SuiteRunner.java:340)
	at org.testng.SuiteRunner.run(SuiteRunner.java:289)
	at org.testng.SuiteRunnerWorker.runSuite(SuiteRunnerWorker.java:52)
	at org.testng.SuiteRunnerWorker.run(SuiteRunnerWorker.java:86)
	at org.testng.TestNG.runSuitesSequentially(TestNG.java:1293)
	at org.testng.TestNG.runSuitesLocally(TestNG.java:1218)
	at org.testng.TestNG.runSuites(TestNG.java:1133)
	at org.testng.TestNG.run(TestNG.java:1104)
	at org.testng.remote.AbstractRemoteTestNG.run(AbstractRemoteTestNG.java:114)
	at org.testng.remote.RemoteTestNG.initAndRun(RemoteTestNG.java:251)
	at org.testng.remote.RemoteTestNG.main(RemoteTestNG.java:77)
]]>
    </error>
  </testcase> <!-- TestCase152_TypeRule4 -->
  <testcase name="TestCase151_TestRatesWA2" time="71.704" classname="TestCases.Regression.SalesForce_3rdPartyTaxCalculation">
    <error type="java.lang.NullPointerException">
      <![CDATA[java.lang.NullPointerException
	at TestCases.Regression.SalesForce_3rdPartyTaxCalculation.taxCalc_ThirdPartyCases(SalesForce_3rdPartyTaxCalculation.java:148)
	at TestCases.Regression.SalesForce_3rdPartyTaxCalculation.TestCase151_TestRatesWA2(SalesForce_3rdPartyTaxCalculation.java:67)
	at sun.reflect.NativeMethodAccessorImpl.invoke0(Native Method)
	at sun.reflect.NativeMethodAccessorImpl.invoke(Unknown Source)
	at sun.reflect.DelegatingMethodAccessorImpl.invoke(Unknown Source)
	at java.lang.reflect.Method.invoke(Unknown Source)
	at org.testng.internal.MethodInvocationHelper.invokeMethod(MethodInvocationHelper.java:104)
	at org.testng.internal.Invoker.invokeMethod(Invoker.java:645)
	at org.testng.internal.Invoker.invokeTestMethod(Invoker.java:851)
	at org.testng.internal.Invoker.invokeTestMethods(Invoker.java:1177)
	at org.testng.internal.TestMethodWorker.invokeTestMethods(TestMethodWorker.java:129)
	at org.testng.internal.TestMethodWorker.run(TestMethodWorker.java:112)
	at org.testng.TestRunner.privateRun(TestRunner.java:756)
	at org.testng.TestRunner.run(TestRunner.java:610)
	at org.testng.SuiteRunner.runTest(SuiteRunner.java:387)
	at org.testng.SuiteRunner.runSequentially(SuiteRunner.java:382)
	at org.testng.SuiteRunner.privateRun(SuiteRunner.java:340)
	at org.testng.SuiteRunner.run(SuiteRunner.java:289)
	at org.testng.SuiteRunnerWorker.runSuite(SuiteRunnerWorker.java:52)
	at org.testng.SuiteRunnerWorker.run(SuiteRunnerWorker.java:86)
	at org.testng.TestNG.runSuitesSequentially(TestNG.java:1293)
	at org.testng.TestNG.runSuitesLocally(TestNG.java:1218)
	at org.testng.TestNG.runSuites(TestNG.java:1133)
	at org.testng.TestNG.run(TestNG.java:1104)
	at org.testng.remote.AbstractRemoteTestNG.run(AbstractRemoteTestNG.java:114)
	at org.testng.remote.RemoteTestNG.initAndRun(RemoteTestNG.java:251)
	at org.testng.remote.RemoteTestNG.main(RemoteTestNG.java:77)
]]>
    </error>
  </testcase> <!-- TestCase151_TestRatesWA2 -->
  <testcase name="TestCase162_TaxCalcwithExemption" classname="TestCases.Regression.SalesForce_3rdPartyTaxCalculation">
    <skipped/>
  </testcase> <!-- TestCase162_TaxCalcwithExemption -->
  <testcase name="TestCase159_Error_generated_case" classname="TestCases.Regression.SalesForce_3rdPartyTaxCalculation">
    <skipped/>
  </testcase> <!-- TestCase159_Error_generated_case -->
  <testcase name="TestCase161_CapsCase" classname="TestCases.Regression.SalesForce_3rdPartyTaxCalculation">
    <skipped/>
  </testcase> <!-- TestCase161_CapsCase -->
  <testcase name="TestCase155_Sourcing10" classname="TestCases.Regression.SalesForce_3rdPartyTaxCalculation">
    <skipped/>
  </testcase> <!-- TestCase155_Sourcing10 -->
  <testcase name="TestCase158_TestRatesCO1" classname="TestCases.Regression.SalesForce_3rdPartyTaxCalculation">
    <skipped/>
  </testcase> <!-- TestCase158_TestRatesCO1 -->
  <testcase name="TestCase160_Tiered_Case" classname="TestCases.Regression.SalesForce_3rdPartyTaxCalculation">
    <skipped/>
  </testcase> <!-- TestCase160_Tiered_Case -->
  <testcase name="TestCase154_Sourcing10" classname="TestCases.Regression.SalesForce_3rdPartyTaxCalculation">
    <skipped/>
  </testcase> <!-- TestCase154_Sourcing10 -->
  <testcase name="TestCase156_TestRatesCO1" classname="TestCases.Regression.SalesForce_3rdPartyTaxCalculation">
    <skipped/>
  </testcase> <!-- TestCase156_TestRatesCO1 -->
  <testcase name="TestCase157_TestRatesCO1" classname="TestCases.Regression.SalesForce_3rdPartyTaxCalculation">
    <skipped/>
  </testcase> <!-- TestCase157_TestRatesCO1 -->
</testsuite> <!-- TestCases.Regression.SalesForce_3rdPartyTaxCalculation -->
