<?xml version="1.0" encoding="UTF-8"?>
<!-- Generated by org.testng.reporters.JUnitReportReporter -->
<testsuite skipped="0" hostname="AV-PN-NEHAP" name="TestCases.Regression.VAT" tests="3" failures="2" timestamp="08 Jan 2021 07:47:56 GMT" time="533.818" errors="0">
  <testcase name="TestCase115_Shipto_Germany_Shipfrom_GreatBrighton" time="186.881" classname="TestCases.Regression.VAT">
    <failure type="java.lang.AssertionError" message="The following asserts failed:
	Opportunities Invoice Messaging- Expected:Intra-EU Supply of Goods as per Art. 138 EU VAT Directive 2006/112And Actual:  expected [true] but found [false],
	Opportunities Total Tax Expected:0.00And Actual:190.00 expected [true] but found [false],
	Quotes Expected:0.00And Actual:380.00 expected [true] but found [false],
	Quotes Invoice Messaging- Expected:Intra-EU Supply of Goods as per Art. 138 EU VAT Directive 2006/112And Actual:  expected [Intra-EU Supply of Goods as per Art. 138 EU VAT Directive 2006/112] but found [ ],
	Orders Total-Tax Expected:0.00And Actual:190.00 expected [true] but found [false],
	Orders Invoice Messaging- Expected:Intra-EU Supply of Goods as per Art. 138 EU VAT Directive 2006/112And Actual:  expected [Intra-EU Supply of Goods as per Art. 138 EU VAT Directive 2006/112] but found [ ]">
      <![CDATA[java.lang.AssertionError: The following asserts failed:
Opportunities Invoice Messaging- Expected:Intra-EU Supply of Goods as per Art. 138 EU VAT Directive 2006/112And Actual:  expected [true] but found [false],
Opportunities Total Tax Expected:0.00And Actual:190.00 expected [true] but found [false],
Quotes Expected:0.00And Actual:380.00 expected [true] but found [false],
Quotes Invoice Messaging- Expected:Intra-EU Supply of Goods as per Art. 138 EU VAT Directive 2006/112And Actual:  expected [Intra-EU Supply of Goods as per Art. 138 EU VAT Directive 2006/112] but found [ ],
Orders Total-Tax Expected:0.00And Actual:190.00 expected [true] but found [false],
Orders Invoice Messaging- Expected:Intra-EU Supply of Goods as per Art. 138 EU VAT Directive 2006/112And Actual:  expected [Intra-EU Supply of Goods as per Art. 138 EU VAT Directive 2006/112] but found [ ]
at org.testng.asserts.SoftAssert.assertAll(SoftAssert.java:43)
at TestCases.Regression.VAT.calculateVATTax(VAT.java:157)
at TestCases.Regression.VAT.TestCase115_Shipto_Germany_Shipfrom_GreatBrighton(VAT.java:58)
at sun.reflect.NativeMethodAccessorImpl.invoke0(Native Method)
at sun.reflect.NativeMethodAccessorImpl.invoke(NativeMethodAccessorImpl.java:62)
at sun.reflect.DelegatingMethodAccessorImpl.invoke(DelegatingMethodAccessorImpl.java:43)
at java.lang.reflect.Method.invoke(Method.java:498)
at org.testng.internal.MethodInvocationHelper.invokeMethod(MethodInvocationHelper.java:124)
at org.testng.internal.Invoker.invokeMethod(Invoker.java:583)
at org.testng.internal.Invoker.invokeTestMethod(Invoker.java:719)
at org.testng.internal.Invoker.invokeTestMethods(Invoker.java:989)
at org.testng.internal.TestMethodWorker.invokeTestMethods(TestMethodWorker.java:125)
at org.testng.internal.TestMethodWorker.run(TestMethodWorker.java:109)
at org.testng.TestRunner.privateRun(TestRunner.java:648)
at org.testng.TestRunner.run(TestRunner.java:505)
at org.testng.SuiteRunner.runTest(SuiteRunner.java:455)
at org.testng.SuiteRunner.runSequentially(SuiteRunner.java:450)
at org.testng.SuiteRunner.privateRun(SuiteRunner.java:415)
at org.testng.SuiteRunner.run(SuiteRunner.java:364)
at org.testng.SuiteRunnerWorker.runSuite(SuiteRunnerWorker.java:52)
at org.testng.SuiteRunnerWorker.run(SuiteRunnerWorker.java:84)
at org.testng.TestNG.runSuitesSequentially(TestNG.java:1208)
at org.testng.TestNG.runSuitesLocally(TestNG.java:1137)
at org.testng.TestNG.runSuites(TestNG.java:1049)
at org.testng.TestNG.run(TestNG.java:1017)
at org.testng.remote.AbstractRemoteTestNG.run(AbstractRemoteTestNG.java:114)
at org.testng.remote.RemoteTestNG.initAndRun(RemoteTestNG.java:251)
at org.testng.remote.RemoteTestNG.main(RemoteTestNG.java:77)
]]>
    </failure>
  </testcase> <!-- TestCase115_Shipto_Germany_Shipfrom_GreatBrighton -->
  <testcase name="TestCase116_Shipto_France_Shipfrom_GreatBrighton" time="170.391" classname="TestCases.Regression.VAT">
    <failure type="java.lang.AssertionError" message="The following asserts failed:
	Opportunities Invoice Messaging- Expected:Intra-EU Supply of Goods as per Art. 138 EU VAT Directive 2006/112And Actual:  expected [true] but found [false],
	Opportunities Total Tax Expected:0.00And Actual:200.00 expected [true] but found [false],
	Quotes Expected:0.00And Actual:400.00 expected [true] but found [false],
	Quotes Invoice Messaging- Expected:Intra-EU Supply of Goods as per Art. 138 EU VAT Directive 2006/112And Actual:  expected [Intra-EU Supply of Goods as per Art. 138 EU VAT Directive 2006/112] but found [ ],
	Orders Total-Tax Expected:0.00And Actual:200.00 expected [true] but found [false],
	Orders Invoice Messaging- Expected:Intra-EU Supply of Goods as per Art. 138 EU VAT Directive 2006/112And Actual:  expected [Intra-EU Supply of Goods as per Art. 138 EU VAT Directive 2006/112] but found [ ]">
      <![CDATA[java.lang.AssertionError: The following asserts failed:
Opportunities Invoice Messaging- Expected:Intra-EU Supply of Goods as per Art. 138 EU VAT Directive 2006/112And Actual:  expected [true] but found [false],
Opportunities Total Tax Expected:0.00And Actual:200.00 expected [true] but found [false],
Quotes Expected:0.00And Actual:400.00 expected [true] but found [false],
Quotes Invoice Messaging- Expected:Intra-EU Supply of Goods as per Art. 138 EU VAT Directive 2006/112And Actual:  expected [Intra-EU Supply of Goods as per Art. 138 EU VAT Directive 2006/112] but found [ ],
Orders Total-Tax Expected:0.00And Actual:200.00 expected [true] but found [false],
Orders Invoice Messaging- Expected:Intra-EU Supply of Goods as per Art. 138 EU VAT Directive 2006/112And Actual:  expected [Intra-EU Supply of Goods as per Art. 138 EU VAT Directive 2006/112] but found [ ]
at org.testng.asserts.SoftAssert.assertAll(SoftAssert.java:43)
at TestCases.Regression.VAT.calculateVATTax(VAT.java:157)
at TestCases.Regression.VAT.TestCase116_Shipto_France_Shipfrom_GreatBrighton(VAT.java:63)
at sun.reflect.NativeMethodAccessorImpl.invoke0(Native Method)
at sun.reflect.NativeMethodAccessorImpl.invoke(NativeMethodAccessorImpl.java:62)
at sun.reflect.DelegatingMethodAccessorImpl.invoke(DelegatingMethodAccessorImpl.java:43)
at java.lang.reflect.Method.invoke(Method.java:498)
at org.testng.internal.MethodInvocationHelper.invokeMethod(MethodInvocationHelper.java:124)
at org.testng.internal.Invoker.invokeMethod(Invoker.java:583)
at org.testng.internal.Invoker.invokeTestMethod(Invoker.java:719)
at org.testng.internal.Invoker.invokeTestMethods(Invoker.java:989)
at org.testng.internal.TestMethodWorker.invokeTestMethods(TestMethodWorker.java:125)
at org.testng.internal.TestMethodWorker.run(TestMethodWorker.java:109)
at org.testng.TestRunner.privateRun(TestRunner.java:648)
at org.testng.TestRunner.run(TestRunner.java:505)
at org.testng.SuiteRunner.runTest(SuiteRunner.java:455)
at org.testng.SuiteRunner.runSequentially(SuiteRunner.java:450)
at org.testng.SuiteRunner.privateRun(SuiteRunner.java:415)
at org.testng.SuiteRunner.run(SuiteRunner.java:364)
at org.testng.SuiteRunnerWorker.runSuite(SuiteRunnerWorker.java:52)
at org.testng.SuiteRunnerWorker.run(SuiteRunnerWorker.java:84)
at org.testng.TestNG.runSuitesSequentially(TestNG.java:1208)
at org.testng.TestNG.runSuitesLocally(TestNG.java:1137)
at org.testng.TestNG.runSuites(TestNG.java:1049)
at org.testng.TestNG.run(TestNG.java:1017)
at org.testng.remote.AbstractRemoteTestNG.run(AbstractRemoteTestNG.java:114)
at org.testng.remote.RemoteTestNG.initAndRun(RemoteTestNG.java:251)
at org.testng.remote.RemoteTestNG.main(RemoteTestNG.java:77)
]]>
    </failure>
  </testcase> <!-- TestCase116_Shipto_France_Shipfrom_GreatBrighton -->
  <testcase name="TestCase121_Shipto_GreatBrighton_Shipfrom_AUS" time="176.546" classname="TestCases.Regression.VAT"/>
</testsuite> <!-- TestCases.Regression.VAT -->
